0 [17/07/21 08:55:40:391][main][com.mchange.v2.log.MLog-<clinit>] MLog clients using log4j logging.
29 [17/07/21 08:55:40:420][main][com.mchange.v2.c3p0.C3P0Registry-banner] Initializing c3p0-0.9.1.2 [built 21-May-2007 15:04:56; debug? true; trace: 10]
95 [17/07/21 08:55:40:486][main][com.mchange.v2.c3p0.impl.AbstractPoolBackedDataSource-getPoolManager] Initializing c3p0 pool... com.mchange.v2.c3p0.ComboPooledDataSource [ acquireIncrement -> 2, acquireRetryAttempts -> 30, acquireRetryDelay -> 1000, autoCommitOnClose -> false, automaticTestTable -> null, breakAfterAcquireFailure -> false, checkoutTimeout -> 0, connectionCustomizerClassName -> null, connectionTesterClassName -> com.mchange.v2.c3p0.impl.DefaultConnectionTester, dataSourceName -> 1hge1539prdberh32kh3h|63c9df77, debugUnreturnedConnectionStackTraces -> false, description -> null, driverClass -> com.mysql.jdbc.Driver, factoryClassLocation -> null, forceIgnoreUnresolvedTransactions -> false, identityToken -> 1hge1539prdberh32kh3h|63c9df77, idleConnectionTestPeriod -> 0, initialPoolSize -> 10, jdbcUrl -> jdbc:mysql://127.0.0.1:3306/hadoop, maxAdministrativeTaskTime -> 0, maxConnectionAge -> 0, maxIdleTime -> 20, maxIdleTimeExcessConnections -> 0, maxPoolSize -> 100, maxStatements -> 0, maxStatementsPerConnection -> 0, minPoolSize -> 10, numHelperThreads -> 3, numThreadsAwaitingCheckoutDefaultUser -> 0, preferredTestQuery -> null, properties -> {user=******, password=******}, propertyCycle -> 0, testConnectionOnCheckin -> false, testConnectionOnCheckout -> false, unreturnedConnectionTimeout -> 0, usesTraditionalReflectiveProxies -> false ]
551 [17/07/21 08:55:40:942][main][com.jflyfox.component.util.JFlyFoxCache-init] ####缓存初始化开始......
573 [17/07/21 08:55:40:964][main][com.jflyfox.system.dict.DictCache-init] ####数据字典Cache初始化......
585 [17/07/21 08:55:40:976][main][com.jflyfox.system.user.UserCache-init] ####用户Cache初始化......
592 [17/07/21 08:55:40:983][main][com.jflyfox.modules.admin.pageview.PageViewCache-init] ####PageViewCache初始化......
594 [17/07/21 08:55:40:985][main][com.jflyfox.modules.admin.friendlylink.FriendlylinkCache-init] ####FriendlylinkCache初始化......
605 [17/07/21 08:55:40:996][main][com.jflyfox.modules.admin.folder.FolderService-initMenuKey] ####目录Key初始化......
609 [17/07/21 08:55:41:000][main][com.jflyfox.system.log.SysLog-init] ####日志配置初始化......
611 [17/07/21 08:55:41:002][main][com.jflyfox.component.util.JFlyFoxCache-init] ####缓存初始化结束......
2103 [17/07/21 08:55:42:494][http-8088-1][com.jflyfox.system.user.UserInterceptor-intercept] ####非法的请求
42580 [17/07/21 08:56:22:971][http-8088-6][com.jfinal.core.ActionHandler-handle] 404 Action Not Found: /dev/algorithm/add_algorithm
0 [17/07/21 08:57:53:598][main][com.mchange.v2.log.MLog-<clinit>] MLog clients using log4j logging.
28 [17/07/21 08:57:53:626][main][com.mchange.v2.c3p0.C3P0Registry-banner] Initializing c3p0-0.9.1.2 [built 21-May-2007 15:04:56; debug? true; trace: 10]
103 [17/07/21 08:57:53:701][main][com.mchange.v2.c3p0.impl.AbstractPoolBackedDataSource-getPoolManager] Initializing c3p0 pool... com.mchange.v2.c3p0.ComboPooledDataSource [ acquireIncrement -> 2, acquireRetryAttempts -> 30, acquireRetryDelay -> 1000, autoCommitOnClose -> false, automaticTestTable -> null, breakAfterAcquireFailure -> false, checkoutTimeout -> 0, connectionCustomizerClassName -> null, connectionTesterClassName -> com.mchange.v2.c3p0.impl.DefaultConnectionTester, dataSourceName -> 1hge1539prde9jmobj3h|63c9df77, debugUnreturnedConnectionStackTraces -> false, description -> null, driverClass -> com.mysql.jdbc.Driver, factoryClassLocation -> null, forceIgnoreUnresolvedTransactions -> false, identityToken -> 1hge1539prde9jmobj3h|63c9df77, idleConnectionTestPeriod -> 0, initialPoolSize -> 10, jdbcUrl -> jdbc:mysql://127.0.0.1:3306/hadoop, maxAdministrativeTaskTime -> 0, maxConnectionAge -> 0, maxIdleTime -> 20, maxIdleTimeExcessConnections -> 0, maxPoolSize -> 100, maxStatements -> 0, maxStatementsPerConnection -> 0, minPoolSize -> 10, numHelperThreads -> 3, numThreadsAwaitingCheckoutDefaultUser -> 0, preferredTestQuery -> null, properties -> {user=******, password=******}, propertyCycle -> 0, testConnectionOnCheckin -> false, testConnectionOnCheckout -> false, unreturnedConnectionTimeout -> 0, usesTraditionalReflectiveProxies -> false ]
511 [17/07/21 08:57:54:109][main][com.jflyfox.component.util.JFlyFoxCache-init] ####缓存初始化开始......
534 [17/07/21 08:57:54:132][main][com.jflyfox.system.dict.DictCache-init] ####数据字典Cache初始化......
548 [17/07/21 08:57:54:146][main][com.jflyfox.system.user.UserCache-init] ####用户Cache初始化......
556 [17/07/21 08:57:54:154][main][com.jflyfox.modules.admin.pageview.PageViewCache-init] ####PageViewCache初始化......
558 [17/07/21 08:57:54:156][main][com.jflyfox.modules.admin.friendlylink.FriendlylinkCache-init] ####FriendlylinkCache初始化......
565 [17/07/21 08:57:54:163][main][com.jflyfox.modules.admin.folder.FolderService-initMenuKey] ####目录Key初始化......
568 [17/07/21 08:57:54:166][main][com.jflyfox.system.log.SysLog-init] ####日志配置初始化......
570 [17/07/21 08:57:54:168][main][com.jflyfox.component.util.JFlyFoxCache-init] ####缓存初始化结束......
0 [17/07/21 09:36:05:186][main][com.mchange.v2.log.MLog-<clinit>] MLog clients using log4j logging.
30 [17/07/21 09:36:05:216][main][com.mchange.v2.c3p0.C3P0Registry-banner] Initializing c3p0-0.9.1.2 [built 21-May-2007 15:04:56; debug? true; trace: 10]
93 [17/07/21 09:36:05:279][main][com.mchange.v2.c3p0.impl.AbstractPoolBackedDataSource-getPoolManager] Initializing c3p0 pool... com.mchange.v2.c3p0.ComboPooledDataSource [ acquireIncrement -> 2, acquireRetryAttempts -> 30, acquireRetryDelay -> 1000, autoCommitOnClose -> false, automaticTestTable -> null, breakAfterAcquireFailure -> false, checkoutTimeout -> 0, connectionCustomizerClassName -> null, connectionTesterClassName -> com.mchange.v2.c3p0.impl.DefaultConnectionTester, dataSourceName -> 1hge1539prerdqy134pfte|1e786c08, debugUnreturnedConnectionStackTraces -> false, description -> null, driverClass -> com.mysql.jdbc.Driver, factoryClassLocation -> null, forceIgnoreUnresolvedTransactions -> false, identityToken -> 1hge1539prerdqy134pfte|1e786c08, idleConnectionTestPeriod -> 0, initialPoolSize -> 10, jdbcUrl -> jdbc:mysql://127.0.0.1:3306/hadoop, maxAdministrativeTaskTime -> 0, maxConnectionAge -> 0, maxIdleTime -> 20, maxIdleTimeExcessConnections -> 0, maxPoolSize -> 100, maxStatements -> 0, maxStatementsPerConnection -> 0, minPoolSize -> 10, numHelperThreads -> 3, numThreadsAwaitingCheckoutDefaultUser -> 0, preferredTestQuery -> null, properties -> {user=******, password=******}, propertyCycle -> 0, testConnectionOnCheckin -> false, testConnectionOnCheckout -> false, unreturnedConnectionTimeout -> 0, usesTraditionalReflectiveProxies -> false ]
498 [17/07/21 09:36:05:684][main][com.jflyfox.component.util.JFlyFoxCache-init] ####缓存初始化开始......
517 [17/07/21 09:36:05:703][main][com.jflyfox.system.dict.DictCache-init] ####数据字典Cache初始化......
527 [17/07/21 09:36:05:713][main][com.jflyfox.system.user.UserCache-init] ####用户Cache初始化......
532 [17/07/21 09:36:05:718][main][com.jflyfox.modules.admin.pageview.PageViewCache-init] ####PageViewCache初始化......
533 [17/07/21 09:36:05:719][main][com.jflyfox.modules.admin.friendlylink.FriendlylinkCache-init] ####FriendlylinkCache初始化......
538 [17/07/21 09:36:05:724][main][com.jflyfox.modules.admin.folder.FolderService-initMenuKey] ####目录Key初始化......
542 [17/07/21 09:36:05:728][main][com.jflyfox.system.log.SysLog-init] ####日志配置初始化......
543 [17/07/21 09:36:05:729][main][com.jflyfox.component.util.JFlyFoxCache-init] ####缓存初始化结束......
624983 [17/07/21 09:46:30:169][http-8088-1][com.jflyfox.modules.admin.folder.FolderService-initMenuKey] ####目录Key初始化......
0 [17/07/21 09:52:16:343][main][com.mchange.v2.log.MLog-<clinit>] MLog clients using log4j logging.
27 [17/07/21 09:52:16:370][main][com.mchange.v2.c3p0.C3P0Registry-banner] Initializing c3p0-0.9.1.2 [built 21-May-2007 15:04:56; debug? true; trace: 10]
103 [17/07/21 09:52:16:446][main][com.mchange.v2.c3p0.impl.AbstractPoolBackedDataSource-getPoolManager] Initializing c3p0 pool... com.mchange.v2.c3p0.ComboPooledDataSource [ acquireIncrement -> 2, acquireRetryAttempts -> 30, acquireRetryDelay -> 1000, autoCommitOnClose -> false, automaticTestTable -> null, breakAfterAcquireFailure -> false, checkoutTimeout -> 0, connectionCustomizerClassName -> null, connectionTesterClassName -> com.mchange.v2.c3p0.impl.DefaultConnectionTester, dataSourceName -> 1hge1539prfc73f1t1dwfm|1e786c08, debugUnreturnedConnectionStackTraces -> false, description -> null, driverClass -> com.mysql.jdbc.Driver, factoryClassLocation -> null, forceIgnoreUnresolvedTransactions -> false, identityToken -> 1hge1539prfc73f1t1dwfm|1e786c08, idleConnectionTestPeriod -> 0, initialPoolSize -> 10, jdbcUrl -> jdbc:mysql://127.0.0.1:3306/hadoop, maxAdministrativeTaskTime -> 0, maxConnectionAge -> 0, maxIdleTime -> 20, maxIdleTimeExcessConnections -> 0, maxPoolSize -> 100, maxStatements -> 0, maxStatementsPerConnection -> 0, minPoolSize -> 10, numHelperThreads -> 3, numThreadsAwaitingCheckoutDefaultUser -> 0, preferredTestQuery -> null, properties -> {user=******, password=******}, propertyCycle -> 0, testConnectionOnCheckin -> false, testConnectionOnCheckout -> false, unreturnedConnectionTimeout -> 0, usesTraditionalReflectiveProxies -> false ]
490 [17/07/21 09:52:16:833][main][com.jflyfox.component.util.JFlyFoxCache-init] ####缓存初始化开始......
509 [17/07/21 09:52:16:852][main][com.jflyfox.system.dict.DictCache-init] ####数据字典Cache初始化......
519 [17/07/21 09:52:16:862][main][com.jflyfox.system.user.UserCache-init] ####用户Cache初始化......
524 [17/07/21 09:52:16:867][main][com.jflyfox.modules.admin.pageview.PageViewCache-init] ####PageViewCache初始化......
527 [17/07/21 09:52:16:870][main][com.jflyfox.modules.admin.friendlylink.FriendlylinkCache-init] ####FriendlylinkCache初始化......
531 [17/07/21 09:52:16:874][main][com.jflyfox.modules.admin.folder.FolderService-initMenuKey] ####目录Key初始化......
534 [17/07/21 09:52:16:877][main][com.jflyfox.system.log.SysLog-init] ####日志配置初始化......
536 [17/07/21 09:52:16:879][main][com.jflyfox.component.util.JFlyFoxCache-init] ####缓存初始化结束......
0 [17/07/21 09:53:56:274][main][com.mchange.v2.log.MLog-<clinit>] MLog clients using log4j logging.
31 [17/07/21 09:53:56:305][main][com.mchange.v2.c3p0.C3P0Registry-banner] Initializing c3p0-0.9.1.2 [built 21-May-2007 15:04:56; debug? true; trace: 10]
97 [17/07/21 09:53:56:371][main][com.mchange.v2.c3p0.impl.AbstractPoolBackedDataSource-getPoolManager] Initializing c3p0 pool... com.mchange.v2.c3p0.ComboPooledDataSource [ acquireIncrement -> 2, acquireRetryAttempts -> 30, acquireRetryDelay -> 1000, autoCommitOnClose -> false, automaticTestTable -> null, breakAfterAcquireFailure -> false, checkoutTimeout -> 0, connectionCustomizerClassName -> null, connectionTesterClassName -> com.mchange.v2.c3p0.impl.DefaultConnectionTester, dataSourceName -> 1hge1539prfec7ezuvygd|1e786c08, debugUnreturnedConnectionStackTraces -> false, description -> null, driverClass -> com.mysql.jdbc.Driver, factoryClassLocation -> null, forceIgnoreUnresolvedTransactions -> false, identityToken -> 1hge1539prfec7ezuvygd|1e786c08, idleConnectionTestPeriod -> 0, initialPoolSize -> 10, jdbcUrl -> jdbc:mysql://127.0.0.1:3306/hadoop, maxAdministrativeTaskTime -> 0, maxConnectionAge -> 0, maxIdleTime -> 20, maxIdleTimeExcessConnections -> 0, maxPoolSize -> 100, maxStatements -> 0, maxStatementsPerConnection -> 0, minPoolSize -> 10, numHelperThreads -> 3, numThreadsAwaitingCheckoutDefaultUser -> 0, preferredTestQuery -> null, properties -> {user=******, password=******}, propertyCycle -> 0, testConnectionOnCheckin -> false, testConnectionOnCheckout -> false, unreturnedConnectionTimeout -> 0, usesTraditionalReflectiveProxies -> false ]
529 [17/07/21 09:53:56:803][main][com.jflyfox.component.util.JFlyFoxCache-init] ####缓存初始化开始......
547 [17/07/21 09:53:56:821][main][com.jflyfox.system.dict.DictCache-init] ####数据字典Cache初始化......
558 [17/07/21 09:53:56:832][main][com.jflyfox.system.user.UserCache-init] ####用户Cache初始化......
564 [17/07/21 09:53:56:838][main][com.jflyfox.modules.admin.pageview.PageViewCache-init] ####PageViewCache初始化......
567 [17/07/21 09:53:56:841][main][com.jflyfox.modules.admin.friendlylink.FriendlylinkCache-init] ####FriendlylinkCache初始化......
572 [17/07/21 09:53:56:846][main][com.jflyfox.modules.admin.folder.FolderService-initMenuKey] ####目录Key初始化......
575 [17/07/21 09:53:56:849][main][com.jflyfox.system.log.SysLog-init] ####日志配置初始化......
576 [17/07/21 09:53:56:850][main][com.jflyfox.component.util.JFlyFoxCache-init] ####缓存初始化结束......
0 [17/07/21 09:54:59:984][main][com.mchange.v2.log.MLog-<clinit>] MLog clients using log4j logging.
24 [17/07/21 09:55:00:008][main][com.mchange.v2.c3p0.C3P0Registry-banner] Initializing c3p0-0.9.1.2 [built 21-May-2007 15:04:56; debug? true; trace: 10]
95 [17/07/21 09:55:00:079][main][com.mchange.v2.c3p0.impl.AbstractPoolBackedDataSource-getPoolManager] Initializing c3p0 pool... com.mchange.v2.c3p0.ComboPooledDataSource [ acquireIncrement -> 2, acquireRetryAttempts -> 30, acquireRetryDelay -> 1000, autoCommitOnClose -> false, automaticTestTable -> null, breakAfterAcquireFailure -> false, checkoutTimeout -> 0, connectionCustomizerClassName -> null, connectionTesterClassName -> com.mchange.v2.c3p0.impl.DefaultConnectionTester, dataSourceName -> 1hge1539prffpcy1vt8dy6|1e786c08, debugUnreturnedConnectionStackTraces -> false, description -> null, driverClass -> com.mysql.jdbc.Driver, factoryClassLocation -> null, forceIgnoreUnresolvedTransactions -> false, identityToken -> 1hge1539prffpcy1vt8dy6|1e786c08, idleConnectionTestPeriod -> 0, initialPoolSize -> 10, jdbcUrl -> jdbc:mysql://127.0.0.1:3306/hadoop, maxAdministrativeTaskTime -> 0, maxConnectionAge -> 0, maxIdleTime -> 20, maxIdleTimeExcessConnections -> 0, maxPoolSize -> 100, maxStatements -> 0, maxStatementsPerConnection -> 0, minPoolSize -> 10, numHelperThreads -> 3, numThreadsAwaitingCheckoutDefaultUser -> 0, preferredTestQuery -> null, properties -> {user=******, password=******}, propertyCycle -> 0, testConnectionOnCheckin -> false, testConnectionOnCheckout -> false, unreturnedConnectionTimeout -> 0, usesTraditionalReflectiveProxies -> false ]
489 [17/07/21 09:55:00:473][main][com.jflyfox.component.util.JFlyFoxCache-init] ####缓存初始化开始......
511 [17/07/21 09:55:00:495][main][com.jflyfox.system.dict.DictCache-init] ####数据字典Cache初始化......
522 [17/07/21 09:55:00:506][main][com.jflyfox.system.user.UserCache-init] ####用户Cache初始化......
529 [17/07/21 09:55:00:513][main][com.jflyfox.modules.admin.pageview.PageViewCache-init] ####PageViewCache初始化......
531 [17/07/21 09:55:00:515][main][com.jflyfox.modules.admin.friendlylink.FriendlylinkCache-init] ####FriendlylinkCache初始化......
535 [17/07/21 09:55:00:519][main][com.jflyfox.modules.admin.folder.FolderService-initMenuKey] ####目录Key初始化......
538 [17/07/21 09:55:00:522][main][com.jflyfox.system.log.SysLog-init] ####日志配置初始化......
539 [17/07/21 09:55:00:523][main][com.jflyfox.component.util.JFlyFoxCache-init] ####缓存初始化结束......
0 [17/07/21 09:57:55:884][main][com.mchange.v2.log.MLog-<clinit>] MLog clients using log4j logging.
28 [17/07/21 09:57:55:912][main][com.mchange.v2.c3p0.C3P0Registry-banner] Initializing c3p0-0.9.1.2 [built 21-May-2007 15:04:56; debug? true; trace: 10]
103 [17/07/21 09:57:55:987][main][com.mchange.v2.c3p0.impl.AbstractPoolBackedDataSource-getPoolManager] Initializing c3p0 pool... com.mchange.v2.c3p0.ComboPooledDataSource [ acquireIncrement -> 2, acquireRetryAttempts -> 30, acquireRetryDelay -> 1000, autoCommitOnClose -> false, automaticTestTable -> null, breakAfterAcquireFailure -> false, checkoutTimeout -> 0, connectionCustomizerClassName -> null, connectionTesterClassName -> com.mchange.v2.c3p0.impl.DefaultConnectionTester, dataSourceName -> 1hge1539prfjh341g3bvqw|1e786c08, debugUnreturnedConnectionStackTraces -> false, description -> null, driverClass -> com.mysql.jdbc.Driver, factoryClassLocation -> null, forceIgnoreUnresolvedTransactions -> false, identityToken -> 1hge1539prfjh341g3bvqw|1e786c08, idleConnectionTestPeriod -> 0, initialPoolSize -> 10, jdbcUrl -> jdbc:mysql://127.0.0.1:3306/hadoop, maxAdministrativeTaskTime -> 0, maxConnectionAge -> 0, maxIdleTime -> 20, maxIdleTimeExcessConnections -> 0, maxPoolSize -> 100, maxStatements -> 0, maxStatementsPerConnection -> 0, minPoolSize -> 10, numHelperThreads -> 3, numThreadsAwaitingCheckoutDefaultUser -> 0, preferredTestQuery -> null, properties -> {user=******, password=******}, propertyCycle -> 0, testConnectionOnCheckin -> false, testConnectionOnCheckout -> false, unreturnedConnectionTimeout -> 0, usesTraditionalReflectiveProxies -> false ]
511 [17/07/21 09:57:56:395][main][com.jflyfox.component.util.JFlyFoxCache-init] ####缓存初始化开始......
531 [17/07/21 09:57:56:415][main][com.jflyfox.system.dict.DictCache-init] ####数据字典Cache初始化......
543 [17/07/21 09:57:56:427][main][com.jflyfox.system.user.UserCache-init] ####用户Cache初始化......
550 [17/07/21 09:57:56:434][main][com.jflyfox.modules.admin.pageview.PageViewCache-init] ####PageViewCache初始化......
552 [17/07/21 09:57:56:436][main][com.jflyfox.modules.admin.friendlylink.FriendlylinkCache-init] ####FriendlylinkCache初始化......
558 [17/07/21 09:57:56:442][main][com.jflyfox.modules.admin.folder.FolderService-initMenuKey] ####目录Key初始化......
562 [17/07/21 09:57:56:446][main][com.jflyfox.system.log.SysLog-init] ####日志配置初始化......
563 [17/07/21 09:57:56:447][main][com.jflyfox.component.util.JFlyFoxCache-init] ####缓存初始化结束......
2501 [17/07/21 09:57:58:385][http-8088-1][com.jflyfox.system.user.UserInterceptor-intercept] ####非法的请求
0 [17/07/21 10:01:12:808][main][com.mchange.v2.log.MLog-<clinit>] MLog clients using log4j logging.
24 [17/07/21 10:01:12:832][main][com.mchange.v2.c3p0.C3P0Registry-banner] Initializing c3p0-0.9.1.2 [built 21-May-2007 15:04:56; debug? true; trace: 10]
86 [17/07/21 10:01:12:894][main][com.mchange.v2.c3p0.impl.AbstractPoolBackedDataSource-getPoolManager] Initializing c3p0 pool... com.mchange.v2.c3p0.ComboPooledDataSource [ acquireIncrement -> 2, acquireRetryAttempts -> 30, acquireRetryDelay -> 1000, autoCommitOnClose -> false, automaticTestTable -> null, breakAfterAcquireFailure -> false, checkoutTimeout -> 0, connectionCustomizerClassName -> null, connectionTesterClassName -> com.mchange.v2.c3p0.impl.DefaultConnectionTester, dataSourceName -> 1hge1539prfnp151m53dgp|1e786c08, debugUnreturnedConnectionStackTraces -> false, description -> null, driverClass -> com.mysql.jdbc.Driver, factoryClassLocation -> null, forceIgnoreUnresolvedTransactions -> false, identityToken -> 1hge1539prfnp151m53dgp|1e786c08, idleConnectionTestPeriod -> 0, initialPoolSize -> 10, jdbcUrl -> jdbc:mysql://127.0.0.1:3306/hadoop, maxAdministrativeTaskTime -> 0, maxConnectionAge -> 0, maxIdleTime -> 20, maxIdleTimeExcessConnections -> 0, maxPoolSize -> 100, maxStatements -> 0, maxStatementsPerConnection -> 0, minPoolSize -> 10, numHelperThreads -> 3, numThreadsAwaitingCheckoutDefaultUser -> 0, preferredTestQuery -> null, properties -> {user=******, password=******}, propertyCycle -> 0, testConnectionOnCheckin -> false, testConnectionOnCheckout -> false, unreturnedConnectionTimeout -> 0, usesTraditionalReflectiveProxies -> false ]
502 [17/07/21 10:01:13:310][main][com.jflyfox.component.util.JFlyFoxCache-init] ####缓存初始化开始......
521 [17/07/21 10:01:13:329][main][com.jflyfox.system.dict.DictCache-init] ####数据字典Cache初始化......
532 [17/07/21 10:01:13:340][main][com.jflyfox.system.user.UserCache-init] ####用户Cache初始化......
538 [17/07/21 10:01:13:346][main][com.jflyfox.modules.admin.pageview.PageViewCache-init] ####PageViewCache初始化......
540 [17/07/21 10:01:13:348][main][com.jflyfox.modules.admin.friendlylink.FriendlylinkCache-init] ####FriendlylinkCache初始化......
545 [17/07/21 10:01:13:353][main][com.jflyfox.modules.admin.folder.FolderService-initMenuKey] ####目录Key初始化......
547 [17/07/21 10:01:13:355][main][com.jflyfox.system.log.SysLog-init] ####日志配置初始化......
548 [17/07/21 10:01:13:356][main][com.jflyfox.component.util.JFlyFoxCache-init] ####缓存初始化结束......
5668 [17/07/21 10:01:18:476][http-8088-1][com.jflyfox.system.user.UserInterceptor-intercept] ####非法的请求
0 [17/07/21 10:03:59:632][main][com.mchange.v2.log.MLog-<clinit>] MLog clients using log4j logging.
26 [17/07/21 10:03:59:658][main][com.mchange.v2.c3p0.C3P0Registry-banner] Initializing c3p0-0.9.1.2 [built 21-May-2007 15:04:56; debug? true; trace: 10]
100 [17/07/21 10:03:59:732][main][com.mchange.v2.c3p0.impl.AbstractPoolBackedDataSource-getPoolManager] Initializing c3p0 pool... com.mchange.v2.c3p0.ComboPooledDataSource [ acquireIncrement -> 2, acquireRetryAttempts -> 30, acquireRetryDelay -> 1000, autoCommitOnClose -> false, automaticTestTable -> null, breakAfterAcquireFailure -> false, checkoutTimeout -> 0, connectionCustomizerClassName -> null, connectionTesterClassName -> com.mchange.v2.c3p0.impl.DefaultConnectionTester, dataSourceName -> 1hge1539prfr9r810fn9ok|1e786c08, debugUnreturnedConnectionStackTraces -> false, description -> null, driverClass -> com.mysql.jdbc.Driver, factoryClassLocation -> null, forceIgnoreUnresolvedTransactions -> false, identityToken -> 1hge1539prfr9r810fn9ok|1e786c08, idleConnectionTestPeriod -> 0, initialPoolSize -> 10, jdbcUrl -> jdbc:mysql://127.0.0.1:3306/hadoop, maxAdministrativeTaskTime -> 0, maxConnectionAge -> 0, maxIdleTime -> 20, maxIdleTimeExcessConnections -> 0, maxPoolSize -> 100, maxStatements -> 0, maxStatementsPerConnection -> 0, minPoolSize -> 10, numHelperThreads -> 3, numThreadsAwaitingCheckoutDefaultUser -> 0, preferredTestQuery -> null, properties -> {user=******, password=******}, propertyCycle -> 0, testConnectionOnCheckin -> false, testConnectionOnCheckout -> false, unreturnedConnectionTimeout -> 0, usesTraditionalReflectiveProxies -> false ]
518 [17/07/21 10:04:00:150][main][com.jflyfox.component.util.JFlyFoxCache-init] ####缓存初始化开始......
538 [17/07/21 10:04:00:170][main][com.jflyfox.system.dict.DictCache-init] ####数据字典Cache初始化......
550 [17/07/21 10:04:00:182][main][com.jflyfox.system.user.UserCache-init] ####用户Cache初始化......
557 [17/07/21 10:04:00:189][main][com.jflyfox.modules.admin.pageview.PageViewCache-init] ####PageViewCache初始化......
559 [17/07/21 10:04:00:191][main][com.jflyfox.modules.admin.friendlylink.FriendlylinkCache-init] ####FriendlylinkCache初始化......
564 [17/07/21 10:04:00:196][main][com.jflyfox.modules.admin.folder.FolderService-initMenuKey] ####目录Key初始化......
567 [17/07/21 10:04:00:199][main][com.jflyfox.system.log.SysLog-init] ####日志配置初始化......
570 [17/07/21 10:04:00:202][main][com.jflyfox.component.util.JFlyFoxCache-init] ####缓存初始化结束......
2691 [17/07/21 10:04:02:323][http-8088-1][com.jflyfox.system.user.UserInterceptor-intercept] ####非法的请求
0 [17/07/21 10:09:47:827][main][com.mchange.v2.log.MLog-<clinit>] MLog clients using log4j logging.
24 [17/07/21 10:09:47:851][main][com.mchange.v2.c3p0.C3P0Registry-banner] Initializing c3p0-0.9.1.2 [built 21-May-2007 15:04:56; debug? true; trace: 10]
83 [17/07/21 10:09:47:910][main][com.mchange.v2.c3p0.impl.AbstractPoolBackedDataSource-getPoolManager] Initializing c3p0 pool... com.mchange.v2.c3p0.ComboPooledDataSource [ acquireIncrement -> 2, acquireRetryAttempts -> 30, acquireRetryDelay -> 1000, autoCommitOnClose -> false, automaticTestTable -> null, breakAfterAcquireFailure -> false, checkoutTimeout -> 0, connectionCustomizerClassName -> null, connectionTesterClassName -> com.mchange.v2.c3p0.impl.DefaultConnectionTester, dataSourceName -> 1hge1539prfyqf88bfd8x|1e786c08, debugUnreturnedConnectionStackTraces -> false, description -> null, driverClass -> com.mysql.jdbc.Driver, factoryClassLocation -> null, forceIgnoreUnresolvedTransactions -> false, identityToken -> 1hge1539prfyqf88bfd8x|1e786c08, idleConnectionTestPeriod -> 0, initialPoolSize -> 10, jdbcUrl -> jdbc:mysql://127.0.0.1:3306/hadoop, maxAdministrativeTaskTime -> 0, maxConnectionAge -> 0, maxIdleTime -> 20, maxIdleTimeExcessConnections -> 0, maxPoolSize -> 100, maxStatements -> 0, maxStatementsPerConnection -> 0, minPoolSize -> 10, numHelperThreads -> 3, numThreadsAwaitingCheckoutDefaultUser -> 0, preferredTestQuery -> null, properties -> {user=******, password=******}, propertyCycle -> 0, testConnectionOnCheckin -> false, testConnectionOnCheckout -> false, unreturnedConnectionTimeout -> 0, usesTraditionalReflectiveProxies -> false ]
480 [17/07/21 10:09:48:307][main][com.jflyfox.component.util.JFlyFoxCache-init] ####缓存初始化开始......
499 [17/07/21 10:09:48:326][main][com.jflyfox.system.dict.DictCache-init] ####数据字典Cache初始化......
510 [17/07/21 10:09:48:337][main][com.jflyfox.system.user.UserCache-init] ####用户Cache初始化......
515 [17/07/21 10:09:48:342][main][com.jflyfox.modules.admin.pageview.PageViewCache-init] ####PageViewCache初始化......
517 [17/07/21 10:09:48:344][main][com.jflyfox.modules.admin.friendlylink.FriendlylinkCache-init] ####FriendlylinkCache初始化......
521 [17/07/21 10:09:48:348][main][com.jflyfox.modules.admin.folder.FolderService-initMenuKey] ####目录Key初始化......
524 [17/07/21 10:09:48:351][main][com.jflyfox.system.log.SysLog-init] ####日志配置初始化......
526 [17/07/21 10:09:48:353][main][com.jflyfox.component.util.JFlyFoxCache-init] ####缓存初始化结束......
1757 [17/07/21 10:09:49:584][http-8088-1][com.jflyfox.system.user.UserInterceptor-intercept] ####非法的请求
0 [17/07/21 10:12:28:817][main][com.mchange.v2.log.MLog-<clinit>] MLog clients using log4j logging.
27 [17/07/21 10:12:28:844][main][com.mchange.v2.c3p0.C3P0Registry-banner] Initializing c3p0-0.9.1.2 [built 21-May-2007 15:04:56; debug? true; trace: 10]
88 [17/07/21 10:12:28:905][main][com.mchange.v2.c3p0.impl.AbstractPoolBackedDataSource-getPoolManager] Initializing c3p0 pool... com.mchange.v2.c3p0.ComboPooledDataSource [ acquireIncrement -> 2, acquireRetryAttempts -> 30, acquireRetryDelay -> 1000, autoCommitOnClose -> false, automaticTestTable -> null, breakAfterAcquireFailure -> false, checkoutTimeout -> 0, connectionCustomizerClassName -> null, connectionTesterClassName -> com.mchange.v2.c3p0.impl.DefaultConnectionTester, dataSourceName -> 1hge1539prg26na1ow54i2|1e786c08, debugUnreturnedConnectionStackTraces -> false, description -> null, driverClass -> com.mysql.jdbc.Driver, factoryClassLocation -> null, forceIgnoreUnresolvedTransactions -> false, identityToken -> 1hge1539prg26na1ow54i2|1e786c08, idleConnectionTestPeriod -> 0, initialPoolSize -> 10, jdbcUrl -> jdbc:mysql://127.0.0.1:3306/hadoop, maxAdministrativeTaskTime -> 0, maxConnectionAge -> 0, maxIdleTime -> 20, maxIdleTimeExcessConnections -> 0, maxPoolSize -> 100, maxStatements -> 0, maxStatementsPerConnection -> 0, minPoolSize -> 10, numHelperThreads -> 3, numThreadsAwaitingCheckoutDefaultUser -> 0, preferredTestQuery -> null, properties -> {user=******, password=******}, propertyCycle -> 0, testConnectionOnCheckin -> false, testConnectionOnCheckout -> false, unreturnedConnectionTimeout -> 0, usesTraditionalReflectiveProxies -> false ]
480 [17/07/21 10:12:29:297][main][com.jflyfox.component.util.JFlyFoxCache-init] ####缓存初始化开始......
500 [17/07/21 10:12:29:317][main][com.jflyfox.system.dict.DictCache-init] ####数据字典Cache初始化......
510 [17/07/21 10:12:29:327][main][com.jflyfox.system.user.UserCache-init] ####用户Cache初始化......
516 [17/07/21 10:12:29:333][main][com.jflyfox.modules.admin.pageview.PageViewCache-init] ####PageViewCache初始化......
518 [17/07/21 10:12:29:335][main][com.jflyfox.modules.admin.friendlylink.FriendlylinkCache-init] ####FriendlylinkCache初始化......
523 [17/07/21 10:12:29:340][main][com.jflyfox.modules.admin.folder.FolderService-initMenuKey] ####目录Key初始化......
527 [17/07/21 10:12:29:344][main][com.jflyfox.system.log.SysLog-init] ####日志配置初始化......
528 [17/07/21 10:12:29:345][main][com.jflyfox.component.util.JFlyFoxCache-init] ####缓存初始化结束......
20333 [17/07/21 10:12:49:150][http-8088-1][com.jflyfox.system.user.UserInterceptor-intercept] ####非法的请求
0 [17/07/21 10:14:40:643][main][com.mchange.v2.log.MLog-<clinit>] MLog clients using log4j logging.
27 [17/07/21 10:14:40:670][main][com.mchange.v2.c3p0.C3P0Registry-banner] Initializing c3p0-0.9.1.2 [built 21-May-2007 15:04:56; debug? true; trace: 10]
88 [17/07/21 10:14:40:731][main][com.mchange.v2.c3p0.impl.AbstractPoolBackedDataSource-getPoolManager] Initializing c3p0 pool... com.mchange.v2.c3p0.ComboPooledDataSource [ acquireIncrement -> 2, acquireRetryAttempts -> 30, acquireRetryDelay -> 1000, autoCommitOnClose -> false, automaticTestTable -> null, breakAfterAcquireFailure -> false, checkoutTimeout -> 0, connectionCustomizerClassName -> null, connectionTesterClassName -> com.mchange.v2.c3p0.impl.DefaultConnectionTester, dataSourceName -> 1hge1539prg50d41ujmql3|1e786c08, debugUnreturnedConnectionStackTraces -> false, description -> null, driverClass -> com.mysql.jdbc.Driver, factoryClassLocation -> null, forceIgnoreUnresolvedTransactions -> false, identityToken -> 1hge1539prg50d41ujmql3|1e786c08, idleConnectionTestPeriod -> 0, initialPoolSize -> 10, jdbcUrl -> jdbc:mysql://127.0.0.1:3306/hadoop, maxAdministrativeTaskTime -> 0, maxConnectionAge -> 0, maxIdleTime -> 20, maxIdleTimeExcessConnections -> 0, maxPoolSize -> 100, maxStatements -> 0, maxStatementsPerConnection -> 0, minPoolSize -> 10, numHelperThreads -> 3, numThreadsAwaitingCheckoutDefaultUser -> 0, preferredTestQuery -> null, properties -> {user=******, password=******}, propertyCycle -> 0, testConnectionOnCheckin -> false, testConnectionOnCheckout -> false, unreturnedConnectionTimeout -> 0, usesTraditionalReflectiveProxies -> false ]
497 [17/07/21 10:14:41:140][main][com.jflyfox.component.util.JFlyFoxCache-init] ####缓存初始化开始......
517 [17/07/21 10:14:41:160][main][com.jflyfox.system.dict.DictCache-init] ####数据字典Cache初始化......
529 [17/07/21 10:14:41:172][main][com.jflyfox.system.user.UserCache-init] ####用户Cache初始化......
534 [17/07/21 10:14:41:177][main][com.jflyfox.modules.admin.pageview.PageViewCache-init] ####PageViewCache初始化......
536 [17/07/21 10:14:41:179][main][com.jflyfox.modules.admin.friendlylink.FriendlylinkCache-init] ####FriendlylinkCache初始化......
541 [17/07/21 10:14:41:184][main][com.jflyfox.modules.admin.folder.FolderService-initMenuKey] ####目录Key初始化......
544 [17/07/21 10:14:41:187][main][com.jflyfox.system.log.SysLog-init] ####日志配置初始化......
545 [17/07/21 10:14:41:188][main][com.jflyfox.component.util.JFlyFoxCache-init] ####缓存初始化结束......
8610 [17/07/21 10:14:49:253][http-8088-1][com.jflyfox.system.user.UserInterceptor-intercept] ####非法的请求
