0 [17/06/11 16:33:43:369][main][com.mchange.v2.log.MLog-<clinit>] MLog clients using log4j logging.
417 [17/06/11 16:33:43:786][main][com.mchange.v2.c3p0.C3P0Registry-banner] Initializing c3p0-0.9.1.2 [built 21-May-2007 15:04:56; debug? true; trace: 10]
741 [17/06/11 16:33:44:110][main][com.mchange.v2.c3p0.impl.AbstractPoolBackedDataSource-getPoolManager] Initializing c3p0 pool... com.mchange.v2.c3p0.ComboPooledDataSource [ acquireIncrement -> 2, acquireRetryAttempts -> 30, acquireRetryDelay -> 1000, autoCommitOnClose -> false, automaticTestTable -> null, breakAfterAcquireFailure -> false, checkoutTimeout -> 0, connectionCustomizerClassName -> null, connectionTesterClassName -> com.mchange.v2.c3p0.impl.DefaultConnectionTester, dataSourceName -> 1hge15l9o15p6g4gr2p3d2|7df8898a, debugUnreturnedConnectionStackTraces -> false, description -> null, driverClass -> com.mysql.jdbc.Driver, factoryClassLocation -> null, forceIgnoreUnresolvedTransactions -> false, identityToken -> 1hge15l9o15p6g4gr2p3d2|7df8898a, idleConnectionTestPeriod -> 0, initialPoolSize -> 10, jdbcUrl -> jdbc:mysql://127.0.0.1:3306/hadoop, maxAdministrativeTaskTime -> 0, maxConnectionAge -> 0, maxIdleTime -> 20, maxIdleTimeExcessConnections -> 0, maxPoolSize -> 100, maxStatements -> 0, maxStatementsPerConnection -> 0, minPoolSize -> 10, numHelperThreads -> 3, numThreadsAwaitingCheckoutDefaultUser -> 0, preferredTestQuery -> null, properties -> {user=******, password=******}, propertyCycle -> 0, testConnectionOnCheckin -> false, testConnectionOnCheckout -> false, unreturnedConnectionTimeout -> 0, usesTraditionalReflectiveProxies -> false ]
20674 [17/06/11 16:34:04:043][Timer-0][com.mchange.v2.async.ThreadPoolAsynchronousRunner$DeadlockDetector-run] com.mchange.v2.async.ThreadPoolAsynchronousRunner$DeadlockDetector@2b50e99 -- APPARENT DEADLOCK!!! Creating emergency threads for unassigned pending tasks!
20679 [17/06/11 16:34:04:048][Timer-0][com.mchange.v2.async.ThreadPoolAsynchronousRunner$DeadlockDetector-run] com.mchange.v2.async.ThreadPoolAsynchronousRunner$DeadlockDetector@2b50e99 -- APPARENT DEADLOCK!!! Complete Status: 
	Managed Threads: 3
	Active Threads: 3
	Active Tasks: 
		com.mchange.v2.resourcepool.BasicResourcePool$AcquireTask@4d4ffa84 (com.mchange.v2.async.ThreadPoolAsynchronousRunner$PoolThread-#0)
		com.mchange.v2.resourcepool.BasicResourcePool$AcquireTask@6724e472 (com.mchange.v2.async.ThreadPoolAsynchronousRunner$PoolThread-#1)
		com.mchange.v2.resourcepool.BasicResourcePool$AcquireTask@7cc81721 (com.mchange.v2.async.ThreadPoolAsynchronousRunner$PoolThread-#2)
	Pending Tasks: 
		com.mchange.v2.resourcepool.BasicResourcePool$AcquireTask@1f49577c
		com.mchange.v2.resourcepool.BasicResourcePool$AcquireTask@2d6005cb
		com.mchange.v2.resourcepool.BasicResourcePool$AcquireTask@6d277361
		com.mchange.v2.resourcepool.BasicResourcePool$AcquireTask@516a10fb
		com.mchange.v2.resourcepool.BasicResourcePool$AcquireTask@44d5f1d
		com.mchange.v2.resourcepool.BasicResourcePool$AcquireTask@292e5c02
		com.mchange.v2.resourcepool.BasicResourcePool$AcquireTask@7fc48e3d
Pool thread stack traces:
	Thread[com.mchange.v2.async.ThreadPoolAsynchronousRunner$PoolThread-#0,5,main]
		java.lang.Thread.sleep(Native Method)
		com.mchange.v2.resourcepool.BasicResourcePool$AcquireTask.run(BasicResourcePool.java:1805)
		com.mchange.v2.async.ThreadPoolAsynchronousRunner$PoolThread.run(ThreadPoolAsynchronousRunner.java:547)
	Thread[com.mchange.v2.async.ThreadPoolAsynchronousRunner$PoolThread-#1,5,main]
		java.lang.Thread.sleep(Native Method)
		com.mchange.v2.resourcepool.BasicResourcePool$AcquireTask.run(BasicResourcePool.java:1805)
		com.mchange.v2.async.ThreadPoolAsynchronousRunner$PoolThread.run(ThreadPoolAsynchronousRunner.java:547)
	Thread[com.mchange.v2.async.ThreadPoolAsynchronousRunner$PoolThread-#2,5,main]
		java.lang.Thread.sleep(Native Method)
		com.mchange.v2.resourcepool.BasicResourcePool$AcquireTask.run(BasicResourcePool.java:1805)
		com.mchange.v2.async.ThreadPoolAsynchronousRunner$PoolThread.run(ThreadPoolAsynchronousRunner.java:547)


0 [17/06/11 16:34:51:858][main][com.mchange.v2.log.MLog-<clinit>] MLog clients using log4j logging.
450 [17/06/11 16:34:52:308][main][com.mchange.v2.c3p0.C3P0Registry-banner] Initializing c3p0-0.9.1.2 [built 21-May-2007 15:04:56; debug? true; trace: 10]
702 [17/06/11 16:34:52:560][main][com.mchange.v2.c3p0.impl.AbstractPoolBackedDataSource-getPoolManager] Initializing c3p0 pool... com.mchange.v2.c3p0.ComboPooledDataSource [ acquireIncrement -> 2, acquireRetryAttempts -> 30, acquireRetryDelay -> 1000, autoCommitOnClose -> false, automaticTestTable -> null, breakAfterAcquireFailure -> false, checkoutTimeout -> 0, connectionCustomizerClassName -> null, connectionTesterClassName -> com.mchange.v2.c3p0.impl.DefaultConnectionTester, dataSourceName -> 1hge15l9o15p7wz01hr6ne9|34420dd3, debugUnreturnedConnectionStackTraces -> false, description -> null, driverClass -> com.mysql.jdbc.Driver, factoryClassLocation -> null, forceIgnoreUnresolvedTransactions -> false, identityToken -> 1hge15l9o15p7wz01hr6ne9|34420dd3, idleConnectionTestPeriod -> 0, initialPoolSize -> 10, jdbcUrl -> jdbc:mysql://127.0.0.1:3306/hadoop, maxAdministrativeTaskTime -> 0, maxConnectionAge -> 0, maxIdleTime -> 20, maxIdleTimeExcessConnections -> 0, maxPoolSize -> 100, maxStatements -> 0, maxStatementsPerConnection -> 0, minPoolSize -> 10, numHelperThreads -> 3, numThreadsAwaitingCheckoutDefaultUser -> 0, preferredTestQuery -> null, properties -> {user=******, password=******}, propertyCycle -> 0, testConnectionOnCheckin -> false, testConnectionOnCheckout -> false, unreturnedConnectionTimeout -> 0, usesTraditionalReflectiveProxies -> false ]
20603 [17/06/11 16:35:12:461][Timer-0][com.mchange.v2.async.ThreadPoolAsynchronousRunner$DeadlockDetector-run] com.mchange.v2.async.ThreadPoolAsynchronousRunner$DeadlockDetector@1344a1f0 -- APPARENT DEADLOCK!!! Creating emergency threads for unassigned pending tasks!
20608 [17/06/11 16:35:12:466][Timer-0][com.mchange.v2.async.ThreadPoolAsynchronousRunner$DeadlockDetector-run] com.mchange.v2.async.ThreadPoolAsynchronousRunner$DeadlockDetector@1344a1f0 -- APPARENT DEADLOCK!!! Complete Status: 
	Managed Threads: 3
	Active Threads: 3
	Active Tasks: 
		com.mchange.v2.resourcepool.BasicResourcePool$AcquireTask@5cbe47d3 (com.mchange.v2.async.ThreadPoolAsynchronousRunner$PoolThread-#2)
		com.mchange.v2.resourcepool.BasicResourcePool$AcquireTask@6a432695 (com.mchange.v2.async.ThreadPoolAsynchronousRunner$PoolThread-#1)
		com.mchange.v2.resourcepool.BasicResourcePool$AcquireTask@6da8da38 (com.mchange.v2.async.ThreadPoolAsynchronousRunner$PoolThread-#0)
	Pending Tasks: 
		com.mchange.v2.resourcepool.BasicResourcePool$AcquireTask@12bfe5c7
		com.mchange.v2.resourcepool.BasicResourcePool$AcquireTask@3c91b89c
		com.mchange.v2.resourcepool.BasicResourcePool$AcquireTask@4f155615
		com.mchange.v2.resourcepool.BasicResourcePool$AcquireTask@64c73cd5
		com.mchange.v2.resourcepool.BasicResourcePool$AcquireTask@9bb6c57
		com.mchange.v2.resourcepool.BasicResourcePool$AcquireTask@38df60a4
		com.mchange.v2.resourcepool.BasicResourcePool$AcquireTask@5d9f3c54
Pool thread stack traces:
	Thread[com.mchange.v2.async.ThreadPoolAsynchronousRunner$PoolThread-#2,5,main]
		java.lang.Thread.sleep(Native Method)
		com.mchange.v2.resourcepool.BasicResourcePool$AcquireTask.run(BasicResourcePool.java:1805)
		com.mchange.v2.async.ThreadPoolAsynchronousRunner$PoolThread.run(ThreadPoolAsynchronousRunner.java:547)
	Thread[com.mchange.v2.async.ThreadPoolAsynchronousRunner$PoolThread-#0,5,main]
		java.lang.Thread.sleep(Native Method)
		com.mchange.v2.resourcepool.BasicResourcePool$AcquireTask.run(BasicResourcePool.java:1805)
		com.mchange.v2.async.ThreadPoolAsynchronousRunner$PoolThread.run(ThreadPoolAsynchronousRunner.java:547)
	Thread[com.mchange.v2.async.ThreadPoolAsynchronousRunner$PoolThread-#1,5,main]
		java.lang.Thread.sleep(Native Method)
		com.mchange.v2.resourcepool.BasicResourcePool$AcquireTask.run(BasicResourcePool.java:1805)
		com.mchange.v2.async.ThreadPoolAsynchronousRunner$PoolThread.run(ThreadPoolAsynchronousRunner.java:547)


60466 [17/06/11 16:35:52:324][com.mchange.v2.async.ThreadPoolAsynchronousRunner$PoolThread-#2][com.mchange.v2.resourcepool.BasicResourcePool$AcquireTask-run] com.mchange.v2.resourcepool.BasicResourcePool$AcquireTask@5cbe47d3 -- Acquisition Attempt Failed!!! Clearing pending acquires. While trying to acquire a needed new resource, we failed to succeed more than the maximum number of allowed acquisition attempts (30). Last acquisition attempt exception: 
com.mysql.jdbc.exceptions.jdbc4.CommunicationsException: Communications link failure

The last packet sent successfully to the server was 0 milliseconds ago. The driver has not received any packets from the server.
	at sun.reflect.GeneratedConstructorAccessor27.newInstance(Unknown Source)
	at sun.reflect.DelegatingConstructorAccessorImpl.newInstance(DelegatingConstructorAccessorImpl.java:45)
	at java.lang.reflect.Constructor.newInstance(Constructor.java:423)
	at com.mysql.jdbc.Util.handleNewInstance(Util.java:389)
	at com.mysql.jdbc.SQLError.createCommunicationsException(SQLError.java:1038)
	at com.mysql.jdbc.MysqlIO.<init>(MysqlIO.java:338)
	at com.mysql.jdbc.ConnectionImpl.coreConnect(ConnectionImpl.java:2237)
	at com.mysql.jdbc.ConnectionImpl.connectOneTryOnly(ConnectionImpl.java:2270)
	at com.mysql.jdbc.ConnectionImpl.createNewIO(ConnectionImpl.java:2069)
	at com.mysql.jdbc.ConnectionImpl.<init>(ConnectionImpl.java:794)
	at com.mysql.jdbc.JDBC4Connection.<init>(JDBC4Connection.java:44)
	at sun.reflect.GeneratedConstructorAccessor24.newInstance(Unknown Source)
	at sun.reflect.DelegatingConstructorAccessorImpl.newInstance(DelegatingConstructorAccessorImpl.java:45)
	at java.lang.reflect.Constructor.newInstance(Constructor.java:423)
	at com.mysql.jdbc.Util.handleNewInstance(Util.java:389)
	at com.mysql.jdbc.ConnectionImpl.getInstance(ConnectionImpl.java:399)
	at com.mysql.jdbc.NonRegisteringDriver.connect(NonRegisteringDriver.java:325)
	at com.mchange.v2.c3p0.DriverManagerDataSource.getConnection(DriverManagerDataSource.java:134)
	at com.mchange.v2.c3p0.WrapperConnectionPoolDataSource.getPooledConnection(WrapperConnectionPoolDataSource.java:182)
	at com.mchange.v2.c3p0.WrapperConnectionPoolDataSource.getPooledConnection(WrapperConnectionPoolDataSource.java:171)
	at com.mchange.v2.c3p0.impl.C3P0PooledConnectionPool$1PooledConnectionResourcePoolManager.acquireResource(C3P0PooledConnectionPool.java:137)
	at com.mchange.v2.resourcepool.BasicResourcePool.doAcquire(BasicResourcePool.java:1014)
	at com.mchange.v2.resourcepool.BasicResourcePool.access$800(BasicResourcePool.java:32)
	at com.mchange.v2.resourcepool.BasicResourcePool$AcquireTask.run(BasicResourcePool.java:1810)
	at com.mchange.v2.async.ThreadPoolAsynchronousRunner$PoolThread.run(ThreadPoolAsynchronousRunner.java:547)
Caused by: java.net.ConnectException: Connection refused: connect
	at java.net.DualStackPlainSocketImpl.connect0(Native Method)
	at java.net.DualStackPlainSocketImpl.socketConnect(DualStackPlainSocketImpl.java:79)
	at java.net.AbstractPlainSocketImpl.doConnect(AbstractPlainSocketImpl.java:350)
	at java.net.AbstractPlainSocketImpl.connectToAddress(AbstractPlainSocketImpl.java:206)
	at java.net.AbstractPlainSocketImpl.connect(AbstractPlainSocketImpl.java:188)
	at java.net.PlainSocketImpl.connect(PlainSocketImpl.java:172)
	at java.net.SocksSocketImpl.connect(SocksSocketImpl.java:392)
	at java.net.Socket.connect(Socket.java:589)
	at com.mysql.jdbc.StandardSocketFactory.connect(StandardSocketFactory.java:213)
	at com.mysql.jdbc.MysqlIO.<init>(MysqlIO.java:297)
	... 19 more
60487 [17/06/11 16:35:52:345][main][com.jfinal.core.Config-startPlugins] Plugin start error: com.jfinal.plugin.activerecord.ActiveRecordPlugin. 
java.sql.SQLException: Connections could not be acquired from the underlying database!
com.jfinal.plugin.activerecord.ActiveRecordException: java.sql.SQLException: Connections could not be acquired from the underlying database!
	at com.jfinal.plugin.activerecord.TableBuilder.build(TableBuilder.java:54)
	at com.jfinal.plugin.activerecord.ActiveRecordPlugin.start(ActiveRecordPlugin.java:225)
	at com.jfinal.core.Config.startPlugins(Config.java:88)
	at com.jfinal.core.Config.configJFinal(Config.java:49)
	at com.jfinal.core.JFinal.init(JFinal.java:62)
	at com.jfinal.core.JFinalFilter.init(JFinalFilter.java:49)
	at org.apache.catalina.core.ApplicationFilterConfig.getFilter(ApplicationFilterConfig.java:295)
	at org.apache.catalina.core.ApplicationFilterConfig.setFilterDef(ApplicationFilterConfig.java:422)
	at org.apache.catalina.core.ApplicationFilterConfig.<init>(ApplicationFilterConfig.java:115)
	at org.apache.catalina.core.StandardContext.filterStart(StandardContext.java:4001)
	at org.apache.catalina.core.StandardContext.start(StandardContext.java:4651)
	at org.apache.catalina.core.ContainerBase.start(ContainerBase.java:1045)
	at org.apache.catalina.core.StandardHost.start(StandardHost.java:785)
	at org.apache.catalina.core.ContainerBase.start(ContainerBase.java:1045)
	at org.apache.catalina.core.StandardEngine.start(StandardEngine.java:445)
	at org.apache.catalina.startup.Embedded.start(Embedded.java:825)
	at org.codehaus.mojo.tomcat.AbstractRunMojo.startContainer(AbstractRunMojo.java:558)
	at org.codehaus.mojo.tomcat.AbstractRunMojo.execute(AbstractRunMojo.java:255)
	at org.apache.maven.plugin.DefaultBuildPluginManager.executeMojo(DefaultBuildPluginManager.java:134)
	at org.apache.maven.lifecycle.internal.MojoExecutor.execute(MojoExecutor.java:207)
	at org.apache.maven.lifecycle.internal.MojoExecutor.execute(MojoExecutor.java:153)
	at org.apache.maven.lifecycle.internal.MojoExecutor.execute(MojoExecutor.java:145)
	at org.apache.maven.lifecycle.internal.LifecycleModuleBuilder.buildProject(LifecycleModuleBuilder.java:116)
	at org.apache.maven.lifecycle.internal.LifecycleModuleBuilder.buildProject(LifecycleModuleBuilder.java:80)
	at org.apache.maven.lifecycle.internal.builder.singlethreaded.SingleThreadedBuilder.build(SingleThreadedBuilder.java:51)
	at org.apache.maven.lifecycle.internal.LifecycleStarter.execute(LifecycleStarter.java:128)
	at org.apache.maven.DefaultMaven.doExecute(DefaultMaven.java:307)
	at org.apache.maven.DefaultMaven.doExecute(DefaultMaven.java:193)
	at org.apache.maven.DefaultMaven.execute(DefaultMaven.java:106)
	at org.apache.maven.cli.MavenCli.execute(MavenCli.java:863)
	at org.apache.maven.cli.MavenCli.doMain(MavenCli.java:288)
	at org.apache.maven.cli.MavenCli.main(MavenCli.java:199)
	at sun.reflect.NativeMethodAccessorImpl.invoke0(Native Method)
	at sun.reflect.NativeMethodAccessorImpl.invoke(NativeMethodAccessorImpl.java:62)
	at sun.reflect.DelegatingMethodAccessorImpl.invoke(DelegatingMethodAccessorImpl.java:43)
	at java.lang.reflect.Method.invoke(Method.java:498)
	at org.codehaus.plexus.classworlds.launcher.Launcher.launchEnhanced(Launcher.java:289)
	at org.codehaus.plexus.classworlds.launcher.Launcher.launch(Launcher.java:229)
	at org.codehaus.plexus.classworlds.launcher.Launcher.mainWithExitCode(Launcher.java:415)
	at org.codehaus.plexus.classworlds.launcher.Launcher.main(Launcher.java:356)
	at org.codehaus.classworlds.Launcher.main(Launcher.java:47)
Caused by: java.sql.SQLException: Connections could not be acquired from the underlying database!
	at com.mchange.v2.sql.SqlUtils.toSQLException(SqlUtils.java:106)
	at com.mchange.v2.c3p0.impl.C3P0PooledConnectionPool.checkoutPooledConnection(C3P0PooledConnectionPool.java:529)
	at com.mchange.v2.c3p0.impl.AbstractPoolBackedDataSource.getConnection(AbstractPoolBackedDataSource.java:128)
	at com.jfinal.plugin.activerecord.TableBuilder.build(TableBuilder.java:42)
	... 40 more
Caused by: com.mchange.v2.resourcepool.CannotAcquireResourceException: A ResourcePool could not acquire a resource from its primary factory or source.
	at com.mchange.v2.resourcepool.BasicResourcePool.awaitAvailable(BasicResourcePool.java:1319)
	at com.mchange.v2.resourcepool.BasicResourcePool.prelimCheckoutResource(BasicResourcePool.java:557)
	at com.mchange.v2.resourcepool.BasicResourcePool.checkoutResource(BasicResourcePool.java:477)
	at com.mchange.v2.c3p0.impl.C3P0PooledConnectionPool.checkoutPooledConnection(C3P0PooledConnectionPool.java:525)
	... 42 more
60529 [17/06/11 16:35:52:387][com.mchange.v2.async.ThreadPoolAsynchronousRunner$PoolThread-#1][com.mchange.v2.resourcepool.BasicResourcePool$AcquireTask-run] com.mchange.v2.resourcepool.BasicResourcePool$AcquireTask@6a432695 -- Acquisition Attempt Failed!!! Clearing pending acquires. While trying to acquire a needed new resource, we failed to succeed more than the maximum number of allowed acquisition attempts (30). Last acquisition attempt exception: 
com.mysql.jdbc.exceptions.jdbc4.CommunicationsException: Communications link failure

The last packet sent successfully to the server was 0 milliseconds ago. The driver has not received any packets from the server.
	at sun.reflect.GeneratedConstructorAccessor27.newInstance(Unknown Source)
	at sun.reflect.DelegatingConstructorAccessorImpl.newInstance(DelegatingConstructorAccessorImpl.java:45)
	at java.lang.reflect.Constructor.newInstance(Constructor.java:423)
	at com.mysql.jdbc.Util.handleNewInstance(Util.java:389)
	at com.mysql.jdbc.SQLError.createCommunicationsException(SQLError.java:1038)
	at com.mysql.jdbc.MysqlIO.<init>(MysqlIO.java:338)
	at com.mysql.jdbc.ConnectionImpl.coreConnect(ConnectionImpl.java:2237)
	at com.mysql.jdbc.ConnectionImpl.connectOneTryOnly(ConnectionImpl.java:2270)
	at com.mysql.jdbc.ConnectionImpl.createNewIO(ConnectionImpl.java:2069)
	at com.mysql.jdbc.ConnectionImpl.<init>(ConnectionImpl.java:794)
	at com.mysql.jdbc.JDBC4Connection.<init>(JDBC4Connection.java:44)
	at sun.reflect.GeneratedConstructorAccessor24.newInstance(Unknown Source)
	at sun.reflect.DelegatingConstructorAccessorImpl.newInstance(DelegatingConstructorAccessorImpl.java:45)
	at java.lang.reflect.Constructor.newInstance(Constructor.java:423)
	at com.mysql.jdbc.Util.handleNewInstance(Util.java:389)
	at com.mysql.jdbc.ConnectionImpl.getInstance(ConnectionImpl.java:399)
	at com.mysql.jdbc.NonRegisteringDriver.connect(NonRegisteringDriver.java:325)
	at com.mchange.v2.c3p0.DriverManagerDataSource.getConnection(DriverManagerDataSource.java:134)
	at com.mchange.v2.c3p0.WrapperConnectionPoolDataSource.getPooledConnection(WrapperConnectionPoolDataSource.java:182)
	at com.mchange.v2.c3p0.WrapperConnectionPoolDataSource.getPooledConnection(WrapperConnectionPoolDataSource.java:171)
	at com.mchange.v2.c3p0.impl.C3P0PooledConnectionPool$1PooledConnectionResourcePoolManager.acquireResource(C3P0PooledConnectionPool.java:137)
	at com.mchange.v2.resourcepool.BasicResourcePool.doAcquire(BasicResourcePool.java:1014)
	at com.mchange.v2.resourcepool.BasicResourcePool.access$800(BasicResourcePool.java:32)
	at com.mchange.v2.resourcepool.BasicResourcePool$AcquireTask.run(BasicResourcePool.java:1810)
	at com.mchange.v2.async.ThreadPoolAsynchronousRunner$PoolThread.run(ThreadPoolAsynchronousRunner.java:547)
Caused by: java.net.ConnectException: Connection refused: connect
	at java.net.DualStackPlainSocketImpl.connect0(Native Method)
	at java.net.DualStackPlainSocketImpl.socketConnect(DualStackPlainSocketImpl.java:79)
	at java.net.AbstractPlainSocketImpl.doConnect(AbstractPlainSocketImpl.java:350)
	at java.net.AbstractPlainSocketImpl.connectToAddress(AbstractPlainSocketImpl.java:206)
	at java.net.AbstractPlainSocketImpl.connect(AbstractPlainSocketImpl.java:188)
	at java.net.PlainSocketImpl.connect(PlainSocketImpl.java:172)
	at java.net.SocksSocketImpl.connect(SocksSocketImpl.java:392)
	at java.net.Socket.connect(Socket.java:589)
	at com.mysql.jdbc.StandardSocketFactory.connect(StandardSocketFactory.java:213)
	at com.mysql.jdbc.MysqlIO.<init>(MysqlIO.java:297)
	... 19 more
60529 [17/06/11 16:35:52:387][com.mchange.v2.async.ThreadPoolAsynchronousRunner$PoolThread-#0][com.mchange.v2.resourcepool.BasicResourcePool$AcquireTask-run] com.mchange.v2.resourcepool.BasicResourcePool$AcquireTask@6da8da38 -- Acquisition Attempt Failed!!! Clearing pending acquires. While trying to acquire a needed new resource, we failed to succeed more than the maximum number of allowed acquisition attempts (30). Last acquisition attempt exception: 
com.mysql.jdbc.exceptions.jdbc4.CommunicationsException: Communications link failure

The last packet sent successfully to the server was 0 milliseconds ago. The driver has not received any packets from the server.
	at sun.reflect.GeneratedConstructorAccessor27.newInstance(Unknown Source)
	at sun.reflect.DelegatingConstructorAccessorImpl.newInstance(DelegatingConstructorAccessorImpl.java:45)
	at java.lang.reflect.Constructor.newInstance(Constructor.java:423)
	at com.mysql.jdbc.Util.handleNewInstance(Util.java:389)
	at com.mysql.jdbc.SQLError.createCommunicationsException(SQLError.java:1038)
	at com.mysql.jdbc.MysqlIO.<init>(MysqlIO.java:338)
	at com.mysql.jdbc.ConnectionImpl.coreConnect(ConnectionImpl.java:2237)
	at com.mysql.jdbc.ConnectionImpl.connectOneTryOnly(ConnectionImpl.java:2270)
	at com.mysql.jdbc.ConnectionImpl.createNewIO(ConnectionImpl.java:2069)
	at com.mysql.jdbc.ConnectionImpl.<init>(ConnectionImpl.java:794)
	at com.mysql.jdbc.JDBC4Connection.<init>(JDBC4Connection.java:44)
	at sun.reflect.GeneratedConstructorAccessor24.newInstance(Unknown Source)
	at sun.reflect.DelegatingConstructorAccessorImpl.newInstance(DelegatingConstructorAccessorImpl.java:45)
	at java.lang.reflect.Constructor.newInstance(Constructor.java:423)
	at com.mysql.jdbc.Util.handleNewInstance(Util.java:389)
	at com.mysql.jdbc.ConnectionImpl.getInstance(ConnectionImpl.java:399)
	at com.mysql.jdbc.NonRegisteringDriver.connect(NonRegisteringDriver.java:325)
	at com.mchange.v2.c3p0.DriverManagerDataSource.getConnection(DriverManagerDataSource.java:134)
	at com.mchange.v2.c3p0.WrapperConnectionPoolDataSource.getPooledConnection(WrapperConnectionPoolDataSource.java:182)
	at com.mchange.v2.c3p0.WrapperConnectionPoolDataSource.getPooledConnection(WrapperConnectionPoolDataSource.java:171)
	at com.mchange.v2.c3p0.impl.C3P0PooledConnectionPool$1PooledConnectionResourcePoolManager.acquireResource(C3P0PooledConnectionPool.java:137)
	at com.mchange.v2.resourcepool.BasicResourcePool.doAcquire(BasicResourcePool.java:1014)
	at com.mchange.v2.resourcepool.BasicResourcePool.access$800(BasicResourcePool.java:32)
	at com.mchange.v2.resourcepool.BasicResourcePool$AcquireTask.run(BasicResourcePool.java:1810)
	at com.mchange.v2.async.ThreadPoolAsynchronousRunner$PoolThread.run(ThreadPoolAsynchronousRunner.java:547)
Caused by: java.net.ConnectException: Connection refused: connect
	at java.net.DualStackPlainSocketImpl.connect0(Native Method)
	at java.net.DualStackPlainSocketImpl.socketConnect(DualStackPlainSocketImpl.java:79)
	at java.net.AbstractPlainSocketImpl.doConnect(AbstractPlainSocketImpl.java:350)
	at java.net.AbstractPlainSocketImpl.connectToAddress(AbstractPlainSocketImpl.java:206)
	at java.net.AbstractPlainSocketImpl.connect(AbstractPlainSocketImpl.java:188)
	at java.net.PlainSocketImpl.connect(PlainSocketImpl.java:172)
	at java.net.SocksSocketImpl.connect(SocksSocketImpl.java:392)
	at java.net.Socket.connect(Socket.java:589)
	at com.mysql.jdbc.StandardSocketFactory.connect(StandardSocketFactory.java:213)
	at com.mysql.jdbc.MysqlIO.<init>(MysqlIO.java:297)
	... 19 more
0 [17/06/11 16:55:40:017][main][com.mchange.v2.log.MLog-<clinit>] MLog clients using log4j logging.
831 [17/06/11 16:55:40:848][main][com.mchange.v2.c3p0.C3P0Registry-banner] Initializing c3p0-0.9.1.2 [built 21-May-2007 15:04:56; debug? true; trace: 10]
1545 [17/06/11 16:55:41:562][main][com.mchange.v2.c3p0.impl.AbstractPoolBackedDataSource-getPoolManager] Initializing c3p0 pool... com.mchange.v2.c3p0.ComboPooledDataSource [ acquireIncrement -> 2, acquireRetryAttempts -> 30, acquireRetryDelay -> 1000, autoCommitOnClose -> false, automaticTestTable -> null, breakAfterAcquireFailure -> false, checkoutTimeout -> 0, connectionCustomizerClassName -> null, connectionTesterClassName -> com.mchange.v2.c3p0.impl.DefaultConnectionTester, dataSourceName -> 1hge15l9o15pyo2711zqf3k|3433da8f, debugUnreturnedConnectionStackTraces -> false, description -> null, driverClass -> com.mysql.jdbc.Driver, factoryClassLocation -> null, forceIgnoreUnresolvedTransactions -> false, identityToken -> 1hge15l9o15pyo2711zqf3k|3433da8f, idleConnectionTestPeriod -> 0, initialPoolSize -> 10, jdbcUrl -> jdbc:mysql://127.0.0.1:3306/hadoop, maxAdministrativeTaskTime -> 0, maxConnectionAge -> 0, maxIdleTime -> 20, maxIdleTimeExcessConnections -> 0, maxPoolSize -> 100, maxStatements -> 0, maxStatementsPerConnection -> 0, minPoolSize -> 10, numHelperThreads -> 3, numThreadsAwaitingCheckoutDefaultUser -> 0, preferredTestQuery -> null, properties -> {user=******, password=******}, propertyCycle -> 0, testConnectionOnCheckin -> false, testConnectionOnCheckout -> false, unreturnedConnectionTimeout -> 0, usesTraditionalReflectiveProxies -> false ]
3275 [17/06/11 16:55:43:292][main][com.jflyfox.component.util.JFlyFoxCache-init] ####缓存初始化开始......
3385 [17/06/11 16:55:43:402][main][com.jflyfox.system.dict.DictCache-init] ####数据字典Cache初始化......
3448 [17/06/11 16:55:43:465][main][com.jflyfox.system.user.UserCache-init] ####用户Cache初始化......
3466 [17/06/11 16:55:43:483][main][com.jflyfox.modules.admin.pageview.PageViewCache-init] ####PageViewCache初始化......
3475 [17/06/11 16:55:43:492][main][com.jflyfox.modules.admin.friendlylink.FriendlylinkCache-init] ####FriendlylinkCache初始化......
3499 [17/06/11 16:55:43:516][main][com.jflyfox.modules.admin.folder.FolderService-initMenuKey] ####目录Key初始化......
3532 [17/06/11 16:55:43:549][main][com.jflyfox.system.log.SysLog-init] ####日志配置初始化......
3538 [17/06/11 16:55:43:555][main][com.jflyfox.component.util.JFlyFoxCache-init] ####缓存初始化结束......
23457 [17/06/11 16:56:03:474][http-80-1][com.jflyfox.system.user.UserInterceptor-intercept] ####非法的请求
23510 [17/06/11 16:56:03:527][http-80-1][com.jflyfox.component.base.BaseProjectController-getSessionUser] cooke user异常:
java.lang.RuntimeException: javax.crypto.IllegalBlockSizeException: Input length must be multiple of 8 when decrypting with padded cipher
	at com.jflyfox.util.encrypt.DESUtils.decryptString(DESUtils.java:91)
	at com.jflyfox.component.base.BaseProjectController.getSessionUser(BaseProjectController.java:98)
	at com.jflyfox.system.user.UserInterceptor.intercept(UserInterceptor.java:47)
	at com.jfinal.aop.Invocation.invoke(Invocation.java:67)
	at com.jflyfox.component.interceptor.UpdateCacheInterceptor.intercept(UpdateCacheInterceptor.java:44)
	at com.jfinal.aop.Invocation.invoke(Invocation.java:67)
	at com.jflyfox.component.interceptor.PageViewInterceptor.intercept(PageViewInterceptor.java:33)
	at com.jfinal.aop.Invocation.invoke(Invocation.java:67)
	at com.jflyfox.component.interceptor.UserKeyInterceptor.intercept(UserKeyInterceptor.java:28)
	at com.jfinal.aop.Invocation.invoke(Invocation.java:67)
	at com.jflyfox.jfinal.component.interceptor.JflyfoxInterceptor.intercept(JflyfoxInterceptor.java:26)
	at com.jfinal.aop.Invocation.invoke(Invocation.java:67)
	at com.jflyfox.jfinal.component.interceptor.SessionAttrInterceptor.intercept(SessionAttrInterceptor.java:48)
	at com.jfinal.aop.Invocation.invoke(Invocation.java:67)
	at com.jfinal.ext.interceptor.SessionInViewInterceptor.intercept(SessionInViewInterceptor.java:44)
	at com.jfinal.aop.Invocation.invoke(Invocation.java:67)
	at com.jflyfox.jfinal.component.interceptor.ExceptionInterceptor.intercept(ExceptionInterceptor.java:38)
	at com.jfinal.aop.Invocation.invoke(Invocation.java:67)
	at com.jfinal.core.ActionHandler.handle(ActionHandler.java:74)
	at com.jflyfox.jfinal.component.handler.CurrentPathHandler.handle(CurrentPathHandler.java:53)
	at com.jfinal.ext.handler.ContextPathHandler.handle(ContextPathHandler.java:47)
	at com.jflyfox.jfinal.component.handler.BasePathHandler.handle(BasePathHandler.java:48)
	at com.jflyfox.jfinal.component.handler.HtmlHandler.handle(HtmlHandler.java:48)
	at com.jfinal.core.JFinalFilter.doFilter(JFinalFilter.java:72)
	at org.apache.catalina.core.ApplicationFilterChain.internalDoFilter(ApplicationFilterChain.java:235)
	at org.apache.catalina.core.ApplicationFilterChain.doFilter(ApplicationFilterChain.java:206)
	at org.apache.catalina.core.StandardWrapperValve.invoke(StandardWrapperValve.java:233)
	at org.apache.catalina.core.StandardContextValve.invoke(StandardContextValve.java:191)
	at org.apache.catalina.core.StandardHostValve.invoke(StandardHostValve.java:127)
	at org.apache.catalina.valves.ErrorReportValve.invoke(ErrorReportValve.java:102)
	at org.apache.catalina.core.StandardEngineValve.invoke(StandardEngineValve.java:109)
	at org.apache.catalina.connector.CoyoteAdapter.service(CoyoteAdapter.java:298)
	at org.apache.coyote.http11.Http11Processor.process(Http11Processor.java:857)
	at org.apache.coyote.http11.Http11Protocol$Http11ConnectionHandler.process(Http11Protocol.java:588)
	at org.apache.tomcat.util.net.JIoEndpoint$Worker.run(JIoEndpoint.java:489)
	at java.lang.Thread.run(Thread.java:745)
Caused by: javax.crypto.IllegalBlockSizeException: Input length must be multiple of 8 when decrypting with padded cipher
	at com.sun.crypto.provider.CipherCore.doFinal(CipherCore.java:913)
	at com.sun.crypto.provider.CipherCore.doFinal(CipherCore.java:824)
	at com.sun.crypto.provider.DESCipher.engineDoFinal(DESCipher.java:314)
	at javax.crypto.Cipher.doFinal(Cipher.java:2165)
	at com.jflyfox.util.encrypt.DESUtils.decryptString(DESUtils.java:88)
	... 35 more
23526 [17/06/11 16:56:03:543][http-80-1][com.jflyfox.component.base.BaseProjectController-getSessionUser] cooke user异常:
java.lang.RuntimeException: javax.crypto.IllegalBlockSizeException: Input length must be multiple of 8 when decrypting with padded cipher
	at com.jflyfox.util.encrypt.DESUtils.decryptString(DESUtils.java:91)
	at com.jflyfox.component.base.BaseProjectController.getSessionUser(BaseProjectController.java:98)
	at com.jflyfox.component.interceptor.SiteInterceptor.intercept(SiteInterceptor.java:52)
	at com.jfinal.aop.Invocation.invoke(Invocation.java:67)
	at com.jflyfox.system.user.UserInterceptor.intercept(UserInterceptor.java:74)
	at com.jfinal.aop.Invocation.invoke(Invocation.java:67)
	at com.jflyfox.component.interceptor.UpdateCacheInterceptor.intercept(UpdateCacheInterceptor.java:44)
	at com.jfinal.aop.Invocation.invoke(Invocation.java:67)
	at com.jflyfox.component.interceptor.PageViewInterceptor.intercept(PageViewInterceptor.java:33)
	at com.jfinal.aop.Invocation.invoke(Invocation.java:67)
	at com.jflyfox.component.interceptor.UserKeyInterceptor.intercept(UserKeyInterceptor.java:28)
	at com.jfinal.aop.Invocation.invoke(Invocation.java:67)
	at com.jflyfox.jfinal.component.interceptor.JflyfoxInterceptor.intercept(JflyfoxInterceptor.java:26)
	at com.jfinal.aop.Invocation.invoke(Invocation.java:67)
	at com.jflyfox.jfinal.component.interceptor.SessionAttrInterceptor.intercept(SessionAttrInterceptor.java:48)
	at com.jfinal.aop.Invocation.invoke(Invocation.java:67)
	at com.jfinal.ext.interceptor.SessionInViewInterceptor.intercept(SessionInViewInterceptor.java:44)
	at com.jfinal.aop.Invocation.invoke(Invocation.java:67)
	at com.jflyfox.jfinal.component.interceptor.ExceptionInterceptor.intercept(ExceptionInterceptor.java:38)
	at com.jfinal.aop.Invocation.invoke(Invocation.java:67)
	at com.jfinal.core.ActionHandler.handle(ActionHandler.java:74)
	at com.jflyfox.jfinal.component.handler.CurrentPathHandler.handle(CurrentPathHandler.java:53)
	at com.jfinal.ext.handler.ContextPathHandler.handle(ContextPathHandler.java:47)
	at com.jflyfox.jfinal.component.handler.BasePathHandler.handle(BasePathHandler.java:48)
	at com.jflyfox.jfinal.component.handler.HtmlHandler.handle(HtmlHandler.java:48)
	at com.jfinal.core.JFinalFilter.doFilter(JFinalFilter.java:72)
	at org.apache.catalina.core.ApplicationFilterChain.internalDoFilter(ApplicationFilterChain.java:235)
	at org.apache.catalina.core.ApplicationFilterChain.doFilter(ApplicationFilterChain.java:206)
	at org.apache.catalina.core.StandardWrapperValve.invoke(StandardWrapperValve.java:233)
	at org.apache.catalina.core.StandardContextValve.invoke(StandardContextValve.java:191)
	at org.apache.catalina.core.StandardHostValve.invoke(StandardHostValve.java:127)
	at org.apache.catalina.valves.ErrorReportValve.invoke(ErrorReportValve.java:102)
	at org.apache.catalina.core.StandardEngineValve.invoke(StandardEngineValve.java:109)
	at org.apache.catalina.connector.CoyoteAdapter.service(CoyoteAdapter.java:298)
	at org.apache.coyote.http11.Http11Processor.process(Http11Processor.java:857)
	at org.apache.coyote.http11.Http11Protocol$Http11ConnectionHandler.process(Http11Protocol.java:588)
	at org.apache.tomcat.util.net.JIoEndpoint$Worker.run(JIoEndpoint.java:489)
	at java.lang.Thread.run(Thread.java:745)
Caused by: javax.crypto.IllegalBlockSizeException: Input length must be multiple of 8 when decrypting with padded cipher
	at com.sun.crypto.provider.CipherCore.doFinal(CipherCore.java:913)
	at com.sun.crypto.provider.CipherCore.doFinal(CipherCore.java:824)
	at com.sun.crypto.provider.DESCipher.engineDoFinal(DESCipher.java:314)
	at javax.crypto.Cipher.doFinal(Cipher.java:2165)
	at com.jflyfox.util.encrypt.DESUtils.decryptString(DESUtils.java:88)
	... 37 more
23574 [17/06/11 16:56:03:591][http-80-1][com.jflyfox.component.base.BaseProjectController-getSessionUser] cooke user异常:
java.lang.RuntimeException: javax.crypto.IllegalBlockSizeException: Input length must be multiple of 8 when decrypting with padded cipher
	at com.jflyfox.util.encrypt.DESUtils.decryptString(DESUtils.java:91)
	at com.jflyfox.component.base.BaseProjectController.getSessionUser(BaseProjectController.java:98)
	at com.jflyfox.modules.CommonController.index(CommonController.java:38)
	at sun.reflect.NativeMethodAccessorImpl.invoke0(Native Method)
	at sun.reflect.NativeMethodAccessorImpl.invoke(NativeMethodAccessorImpl.java:62)
	at sun.reflect.DelegatingMethodAccessorImpl.invoke(DelegatingMethodAccessorImpl.java:43)
	at java.lang.reflect.Method.invoke(Method.java:498)
	at com.jfinal.aop.Invocation.invoke(Invocation.java:73)
	at com.jflyfox.modules.front.interceptor.FrontInterceptor.intercept(FrontInterceptor.java:54)
	at com.jfinal.aop.Invocation.invoke(Invocation.java:67)
	at com.jflyfox.component.interceptor.InterceptorConf.intercept(InterceptorConf.java:31)
	at com.jfinal.aop.Invocation.invoke(Invocation.java:67)
	at com.jflyfox.component.interceptor.CommonInterceptor.intercept(CommonInterceptor.java:45)
	at com.jfinal.aop.Invocation.invoke(Invocation.java:67)
	at com.jflyfox.component.interceptor.SiteInterceptor.intercept(SiteInterceptor.java:133)
	at com.jfinal.aop.Invocation.invoke(Invocation.java:67)
	at com.jflyfox.system.user.UserInterceptor.intercept(UserInterceptor.java:74)
	at com.jfinal.aop.Invocation.invoke(Invocation.java:67)
	at com.jflyfox.component.interceptor.UpdateCacheInterceptor.intercept(UpdateCacheInterceptor.java:44)
	at com.jfinal.aop.Invocation.invoke(Invocation.java:67)
	at com.jflyfox.component.interceptor.PageViewInterceptor.intercept(PageViewInterceptor.java:33)
	at com.jfinal.aop.Invocation.invoke(Invocation.java:67)
	at com.jflyfox.component.interceptor.UserKeyInterceptor.intercept(UserKeyInterceptor.java:28)
	at com.jfinal.aop.Invocation.invoke(Invocation.java:67)
	at com.jflyfox.jfinal.component.interceptor.JflyfoxInterceptor.intercept(JflyfoxInterceptor.java:26)
	at com.jfinal.aop.Invocation.invoke(Invocation.java:67)
	at com.jflyfox.jfinal.component.interceptor.SessionAttrInterceptor.intercept(SessionAttrInterceptor.java:48)
	at com.jfinal.aop.Invocation.invoke(Invocation.java:67)
	at com.jfinal.ext.interceptor.SessionInViewInterceptor.intercept(SessionInViewInterceptor.java:44)
	at com.jfinal.aop.Invocation.invoke(Invocation.java:67)
	at com.jflyfox.jfinal.component.interceptor.ExceptionInterceptor.intercept(ExceptionInterceptor.java:38)
	at com.jfinal.aop.Invocation.invoke(Invocation.java:67)
	at com.jfinal.core.ActionHandler.handle(ActionHandler.java:74)
	at com.jflyfox.jfinal.component.handler.CurrentPathHandler.handle(CurrentPathHandler.java:53)
	at com.jfinal.ext.handler.ContextPathHandler.handle(ContextPathHandler.java:47)
	at com.jflyfox.jfinal.component.handler.BasePathHandler.handle(BasePathHandler.java:48)
	at com.jflyfox.jfinal.component.handler.HtmlHandler.handle(HtmlHandler.java:48)
	at com.jfinal.core.JFinalFilter.doFilter(JFinalFilter.java:72)
	at org.apache.catalina.core.ApplicationFilterChain.internalDoFilter(ApplicationFilterChain.java:235)
	at org.apache.catalina.core.ApplicationFilterChain.doFilter(ApplicationFilterChain.java:206)
	at org.apache.catalina.core.StandardWrapperValve.invoke(StandardWrapperValve.java:233)
	at org.apache.catalina.core.StandardContextValve.invoke(StandardContextValve.java:191)
	at org.apache.catalina.core.StandardHostValve.invoke(StandardHostValve.java:127)
	at org.apache.catalina.valves.ErrorReportValve.invoke(ErrorReportValve.java:102)
	at org.apache.catalina.core.StandardEngineValve.invoke(StandardEngineValve.java:109)
	at org.apache.catalina.connector.CoyoteAdapter.service(CoyoteAdapter.java:298)
	at org.apache.coyote.http11.Http11Processor.process(Http11Processor.java:857)
	at org.apache.coyote.http11.Http11Protocol$Http11ConnectionHandler.process(Http11Protocol.java:588)
	at org.apache.tomcat.util.net.JIoEndpoint$Worker.run(JIoEndpoint.java:489)
	at java.lang.Thread.run(Thread.java:745)
Caused by: javax.crypto.IllegalBlockSizeException: Input length must be multiple of 8 when decrypting with padded cipher
	at com.sun.crypto.provider.CipherCore.doFinal(CipherCore.java:913)
	at com.sun.crypto.provider.CipherCore.doFinal(CipherCore.java:824)
	at com.sun.crypto.provider.DESCipher.engineDoFinal(DESCipher.java:314)
	at javax.crypto.Cipher.doFinal(Cipher.java:2165)
	at com.jflyfox.util.encrypt.DESUtils.decryptString(DESUtils.java:88)
	... 49 more
23641 [17/06/11 16:56:03:658][http-80-1][com.jflyfox.system.user.UserInterceptor-intercept] ####非法的请求
23668 [17/06/11 16:56:03:685][http-80-1][com.jflyfox.jfinal.component.interceptor.ExceptionInterceptor-intercept] 异常：
java.lang.NullPointerException
	at com.jflyfox.component.base.BaseProjectController.getAutoPath(BaseProjectController.java:73)
	at com.jflyfox.component.base.BaseProjectController.renderAuto(BaseProjectController.java:53)
	at com.jflyfox.modules.front.Home.login(Home.java:29)
	at sun.reflect.NativeMethodAccessorImpl.invoke0(Native Method)
	at sun.reflect.NativeMethodAccessorImpl.invoke(NativeMethodAccessorImpl.java:62)
	at sun.reflect.DelegatingMethodAccessorImpl.invoke(DelegatingMethodAccessorImpl.java:43)
	at java.lang.reflect.Method.invoke(Method.java:498)
	at com.jfinal.aop.Invocation.invoke(Invocation.java:73)
	at com.jflyfox.modules.front.interceptor.FrontInterceptor.intercept(FrontInterceptor.java:54)
	at com.jfinal.aop.Invocation.invoke(Invocation.java:67)
	at com.jflyfox.component.interceptor.InterceptorConf.intercept(InterceptorConf.java:31)
	at com.jfinal.aop.Invocation.invoke(Invocation.java:67)
	at com.jflyfox.component.interceptor.CommonInterceptor.intercept(CommonInterceptor.java:45)
	at com.jfinal.aop.Invocation.invoke(Invocation.java:67)
	at com.jflyfox.component.interceptor.SiteInterceptor.intercept(SiteInterceptor.java:133)
	at com.jfinal.aop.Invocation.invoke(Invocation.java:67)
	at com.jflyfox.system.user.UserInterceptor.intercept(UserInterceptor.java:74)
	at com.jfinal.aop.Invocation.invoke(Invocation.java:67)
	at com.jflyfox.component.interceptor.UpdateCacheInterceptor.intercept(UpdateCacheInterceptor.java:44)
	at com.jfinal.aop.Invocation.invoke(Invocation.java:67)
	at com.jflyfox.component.interceptor.PageViewInterceptor.intercept(PageViewInterceptor.java:33)
	at com.jfinal.aop.Invocation.invoke(Invocation.java:67)
	at com.jflyfox.component.interceptor.UserKeyInterceptor.intercept(UserKeyInterceptor.java:28)
	at com.jfinal.aop.Invocation.invoke(Invocation.java:67)
	at com.jflyfox.jfinal.component.interceptor.JflyfoxInterceptor.intercept(JflyfoxInterceptor.java:26)
	at com.jfinal.aop.Invocation.invoke(Invocation.java:67)
	at com.jflyfox.jfinal.component.interceptor.SessionAttrInterceptor.intercept(SessionAttrInterceptor.java:48)
	at com.jfinal.aop.Invocation.invoke(Invocation.java:67)
	at com.jfinal.ext.interceptor.SessionInViewInterceptor.intercept(SessionInViewInterceptor.java:44)
	at com.jfinal.aop.Invocation.invoke(Invocation.java:67)
	at com.jflyfox.jfinal.component.interceptor.ExceptionInterceptor.intercept(ExceptionInterceptor.java:38)
	at com.jfinal.aop.Invocation.invoke(Invocation.java:67)
	at com.jfinal.core.ActionHandler.handle(ActionHandler.java:74)
	at com.jflyfox.jfinal.component.handler.CurrentPathHandler.handle(CurrentPathHandler.java:53)
	at com.jfinal.ext.handler.ContextPathHandler.handle(ContextPathHandler.java:47)
	at com.jflyfox.jfinal.component.handler.BasePathHandler.handle(BasePathHandler.java:48)
	at com.jflyfox.jfinal.component.handler.HtmlHandler.handle(HtmlHandler.java:48)
	at com.jfinal.core.JFinalFilter.doFilter(JFinalFilter.java:72)
	at org.apache.catalina.core.ApplicationFilterChain.internalDoFilter(ApplicationFilterChain.java:235)
	at org.apache.catalina.core.ApplicationFilterChain.doFilter(ApplicationFilterChain.java:206)
	at org.apache.catalina.core.StandardWrapperValve.invoke(StandardWrapperValve.java:233)
	at org.apache.catalina.core.StandardContextValve.invoke(StandardContextValve.java:191)
	at org.apache.catalina.core.StandardHostValve.invoke(StandardHostValve.java:127)
	at org.apache.catalina.valves.ErrorReportValve.invoke(ErrorReportValve.java:102)
	at org.apache.catalina.core.StandardEngineValve.invoke(StandardEngineValve.java:109)
	at org.apache.catalina.connector.CoyoteAdapter.service(CoyoteAdapter.java:298)
	at org.apache.coyote.http11.Http11Processor.process(Http11Processor.java:857)
	at org.apache.coyote.http11.Http11Protocol$Http11ConnectionHandler.process(Http11Protocol.java:588)
	at org.apache.tomcat.util.net.JIoEndpoint$Worker.run(JIoEndpoint.java:489)
	at java.lang.Thread.run(Thread.java:745)
1 [17/06/11 16:57:56:885][main][com.mchange.v2.log.MLog-<clinit>] MLog clients using log4j logging.
576 [17/06/11 16:57:57:460][main][com.mchange.v2.c3p0.C3P0Registry-banner] Initializing c3p0-0.9.1.2 [built 21-May-2007 15:04:56; debug? true; trace: 10]
1055 [17/06/11 16:57:57:939][main][com.mchange.v2.c3p0.impl.AbstractPoolBackedDataSource-getPoolManager] Initializing c3p0 pool... com.mchange.v2.c3p0.ComboPooledDataSource [ acquireIncrement -> 2, acquireRetryAttempts -> 30, acquireRetryDelay -> 1000, autoCommitOnClose -> false, automaticTestTable -> null, breakAfterAcquireFailure -> false, checkoutTimeout -> 0, connectionCustomizerClassName -> null, connectionTesterClassName -> com.mchange.v2.c3p0.impl.DefaultConnectionTester, dataSourceName -> 1hge15l9o15q1lov6lhh10|65377a33, debugUnreturnedConnectionStackTraces -> false, description -> null, driverClass -> com.mysql.jdbc.Driver, factoryClassLocation -> null, forceIgnoreUnresolvedTransactions -> false, identityToken -> 1hge15l9o15q1lov6lhh10|65377a33, idleConnectionTestPeriod -> 0, initialPoolSize -> 10, jdbcUrl -> jdbc:mysql://127.0.0.1:3306/hadoop, maxAdministrativeTaskTime -> 0, maxConnectionAge -> 0, maxIdleTime -> 20, maxIdleTimeExcessConnections -> 0, maxPoolSize -> 100, maxStatements -> 0, maxStatementsPerConnection -> 0, minPoolSize -> 10, numHelperThreads -> 3, numThreadsAwaitingCheckoutDefaultUser -> 0, preferredTestQuery -> null, properties -> {user=******, password=******}, propertyCycle -> 0, testConnectionOnCheckin -> false, testConnectionOnCheckout -> false, unreturnedConnectionTimeout -> 0, usesTraditionalReflectiveProxies -> false ]
3039 [17/06/11 16:57:59:923][main][com.jflyfox.component.util.JFlyFoxCache-init] ####缓存初始化开始......
3279 [17/06/11 16:58:00:163][main][com.jflyfox.system.dict.DictCache-init] ####数据字典Cache初始化......
4429 [17/06/11 16:58:01:313][main][com.jflyfox.system.user.UserCache-init] ####用户Cache初始化......
4464 [17/06/11 16:58:01:348][main][com.jflyfox.modules.admin.pageview.PageViewCache-init] ####PageViewCache初始化......
4481 [17/06/11 16:58:01:365][main][com.jflyfox.modules.admin.friendlylink.FriendlylinkCache-init] ####FriendlylinkCache初始化......
4520 [17/06/11 16:58:01:404][main][com.jflyfox.modules.admin.folder.FolderService-initMenuKey] ####目录Key初始化......
4537 [17/06/11 16:58:01:421][main][com.jflyfox.system.log.SysLog-init] ####日志配置初始化......
4555 [17/06/11 16:58:01:439][main][com.jflyfox.component.util.JFlyFoxCache-init] ####缓存初始化结束......
8132 [17/06/11 16:58:05:016][http-80-1][com.jflyfox.system.user.UserInterceptor-intercept] ####非法的请求
8186 [17/06/11 16:58:05:070][http-80-1][com.jflyfox.system.user.UserInterceptor-intercept] ####非法的请求
8201 [17/06/11 16:58:05:085][http-80-1][com.jflyfox.jfinal.component.interceptor.ExceptionInterceptor-intercept] 异常：
java.lang.NullPointerException
	at com.jflyfox.component.base.BaseProjectController.getAutoPath(BaseProjectController.java:73)
	at com.jflyfox.component.base.BaseProjectController.renderAuto(BaseProjectController.java:53)
	at com.jflyfox.modules.front.Home.login(Home.java:29)
	at sun.reflect.NativeMethodAccessorImpl.invoke0(Native Method)
	at sun.reflect.NativeMethodAccessorImpl.invoke(NativeMethodAccessorImpl.java:62)
	at sun.reflect.DelegatingMethodAccessorImpl.invoke(DelegatingMethodAccessorImpl.java:43)
	at java.lang.reflect.Method.invoke(Method.java:498)
	at com.jfinal.aop.Invocation.invoke(Invocation.java:73)
	at com.jflyfox.modules.front.interceptor.FrontInterceptor.intercept(FrontInterceptor.java:54)
	at com.jfinal.aop.Invocation.invoke(Invocation.java:67)
	at com.jflyfox.component.interceptor.InterceptorConf.intercept(InterceptorConf.java:31)
	at com.jfinal.aop.Invocation.invoke(Invocation.java:67)
	at com.jflyfox.component.interceptor.CommonInterceptor.intercept(CommonInterceptor.java:45)
	at com.jfinal.aop.Invocation.invoke(Invocation.java:67)
	at com.jflyfox.component.interceptor.SiteInterceptor.intercept(SiteInterceptor.java:133)
	at com.jfinal.aop.Invocation.invoke(Invocation.java:67)
	at com.jflyfox.system.user.UserInterceptor.intercept(UserInterceptor.java:74)
	at com.jfinal.aop.Invocation.invoke(Invocation.java:67)
	at com.jflyfox.component.interceptor.UpdateCacheInterceptor.intercept(UpdateCacheInterceptor.java:44)
	at com.jfinal.aop.Invocation.invoke(Invocation.java:67)
	at com.jflyfox.component.interceptor.PageViewInterceptor.intercept(PageViewInterceptor.java:33)
	at com.jfinal.aop.Invocation.invoke(Invocation.java:67)
	at com.jflyfox.component.interceptor.UserKeyInterceptor.intercept(UserKeyInterceptor.java:28)
	at com.jfinal.aop.Invocation.invoke(Invocation.java:67)
	at com.jflyfox.jfinal.component.interceptor.JflyfoxInterceptor.intercept(JflyfoxInterceptor.java:26)
	at com.jfinal.aop.Invocation.invoke(Invocation.java:67)
	at com.jflyfox.jfinal.component.interceptor.SessionAttrInterceptor.intercept(SessionAttrInterceptor.java:48)
	at com.jfinal.aop.Invocation.invoke(Invocation.java:67)
	at com.jfinal.ext.interceptor.SessionInViewInterceptor.intercept(SessionInViewInterceptor.java:44)
	at com.jfinal.aop.Invocation.invoke(Invocation.java:67)
	at com.jflyfox.jfinal.component.interceptor.ExceptionInterceptor.intercept(ExceptionInterceptor.java:38)
	at com.jfinal.aop.Invocation.invoke(Invocation.java:67)
	at com.jfinal.core.ActionHandler.handle(ActionHandler.java:74)
	at com.jflyfox.jfinal.component.handler.CurrentPathHandler.handle(CurrentPathHandler.java:53)
	at com.jfinal.ext.handler.ContextPathHandler.handle(ContextPathHandler.java:47)
	at com.jflyfox.jfinal.component.handler.BasePathHandler.handle(BasePathHandler.java:48)
	at com.jflyfox.jfinal.component.handler.HtmlHandler.handle(HtmlHandler.java:48)
	at com.jfinal.core.JFinalFilter.doFilter(JFinalFilter.java:72)
	at org.apache.catalina.core.ApplicationFilterChain.internalDoFilter(ApplicationFilterChain.java:235)
	at org.apache.catalina.core.ApplicationFilterChain.doFilter(ApplicationFilterChain.java:206)
	at org.apache.catalina.core.StandardWrapperValve.invoke(StandardWrapperValve.java:233)
	at org.apache.catalina.core.StandardContextValve.invoke(StandardContextValve.java:191)
	at org.apache.catalina.core.StandardHostValve.invoke(StandardHostValve.java:127)
	at org.apache.catalina.valves.ErrorReportValve.invoke(ErrorReportValve.java:102)
	at org.apache.catalina.core.StandardEngineValve.invoke(StandardEngineValve.java:109)
	at org.apache.catalina.connector.CoyoteAdapter.service(CoyoteAdapter.java:298)
	at org.apache.coyote.http11.Http11Processor.process(Http11Processor.java:857)
	at org.apache.coyote.http11.Http11Protocol$Http11ConnectionHandler.process(Http11Protocol.java:588)
	at org.apache.tomcat.util.net.JIoEndpoint$Worker.run(JIoEndpoint.java:489)
	at java.lang.Thread.run(Thread.java:745)
0 [17/06/11 17:01:44:333][main][com.mchange.v2.log.MLog-<clinit>] MLog clients using log4j logging.
565 [17/06/11 17:01:44:898][main][com.mchange.v2.c3p0.C3P0Registry-banner] Initializing c3p0-0.9.1.2 [built 21-May-2007 15:04:56; debug? true; trace: 10]
936 [17/06/11 17:01:45:269][main][com.mchange.v2.c3p0.impl.AbstractPoolBackedDataSource-getPoolManager] Initializing c3p0 pool... com.mchange.v2.c3p0.ComboPooledDataSource [ acquireIncrement -> 2, acquireRetryAttempts -> 30, acquireRetryDelay -> 1000, autoCommitOnClose -> false, automaticTestTable -> null, breakAfterAcquireFailure -> false, checkoutTimeout -> 0, connectionCustomizerClassName -> null, connectionTesterClassName -> com.mchange.v2.c3p0.impl.DefaultConnectionTester, dataSourceName -> 1hge15l9o15q6h5ddwvvk6|fc41a1d, debugUnreturnedConnectionStackTraces -> false, description -> null, driverClass -> com.mysql.jdbc.Driver, factoryClassLocation -> null, forceIgnoreUnresolvedTransactions -> false, identityToken -> 1hge15l9o15q6h5ddwvvk6|fc41a1d, idleConnectionTestPeriod -> 0, initialPoolSize -> 10, jdbcUrl -> jdbc:mysql://127.0.0.1:3306/hadoop, maxAdministrativeTaskTime -> 0, maxConnectionAge -> 0, maxIdleTime -> 20, maxIdleTimeExcessConnections -> 0, maxPoolSize -> 100, maxStatements -> 0, maxStatementsPerConnection -> 0, minPoolSize -> 10, numHelperThreads -> 3, numThreadsAwaitingCheckoutDefaultUser -> 0, preferredTestQuery -> null, properties -> {user=******, password=******}, propertyCycle -> 0, testConnectionOnCheckin -> false, testConnectionOnCheckout -> false, unreturnedConnectionTimeout -> 0, usesTraditionalReflectiveProxies -> false ]
2313 [17/06/11 17:01:46:646][main][com.jflyfox.component.util.JFlyFoxCache-init] ####缓存初始化开始......
2404 [17/06/11 17:01:46:737][main][com.jflyfox.system.dict.DictCache-init] ####数据字典Cache初始化......
3367 [17/06/11 17:01:47:700][main][com.jflyfox.system.user.UserCache-init] ####用户Cache初始化......
3381 [17/06/11 17:01:47:714][main][com.jflyfox.modules.admin.pageview.PageViewCache-init] ####PageViewCache初始化......
3386 [17/06/11 17:01:47:719][main][com.jflyfox.modules.admin.friendlylink.FriendlylinkCache-init] ####FriendlylinkCache初始化......
3403 [17/06/11 17:01:47:736][main][com.jflyfox.modules.admin.folder.FolderService-initMenuKey] ####目录Key初始化......
3415 [17/06/11 17:01:47:748][main][com.jflyfox.system.log.SysLog-init] ####日志配置初始化......
3421 [17/06/11 17:01:47:754][main][com.jflyfox.component.util.JFlyFoxCache-init] ####缓存初始化结束......
21134 [17/06/11 17:02:05:467][http-80-1][com.jflyfox.system.user.UserInterceptor-intercept] ####非法的请求
50794 [17/06/11 17:02:35:127][http-80-1][com.jflyfox.jfinal.component.interceptor.ExceptionInterceptor-intercept] 异常：
java.lang.NullPointerException
	at com.jflyfox.modules.CommonController.index(CommonController.java:48)
	at sun.reflect.NativeMethodAccessorImpl.invoke0(Native Method)
	at sun.reflect.NativeMethodAccessorImpl.invoke(NativeMethodAccessorImpl.java:62)
	at sun.reflect.DelegatingMethodAccessorImpl.invoke(DelegatingMethodAccessorImpl.java:43)
	at java.lang.reflect.Method.invoke(Method.java:498)
	at com.jfinal.aop.Invocation.invoke(Invocation.java:73)
	at com.jflyfox.modules.front.interceptor.FrontInterceptor.intercept(FrontInterceptor.java:54)
	at com.jfinal.aop.Invocation.invoke(Invocation.java:67)
	at com.jflyfox.component.interceptor.InterceptorConf.intercept(InterceptorConf.java:31)
	at com.jfinal.aop.Invocation.invoke(Invocation.java:67)
	at com.jflyfox.component.interceptor.CommonInterceptor.intercept(CommonInterceptor.java:45)
	at com.jfinal.aop.Invocation.invoke(Invocation.java:67)
	at com.jflyfox.component.interceptor.SiteInterceptor.intercept(SiteInterceptor.java:133)
	at com.jfinal.aop.Invocation.invoke(Invocation.java:67)
	at com.jflyfox.system.user.UserInterceptor.intercept(UserInterceptor.java:74)
	at com.jfinal.aop.Invocation.invoke(Invocation.java:67)
	at com.jflyfox.component.interceptor.UpdateCacheInterceptor.intercept(UpdateCacheInterceptor.java:44)
	at com.jfinal.aop.Invocation.invoke(Invocation.java:67)
	at com.jflyfox.component.interceptor.PageViewInterceptor.intercept(PageViewInterceptor.java:33)
	at com.jfinal.aop.Invocation.invoke(Invocation.java:67)
	at com.jflyfox.component.interceptor.UserKeyInterceptor.intercept(UserKeyInterceptor.java:28)
	at com.jfinal.aop.Invocation.invoke(Invocation.java:67)
	at com.jflyfox.jfinal.component.interceptor.JflyfoxInterceptor.intercept(JflyfoxInterceptor.java:26)
	at com.jfinal.aop.Invocation.invoke(Invocation.java:67)
	at com.jflyfox.jfinal.component.interceptor.SessionAttrInterceptor.intercept(SessionAttrInterceptor.java:48)
	at com.jfinal.aop.Invocation.invoke(Invocation.java:67)
	at com.jfinal.ext.interceptor.SessionInViewInterceptor.intercept(SessionInViewInterceptor.java:44)
	at com.jfinal.aop.Invocation.invoke(Invocation.java:67)
	at com.jflyfox.jfinal.component.interceptor.ExceptionInterceptor.intercept(ExceptionInterceptor.java:38)
	at com.jfinal.aop.Invocation.invoke(Invocation.java:67)
	at com.jfinal.core.ActionHandler.handle(ActionHandler.java:74)
	at com.jflyfox.jfinal.component.handler.CurrentPathHandler.handle(CurrentPathHandler.java:53)
	at com.jfinal.ext.handler.ContextPathHandler.handle(ContextPathHandler.java:47)
	at com.jflyfox.jfinal.component.handler.BasePathHandler.handle(BasePathHandler.java:48)
	at com.jflyfox.jfinal.component.handler.HtmlHandler.handle(HtmlHandler.java:48)
	at com.jfinal.core.JFinalFilter.doFilter(JFinalFilter.java:72)
	at org.apache.catalina.core.ApplicationFilterChain.internalDoFilter(ApplicationFilterChain.java:235)
	at org.apache.catalina.core.ApplicationFilterChain.doFilter(ApplicationFilterChain.java:206)
	at org.apache.catalina.core.StandardWrapperValve.invoke(StandardWrapperValve.java:233)
	at org.apache.catalina.core.StandardContextValve.invoke(StandardContextValve.java:191)
	at org.apache.catalina.core.StandardHostValve.invoke(StandardHostValve.java:127)
	at org.apache.catalina.valves.ErrorReportValve.invoke(ErrorReportValve.java:102)
	at org.apache.catalina.core.StandardEngineValve.invoke(StandardEngineValve.java:109)
	at org.apache.catalina.connector.CoyoteAdapter.service(CoyoteAdapter.java:298)
	at org.apache.coyote.http11.Http11Processor.process(Http11Processor.java:857)
	at org.apache.coyote.http11.Http11Protocol$Http11ConnectionHandler.process(Http11Protocol.java:588)
	at org.apache.tomcat.util.net.JIoEndpoint$Worker.run(JIoEndpoint.java:489)
	at java.lang.Thread.run(Thread.java:745)
113282 [17/06/11 17:03:37:615][http-80-1][com.jflyfox.system.user.UserInterceptor-intercept] ####非法的请求
113319 [17/06/11 17:03:37:652][http-80-1][com.jflyfox.system.user.UserInterceptor-intercept] ####非法的请求
120783 [17/06/11 17:03:45:116][http-80-2][com.jflyfox.system.user.UserInterceptor-intercept] ####非法的请求
120786 [17/06/11 17:03:45:119][http-80-2][com.jflyfox.jfinal.component.interceptor.ExceptionInterceptor-intercept] 异常：
java.lang.NullPointerException
	at com.jflyfox.modules.CommonController.index(CommonController.java:48)
	at sun.reflect.NativeMethodAccessorImpl.invoke0(Native Method)
	at sun.reflect.NativeMethodAccessorImpl.invoke(NativeMethodAccessorImpl.java:62)
	at sun.reflect.DelegatingMethodAccessorImpl.invoke(DelegatingMethodAccessorImpl.java:43)
	at java.lang.reflect.Method.invoke(Method.java:498)
	at com.jfinal.aop.Invocation.invoke(Invocation.java:73)
	at com.jflyfox.modules.front.interceptor.FrontInterceptor.intercept(FrontInterceptor.java:54)
	at com.jfinal.aop.Invocation.invoke(Invocation.java:67)
	at com.jflyfox.component.interceptor.InterceptorConf.intercept(InterceptorConf.java:31)
	at com.jfinal.aop.Invocation.invoke(Invocation.java:67)
	at com.jflyfox.component.interceptor.CommonInterceptor.intercept(CommonInterceptor.java:45)
	at com.jfinal.aop.Invocation.invoke(Invocation.java:67)
	at com.jflyfox.component.interceptor.SiteInterceptor.intercept(SiteInterceptor.java:133)
	at com.jfinal.aop.Invocation.invoke(Invocation.java:67)
	at com.jflyfox.system.user.UserInterceptor.intercept(UserInterceptor.java:74)
	at com.jfinal.aop.Invocation.invoke(Invocation.java:67)
	at com.jflyfox.component.interceptor.UpdateCacheInterceptor.intercept(UpdateCacheInterceptor.java:44)
	at com.jfinal.aop.Invocation.invoke(Invocation.java:67)
	at com.jflyfox.component.interceptor.PageViewInterceptor.intercept(PageViewInterceptor.java:33)
	at com.jfinal.aop.Invocation.invoke(Invocation.java:67)
	at com.jflyfox.component.interceptor.UserKeyInterceptor.intercept(UserKeyInterceptor.java:28)
	at com.jfinal.aop.Invocation.invoke(Invocation.java:67)
	at com.jflyfox.jfinal.component.interceptor.JflyfoxInterceptor.intercept(JflyfoxInterceptor.java:26)
	at com.jfinal.aop.Invocation.invoke(Invocation.java:67)
	at com.jflyfox.jfinal.component.interceptor.SessionAttrInterceptor.intercept(SessionAttrInterceptor.java:48)
	at com.jfinal.aop.Invocation.invoke(Invocation.java:67)
	at com.jfinal.ext.interceptor.SessionInViewInterceptor.intercept(SessionInViewInterceptor.java:44)
	at com.jfinal.aop.Invocation.invoke(Invocation.java:67)
	at com.jflyfox.jfinal.component.interceptor.ExceptionInterceptor.intercept(ExceptionInterceptor.java:38)
	at com.jfinal.aop.Invocation.invoke(Invocation.java:67)
	at com.jfinal.core.ActionHandler.handle(ActionHandler.java:74)
	at com.jflyfox.jfinal.component.handler.CurrentPathHandler.handle(CurrentPathHandler.java:53)
	at com.jfinal.ext.handler.ContextPathHandler.handle(ContextPathHandler.java:47)
	at com.jflyfox.jfinal.component.handler.BasePathHandler.handle(BasePathHandler.java:48)
	at com.jflyfox.jfinal.component.handler.HtmlHandler.handle(HtmlHandler.java:48)
	at com.jfinal.core.JFinalFilter.doFilter(JFinalFilter.java:72)
	at org.apache.catalina.core.ApplicationFilterChain.internalDoFilter(ApplicationFilterChain.java:235)
	at org.apache.catalina.core.ApplicationFilterChain.doFilter(ApplicationFilterChain.java:206)
	at org.apache.catalina.core.StandardWrapperValve.invoke(StandardWrapperValve.java:233)
	at org.apache.catalina.core.StandardContextValve.invoke(StandardContextValve.java:191)
	at org.apache.catalina.core.StandardHostValve.invoke(StandardHostValve.java:127)
	at org.apache.catalina.valves.ErrorReportValve.invoke(ErrorReportValve.java:102)
	at org.apache.catalina.core.StandardEngineValve.invoke(StandardEngineValve.java:109)
	at org.apache.catalina.connector.CoyoteAdapter.service(CoyoteAdapter.java:298)
	at org.apache.coyote.http11.Http11Processor.process(Http11Processor.java:857)
	at org.apache.coyote.http11.Http11Protocol$Http11ConnectionHandler.process(Http11Protocol.java:588)
	at org.apache.tomcat.util.net.JIoEndpoint$Worker.run(JIoEndpoint.java:489)
	at java.lang.Thread.run(Thread.java:745)
132617 [17/06/11 17:03:56:950][http-80-3][com.jflyfox.jfinal.component.interceptor.ExceptionInterceptor-intercept] 异常：
java.lang.NullPointerException
	at com.jflyfox.modules.CommonController.index(CommonController.java:48)
	at sun.reflect.NativeMethodAccessorImpl.invoke0(Native Method)
	at sun.reflect.NativeMethodAccessorImpl.invoke(NativeMethodAccessorImpl.java:62)
	at sun.reflect.DelegatingMethodAccessorImpl.invoke(DelegatingMethodAccessorImpl.java:43)
	at java.lang.reflect.Method.invoke(Method.java:498)
	at com.jfinal.aop.Invocation.invoke(Invocation.java:73)
	at com.jflyfox.modules.front.interceptor.FrontInterceptor.intercept(FrontInterceptor.java:54)
	at com.jfinal.aop.Invocation.invoke(Invocation.java:67)
	at com.jflyfox.component.interceptor.InterceptorConf.intercept(InterceptorConf.java:31)
	at com.jfinal.aop.Invocation.invoke(Invocation.java:67)
	at com.jflyfox.component.interceptor.CommonInterceptor.intercept(CommonInterceptor.java:45)
	at com.jfinal.aop.Invocation.invoke(Invocation.java:67)
	at com.jflyfox.component.interceptor.SiteInterceptor.intercept(SiteInterceptor.java:133)
	at com.jfinal.aop.Invocation.invoke(Invocation.java:67)
	at com.jflyfox.system.user.UserInterceptor.intercept(UserInterceptor.java:74)
	at com.jfinal.aop.Invocation.invoke(Invocation.java:67)
	at com.jflyfox.component.interceptor.UpdateCacheInterceptor.intercept(UpdateCacheInterceptor.java:44)
	at com.jfinal.aop.Invocation.invoke(Invocation.java:67)
	at com.jflyfox.component.interceptor.PageViewInterceptor.intercept(PageViewInterceptor.java:33)
	at com.jfinal.aop.Invocation.invoke(Invocation.java:67)
	at com.jflyfox.component.interceptor.UserKeyInterceptor.intercept(UserKeyInterceptor.java:28)
	at com.jfinal.aop.Invocation.invoke(Invocation.java:67)
	at com.jflyfox.jfinal.component.interceptor.JflyfoxInterceptor.intercept(JflyfoxInterceptor.java:26)
	at com.jfinal.aop.Invocation.invoke(Invocation.java:67)
	at com.jflyfox.jfinal.component.interceptor.SessionAttrInterceptor.intercept(SessionAttrInterceptor.java:48)
	at com.jfinal.aop.Invocation.invoke(Invocation.java:67)
	at com.jfinal.ext.interceptor.SessionInViewInterceptor.intercept(SessionInViewInterceptor.java:44)
	at com.jfinal.aop.Invocation.invoke(Invocation.java:67)
	at com.jflyfox.jfinal.component.interceptor.ExceptionInterceptor.intercept(ExceptionInterceptor.java:38)
	at com.jfinal.aop.Invocation.invoke(Invocation.java:67)
	at com.jfinal.core.ActionHandler.handle(ActionHandler.java:74)
	at com.jflyfox.jfinal.component.handler.CurrentPathHandler.handle(CurrentPathHandler.java:53)
	at com.jfinal.ext.handler.ContextPathHandler.handle(ContextPathHandler.java:47)
	at com.jflyfox.jfinal.component.handler.BasePathHandler.handle(BasePathHandler.java:48)
	at com.jflyfox.jfinal.component.handler.HtmlHandler.handle(HtmlHandler.java:48)
	at com.jfinal.core.JFinalFilter.doFilter(JFinalFilter.java:72)
	at org.apache.catalina.core.ApplicationFilterChain.internalDoFilter(ApplicationFilterChain.java:235)
	at org.apache.catalina.core.ApplicationFilterChain.doFilter(ApplicationFilterChain.java:206)
	at org.apache.catalina.core.StandardWrapperValve.invoke(StandardWrapperValve.java:233)
	at org.apache.catalina.core.StandardContextValve.invoke(StandardContextValve.java:191)
	at org.apache.catalina.core.StandardHostValve.invoke(StandardHostValve.java:127)
	at org.apache.catalina.valves.ErrorReportValve.invoke(ErrorReportValve.java:102)
	at org.apache.catalina.core.StandardEngineValve.invoke(StandardEngineValve.java:109)
	at org.apache.catalina.connector.CoyoteAdapter.service(CoyoteAdapter.java:298)
	at org.apache.coyote.http11.Http11Processor.process(Http11Processor.java:857)
	at org.apache.coyote.http11.Http11Protocol$Http11ConnectionHandler.process(Http11Protocol.java:588)
	at org.apache.tomcat.util.net.JIoEndpoint$Worker.run(JIoEndpoint.java:489)
	at java.lang.Thread.run(Thread.java:745)
147701 [17/06/11 17:04:12:034][http-80-5][com.jflyfox.modules.filemanager.FileManagerController-index] mode:getfolder,response:{"Code":"-1","Error":"The directory /jfinal_cms/ does not exist.","Properties":{}}
147701 [17/06/11 17:04:12:034][http-80-2][com.jflyfox.modules.filemanager.FileManagerController-index] mode:getfolder,response:{"Code":"-1","Error":"The directory /jfinal_cms/ does not exist.","Properties":{}}
0 [17/06/11 17:05:20:207][main][com.mchange.v2.log.MLog-<clinit>] MLog clients using log4j logging.
551 [17/06/11 17:05:20:758][main][com.mchange.v2.c3p0.C3P0Registry-banner] Initializing c3p0-0.9.1.2 [built 21-May-2007 15:04:56; debug? true; trace: 10]
1112 [17/06/11 17:05:21:319][main][com.mchange.v2.c3p0.impl.AbstractPoolBackedDataSource-getPoolManager] Initializing c3p0 pool... com.mchange.v2.c3p0.ComboPooledDataSource [ acquireIncrement -> 2, acquireRetryAttempts -> 30, acquireRetryDelay -> 1000, autoCommitOnClose -> false, automaticTestTable -> null, breakAfterAcquireFailure -> false, checkoutTimeout -> 0, connectionCustomizerClassName -> null, connectionTesterClassName -> com.mchange.v2.c3p0.impl.DefaultConnectionTester, dataSourceName -> 1hge15l9o15qb3qi1691ypv|2fd2dc5c, debugUnreturnedConnectionStackTraces -> false, description -> null, driverClass -> com.mysql.jdbc.Driver, factoryClassLocation -> null, forceIgnoreUnresolvedTransactions -> false, identityToken -> 1hge15l9o15qb3qi1691ypv|2fd2dc5c, idleConnectionTestPeriod -> 0, initialPoolSize -> 10, jdbcUrl -> jdbc:mysql://127.0.0.1:3306/hadoop, maxAdministrativeTaskTime -> 0, maxConnectionAge -> 0, maxIdleTime -> 20, maxIdleTimeExcessConnections -> 0, maxPoolSize -> 100, maxStatements -> 0, maxStatementsPerConnection -> 0, minPoolSize -> 10, numHelperThreads -> 3, numThreadsAwaitingCheckoutDefaultUser -> 0, preferredTestQuery -> null, properties -> {user=******, password=******}, propertyCycle -> 0, testConnectionOnCheckin -> false, testConnectionOnCheckout -> false, unreturnedConnectionTimeout -> 0, usesTraditionalReflectiveProxies -> false ]
2520 [17/06/11 17:05:22:727][main][com.jflyfox.component.util.JFlyFoxCache-init] ####缓存初始化开始......
2589 [17/06/11 17:05:22:796][main][com.jflyfox.system.dict.DictCache-init] ####数据字典Cache初始化......
3517 [17/06/11 17:05:23:724][main][com.jflyfox.system.user.UserCache-init] ####用户Cache初始化......
3540 [17/06/11 17:05:23:747][main][com.jflyfox.modules.admin.pageview.PageViewCache-init] ####PageViewCache初始化......
3552 [17/06/11 17:05:23:759][main][com.jflyfox.modules.admin.friendlylink.FriendlylinkCache-init] ####FriendlylinkCache初始化......
3583 [17/06/11 17:05:23:790][main][com.jflyfox.modules.admin.folder.FolderService-initMenuKey] ####目录Key初始化......
3596 [17/06/11 17:05:23:803][main][com.jflyfox.system.log.SysLog-init] ####日志配置初始化......
3601 [17/06/11 17:05:23:808][main][com.jflyfox.component.util.JFlyFoxCache-init] ####缓存初始化结束......
18581 [17/06/11 17:05:38:788][http-80-4][com.jflyfox.system.user.UserInterceptor-intercept] ####非法的请求
18617 [17/06/11 17:05:38:824][http-80-4][com.jflyfox.component.base.BaseProjectController-getSessionUser] cooke user异常:
java.lang.RuntimeException: javax.crypto.IllegalBlockSizeException: Input length must be multiple of 8 when decrypting with padded cipher
	at com.jflyfox.util.encrypt.DESUtils.decryptString(DESUtils.java:91)
	at com.jflyfox.component.base.BaseProjectController.getSessionUser(BaseProjectController.java:98)
	at com.jflyfox.system.user.UserInterceptor.intercept(UserInterceptor.java:47)
	at com.jfinal.aop.Invocation.invoke(Invocation.java:67)
	at com.jflyfox.component.interceptor.UpdateCacheInterceptor.intercept(UpdateCacheInterceptor.java:44)
	at com.jfinal.aop.Invocation.invoke(Invocation.java:67)
	at com.jflyfox.component.interceptor.PageViewInterceptor.intercept(PageViewInterceptor.java:33)
	at com.jfinal.aop.Invocation.invoke(Invocation.java:67)
	at com.jflyfox.component.interceptor.UserKeyInterceptor.intercept(UserKeyInterceptor.java:28)
	at com.jfinal.aop.Invocation.invoke(Invocation.java:67)
	at com.jflyfox.jfinal.component.interceptor.JflyfoxInterceptor.intercept(JflyfoxInterceptor.java:26)
	at com.jfinal.aop.Invocation.invoke(Invocation.java:67)
	at com.jflyfox.jfinal.component.interceptor.SessionAttrInterceptor.intercept(SessionAttrInterceptor.java:48)
	at com.jfinal.aop.Invocation.invoke(Invocation.java:67)
	at com.jfinal.ext.interceptor.SessionInViewInterceptor.intercept(SessionInViewInterceptor.java:44)
	at com.jfinal.aop.Invocation.invoke(Invocation.java:67)
	at com.jflyfox.jfinal.component.interceptor.ExceptionInterceptor.intercept(ExceptionInterceptor.java:38)
	at com.jfinal.aop.Invocation.invoke(Invocation.java:67)
	at com.jfinal.core.ActionHandler.handle(ActionHandler.java:74)
	at com.jflyfox.jfinal.component.handler.CurrentPathHandler.handle(CurrentPathHandler.java:53)
	at com.jfinal.ext.handler.ContextPathHandler.handle(ContextPathHandler.java:47)
	at com.jflyfox.jfinal.component.handler.BasePathHandler.handle(BasePathHandler.java:48)
	at com.jflyfox.jfinal.component.handler.HtmlHandler.handle(HtmlHandler.java:48)
	at com.jfinal.core.JFinalFilter.doFilter(JFinalFilter.java:72)
	at org.apache.catalina.core.ApplicationFilterChain.internalDoFilter(ApplicationFilterChain.java:235)
	at org.apache.catalina.core.ApplicationFilterChain.doFilter(ApplicationFilterChain.java:206)
	at org.apache.catalina.core.StandardWrapperValve.invoke(StandardWrapperValve.java:233)
	at org.apache.catalina.core.StandardContextValve.invoke(StandardContextValve.java:191)
	at org.apache.catalina.core.StandardHostValve.invoke(StandardHostValve.java:127)
	at org.apache.catalina.valves.ErrorReportValve.invoke(ErrorReportValve.java:102)
	at org.apache.catalina.core.StandardEngineValve.invoke(StandardEngineValve.java:109)
	at org.apache.catalina.connector.CoyoteAdapter.service(CoyoteAdapter.java:298)
	at org.apache.coyote.http11.Http11Processor.process(Http11Processor.java:857)
	at org.apache.coyote.http11.Http11Protocol$Http11ConnectionHandler.process(Http11Protocol.java:588)
	at org.apache.tomcat.util.net.JIoEndpoint$Worker.run(JIoEndpoint.java:489)
	at java.lang.Thread.run(Thread.java:745)
Caused by: javax.crypto.IllegalBlockSizeException: Input length must be multiple of 8 when decrypting with padded cipher
	at com.sun.crypto.provider.CipherCore.doFinal(CipherCore.java:913)
	at com.sun.crypto.provider.CipherCore.doFinal(CipherCore.java:824)
	at com.sun.crypto.provider.DESCipher.engineDoFinal(DESCipher.java:314)
	at javax.crypto.Cipher.doFinal(Cipher.java:2165)
	at com.jflyfox.util.encrypt.DESUtils.decryptString(DESUtils.java:88)
	... 35 more
18624 [17/06/11 17:05:38:831][http-80-4][com.jflyfox.component.base.BaseProjectController-getSessionUser] cooke user异常:
java.lang.RuntimeException: javax.crypto.IllegalBlockSizeException: Input length must be multiple of 8 when decrypting with padded cipher
	at com.jflyfox.util.encrypt.DESUtils.decryptString(DESUtils.java:91)
	at com.jflyfox.component.base.BaseProjectController.getSessionUser(BaseProjectController.java:98)
	at com.jflyfox.component.interceptor.SiteInterceptor.intercept(SiteInterceptor.java:52)
	at com.jfinal.aop.Invocation.invoke(Invocation.java:67)
	at com.jflyfox.system.user.UserInterceptor.intercept(UserInterceptor.java:74)
	at com.jfinal.aop.Invocation.invoke(Invocation.java:67)
	at com.jflyfox.component.interceptor.UpdateCacheInterceptor.intercept(UpdateCacheInterceptor.java:44)
	at com.jfinal.aop.Invocation.invoke(Invocation.java:67)
	at com.jflyfox.component.interceptor.PageViewInterceptor.intercept(PageViewInterceptor.java:33)
	at com.jfinal.aop.Invocation.invoke(Invocation.java:67)
	at com.jflyfox.component.interceptor.UserKeyInterceptor.intercept(UserKeyInterceptor.java:28)
	at com.jfinal.aop.Invocation.invoke(Invocation.java:67)
	at com.jflyfox.jfinal.component.interceptor.JflyfoxInterceptor.intercept(JflyfoxInterceptor.java:26)
	at com.jfinal.aop.Invocation.invoke(Invocation.java:67)
	at com.jflyfox.jfinal.component.interceptor.SessionAttrInterceptor.intercept(SessionAttrInterceptor.java:48)
	at com.jfinal.aop.Invocation.invoke(Invocation.java:67)
	at com.jfinal.ext.interceptor.SessionInViewInterceptor.intercept(SessionInViewInterceptor.java:44)
	at com.jfinal.aop.Invocation.invoke(Invocation.java:67)
	at com.jflyfox.jfinal.component.interceptor.ExceptionInterceptor.intercept(ExceptionInterceptor.java:38)
	at com.jfinal.aop.Invocation.invoke(Invocation.java:67)
	at com.jfinal.core.ActionHandler.handle(ActionHandler.java:74)
	at com.jflyfox.jfinal.component.handler.CurrentPathHandler.handle(CurrentPathHandler.java:53)
	at com.jfinal.ext.handler.ContextPathHandler.handle(ContextPathHandler.java:47)
	at com.jflyfox.jfinal.component.handler.BasePathHandler.handle(BasePathHandler.java:48)
	at com.jflyfox.jfinal.component.handler.HtmlHandler.handle(HtmlHandler.java:48)
	at com.jfinal.core.JFinalFilter.doFilter(JFinalFilter.java:72)
	at org.apache.catalina.core.ApplicationFilterChain.internalDoFilter(ApplicationFilterChain.java:235)
	at org.apache.catalina.core.ApplicationFilterChain.doFilter(ApplicationFilterChain.java:206)
	at org.apache.catalina.core.StandardWrapperValve.invoke(StandardWrapperValve.java:233)
	at org.apache.catalina.core.StandardContextValve.invoke(StandardContextValve.java:191)
	at org.apache.catalina.core.StandardHostValve.invoke(StandardHostValve.java:127)
	at org.apache.catalina.valves.ErrorReportValve.invoke(ErrorReportValve.java:102)
	at org.apache.catalina.core.StandardEngineValve.invoke(StandardEngineValve.java:109)
	at org.apache.catalina.connector.CoyoteAdapter.service(CoyoteAdapter.java:298)
	at org.apache.coyote.http11.Http11Processor.process(Http11Processor.java:857)
	at org.apache.coyote.http11.Http11Protocol$Http11ConnectionHandler.process(Http11Protocol.java:588)
	at org.apache.tomcat.util.net.JIoEndpoint$Worker.run(JIoEndpoint.java:489)
	at java.lang.Thread.run(Thread.java:745)
Caused by: javax.crypto.IllegalBlockSizeException: Input length must be multiple of 8 when decrypting with padded cipher
	at com.sun.crypto.provider.CipherCore.doFinal(CipherCore.java:913)
	at com.sun.crypto.provider.CipherCore.doFinal(CipherCore.java:824)
	at com.sun.crypto.provider.DESCipher.engineDoFinal(DESCipher.java:314)
	at javax.crypto.Cipher.doFinal(Cipher.java:2165)
	at com.jflyfox.util.encrypt.DESUtils.decryptString(DESUtils.java:88)
	... 37 more
18690 [17/06/11 17:05:38:897][http-80-4][com.jflyfox.component.base.BaseProjectController-getSessionUser] cooke user异常:
java.lang.RuntimeException: javax.crypto.IllegalBlockSizeException: Input length must be multiple of 8 when decrypting with padded cipher
	at com.jflyfox.util.encrypt.DESUtils.decryptString(DESUtils.java:91)
	at com.jflyfox.component.base.BaseProjectController.getSessionUser(BaseProjectController.java:98)
	at com.jflyfox.modules.CommonController.index(CommonController.java:38)
	at sun.reflect.NativeMethodAccessorImpl.invoke0(Native Method)
	at sun.reflect.NativeMethodAccessorImpl.invoke(NativeMethodAccessorImpl.java:62)
	at sun.reflect.DelegatingMethodAccessorImpl.invoke(DelegatingMethodAccessorImpl.java:43)
	at java.lang.reflect.Method.invoke(Method.java:498)
	at com.jfinal.aop.Invocation.invoke(Invocation.java:73)
	at com.jflyfox.modules.front.interceptor.FrontInterceptor.intercept(FrontInterceptor.java:54)
	at com.jfinal.aop.Invocation.invoke(Invocation.java:67)
	at com.jflyfox.component.interceptor.InterceptorConf.intercept(InterceptorConf.java:31)
	at com.jfinal.aop.Invocation.invoke(Invocation.java:67)
	at com.jflyfox.component.interceptor.CommonInterceptor.intercept(CommonInterceptor.java:45)
	at com.jfinal.aop.Invocation.invoke(Invocation.java:67)
	at com.jflyfox.component.interceptor.SiteInterceptor.intercept(SiteInterceptor.java:133)
	at com.jfinal.aop.Invocation.invoke(Invocation.java:67)
	at com.jflyfox.system.user.UserInterceptor.intercept(UserInterceptor.java:74)
	at com.jfinal.aop.Invocation.invoke(Invocation.java:67)
	at com.jflyfox.component.interceptor.UpdateCacheInterceptor.intercept(UpdateCacheInterceptor.java:44)
	at com.jfinal.aop.Invocation.invoke(Invocation.java:67)
	at com.jflyfox.component.interceptor.PageViewInterceptor.intercept(PageViewInterceptor.java:33)
	at com.jfinal.aop.Invocation.invoke(Invocation.java:67)
	at com.jflyfox.component.interceptor.UserKeyInterceptor.intercept(UserKeyInterceptor.java:28)
	at com.jfinal.aop.Invocation.invoke(Invocation.java:67)
	at com.jflyfox.jfinal.component.interceptor.JflyfoxInterceptor.intercept(JflyfoxInterceptor.java:26)
	at com.jfinal.aop.Invocation.invoke(Invocation.java:67)
	at com.jflyfox.jfinal.component.interceptor.SessionAttrInterceptor.intercept(SessionAttrInterceptor.java:48)
	at com.jfinal.aop.Invocation.invoke(Invocation.java:67)
	at com.jfinal.ext.interceptor.SessionInViewInterceptor.intercept(SessionInViewInterceptor.java:44)
	at com.jfinal.aop.Invocation.invoke(Invocation.java:67)
	at com.jflyfox.jfinal.component.interceptor.ExceptionInterceptor.intercept(ExceptionInterceptor.java:38)
	at com.jfinal.aop.Invocation.invoke(Invocation.java:67)
	at com.jfinal.core.ActionHandler.handle(ActionHandler.java:74)
	at com.jflyfox.jfinal.component.handler.CurrentPathHandler.handle(CurrentPathHandler.java:53)
	at com.jfinal.ext.handler.ContextPathHandler.handle(ContextPathHandler.java:47)
	at com.jflyfox.jfinal.component.handler.BasePathHandler.handle(BasePathHandler.java:48)
	at com.jflyfox.jfinal.component.handler.HtmlHandler.handle(HtmlHandler.java:48)
	at com.jfinal.core.JFinalFilter.doFilter(JFinalFilter.java:72)
	at org.apache.catalina.core.ApplicationFilterChain.internalDoFilter(ApplicationFilterChain.java:235)
	at org.apache.catalina.core.ApplicationFilterChain.doFilter(ApplicationFilterChain.java:206)
	at org.apache.catalina.core.StandardWrapperValve.invoke(StandardWrapperValve.java:233)
	at org.apache.catalina.core.StandardContextValve.invoke(StandardContextValve.java:191)
	at org.apache.catalina.core.StandardHostValve.invoke(StandardHostValve.java:127)
	at org.apache.catalina.valves.ErrorReportValve.invoke(ErrorReportValve.java:102)
	at org.apache.catalina.core.StandardEngineValve.invoke(StandardEngineValve.java:109)
	at org.apache.catalina.connector.CoyoteAdapter.service(CoyoteAdapter.java:298)
	at org.apache.coyote.http11.Http11Processor.process(Http11Processor.java:857)
	at org.apache.coyote.http11.Http11Protocol$Http11ConnectionHandler.process(Http11Protocol.java:588)
	at org.apache.tomcat.util.net.JIoEndpoint$Worker.run(JIoEndpoint.java:489)
	at java.lang.Thread.run(Thread.java:745)
Caused by: javax.crypto.IllegalBlockSizeException: Input length must be multiple of 8 when decrypting with padded cipher
	at com.sun.crypto.provider.CipherCore.doFinal(CipherCore.java:913)
	at com.sun.crypto.provider.CipherCore.doFinal(CipherCore.java:824)
	at com.sun.crypto.provider.DESCipher.engineDoFinal(DESCipher.java:314)
	at javax.crypto.Cipher.doFinal(Cipher.java:2165)
	at com.jflyfox.util.encrypt.DESUtils.decryptString(DESUtils.java:88)
	... 49 more
18714 [17/06/11 17:05:38:921][http-80-4][com.jflyfox.system.user.UserInterceptor-intercept] ####非法的请求
44496 [17/06/11 17:06:04:703][http-80-1][com.jflyfox.system.user.UserInterceptor-intercept] ####非法的请求
44553 [17/06/11 17:06:04:760][http-80-1][com.jflyfox.system.user.UserInterceptor-intercept] ####非法的请求
