0 [17/09/04 16:52:13:639][main][com.mchange.v2.log.MLog-<clinit>] MLog clients using log4j logging.
63 [17/09/04 16:52:13:702][main][com.mchange.v2.c3p0.C3P0Registry-banner] Initializing c3p0-0.9.1.2 [built 21-May-2007 15:04:56; debug? true; trace: 10]
188 [17/09/04 16:52:13:827][main][com.mchange.v2.c3p0.impl.AbstractPoolBackedDataSource-getPoolManager] Initializing c3p0 pool... com.mchange.v2.c3p0.ComboPooledDataSource [ acquireIncrement -> 2, acquireRetryAttempts -> 30, acquireRetryDelay -> 1000, autoCommitOnClose -> false, automaticTestTable -> null, breakAfterAcquireFailure -> false, checkoutTimeout -> 0, connectionCustomizerClassName -> null, connectionTesterClassName -> com.mchange.v2.c3p0.impl.DefaultConnectionTester, dataSourceName -> 1hge15b9ql41ji6111e81q|74b4931d, debugUnreturnedConnectionStackTraces -> false, description -> null, driverClass -> com.mysql.jdbc.Driver, factoryClassLocation -> null, forceIgnoreUnresolvedTransactions -> false, identityToken -> 1hge15b9ql41ji6111e81q|74b4931d, idleConnectionTestPeriod -> 0, initialPoolSize -> 10, jdbcUrl -> jdbc:mysql://127.0.0.1:3306/hadoop, maxAdministrativeTaskTime -> 0, maxConnectionAge -> 0, maxIdleTime -> 20, maxIdleTimeExcessConnections -> 0, maxPoolSize -> 100, maxStatements -> 0, maxStatementsPerConnection -> 0, minPoolSize -> 10, numHelperThreads -> 3, numThreadsAwaitingCheckoutDefaultUser -> 0, preferredTestQuery -> null, properties -> {user=******, password=******}, propertyCycle -> 0, testConnectionOnCheckin -> false, testConnectionOnCheckout -> false, unreturnedConnectionTimeout -> 0, usesTraditionalReflectiveProxies -> false ]
943 [17/09/04 16:52:14:582][main][com.jflyfox.component.util.JFlyFoxCache-init] ####缓存初始化开始......
963 [17/09/04 16:52:14:602][main][com.jflyfox.system.dict.DictCache-init] ####数据字典Cache初始化......
1047 [17/09/04 16:52:14:686][main][com.jflyfox.system.user.UserCache-init] ####用户Cache初始化......
1074 [17/09/04 16:52:14:713][main][com.jflyfox.modules.admin.pageview.PageViewCache-init] ####PageViewCache初始化......
1078 [17/09/04 16:52:14:717][main][com.jflyfox.modules.admin.friendlylink.FriendlylinkCache-init] ####FriendlylinkCache初始化......
1090 [17/09/04 16:52:14:729][main][com.jflyfox.modules.admin.folder.FolderService-initMenuKey] ####目录Key初始化......
1093 [17/09/04 16:52:14:732][main][com.jflyfox.system.log.SysLog-init] ####日志配置初始化......
1096 [17/09/04 16:52:14:735][main][com.jflyfox.component.util.JFlyFoxCache-init] ####缓存初始化结束......
5171 [17/09/04 16:52:18:810][http-8088-1][com.jflyfox.system.user.UserInterceptor-intercept] ####非法的请求
5233 [17/09/04 16:52:18:872][http-8088-1][com.jflyfox.system.user.UserInterceptor-intercept] ####非法的请求
70039 [17/09/04 16:53:23:678][http-8088-6][com.jflyfox.system.user.UserInterceptor-intercept] ####非法的请求
411539 [17/09/04 16:59:05:178][http-8088-4][com.jflyfox.modules.admin.folder.FolderService-initMenuKey] ####目录Key初始化......
0 [17/09/04 17:09:54:441][main][com.mchange.v2.log.MLog-<clinit>] MLog clients using log4j logging.
25 [17/09/04 17:09:54:466][main][com.mchange.v2.c3p0.C3P0Registry-banner] Initializing c3p0-0.9.1.2 [built 21-May-2007 15:04:56; debug? true; trace: 10]
92 [17/09/04 17:09:54:533][main][com.mchange.v2.c3p0.impl.AbstractPoolBackedDataSource-getPoolManager] Initializing c3p0 pool... com.mchange.v2.c3p0.ComboPooledDataSource [ acquireIncrement -> 2, acquireRetryAttempts -> 30, acquireRetryDelay -> 1000, autoCommitOnClose -> false, automaticTestTable -> null, breakAfterAcquireFailure -> false, checkoutTimeout -> 0, connectionCustomizerClassName -> null, connectionTesterClassName -> com.mchange.v2.c3p0.impl.DefaultConnectionTester, dataSourceName -> 1hge15b9ql4o9zwxzsts7|546c8875, debugUnreturnedConnectionStackTraces -> false, description -> null, driverClass -> com.mysql.jdbc.Driver, factoryClassLocation -> null, forceIgnoreUnresolvedTransactions -> false, identityToken -> 1hge15b9ql4o9zwxzsts7|546c8875, idleConnectionTestPeriod -> 0, initialPoolSize -> 10, jdbcUrl -> jdbc:mysql://127.0.0.1:3306/hadoop, maxAdministrativeTaskTime -> 0, maxConnectionAge -> 0, maxIdleTime -> 20, maxIdleTimeExcessConnections -> 0, maxPoolSize -> 100, maxStatements -> 0, maxStatementsPerConnection -> 0, minPoolSize -> 10, numHelperThreads -> 3, numThreadsAwaitingCheckoutDefaultUser -> 0, preferredTestQuery -> null, properties -> {user=******, password=******}, propertyCycle -> 0, testConnectionOnCheckin -> false, testConnectionOnCheckout -> false, unreturnedConnectionTimeout -> 0, usesTraditionalReflectiveProxies -> false ]
528 [17/09/04 17:09:54:969][main][com.jflyfox.component.util.JFlyFoxCache-init] ####缓存初始化开始......
546 [17/09/04 17:09:54:987][main][com.jflyfox.system.dict.DictCache-init] ####数据字典Cache初始化......
555 [17/09/04 17:09:54:996][main][com.jflyfox.system.user.UserCache-init] ####用户Cache初始化......
560 [17/09/04 17:09:55:001][main][com.jflyfox.modules.admin.pageview.PageViewCache-init] ####PageViewCache初始化......
562 [17/09/04 17:09:55:003][main][com.jflyfox.modules.admin.friendlylink.FriendlylinkCache-init] ####FriendlylinkCache初始化......
566 [17/09/04 17:09:55:007][main][com.jflyfox.modules.admin.folder.FolderService-initMenuKey] ####目录Key初始化......
569 [17/09/04 17:09:55:010][main][com.jflyfox.system.log.SysLog-init] ####日志配置初始化......
570 [17/09/04 17:09:55:011][main][com.jflyfox.component.util.JFlyFoxCache-init] ####缓存初始化结束......
0 [17/09/04 17:24:23:543][main][com.mchange.v2.log.MLog-<clinit>] MLog clients using log4j logging.
23 [17/09/04 17:24:23:566][main][com.mchange.v2.c3p0.C3P0Registry-banner] Initializing c3p0-0.9.1.2 [built 21-May-2007 15:04:56; debug? true; trace: 10]
91 [17/09/04 17:24:23:634][main][com.mchange.v2.c3p0.impl.AbstractPoolBackedDataSource-getPoolManager] Initializing c3p0 pool... com.mchange.v2.c3p0.ComboPooledDataSource [ acquireIncrement -> 2, acquireRetryAttempts -> 30, acquireRetryDelay -> 1000, autoCommitOnClose -> false, automaticTestTable -> null, breakAfterAcquireFailure -> false, checkoutTimeout -> 0, connectionCustomizerClassName -> null, connectionTesterClassName -> com.mchange.v2.c3p0.impl.DefaultConnectionTester, dataSourceName -> 1hge15b9ql56wlkvcmgdx|546c8875, debugUnreturnedConnectionStackTraces -> false, description -> null, driverClass -> com.mysql.jdbc.Driver, factoryClassLocation -> null, forceIgnoreUnresolvedTransactions -> false, identityToken -> 1hge15b9ql56wlkvcmgdx|546c8875, idleConnectionTestPeriod -> 0, initialPoolSize -> 10, jdbcUrl -> jdbc:mysql://127.0.0.1:3306/hadoop, maxAdministrativeTaskTime -> 0, maxConnectionAge -> 0, maxIdleTime -> 20, maxIdleTimeExcessConnections -> 0, maxPoolSize -> 100, maxStatements -> 0, maxStatementsPerConnection -> 0, minPoolSize -> 10, numHelperThreads -> 3, numThreadsAwaitingCheckoutDefaultUser -> 0, preferredTestQuery -> null, properties -> {user=******, password=******}, propertyCycle -> 0, testConnectionOnCheckin -> false, testConnectionOnCheckout -> false, unreturnedConnectionTimeout -> 0, usesTraditionalReflectiveProxies -> false ]
520 [17/09/04 17:24:24:063][main][com.jflyfox.component.util.JFlyFoxCache-init] ####缓存初始化开始......
541 [17/09/04 17:24:24:084][main][com.jflyfox.system.dict.DictCache-init] ####数据字典Cache初始化......
550 [17/09/04 17:24:24:093][main][com.jflyfox.system.user.UserCache-init] ####用户Cache初始化......
557 [17/09/04 17:24:24:100][main][com.jflyfox.modules.admin.pageview.PageViewCache-init] ####PageViewCache初始化......
559 [17/09/04 17:24:24:102][main][com.jflyfox.modules.admin.friendlylink.FriendlylinkCache-init] ####FriendlylinkCache初始化......
564 [17/09/04 17:24:24:107][main][com.jflyfox.modules.admin.folder.FolderService-initMenuKey] ####目录Key初始化......
567 [17/09/04 17:24:24:110][main][com.jflyfox.system.log.SysLog-init] ####日志配置初始化......
569 [17/09/04 17:24:24:112][main][com.jflyfox.component.util.JFlyFoxCache-init] ####缓存初始化结束......
10989850 [17/09/04 20:27:33:393][http-8088-1][com.jflyfox.modules.admin.folder.FolderService-initMenuKey] ####目录Key初始化......
0 [17/09/04 20:29:08:759][main][com.mchange.v2.log.MLog-<clinit>] MLog clients using log4j logging.
23 [17/09/04 20:29:08:782][main][com.mchange.v2.c3p0.C3P0Registry-banner] Initializing c3p0-0.9.1.2 [built 21-May-2007 15:04:56; debug? true; trace: 10]
86 [17/09/04 20:29:08:845][main][com.mchange.v2.c3p0.impl.AbstractPoolBackedDataSource-getPoolManager] Initializing c3p0 pool... com.mchange.v2.c3p0.ComboPooledDataSource [ acquireIncrement -> 2, acquireRetryAttempts -> 30, acquireRetryDelay -> 1000, autoCommitOnClose -> false, automaticTestTable -> null, breakAfterAcquireFailure -> false, checkoutTimeout -> 0, connectionCustomizerClassName -> null, connectionTesterClassName -> com.mchange.v2.c3p0.impl.DefaultConnectionTester, dataSourceName -> 1hge15b9qlbsi097egwxr|1aea51fe, debugUnreturnedConnectionStackTraces -> false, description -> null, driverClass -> com.mysql.jdbc.Driver, factoryClassLocation -> null, forceIgnoreUnresolvedTransactions -> false, identityToken -> 1hge15b9qlbsi097egwxr|1aea51fe, idleConnectionTestPeriod -> 0, initialPoolSize -> 10, jdbcUrl -> jdbc:mysql://127.0.0.1:3306/hadoop, maxAdministrativeTaskTime -> 0, maxConnectionAge -> 0, maxIdleTime -> 20, maxIdleTimeExcessConnections -> 0, maxPoolSize -> 100, maxStatements -> 0, maxStatementsPerConnection -> 0, minPoolSize -> 10, numHelperThreads -> 3, numThreadsAwaitingCheckoutDefaultUser -> 0, preferredTestQuery -> null, properties -> {user=******, password=******}, propertyCycle -> 0, testConnectionOnCheckin -> false, testConnectionOnCheckout -> false, unreturnedConnectionTimeout -> 0, usesTraditionalReflectiveProxies -> false ]
466 [17/09/04 20:29:09:225][main][com.jflyfox.component.util.JFlyFoxCache-init] ####缓存初始化开始......
484 [17/09/04 20:29:09:243][main][com.jflyfox.system.dict.DictCache-init] ####数据字典Cache初始化......
496 [17/09/04 20:29:09:255][main][com.jflyfox.system.user.UserCache-init] ####用户Cache初始化......
500 [17/09/04 20:29:09:259][main][com.jflyfox.modules.admin.pageview.PageViewCache-init] ####PageViewCache初始化......
502 [17/09/04 20:29:09:261][main][com.jflyfox.modules.admin.friendlylink.FriendlylinkCache-init] ####FriendlylinkCache初始化......
507 [17/09/04 20:29:09:266][main][com.jflyfox.modules.admin.folder.FolderService-initMenuKey] ####目录Key初始化......
510 [17/09/04 20:29:09:269][main][com.jflyfox.system.log.SysLog-init] ####日志配置初始化......
512 [17/09/04 20:29:09:271][main][com.jflyfox.component.util.JFlyFoxCache-init] ####缓存初始化结束......
343930 [17/09/04 20:34:52:689][http-8088-1][com.jflyfox.modules.admin.folder.FolderService-initMenuKey] ####目录Key初始化......
551993 [17/09/04 20:38:20:752][http-8088-1][com.jflyfox.system.user.UserInterceptor-intercept] ####非法的请求
648180 [17/09/04 20:39:56:939][http-8088-1][com.jflyfox.modules.admin.folder.FolderService-initMenuKey] ####目录Key初始化......
1010602 [17/09/04 20:45:59:361][http-8088-1][com.jflyfox.modules.admin.folder.FolderService-initMenuKey] ####目录Key初始化......
1010603 [17/09/04 20:45:59:362][http-8088-5][com.jflyfox.modules.admin.folder.FolderService-initMenuKey] ####目录Key初始化......
2100119 [17/09/04 21:04:08:878][http-8088-5][com.jflyfox.modules.admin.folder.FolderService-initMenuKey] ####目录Key初始化......
3291271 [17/09/04 21:24:00:030][http-8088-3][com.jflyfox.modules.admin.folder.FolderService-initMenuKey] ####目录Key初始化......
4066391 [17/09/04 21:36:55:150][http-8088-2][com.jflyfox.modules.admin.folder.FolderService-initMenuKey] ####目录Key初始化......
5131847 [17/09/04 21:54:40:606][http-8088-5][com.jflyfox.modules.admin.folder.FolderService-initMenuKey] ####目录Key初始化......
5131848 [17/09/04 21:54:40:607][http-8088-5][com.jflyfox.system.user.UserInterceptor-intercept] ####非法的请求
5141974 [17/09/04 21:54:50:733][http-8088-5][com.jflyfox.system.user.UserInterceptor-intercept] ####非法的请求
