0 [17/07/04 09:22:00:487][main][com.mchange.v2.log.MLog-<clinit>] MLog clients using log4j logging.
2140 [17/07/04 09:22:02:627][main][com.mchange.v2.c3p0.C3P0Registry-banner] Initializing c3p0-0.9.1.2 [built 21-May-2007 15:04:56; debug? true; trace: 10]
2576 [17/07/04 09:22:03:063][main][com.mchange.v2.c3p0.impl.AbstractPoolBackedDataSource-getPoolManager] Initializing c3p0 pool... com.mchange.v2.c3p0.ComboPooledDataSource [ acquireIncrement -> 2, acquireRetryAttempts -> 30, acquireRetryDelay -> 1000, autoCommitOnClose -> false, automaticTestTable -> null, breakAfterAcquireFailure -> false, checkoutTimeout -> 0, connectionCustomizerClassName -> null, connectionTesterClassName -> com.mchange.v2.c3p0.impl.DefaultConnectionTester, dataSourceName -> 1b61iru9p33rsqm5o9dgq|24102fec, debugUnreturnedConnectionStackTraces -> false, description -> null, driverClass -> com.mysql.jdbc.Driver, factoryClassLocation -> null, forceIgnoreUnresolvedTransactions -> false, identityToken -> 1b61iru9p33rsqm5o9dgq|24102fec, idleConnectionTestPeriod -> 0, initialPoolSize -> 10, jdbcUrl -> jdbc:mysql://127.0.0.1:3306/hadoop, maxAdministrativeTaskTime -> 0, maxConnectionAge -> 0, maxIdleTime -> 20, maxIdleTimeExcessConnections -> 0, maxPoolSize -> 100, maxStatements -> 0, maxStatementsPerConnection -> 0, minPoolSize -> 10, numHelperThreads -> 3, numThreadsAwaitingCheckoutDefaultUser -> 0, preferredTestQuery -> null, properties -> {user=******, password=******}, propertyCycle -> 0, testConnectionOnCheckin -> false, testConnectionOnCheckout -> false, unreturnedConnectionTimeout -> 0, usesTraditionalReflectiveProxies -> false ]
4763 [17/07/04 09:22:05:250][main][com.jflyfox.component.util.JFlyFoxCache-init] ####缓存初始化开始......
4912 [17/07/04 09:22:05:399][main][com.jflyfox.system.dict.DictCache-init] ####数据字典Cache初始化......
5028 [17/07/04 09:22:05:515][main][com.jflyfox.system.user.UserCache-init] ####用户Cache初始化......
5072 [17/07/04 09:22:05:559][main][com.jflyfox.modules.admin.pageview.PageViewCache-init] ####PageViewCache初始化......
5110 [17/07/04 09:22:05:597][main][com.jflyfox.modules.admin.friendlylink.FriendlylinkCache-init] ####FriendlylinkCache初始化......
5329 [17/07/04 09:22:05:816][main][com.jflyfox.modules.admin.folder.FolderService-initMenuKey] ####目录Key初始化......
5392 [17/07/04 09:22:05:879][main][com.jflyfox.system.log.SysLog-init] ####日志配置初始化......
5398 [17/07/04 09:22:05:885][main][com.jflyfox.component.util.JFlyFoxCache-init] ####缓存初始化结束......
62563 [17/07/04 09:23:03:050][http-80-1][com.jflyfox.system.user.UserInterceptor-intercept] ####非法的请求
63058 [17/07/04 09:23:03:545][http-80-1][com.jflyfox.jfinal.component.interceptor.ExceptionInterceptor-intercept] 异常：
com.jfinal.plugin.activerecord.ActiveRecordException: com.mysql.jdbc.exceptions.jdbc4.MySQLSyntaxErrorException: Unknown column 'platform_id' in 'where clause'
	at com.jfinal.plugin.activerecord.Model.find(Model.java:565)
	at com.jfinal.plugin.activerecord.Model.findFirst(Model.java:594)
	at com.jflyfox.modules.v2.AuditController2.paymentService_json(AuditController2.java:559)
	at sun.reflect.NativeMethodAccessorImpl.invoke0(Native Method)
	at sun.reflect.NativeMethodAccessorImpl.invoke(NativeMethodAccessorImpl.java:62)
	at sun.reflect.DelegatingMethodAccessorImpl.invoke(DelegatingMethodAccessorImpl.java:43)
	at java.lang.reflect.Method.invoke(Method.java:498)
	at com.jfinal.aop.Invocation.invoke(Invocation.java:73)
	at com.jflyfox.component.interceptor.InterceptorConf.intercept(InterceptorConf.java:31)
	at com.jfinal.aop.Invocation.invoke(Invocation.java:67)
	at com.jflyfox.component.interceptor.CommonInterceptor.intercept(CommonInterceptor.java:45)
	at com.jfinal.aop.Invocation.invoke(Invocation.java:67)
	at com.jflyfox.component.interceptor.SiteInterceptor.intercept(SiteInterceptor.java:133)
	at com.jfinal.aop.Invocation.invoke(Invocation.java:67)
	at com.jflyfox.system.user.UserInterceptor.intercept(UserInterceptor.java:74)
	at com.jfinal.aop.Invocation.invoke(Invocation.java:67)
	at com.jflyfox.component.interceptor.UpdateCacheInterceptor.intercept(UpdateCacheInterceptor.java:44)
	at com.jfinal.aop.Invocation.invoke(Invocation.java:67)
	at com.jflyfox.component.interceptor.PageViewInterceptor.intercept(PageViewInterceptor.java:33)
	at com.jfinal.aop.Invocation.invoke(Invocation.java:67)
	at com.jflyfox.component.interceptor.UserKeyInterceptor.intercept(UserKeyInterceptor.java:28)
	at com.jfinal.aop.Invocation.invoke(Invocation.java:67)
	at com.jflyfox.jfinal.component.interceptor.JflyfoxInterceptor.intercept(JflyfoxInterceptor.java:26)
	at com.jfinal.aop.Invocation.invoke(Invocation.java:67)
	at com.jflyfox.jfinal.component.interceptor.SessionAttrInterceptor.intercept(SessionAttrInterceptor.java:48)
	at com.jfinal.aop.Invocation.invoke(Invocation.java:67)
	at com.jfinal.ext.interceptor.SessionInViewInterceptor.intercept(SessionInViewInterceptor.java:44)
	at com.jfinal.aop.Invocation.invoke(Invocation.java:67)
	at com.jflyfox.jfinal.component.interceptor.ExceptionInterceptor.intercept(ExceptionInterceptor.java:38)
	at com.jfinal.aop.Invocation.invoke(Invocation.java:67)
	at com.jfinal.core.ActionHandler.handle(ActionHandler.java:74)
	at com.jflyfox.jfinal.component.handler.CurrentPathHandler.handle(CurrentPathHandler.java:53)
	at com.jfinal.ext.handler.ContextPathHandler.handle(ContextPathHandler.java:47)
	at com.jflyfox.jfinal.component.handler.BasePathHandler.handle(BasePathHandler.java:48)
	at com.jflyfox.jfinal.component.handler.HtmlHandler.handle(HtmlHandler.java:48)
	at com.jfinal.core.JFinalFilter.doFilter(JFinalFilter.java:72)
	at org.apache.catalina.core.ApplicationFilterChain.internalDoFilter(ApplicationFilterChain.java:235)
	at org.apache.catalina.core.ApplicationFilterChain.doFilter(ApplicationFilterChain.java:206)
	at org.apache.catalina.core.StandardWrapperValve.invoke(StandardWrapperValve.java:233)
	at org.apache.catalina.core.StandardContextValve.invoke(StandardContextValve.java:191)
	at org.apache.catalina.core.StandardHostValve.invoke(StandardHostValve.java:127)
	at org.apache.catalina.valves.ErrorReportValve.invoke(ErrorReportValve.java:102)
	at org.apache.catalina.core.StandardEngineValve.invoke(StandardEngineValve.java:109)
	at org.apache.catalina.connector.CoyoteAdapter.service(CoyoteAdapter.java:298)
	at org.apache.coyote.http11.Http11Processor.process(Http11Processor.java:857)
	at org.apache.coyote.http11.Http11Protocol$Http11ConnectionHandler.process(Http11Protocol.java:588)
	at org.apache.tomcat.util.net.JIoEndpoint$Worker.run(JIoEndpoint.java:489)
	at java.lang.Thread.run(Thread.java:745)
Caused by: com.mysql.jdbc.exceptions.jdbc4.MySQLSyntaxErrorException: Unknown column 'platform_id' in 'where clause'
	at sun.reflect.NativeConstructorAccessorImpl.newInstance0(Native Method)
	at sun.reflect.NativeConstructorAccessorImpl.newInstance(NativeConstructorAccessorImpl.java:62)
	at sun.reflect.DelegatingConstructorAccessorImpl.newInstance(DelegatingConstructorAccessorImpl.java:45)
	at java.lang.reflect.Constructor.newInstance(Constructor.java:423)
	at com.mysql.jdbc.Util.handleNewInstance(Util.java:389)
	at com.mysql.jdbc.Util.getInstance(Util.java:372)
	at com.mysql.jdbc.SQLError.createSQLException(SQLError.java:980)
	at com.mysql.jdbc.MysqlIO.checkErrorPacket(MysqlIO.java:3835)
	at com.mysql.jdbc.MysqlIO.checkErrorPacket(MysqlIO.java:3771)
	at com.mysql.jdbc.MysqlIO.sendCommand(MysqlIO.java:2435)
	at com.mysql.jdbc.MysqlIO.sqlQueryDirect(MysqlIO.java:2582)
	at com.mysql.jdbc.ConnectionImpl.execSQL(ConnectionImpl.java:2535)
	at com.mysql.jdbc.PreparedStatement.executeInternal(PreparedStatement.java:1911)
	at com.mysql.jdbc.PreparedStatement.executeQuery(PreparedStatement.java:2034)
	at com.mchange.v2.c3p0.impl.NewProxyPreparedStatement.executeQuery(NewProxyPreparedStatement.java:76)
	at com.jfinal.plugin.activerecord.Model.find(Model.java:546)
	at com.jfinal.plugin.activerecord.Model.find(Model.java:563)
	... 47 more
0 [17/07/04 09:28:48:548][main][com.mchange.v2.log.MLog-<clinit>] MLog clients using log4j logging.
1977 [17/07/04 09:28:50:525][main][com.mchange.v2.c3p0.C3P0Registry-banner] Initializing c3p0-0.9.1.2 [built 21-May-2007 15:04:56; debug? true; trace: 10]
2823 [17/07/04 09:28:51:371][main][com.mchange.v2.c3p0.impl.AbstractPoolBackedDataSource-getPoolManager] Initializing c3p0 pool... com.mchange.v2.c3p0.ComboPooledDataSource [ acquireIncrement -> 2, acquireRetryAttempts -> 30, acquireRetryDelay -> 1000, autoCommitOnClose -> false, automaticTestTable -> null, breakAfterAcquireFailure -> false, checkoutTimeout -> 0, connectionCustomizerClassName -> null, connectionTesterClassName -> com.mchange.v2.c3p0.impl.DefaultConnectionTester, dataSourceName -> 1b61iru9p340jm4146wf8y|a278841, debugUnreturnedConnectionStackTraces -> false, description -> null, driverClass -> com.mysql.jdbc.Driver, factoryClassLocation -> null, forceIgnoreUnresolvedTransactions -> false, identityToken -> 1b61iru9p340jm4146wf8y|a278841, idleConnectionTestPeriod -> 0, initialPoolSize -> 10, jdbcUrl -> jdbc:mysql://127.0.0.1:3306/hadoop, maxAdministrativeTaskTime -> 0, maxConnectionAge -> 0, maxIdleTime -> 20, maxIdleTimeExcessConnections -> 0, maxPoolSize -> 100, maxStatements -> 0, maxStatementsPerConnection -> 0, minPoolSize -> 10, numHelperThreads -> 3, numThreadsAwaitingCheckoutDefaultUser -> 0, preferredTestQuery -> null, properties -> {user=******, password=******}, propertyCycle -> 0, testConnectionOnCheckin -> false, testConnectionOnCheckout -> false, unreturnedConnectionTimeout -> 0, usesTraditionalReflectiveProxies -> false ]
5517 [17/07/04 09:28:54:065][main][com.jflyfox.component.util.JFlyFoxCache-init] ####缓存初始化开始......
5794 [17/07/04 09:28:54:342][main][com.jflyfox.system.dict.DictCache-init] ####数据字典Cache初始化......
5917 [17/07/04 09:28:54:465][main][com.jflyfox.system.user.UserCache-init] ####用户Cache初始化......
5934 [17/07/04 09:28:54:482][main][com.jflyfox.modules.admin.pageview.PageViewCache-init] ####PageViewCache初始化......
5953 [17/07/04 09:28:54:501][main][com.jflyfox.modules.admin.friendlylink.FriendlylinkCache-init] ####FriendlylinkCache初始化......
6025 [17/07/04 09:28:54:573][main][com.jflyfox.modules.admin.folder.FolderService-initMenuKey] ####目录Key初始化......
6139 [17/07/04 09:28:54:687][main][com.jflyfox.system.log.SysLog-init] ####日志配置初始化......
6150 [17/07/04 09:28:54:698][main][com.jflyfox.component.util.JFlyFoxCache-init] ####缓存初始化结束......
93832 [17/07/04 09:30:22:380][http-80-1][com.jflyfox.system.user.UserInterceptor-intercept] ####非法的请求
0 [17/07/04 09:35:56:845][main][com.mchange.v2.log.MLog-<clinit>] MLog clients using log4j logging.
3517 [17/07/04 09:36:00:362][main][com.mchange.v2.c3p0.C3P0Registry-banner] Initializing c3p0-0.9.1.2 [built 21-May-2007 15:04:56; debug? true; trace: 10]
4001 [17/07/04 09:36:00:846][main][com.mchange.v2.c3p0.impl.AbstractPoolBackedDataSource-getPoolManager] Initializing c3p0 pool... com.mchange.v2.c3p0.ComboPooledDataSource [ acquireIncrement -> 2, acquireRetryAttempts -> 30, acquireRetryDelay -> 1000, autoCommitOnClose -> false, automaticTestTable -> null, breakAfterAcquireFailure -> false, checkoutTimeout -> 0, connectionCustomizerClassName -> null, connectionTesterClassName -> com.mchange.v2.c3p0.impl.DefaultConnectionTester, dataSourceName -> 1b61iru9p349qa91xiubpj|a278841, debugUnreturnedConnectionStackTraces -> false, description -> null, driverClass -> com.mysql.jdbc.Driver, factoryClassLocation -> null, forceIgnoreUnresolvedTransactions -> false, identityToken -> 1b61iru9p349qa91xiubpj|a278841, idleConnectionTestPeriod -> 0, initialPoolSize -> 10, jdbcUrl -> jdbc:mysql://127.0.0.1:3306/hadoop, maxAdministrativeTaskTime -> 0, maxConnectionAge -> 0, maxIdleTime -> 20, maxIdleTimeExcessConnections -> 0, maxPoolSize -> 100, maxStatements -> 0, maxStatementsPerConnection -> 0, minPoolSize -> 10, numHelperThreads -> 3, numThreadsAwaitingCheckoutDefaultUser -> 0, preferredTestQuery -> null, properties -> {user=******, password=******}, propertyCycle -> 0, testConnectionOnCheckin -> false, testConnectionOnCheckout -> false, unreturnedConnectionTimeout -> 0, usesTraditionalReflectiveProxies -> false ]
6534 [17/07/04 09:36:03:379][main][com.jflyfox.component.util.JFlyFoxCache-init] ####缓存初始化开始......
7076 [17/07/04 09:36:03:921][main][com.jflyfox.system.dict.DictCache-init] ####数据字典Cache初始化......
7163 [17/07/04 09:36:04:008][main][com.jflyfox.system.user.UserCache-init] ####用户Cache初始化......
7189 [17/07/04 09:36:04:034][main][com.jflyfox.modules.admin.pageview.PageViewCache-init] ####PageViewCache初始化......
7226 [17/07/04 09:36:04:071][main][com.jflyfox.modules.admin.friendlylink.FriendlylinkCache-init] ####FriendlylinkCache初始化......
7280 [17/07/04 09:36:04:125][main][com.jflyfox.modules.admin.folder.FolderService-initMenuKey] ####目录Key初始化......
7333 [17/07/04 09:36:04:178][main][com.jflyfox.system.log.SysLog-init] ####日志配置初始化......
7405 [17/07/04 09:36:04:250][main][com.jflyfox.component.util.JFlyFoxCache-init] ####缓存初始化结束......
81907 [17/07/04 09:37:18:752][http-80-1][com.jflyfox.system.user.UserInterceptor-intercept] ####非法的请求
516192 [17/07/04 09:44:33:037][http-80-1][com.jflyfox.modules.admin.folder.FolderService-initMenuKey] ####目录Key初始化......
516443 [17/07/04 09:44:33:288][http-80-1][com.jflyfox.system.user.UserInterceptor-intercept] ####非法的请求
0 [17/07/04 09:51:52:943][main][com.mchange.v2.log.MLog-<clinit>] MLog clients using log4j logging.
2086 [17/07/04 09:51:55:029][main][com.mchange.v2.c3p0.C3P0Registry-banner] Initializing c3p0-0.9.1.2 [built 21-May-2007 15:04:56; debug? true; trace: 10]
4335 [17/07/04 09:51:57:278][main][com.mchange.v2.c3p0.impl.AbstractPoolBackedDataSource-getPoolManager] Initializing c3p0 pool... com.mchange.v2.c3p0.ComboPooledDataSource [ acquireIncrement -> 2, acquireRetryAttempts -> 30, acquireRetryDelay -> 1000, autoCommitOnClose -> false, automaticTestTable -> null, breakAfterAcquireFailure -> false, checkoutTimeout -> 0, connectionCustomizerClassName -> null, connectionTesterClassName -> com.mchange.v2.c3p0.impl.DefaultConnectionTester, dataSourceName -> 1b61iru9p34u87c1ql8txq|50121079, debugUnreturnedConnectionStackTraces -> false, description -> null, driverClass -> com.mysql.jdbc.Driver, factoryClassLocation -> null, forceIgnoreUnresolvedTransactions -> false, identityToken -> 1b61iru9p34u87c1ql8txq|50121079, idleConnectionTestPeriod -> 0, initialPoolSize -> 10, jdbcUrl -> jdbc:mysql://127.0.0.1:3306/hadoop, maxAdministrativeTaskTime -> 0, maxConnectionAge -> 0, maxIdleTime -> 20, maxIdleTimeExcessConnections -> 0, maxPoolSize -> 100, maxStatements -> 0, maxStatementsPerConnection -> 0, minPoolSize -> 10, numHelperThreads -> 3, numThreadsAwaitingCheckoutDefaultUser -> 0, preferredTestQuery -> null, properties -> {user=******, password=******}, propertyCycle -> 0, testConnectionOnCheckin -> false, testConnectionOnCheckout -> false, unreturnedConnectionTimeout -> 0, usesTraditionalReflectiveProxies -> false ]
8510 [17/07/04 09:52:01:453][main][com.jflyfox.component.util.JFlyFoxCache-init] ####缓存初始化开始......
8912 [17/07/04 09:52:01:855][main][com.jflyfox.system.dict.DictCache-init] ####数据字典Cache初始化......
9058 [17/07/04 09:52:02:001][main][com.jflyfox.system.user.UserCache-init] ####用户Cache初始化......
9093 [17/07/04 09:52:02:036][main][com.jflyfox.modules.admin.pageview.PageViewCache-init] ####PageViewCache初始化......
9191 [17/07/04 09:52:02:134][main][com.jflyfox.modules.admin.friendlylink.FriendlylinkCache-init] ####FriendlylinkCache初始化......
9269 [17/07/04 09:52:02:212][main][com.jflyfox.modules.admin.folder.FolderService-initMenuKey] ####目录Key初始化......
9311 [17/07/04 09:52:02:254][main][com.jflyfox.system.log.SysLog-init] ####日志配置初始化......
9323 [17/07/04 09:52:02:266][main][com.jflyfox.component.util.JFlyFoxCache-init] ####缓存初始化结束......
38553 [17/07/04 09:52:31:496][http-80-1][com.jflyfox.system.user.UserInterceptor-intercept] ####非法的请求
0 [17/07/04 09:57:27:888][main][com.mchange.v2.log.MLog-<clinit>] MLog clients using log4j logging.
1370 [17/07/04 09:57:29:258][main][com.mchange.v2.c3p0.C3P0Registry-banner] Initializing c3p0-0.9.1.2 [built 21-May-2007 15:04:56; debug? true; trace: 10]
2027 [17/07/04 09:57:29:915][main][com.mchange.v2.c3p0.impl.AbstractPoolBackedDataSource-getPoolManager] Initializing c3p0 pool... com.mchange.v2.c3p0.ComboPooledDataSource [ acquireIncrement -> 2, acquireRetryAttempts -> 30, acquireRetryDelay -> 1000, autoCommitOnClose -> false, automaticTestTable -> null, breakAfterAcquireFailure -> false, checkoutTimeout -> 0, connectionCustomizerClassName -> null, connectionTesterClassName -> com.mchange.v2.c3p0.impl.DefaultConnectionTester, dataSourceName -> 1b61iru9p351eavstkjpy|f029f0a, debugUnreturnedConnectionStackTraces -> false, description -> null, driverClass -> com.mysql.jdbc.Driver, factoryClassLocation -> null, forceIgnoreUnresolvedTransactions -> false, identityToken -> 1b61iru9p351eavstkjpy|f029f0a, idleConnectionTestPeriod -> 0, initialPoolSize -> 10, jdbcUrl -> jdbc:mysql://127.0.0.1:3306/hadoop, maxAdministrativeTaskTime -> 0, maxConnectionAge -> 0, maxIdleTime -> 20, maxIdleTimeExcessConnections -> 0, maxPoolSize -> 100, maxStatements -> 0, maxStatementsPerConnection -> 0, minPoolSize -> 10, numHelperThreads -> 3, numThreadsAwaitingCheckoutDefaultUser -> 0, preferredTestQuery -> null, properties -> {user=******, password=******}, propertyCycle -> 0, testConnectionOnCheckin -> false, testConnectionOnCheckout -> false, unreturnedConnectionTimeout -> 0, usesTraditionalReflectiveProxies -> false ]
4138 [17/07/04 09:57:32:026][main][com.jflyfox.component.util.JFlyFoxCache-init] ####缓存初始化开始......
4274 [17/07/04 09:57:32:162][main][com.jflyfox.system.dict.DictCache-init] ####数据字典Cache初始化......
4343 [17/07/04 09:57:32:231][main][com.jflyfox.system.user.UserCache-init] ####用户Cache初始化......
4379 [17/07/04 09:57:32:267][main][com.jflyfox.modules.admin.pageview.PageViewCache-init] ####PageViewCache初始化......
4416 [17/07/04 09:57:32:304][main][com.jflyfox.modules.admin.friendlylink.FriendlylinkCache-init] ####FriendlylinkCache初始化......
4528 [17/07/04 09:57:32:416][main][com.jflyfox.modules.admin.folder.FolderService-initMenuKey] ####目录Key初始化......
4553 [17/07/04 09:57:32:441][main][com.jflyfox.system.log.SysLog-init] ####日志配置初始化......
4570 [17/07/04 09:57:32:458][main][com.jflyfox.component.util.JFlyFoxCache-init] ####缓存初始化结束......
32937 [17/07/04 09:58:00:825][http-80-1][com.jflyfox.system.user.UserInterceptor-intercept] ####非法的请求
566442 [17/07/04 10:06:54:330][http-80-1][com.jflyfox.modules.admin.folder.FolderService-initMenuKey] ####目录Key初始化......
566536 [17/07/04 10:06:54:424][http-80-1][com.jflyfox.system.user.UserInterceptor-intercept] ####非法的请求
0 [17/07/04 10:09:13:962][main][com.mchange.v2.log.MLog-<clinit>] MLog clients using log4j logging.
3182 [17/07/04 10:09:17:144][main][com.mchange.v2.c3p0.C3P0Registry-banner] Initializing c3p0-0.9.1.2 [built 21-May-2007 15:04:56; debug? true; trace: 10]
5200 [17/07/04 10:09:19:162][main][com.mchange.v2.c3p0.impl.AbstractPoolBackedDataSource-getPoolManager] Initializing c3p0 pool... com.mchange.v2.c3p0.ComboPooledDataSource [ acquireIncrement -> 2, acquireRetryAttempts -> 30, acquireRetryDelay -> 1000, autoCommitOnClose -> false, automaticTestTable -> null, breakAfterAcquireFailure -> false, checkoutTimeout -> 0, connectionCustomizerClassName -> null, connectionTesterClassName -> com.mchange.v2.c3p0.impl.DefaultConnectionTester, dataSourceName -> 1b61iru9p35gjbr70f1cv|f04b408, debugUnreturnedConnectionStackTraces -> false, description -> null, driverClass -> com.mysql.jdbc.Driver, factoryClassLocation -> null, forceIgnoreUnresolvedTransactions -> false, identityToken -> 1b61iru9p35gjbr70f1cv|f04b408, idleConnectionTestPeriod -> 0, initialPoolSize -> 10, jdbcUrl -> jdbc:mysql://127.0.0.1:3306/hadoop, maxAdministrativeTaskTime -> 0, maxConnectionAge -> 0, maxIdleTime -> 20, maxIdleTimeExcessConnections -> 0, maxPoolSize -> 100, maxStatements -> 0, maxStatementsPerConnection -> 0, minPoolSize -> 10, numHelperThreads -> 3, numThreadsAwaitingCheckoutDefaultUser -> 0, preferredTestQuery -> null, properties -> {user=******, password=******}, propertyCycle -> 0, testConnectionOnCheckin -> false, testConnectionOnCheckout -> false, unreturnedConnectionTimeout -> 0, usesTraditionalReflectiveProxies -> false ]
10359 [17/07/04 10:09:24:321][main][com.jflyfox.component.util.JFlyFoxCache-init] ####缓存初始化开始......
10489 [17/07/04 10:09:24:451][main][com.jflyfox.system.dict.DictCache-init] ####数据字典Cache初始化......
10703 [17/07/04 10:09:24:665][main][com.jflyfox.system.user.UserCache-init] ####用户Cache初始化......
10788 [17/07/04 10:09:24:750][main][com.jflyfox.modules.admin.pageview.PageViewCache-init] ####PageViewCache初始化......
10819 [17/07/04 10:09:24:781][main][com.jflyfox.modules.admin.friendlylink.FriendlylinkCache-init] ####FriendlylinkCache初始化......
10913 [17/07/04 10:09:24:875][main][com.jflyfox.modules.admin.folder.FolderService-initMenuKey] ####目录Key初始化......
10926 [17/07/04 10:09:24:888][main][com.jflyfox.system.log.SysLog-init] ####日志配置初始化......
10932 [17/07/04 10:09:24:894][main][com.jflyfox.component.util.JFlyFoxCache-init] ####缓存初始化结束......
51392 [17/07/04 10:10:05:354][http-80-1][com.jflyfox.system.user.UserInterceptor-intercept] ####非法的请求
0 [17/07/04 10:11:55:923][main][com.mchange.v2.log.MLog-<clinit>] MLog clients using log4j logging.
1644 [17/07/04 10:11:57:567][main][com.mchange.v2.c3p0.C3P0Registry-banner] Initializing c3p0-0.9.1.2 [built 21-May-2007 15:04:56; debug? true; trace: 10]
2490 [17/07/04 10:11:58:413][main][com.mchange.v2.c3p0.impl.AbstractPoolBackedDataSource-getPoolManager] Initializing c3p0 pool... com.mchange.v2.c3p0.ComboPooledDataSource [ acquireIncrement -> 2, acquireRetryAttempts -> 30, acquireRetryDelay -> 1000, autoCommitOnClose -> false, automaticTestTable -> null, breakAfterAcquireFailure -> false, checkoutTimeout -> 0, connectionCustomizerClassName -> null, connectionTesterClassName -> com.mchange.v2.c3p0.impl.DefaultConnectionTester, dataSourceName -> 1b61iru9p35k0d81nggbs3|3d67e1b7, debugUnreturnedConnectionStackTraces -> false, description -> null, driverClass -> com.mysql.jdbc.Driver, factoryClassLocation -> null, forceIgnoreUnresolvedTransactions -> false, identityToken -> 1b61iru9p35k0d81nggbs3|3d67e1b7, idleConnectionTestPeriod -> 0, initialPoolSize -> 10, jdbcUrl -> jdbc:mysql://127.0.0.1:3306/hadoop, maxAdministrativeTaskTime -> 0, maxConnectionAge -> 0, maxIdleTime -> 20, maxIdleTimeExcessConnections -> 0, maxPoolSize -> 100, maxStatements -> 0, maxStatementsPerConnection -> 0, minPoolSize -> 10, numHelperThreads -> 3, numThreadsAwaitingCheckoutDefaultUser -> 0, preferredTestQuery -> null, properties -> {user=******, password=******}, propertyCycle -> 0, testConnectionOnCheckin -> false, testConnectionOnCheckout -> false, unreturnedConnectionTimeout -> 0, usesTraditionalReflectiveProxies -> false ]
5386 [17/07/04 10:12:01:309][main][com.jflyfox.component.util.JFlyFoxCache-init] ####缓存初始化开始......
5580 [17/07/04 10:12:01:503][main][com.jflyfox.system.dict.DictCache-init] ####数据字典Cache初始化......
5644 [17/07/04 10:12:01:567][main][com.jflyfox.system.user.UserCache-init] ####用户Cache初始化......
5700 [17/07/04 10:12:01:623][main][com.jflyfox.modules.admin.pageview.PageViewCache-init] ####PageViewCache初始化......
5707 [17/07/04 10:12:01:630][main][com.jflyfox.modules.admin.friendlylink.FriendlylinkCache-init] ####FriendlylinkCache初始化......
5746 [17/07/04 10:12:01:669][main][com.jflyfox.modules.admin.folder.FolderService-initMenuKey] ####目录Key初始化......
5764 [17/07/04 10:12:01:687][main][com.jflyfox.system.log.SysLog-init] ####日志配置初始化......
5786 [17/07/04 10:12:01:709][main][com.jflyfox.component.util.JFlyFoxCache-init] ####缓存初始化结束......
112510 [17/07/04 10:13:48:433][http-80-1][com.jflyfox.system.user.UserInterceptor-intercept] ####非法的请求
585550 [17/07/04 10:21:41:473][http-80-8][com.jflyfox.modules.admin.folder.FolderService-initMenuKey] ####目录Key初始化......
586005 [17/07/04 10:21:41:928][http-80-8][com.jflyfox.system.user.UserInterceptor-intercept] ####非法的请求
1 [17/07/04 10:27:04:186][main][com.mchange.v2.log.MLog-<clinit>] MLog clients using log4j logging.
1515 [17/07/04 10:27:05:700][main][com.mchange.v2.c3p0.C3P0Registry-banner] Initializing c3p0-0.9.1.2 [built 21-May-2007 15:04:56; debug? true; trace: 10]
2150 [17/07/04 10:27:06:335][main][com.mchange.v2.c3p0.impl.AbstractPoolBackedDataSource-getPoolManager] Initializing c3p0 pool... com.mchange.v2.c3p0.ComboPooledDataSource [ acquireIncrement -> 2, acquireRetryAttempts -> 30, acquireRetryDelay -> 1000, autoCommitOnClose -> false, automaticTestTable -> null, breakAfterAcquireFailure -> false, checkoutTimeout -> 0, connectionCustomizerClassName -> null, connectionTesterClassName -> com.mchange.v2.c3p0.impl.DefaultConnectionTester, dataSourceName -> 1b61iru9p363gwx9s7c2i|56db9f2d, debugUnreturnedConnectionStackTraces -> false, description -> null, driverClass -> com.mysql.jdbc.Driver, factoryClassLocation -> null, forceIgnoreUnresolvedTransactions -> false, identityToken -> 1b61iru9p363gwx9s7c2i|56db9f2d, idleConnectionTestPeriod -> 0, initialPoolSize -> 10, jdbcUrl -> jdbc:mysql://127.0.0.1:3306/hadoop, maxAdministrativeTaskTime -> 0, maxConnectionAge -> 0, maxIdleTime -> 20, maxIdleTimeExcessConnections -> 0, maxPoolSize -> 100, maxStatements -> 0, maxStatementsPerConnection -> 0, minPoolSize -> 10, numHelperThreads -> 3, numThreadsAwaitingCheckoutDefaultUser -> 0, preferredTestQuery -> null, properties -> {user=******, password=******}, propertyCycle -> 0, testConnectionOnCheckin -> false, testConnectionOnCheckout -> false, unreturnedConnectionTimeout -> 0, usesTraditionalReflectiveProxies -> false ]
4950 [17/07/04 10:27:09:135][main][com.jflyfox.component.util.JFlyFoxCache-init] ####缓存初始化开始......
5277 [17/07/04 10:27:09:462][main][com.jflyfox.system.dict.DictCache-init] ####数据字典Cache初始化......
5390 [17/07/04 10:27:09:575][main][com.jflyfox.system.user.UserCache-init] ####用户Cache初始化......
5422 [17/07/04 10:27:09:607][main][com.jflyfox.modules.admin.pageview.PageViewCache-init] ####PageViewCache初始化......
5440 [17/07/04 10:27:09:625][main][com.jflyfox.modules.admin.friendlylink.FriendlylinkCache-init] ####FriendlylinkCache初始化......
5484 [17/07/04 10:27:09:669][main][com.jflyfox.modules.admin.folder.FolderService-initMenuKey] ####目录Key初始化......
5528 [17/07/04 10:27:09:713][main][com.jflyfox.system.log.SysLog-init] ####日志配置初始化......
5561 [17/07/04 10:27:09:746][main][com.jflyfox.component.util.JFlyFoxCache-init] ####缓存初始化结束......
7136 [17/07/04 10:27:11:321][http-80-1][com.jflyfox.system.user.UserInterceptor-intercept] ####非法的请求
0 [17/07/04 10:37:00:871][main][com.mchange.v2.log.MLog-<clinit>] MLog clients using log4j logging.
972 [17/07/04 10:37:01:843][main][com.mchange.v2.c3p0.C3P0Registry-banner] Initializing c3p0-0.9.1.2 [built 21-May-2007 15:04:56; debug? true; trace: 10]
1692 [17/07/04 10:37:02:563][main][com.mchange.v2.c3p0.impl.AbstractPoolBackedDataSource-getPoolManager] Initializing c3p0 pool... com.mchange.v2.c3p0.ComboPooledDataSource [ acquireIncrement -> 2, acquireRetryAttempts -> 30, acquireRetryDelay -> 1000, autoCommitOnClose -> false, automaticTestTable -> null, breakAfterAcquireFailure -> false, checkoutTimeout -> 0, connectionCustomizerClassName -> null, connectionTesterClassName -> com.mchange.v2.c3p0.impl.DefaultConnectionTester, dataSourceName -> 1b61iru9p36g9abncio1o|4a238791, debugUnreturnedConnectionStackTraces -> false, description -> null, driverClass -> com.mysql.jdbc.Driver, factoryClassLocation -> null, forceIgnoreUnresolvedTransactions -> false, identityToken -> 1b61iru9p36g9abncio1o|4a238791, idleConnectionTestPeriod -> 0, initialPoolSize -> 10, jdbcUrl -> jdbc:mysql://127.0.0.1:3306/hadoop, maxAdministrativeTaskTime -> 0, maxConnectionAge -> 0, maxIdleTime -> 20, maxIdleTimeExcessConnections -> 0, maxPoolSize -> 100, maxStatements -> 0, maxStatementsPerConnection -> 0, minPoolSize -> 10, numHelperThreads -> 3, numThreadsAwaitingCheckoutDefaultUser -> 0, preferredTestQuery -> null, properties -> {user=******, password=******}, propertyCycle -> 0, testConnectionOnCheckin -> false, testConnectionOnCheckout -> false, unreturnedConnectionTimeout -> 0, usesTraditionalReflectiveProxies -> false ]
3932 [17/07/04 10:37:04:803][main][com.jflyfox.component.util.JFlyFoxCache-init] ####缓存初始化开始......
4068 [17/07/04 10:37:04:939][main][com.jflyfox.system.dict.DictCache-init] ####数据字典Cache初始化......
4126 [17/07/04 10:37:04:997][main][com.jflyfox.system.user.UserCache-init] ####用户Cache初始化......
4145 [17/07/04 10:37:05:016][main][com.jflyfox.modules.admin.pageview.PageViewCache-init] ####PageViewCache初始化......
4190 [17/07/04 10:37:05:061][main][com.jflyfox.modules.admin.friendlylink.FriendlylinkCache-init] ####FriendlylinkCache初始化......
4227 [17/07/04 10:37:05:098][main][com.jflyfox.modules.admin.folder.FolderService-initMenuKey] ####目录Key初始化......
4259 [17/07/04 10:37:05:130][main][com.jflyfox.system.log.SysLog-init] ####日志配置初始化......
4267 [17/07/04 10:37:05:138][main][com.jflyfox.component.util.JFlyFoxCache-init] ####缓存初始化结束......
75256 [17/07/04 10:38:16:127][http-80-1][com.jflyfox.system.user.UserInterceptor-intercept] ####非法的请求
137257 [17/07/04 10:39:18:128][http-80-1][com.jflyfox.system.user.UserInterceptor-intercept] ####非法的请求
1 [17/07/04 10:53:13:710][main][com.mchange.v2.log.MLog-<clinit>] MLog clients using log4j logging.
1265 [17/07/04 10:53:14:974][main][com.mchange.v2.c3p0.C3P0Registry-banner] Initializing c3p0-0.9.1.2 [built 21-May-2007 15:04:56; debug? true; trace: 10]
2244 [17/07/04 10:53:15:953][main][com.mchange.v2.c3p0.impl.AbstractPoolBackedDataSource-getPoolManager] Initializing c3p0 pool... com.mchange.v2.c3p0.ComboPooledDataSource [ acquireIncrement -> 2, acquireRetryAttempts -> 30, acquireRetryDelay -> 1000, autoCommitOnClose -> false, automaticTestTable -> null, breakAfterAcquireFailure -> false, checkoutTimeout -> 0, connectionCustomizerClassName -> null, connectionTesterClassName -> com.mchange.v2.c3p0.impl.DefaultConnectionTester, dataSourceName -> 1b61iru9p37140q69zbt4|575bb02a, debugUnreturnedConnectionStackTraces -> false, description -> null, driverClass -> com.mysql.jdbc.Driver, factoryClassLocation -> null, forceIgnoreUnresolvedTransactions -> false, identityToken -> 1b61iru9p37140q69zbt4|575bb02a, idleConnectionTestPeriod -> 0, initialPoolSize -> 10, jdbcUrl -> jdbc:mysql://127.0.0.1:3306/hadoop, maxAdministrativeTaskTime -> 0, maxConnectionAge -> 0, maxIdleTime -> 20, maxIdleTimeExcessConnections -> 0, maxPoolSize -> 100, maxStatements -> 0, maxStatementsPerConnection -> 0, minPoolSize -> 10, numHelperThreads -> 3, numThreadsAwaitingCheckoutDefaultUser -> 0, preferredTestQuery -> null, properties -> {user=******, password=******}, propertyCycle -> 0, testConnectionOnCheckin -> false, testConnectionOnCheckout -> false, unreturnedConnectionTimeout -> 0, usesTraditionalReflectiveProxies -> false ]
5996 [17/07/04 10:53:19:705][main][com.jflyfox.component.util.JFlyFoxCache-init] ####缓存初始化开始......
6178 [17/07/04 10:53:19:887][main][com.jflyfox.system.dict.DictCache-init] ####数据字典Cache初始化......
6253 [17/07/04 10:53:19:962][main][com.jflyfox.system.user.UserCache-init] ####用户Cache初始化......
6291 [17/07/04 10:53:20:000][main][com.jflyfox.modules.admin.pageview.PageViewCache-init] ####PageViewCache初始化......
6397 [17/07/04 10:53:20:106][main][com.jflyfox.modules.admin.friendlylink.FriendlylinkCache-init] ####FriendlylinkCache初始化......
6630 [17/07/04 10:53:20:339][main][com.jflyfox.modules.admin.folder.FolderService-initMenuKey] ####目录Key初始化......
6811 [17/07/04 10:53:20:520][main][com.jflyfox.system.log.SysLog-init] ####日志配置初始化......
6817 [17/07/04 10:53:20:526][main][com.jflyfox.component.util.JFlyFoxCache-init] ####缓存初始化结束......
9292 [17/07/04 10:53:23:001][http-80-1][com.jflyfox.system.user.UserInterceptor-intercept] ####非法的请求
432126 [17/07/04 11:00:25:835][http-80-1][com.jflyfox.modules.admin.folder.FolderService-initMenuKey] ####目录Key初始化......
432200 [17/07/04 11:00:25:909][http-80-1][com.jflyfox.system.user.UserInterceptor-intercept] ####非法的请求
0 [17/07/04 11:06:23:704][main][com.mchange.v2.log.MLog-<clinit>] MLog clients using log4j logging.
1465 [17/07/04 11:06:25:169][main][com.mchange.v2.c3p0.C3P0Registry-banner] Initializing c3p0-0.9.1.2 [built 21-May-2007 15:04:56; debug? true; trace: 10]
2185 [17/07/04 11:06:25:889][main][com.mchange.v2.c3p0.impl.AbstractPoolBackedDataSource-getPoolManager] Initializing c3p0 pool... com.mchange.v2.c3p0.ComboPooledDataSource [ acquireIncrement -> 2, acquireRetryAttempts -> 30, acquireRetryDelay -> 1000, autoCommitOnClose -> false, automaticTestTable -> null, breakAfterAcquireFailure -> false, checkoutTimeout -> 0, connectionCustomizerClassName -> null, connectionTesterClassName -> com.mchange.v2.c3p0.impl.DefaultConnectionTester, dataSourceName -> 1b61iru9p37i1k8r1559z|1b4f6b6d, debugUnreturnedConnectionStackTraces -> false, description -> null, driverClass -> com.mysql.jdbc.Driver, factoryClassLocation -> null, forceIgnoreUnresolvedTransactions -> false, identityToken -> 1b61iru9p37i1k8r1559z|1b4f6b6d, idleConnectionTestPeriod -> 0, initialPoolSize -> 10, jdbcUrl -> jdbc:mysql://127.0.0.1:3306/hadoop, maxAdministrativeTaskTime -> 0, maxConnectionAge -> 0, maxIdleTime -> 20, maxIdleTimeExcessConnections -> 0, maxPoolSize -> 100, maxStatements -> 0, maxStatementsPerConnection -> 0, minPoolSize -> 10, numHelperThreads -> 3, numThreadsAwaitingCheckoutDefaultUser -> 0, preferredTestQuery -> null, properties -> {user=******, password=******}, propertyCycle -> 0, testConnectionOnCheckin -> false, testConnectionOnCheckout -> false, unreturnedConnectionTimeout -> 0, usesTraditionalReflectiveProxies -> false ]
6001 [17/07/04 11:06:29:705][main][com.jflyfox.component.util.JFlyFoxCache-init] ####缓存初始化开始......
6178 [17/07/04 11:06:29:882][main][com.jflyfox.system.dict.DictCache-init] ####数据字典Cache初始化......
6311 [17/07/04 11:06:30:015][main][com.jflyfox.system.user.UserCache-init] ####用户Cache初始化......
6355 [17/07/04 11:06:30:059][main][com.jflyfox.modules.admin.pageview.PageViewCache-init] ####PageViewCache初始化......
6403 [17/07/04 11:06:30:107][main][com.jflyfox.modules.admin.friendlylink.FriendlylinkCache-init] ####FriendlylinkCache初始化......
6474 [17/07/04 11:06:30:178][main][com.jflyfox.modules.admin.folder.FolderService-initMenuKey] ####目录Key初始化......
6498 [17/07/04 11:06:30:202][main][com.jflyfox.system.log.SysLog-init] ####日志配置初始化......
6503 [17/07/04 11:06:30:207][main][com.jflyfox.component.util.JFlyFoxCache-init] ####缓存初始化结束......
28117 [17/07/04 11:06:51:821][http-80-1][com.jflyfox.system.user.UserInterceptor-intercept] ####非法的请求
121421 [17/07/04 11:08:25:125][Timer-0][com.mchange.v2.async.ThreadPoolAsynchronousRunner$DeadlockDetector-run] com.mchange.v2.async.ThreadPoolAsynchronousRunner$DeadlockDetector@4d1df53d -- APPARENT DEADLOCK!!! Creating emergency threads for unassigned pending tasks!
121800 [17/07/04 11:08:25:504][Timer-0][com.mchange.v2.async.ThreadPoolAsynchronousRunner$DeadlockDetector-run] com.mchange.v2.async.ThreadPoolAsynchronousRunner$DeadlockDetector@4d1df53d -- APPARENT DEADLOCK!!! Complete Status: 
	Managed Threads: 3
	Active Threads: 3
	Active Tasks: 
		com.mchange.v2.resourcepool.BasicResourcePool$AcquireTask@49534c91 (com.mchange.v2.async.ThreadPoolAsynchronousRunner$PoolThread-#2)
		com.mchange.v2.resourcepool.BasicResourcePool$AcquireTask@398b0911 (com.mchange.v2.async.ThreadPoolAsynchronousRunner$PoolThread-#0)
		com.mchange.v2.resourcepool.BasicResourcePool$AcquireTask@7818017e (com.mchange.v2.async.ThreadPoolAsynchronousRunner$PoolThread-#1)
	Pending Tasks: 
		com.mchange.v2.resourcepool.BasicResourcePool$AcquireTask@3cdf3d14
		com.mchange.v2.resourcepool.BasicResourcePool$AcquireTask@6f3bd9da
		com.mchange.v2.resourcepool.BasicResourcePool$AcquireTask@e9996ad
		com.mchange.v2.resourcepool.BasicResourcePool$AcquireTask@36b275f1
		com.mchange.v2.resourcepool.BasicResourcePool$AcquireTask@73c0d9ae
		com.mchange.v2.resourcepool.BasicResourcePool$AcquireTask@42842b05
		com.mchange.v2.resourcepool.BasicResourcePool$AcquireTask@6ae106
Pool thread stack traces:
	Thread[com.mchange.v2.async.ThreadPoolAsynchronousRunner$PoolThread-#2,5,main]
		java.lang.Thread.sleep(Native Method)
		com.mchange.v2.resourcepool.BasicResourcePool$AcquireTask.run(BasicResourcePool.java:1805)
		com.mchange.v2.async.ThreadPoolAsynchronousRunner$PoolThread.run(ThreadPoolAsynchronousRunner.java:547)
	Thread[com.mchange.v2.async.ThreadPoolAsynchronousRunner$PoolThread-#0,5,main]
		java.lang.Thread.sleep(Native Method)
		com.mchange.v2.resourcepool.BasicResourcePool$AcquireTask.run(BasicResourcePool.java:1805)
		com.mchange.v2.async.ThreadPoolAsynchronousRunner$PoolThread.run(ThreadPoolAsynchronousRunner.java:547)
	Thread[com.mchange.v2.async.ThreadPoolAsynchronousRunner$PoolThread-#1,5,main]
		java.lang.Thread.sleep(Native Method)
		com.mchange.v2.resourcepool.BasicResourcePool$AcquireTask.run(BasicResourcePool.java:1805)
		com.mchange.v2.async.ThreadPoolAsynchronousRunner$PoolThread.run(ThreadPoolAsynchronousRunner.java:547)


121868 [17/07/04 11:08:25:572][http-80-1][com.jflyfox.jfinal.component.interceptor.ExceptionInterceptor-intercept] 异常：
java.lang.NullPointerException
	at com.jflyfox.modules.v2.AuditController2.applyService_json(AuditController2.java:419)
	at sun.reflect.NativeMethodAccessorImpl.invoke0(Native Method)
	at sun.reflect.NativeMethodAccessorImpl.invoke(NativeMethodAccessorImpl.java:62)
	at sun.reflect.DelegatingMethodAccessorImpl.invoke(DelegatingMethodAccessorImpl.java:43)
	at java.lang.reflect.Method.invoke(Method.java:498)
	at com.jfinal.aop.Invocation.invoke(Invocation.java:73)
	at com.jflyfox.component.interceptor.InterceptorConf.intercept(InterceptorConf.java:31)
	at com.jfinal.aop.Invocation.invoke(Invocation.java:67)
	at com.jflyfox.component.interceptor.CommonInterceptor.intercept(CommonInterceptor.java:45)
	at com.jfinal.aop.Invocation.invoke(Invocation.java:67)
	at com.jflyfox.component.interceptor.SiteInterceptor.intercept(SiteInterceptor.java:133)
	at com.jfinal.aop.Invocation.invoke(Invocation.java:67)
	at com.jflyfox.system.user.UserInterceptor.intercept(UserInterceptor.java:74)
	at com.jfinal.aop.Invocation.invoke(Invocation.java:67)
	at com.jflyfox.component.interceptor.UpdateCacheInterceptor.intercept(UpdateCacheInterceptor.java:44)
	at com.jfinal.aop.Invocation.invoke(Invocation.java:67)
	at com.jflyfox.component.interceptor.PageViewInterceptor.intercept(PageViewInterceptor.java:33)
	at com.jfinal.aop.Invocation.invoke(Invocation.java:67)
	at com.jflyfox.component.interceptor.UserKeyInterceptor.intercept(UserKeyInterceptor.java:28)
	at com.jfinal.aop.Invocation.invoke(Invocation.java:67)
	at com.jflyfox.jfinal.component.interceptor.JflyfoxInterceptor.intercept(JflyfoxInterceptor.java:26)
	at com.jfinal.aop.Invocation.invoke(Invocation.java:67)
	at com.jflyfox.jfinal.component.interceptor.SessionAttrInterceptor.intercept(SessionAttrInterceptor.java:48)
	at com.jfinal.aop.Invocation.invoke(Invocation.java:67)
	at com.jfinal.ext.interceptor.SessionInViewInterceptor.intercept(SessionInViewInterceptor.java:44)
	at com.jfinal.aop.Invocation.invoke(Invocation.java:67)
	at com.jflyfox.jfinal.component.interceptor.ExceptionInterceptor.intercept(ExceptionInterceptor.java:38)
	at com.jfinal.aop.Invocation.invoke(Invocation.java:67)
	at com.jfinal.core.ActionHandler.handle(ActionHandler.java:74)
	at com.jflyfox.jfinal.component.handler.CurrentPathHandler.handle(CurrentPathHandler.java:53)
	at com.jfinal.ext.handler.ContextPathHandler.handle(ContextPathHandler.java:47)
	at com.jflyfox.jfinal.component.handler.BasePathHandler.handle(BasePathHandler.java:48)
	at com.jflyfox.jfinal.component.handler.HtmlHandler.handle(HtmlHandler.java:48)
	at com.jfinal.core.JFinalFilter.doFilter(JFinalFilter.java:72)
	at org.apache.catalina.core.ApplicationFilterChain.internalDoFilter(ApplicationFilterChain.java:235)
	at org.apache.catalina.core.ApplicationFilterChain.doFilter(ApplicationFilterChain.java:206)
	at org.apache.catalina.core.StandardWrapperValve.invoke(StandardWrapperValve.java:233)
	at org.apache.catalina.core.StandardContextValve.invoke(StandardContextValve.java:191)
	at org.apache.catalina.core.StandardHostValve.invoke(StandardHostValve.java:127)
	at org.apache.catalina.valves.ErrorReportValve.invoke(ErrorReportValve.java:102)
	at org.apache.catalina.core.StandardEngineValve.invoke(StandardEngineValve.java:109)
	at org.apache.catalina.connector.CoyoteAdapter.service(CoyoteAdapter.java:298)
	at org.apache.coyote.http11.Http11Processor.process(Http11Processor.java:857)
	at org.apache.coyote.http11.Http11Protocol$Http11ConnectionHandler.process(Http11Protocol.java:588)
	at org.apache.tomcat.util.net.JIoEndpoint$Worker.run(JIoEndpoint.java:489)
	at java.lang.Thread.run(Thread.java:745)
135543 [17/07/04 11:08:39:247][http-80-1][com.jflyfox.system.user.UserInterceptor-intercept] ####非法的请求
305496 [17/07/04 11:11:29:200][http-80-1][com.jflyfox.jfinal.component.interceptor.ExceptionInterceptor-intercept] 异常：
java.lang.NullPointerException
	at com.jflyfox.modules.v2.AuditController2.applyService_json(AuditController2.java:419)
	at sun.reflect.NativeMethodAccessorImpl.invoke0(Native Method)
	at sun.reflect.NativeMethodAccessorImpl.invoke(NativeMethodAccessorImpl.java:62)
	at sun.reflect.DelegatingMethodAccessorImpl.invoke(DelegatingMethodAccessorImpl.java:43)
	at java.lang.reflect.Method.invoke(Method.java:498)
	at com.jfinal.aop.Invocation.invoke(Invocation.java:73)
	at com.jflyfox.component.interceptor.InterceptorConf.intercept(InterceptorConf.java:31)
	at com.jfinal.aop.Invocation.invoke(Invocation.java:67)
	at com.jflyfox.component.interceptor.CommonInterceptor.intercept(CommonInterceptor.java:45)
	at com.jfinal.aop.Invocation.invoke(Invocation.java:67)
	at com.jflyfox.component.interceptor.SiteInterceptor.intercept(SiteInterceptor.java:133)
	at com.jfinal.aop.Invocation.invoke(Invocation.java:67)
	at com.jflyfox.system.user.UserInterceptor.intercept(UserInterceptor.java:74)
	at com.jfinal.aop.Invocation.invoke(Invocation.java:67)
	at com.jflyfox.component.interceptor.UpdateCacheInterceptor.intercept(UpdateCacheInterceptor.java:44)
	at com.jfinal.aop.Invocation.invoke(Invocation.java:67)
	at com.jflyfox.component.interceptor.PageViewInterceptor.intercept(PageViewInterceptor.java:33)
	at com.jfinal.aop.Invocation.invoke(Invocation.java:67)
	at com.jflyfox.component.interceptor.UserKeyInterceptor.intercept(UserKeyInterceptor.java:28)
	at com.jfinal.aop.Invocation.invoke(Invocation.java:67)
	at com.jflyfox.jfinal.component.interceptor.JflyfoxInterceptor.intercept(JflyfoxInterceptor.java:26)
	at com.jfinal.aop.Invocation.invoke(Invocation.java:67)
	at com.jflyfox.jfinal.component.interceptor.SessionAttrInterceptor.intercept(SessionAttrInterceptor.java:48)
	at com.jfinal.aop.Invocation.invoke(Invocation.java:67)
	at com.jfinal.ext.interceptor.SessionInViewInterceptor.intercept(SessionInViewInterceptor.java:44)
	at com.jfinal.aop.Invocation.invoke(Invocation.java:67)
	at com.jflyfox.jfinal.component.interceptor.ExceptionInterceptor.intercept(ExceptionInterceptor.java:38)
	at com.jfinal.aop.Invocation.invoke(Invocation.java:67)
	at com.jfinal.core.ActionHandler.handle(ActionHandler.java:74)
	at com.jflyfox.jfinal.component.handler.CurrentPathHandler.handle(CurrentPathHandler.java:53)
	at com.jfinal.ext.handler.ContextPathHandler.handle(ContextPathHandler.java:47)
	at com.jflyfox.jfinal.component.handler.BasePathHandler.handle(BasePathHandler.java:48)
	at com.jflyfox.jfinal.component.handler.HtmlHandler.handle(HtmlHandler.java:48)
	at com.jfinal.core.JFinalFilter.doFilter(JFinalFilter.java:72)
	at org.apache.catalina.core.ApplicationFilterChain.internalDoFilter(ApplicationFilterChain.java:235)
	at org.apache.catalina.core.ApplicationFilterChain.doFilter(ApplicationFilterChain.java:206)
	at org.apache.catalina.core.StandardWrapperValve.invoke(StandardWrapperValve.java:233)
	at org.apache.catalina.core.StandardContextValve.invoke(StandardContextValve.java:191)
	at org.apache.catalina.core.StandardHostValve.invoke(StandardHostValve.java:127)
	at org.apache.catalina.valves.ErrorReportValve.invoke(ErrorReportValve.java:102)
	at org.apache.catalina.core.StandardEngineValve.invoke(StandardEngineValve.java:109)
	at org.apache.catalina.connector.CoyoteAdapter.service(CoyoteAdapter.java:298)
	at org.apache.coyote.http11.Http11Processor.process(Http11Processor.java:857)
	at org.apache.coyote.http11.Http11Protocol$Http11ConnectionHandler.process(Http11Protocol.java:588)
	at org.apache.tomcat.util.net.JIoEndpoint$Worker.run(JIoEndpoint.java:489)
	at java.lang.Thread.run(Thread.java:745)
308819 [17/07/04 11:11:32:523][http-80-1][com.jflyfox.modules.admin.folder.FolderService-initMenuKey] ####目录Key初始化......
308877 [17/07/04 11:11:32:581][http-80-1][com.jflyfox.system.user.UserInterceptor-intercept] ####非法的请求
0 [17/07/04 11:14:36:878][main][com.mchange.v2.log.MLog-<clinit>] MLog clients using log4j logging.
1144 [17/07/04 11:14:38:022][main][com.mchange.v2.c3p0.C3P0Registry-banner] Initializing c3p0-0.9.1.2 [built 21-May-2007 15:04:56; debug? true; trace: 10]
1724 [17/07/04 11:14:38:602][main][com.mchange.v2.c3p0.impl.AbstractPoolBackedDataSource-getPoolManager] Initializing c3p0 pool... com.mchange.v2.c3p0.ComboPooledDataSource [ acquireIncrement -> 2, acquireRetryAttempts -> 30, acquireRetryDelay -> 1000, autoCommitOnClose -> false, automaticTestTable -> null, breakAfterAcquireFailure -> false, checkoutTimeout -> 0, connectionCustomizerClassName -> null, connectionTesterClassName -> com.mchange.v2.c3p0.impl.DefaultConnectionTester, dataSourceName -> 1b61iru9p37sm1o1dugc0j|7a43d77, debugUnreturnedConnectionStackTraces -> false, description -> null, driverClass -> com.mysql.jdbc.Driver, factoryClassLocation -> null, forceIgnoreUnresolvedTransactions -> false, identityToken -> 1b61iru9p37sm1o1dugc0j|7a43d77, idleConnectionTestPeriod -> 0, initialPoolSize -> 10, jdbcUrl -> jdbc:mysql://127.0.0.1:3306/hadoop, maxAdministrativeTaskTime -> 0, maxConnectionAge -> 0, maxIdleTime -> 20, maxIdleTimeExcessConnections -> 0, maxPoolSize -> 100, maxStatements -> 0, maxStatementsPerConnection -> 0, minPoolSize -> 10, numHelperThreads -> 3, numThreadsAwaitingCheckoutDefaultUser -> 0, preferredTestQuery -> null, properties -> {user=******, password=******}, propertyCycle -> 0, testConnectionOnCheckin -> false, testConnectionOnCheckout -> false, unreturnedConnectionTimeout -> 0, usesTraditionalReflectiveProxies -> false ]
3425 [17/07/04 11:14:40:303][main][com.jflyfox.component.util.JFlyFoxCache-init] ####缓存初始化开始......
3577 [17/07/04 11:14:40:455][main][com.jflyfox.system.dict.DictCache-init] ####数据字典Cache初始化......
3691 [17/07/04 11:14:40:569][main][com.jflyfox.system.user.UserCache-init] ####用户Cache初始化......
3728 [17/07/04 11:14:40:606][main][com.jflyfox.modules.admin.pageview.PageViewCache-init] ####PageViewCache初始化......
3821 [17/07/04 11:14:40:699][main][com.jflyfox.modules.admin.friendlylink.FriendlylinkCache-init] ####FriendlylinkCache初始化......
3922 [17/07/04 11:14:40:800][main][com.jflyfox.modules.admin.folder.FolderService-initMenuKey] ####目录Key初始化......
3932 [17/07/04 11:14:40:810][main][com.jflyfox.system.log.SysLog-init] ####日志配置初始化......
3939 [17/07/04 11:14:40:817][main][com.jflyfox.component.util.JFlyFoxCache-init] ####缓存初始化结束......
372318 [17/07/04 11:20:49:196][http-80-3][com.jflyfox.modules.admin.folder.FolderService-initMenuKey] ####目录Key初始化......
372346 [17/07/04 11:20:49:224][http-80-3][com.jflyfox.system.user.UserInterceptor-intercept] ####非法的请求
0 [17/07/04 20:28:59:612][main][com.mchange.v2.log.MLog-<clinit>] MLog clients using log4j logging.
844 [17/07/04 20:29:00:456][main][com.mchange.v2.c3p0.C3P0Registry-banner] Initializing c3p0-0.9.1.2 [built 21-May-2007 15:04:56; debug? true; trace: 10]
1326 [17/07/04 20:29:00:938][main][com.mchange.v2.c3p0.impl.AbstractPoolBackedDataSource-getPoolManager] Initializing c3p0 pool... com.mchange.v2.c3p0.ComboPooledDataSource [ acquireIncrement -> 2, acquireRetryAttempts -> 30, acquireRetryDelay -> 1000, autoCommitOnClose -> false, automaticTestTable -> null, breakAfterAcquireFailure -> false, checkoutTimeout -> 0, connectionCustomizerClassName -> null, connectionTesterClassName -> com.mchange.v2.c3p0.impl.DefaultConnectionTester, dataSourceName -> 1b61iru9p3rljotnp6d4z|7a1dacd, debugUnreturnedConnectionStackTraces -> false, description -> null, driverClass -> com.mysql.jdbc.Driver, factoryClassLocation -> null, forceIgnoreUnresolvedTransactions -> false, identityToken -> 1b61iru9p3rljotnp6d4z|7a1dacd, idleConnectionTestPeriod -> 0, initialPoolSize -> 10, jdbcUrl -> jdbc:mysql://127.0.0.1:3306/hadoop, maxAdministrativeTaskTime -> 0, maxConnectionAge -> 0, maxIdleTime -> 20, maxIdleTimeExcessConnections -> 0, maxPoolSize -> 100, maxStatements -> 0, maxStatementsPerConnection -> 0, minPoolSize -> 10, numHelperThreads -> 3, numThreadsAwaitingCheckoutDefaultUser -> 0, preferredTestQuery -> null, properties -> {user=******, password=******}, propertyCycle -> 0, testConnectionOnCheckin -> false, testConnectionOnCheckout -> false, unreturnedConnectionTimeout -> 0, usesTraditionalReflectiveProxies -> false ]
6118 [17/07/04 20:29:05:730][main][com.jflyfox.component.util.JFlyFoxCache-init] ####缓存初始化开始......
6551 [17/07/04 20:29:06:163][main][com.jflyfox.system.dict.DictCache-init] ####数据字典Cache初始化......
6631 [17/07/04 20:29:06:243][main][com.jflyfox.system.user.UserCache-init] ####用户Cache初始化......
6671 [17/07/04 20:29:06:283][main][com.jflyfox.modules.admin.pageview.PageViewCache-init] ####PageViewCache初始化......
6731 [17/07/04 20:29:06:343][main][com.jflyfox.modules.admin.friendlylink.FriendlylinkCache-init] ####FriendlylinkCache初始化......
6765 [17/07/04 20:29:06:377][main][com.jflyfox.modules.admin.folder.FolderService-initMenuKey] ####目录Key初始化......
6807 [17/07/04 20:29:06:419][main][com.jflyfox.system.log.SysLog-init] ####日志配置初始化......
6811 [17/07/04 20:29:06:423][main][com.jflyfox.component.util.JFlyFoxCache-init] ####缓存初始化结束......
51945 [17/07/04 20:29:51:557][http-80-1][com.jflyfox.system.user.UserInterceptor-intercept] ####非法的请求
636504 [17/07/04 20:39:36:116][http-80-1][com.jflyfox.modules.admin.folder.FolderService-initMenuKey] ####目录Key初始化......
636631 [17/07/04 20:39:36:243][http-80-1][com.jflyfox.system.user.UserInterceptor-intercept] ####非法的请求
817448 [17/07/04 20:42:37:060][http-80-1][com.jflyfox.system.user.UserInterceptor-intercept] ####非法的请求
918155 [17/07/04 20:44:17:767][http-80-1][com.jflyfox.system.user.UserInterceptor-intercept] ####非法的请求
4079132 [17/07/04 21:36:58:744][http-80-1][com.jflyfox.modules.admin.folder.FolderService-initMenuKey] ####目录Key初始化......
4079260 [17/07/04 21:36:58:872][http-80-1][com.jflyfox.system.user.UserInterceptor-intercept] ####非法的请求
0 [17/07/04 22:01:59:333][main][com.mchange.v2.log.MLog-<clinit>] MLog clients using log4j logging.
1046 [17/07/04 22:02:00:379][main][com.mchange.v2.c3p0.C3P0Registry-banner] Initializing c3p0-0.9.1.2 [built 21-May-2007 15:04:56; debug? true; trace: 10]
1688 [17/07/04 22:02:01:021][main][com.mchange.v2.c3p0.impl.AbstractPoolBackedDataSource-getPoolManager] Initializing c3p0 pool... com.mchange.v2.c3p0.ComboPooledDataSource [ acquireIncrement -> 2, acquireRetryAttempts -> 30, acquireRetryDelay -> 1000, autoCommitOnClose -> false, automaticTestTable -> null, breakAfterAcquireFailure -> false, checkoutTimeout -> 0, connectionCustomizerClassName -> null, connectionTesterClassName -> com.mchange.v2.c3p0.impl.DefaultConnectionTester, dataSourceName -> 1b61iru9p3ux51zz53vmc|624bc592, debugUnreturnedConnectionStackTraces -> false, description -> null, driverClass -> com.mysql.jdbc.Driver, factoryClassLocation -> null, forceIgnoreUnresolvedTransactions -> false, identityToken -> 1b61iru9p3ux51zz53vmc|624bc592, idleConnectionTestPeriod -> 0, initialPoolSize -> 10, jdbcUrl -> jdbc:mysql://127.0.0.1:3306/hadoop, maxAdministrativeTaskTime -> 0, maxConnectionAge -> 0, maxIdleTime -> 20, maxIdleTimeExcessConnections -> 0, maxPoolSize -> 100, maxStatements -> 0, maxStatementsPerConnection -> 0, minPoolSize -> 10, numHelperThreads -> 3, numThreadsAwaitingCheckoutDefaultUser -> 0, preferredTestQuery -> null, properties -> {user=******, password=******}, propertyCycle -> 0, testConnectionOnCheckin -> false, testConnectionOnCheckout -> false, unreturnedConnectionTimeout -> 0, usesTraditionalReflectiveProxies -> false ]
4817 [17/07/04 22:02:04:150][main][com.jflyfox.component.util.JFlyFoxCache-init] ####缓存初始化开始......
5009 [17/07/04 22:02:04:342][main][com.jflyfox.system.dict.DictCache-init] ####数据字典Cache初始化......
5132 [17/07/04 22:02:04:465][main][com.jflyfox.system.user.UserCache-init] ####用户Cache初始化......
5185 [17/07/04 22:02:04:518][main][com.jflyfox.modules.admin.pageview.PageViewCache-init] ####PageViewCache初始化......
5232 [17/07/04 22:02:04:565][main][com.jflyfox.modules.admin.friendlylink.FriendlylinkCache-init] ####FriendlylinkCache初始化......
5268 [17/07/04 22:02:04:601][main][com.jflyfox.modules.admin.folder.FolderService-initMenuKey] ####目录Key初始化......
5292 [17/07/04 22:02:04:625][main][com.jflyfox.system.log.SysLog-init] ####日志配置初始化......
5295 [17/07/04 22:02:04:628][main][com.jflyfox.component.util.JFlyFoxCache-init] ####缓存初始化结束......
18750 [17/07/04 22:02:18:083][http-80-1][com.jflyfox.system.user.UserInterceptor-intercept] ####非法的请求
0 [17/07/04 22:29:21:063][main][com.mchange.v2.log.MLog-<clinit>] MLog clients using log4j logging.
569 [17/07/04 22:29:21:632][main][com.mchange.v2.c3p0.C3P0Registry-banner] Initializing c3p0-0.9.1.2 [built 21-May-2007 15:04:56; debug? true; trace: 10]
765 [17/07/04 22:29:21:828][main][com.mchange.v2.c3p0.impl.AbstractPoolBackedDataSource-getPoolManager] Initializing c3p0 pool... com.mchange.v2.c3p0.ComboPooledDataSource [ acquireIncrement -> 2, acquireRetryAttempts -> 30, acquireRetryDelay -> 1000, autoCommitOnClose -> false, automaticTestTable -> null, breakAfterAcquireFailure -> false, checkoutTimeout -> 0, connectionCustomizerClassName -> null, connectionTesterClassName -> com.mchange.v2.c3p0.impl.DefaultConnectionTester, dataSourceName -> 1b61iru9p3vwbt4pkrc9y|d8011e4, debugUnreturnedConnectionStackTraces -> false, description -> null, driverClass -> com.mysql.jdbc.Driver, factoryClassLocation -> null, forceIgnoreUnresolvedTransactions -> false, identityToken -> 1b61iru9p3vwbt4pkrc9y|d8011e4, idleConnectionTestPeriod -> 0, initialPoolSize -> 10, jdbcUrl -> jdbc:mysql://127.0.0.1:3306/hadoop, maxAdministrativeTaskTime -> 0, maxConnectionAge -> 0, maxIdleTime -> 20, maxIdleTimeExcessConnections -> 0, maxPoolSize -> 100, maxStatements -> 0, maxStatementsPerConnection -> 0, minPoolSize -> 10, numHelperThreads -> 3, numThreadsAwaitingCheckoutDefaultUser -> 0, preferredTestQuery -> null, properties -> {user=******, password=******}, propertyCycle -> 0, testConnectionOnCheckin -> false, testConnectionOnCheckout -> false, unreturnedConnectionTimeout -> 0, usesTraditionalReflectiveProxies -> false ]
2647 [17/07/04 22:29:23:710][main][com.jflyfox.component.util.JFlyFoxCache-init] ####缓存初始化开始......
3039 [17/07/04 22:29:24:102][main][com.jflyfox.system.dict.DictCache-init] ####数据字典Cache初始化......
3100 [17/07/04 22:29:24:163][main][com.jflyfox.system.user.UserCache-init] ####用户Cache初始化......
3121 [17/07/04 22:29:24:184][main][com.jflyfox.modules.admin.pageview.PageViewCache-init] ####PageViewCache初始化......
3135 [17/07/04 22:29:24:198][main][com.jflyfox.modules.admin.friendlylink.FriendlylinkCache-init] ####FriendlylinkCache初始化......
3154 [17/07/04 22:29:24:217][main][com.jflyfox.modules.admin.folder.FolderService-initMenuKey] ####目录Key初始化......
3172 [17/07/04 22:29:24:235][main][com.jflyfox.system.log.SysLog-init] ####日志配置初始化......
3175 [17/07/04 22:29:24:238][main][com.jflyfox.component.util.JFlyFoxCache-init] ####缓存初始化结束......
76360 [17/07/04 22:30:37:423][http-80-1][com.jflyfox.system.user.UserInterceptor-intercept] ####非法的请求
