0 [17/07/06 10:30:47:607][main][com.mchange.v2.log.MLog-<clinit>] MLog clients using log4j logging.
502 [17/07/06 10:30:48:109][main][com.mchange.v2.c3p0.C3P0Registry-banner] Initializing c3p0-0.9.1.2 [built 21-May-2007 15:04:56; debug? true; trace: 10]
759 [17/07/06 10:30:48:366][main][com.mchange.v2.c3p0.impl.AbstractPoolBackedDataSource-getPoolManager] Initializing c3p0 pool... com.mchange.v2.c3p0.ComboPooledDataSource [ acquireIncrement -> 2, acquireRetryAttempts -> 30, acquireRetryDelay -> 1000, autoCommitOnClose -> false, automaticTestTable -> null, breakAfterAcquireFailure -> false, checkoutTimeout -> 0, connectionCustomizerClassName -> null, connectionTesterClassName -> com.mchange.v2.c3p0.impl.DefaultConnectionTester, dataSourceName -> 1hge4u99p613yij1ipbksm|1e98ee48, debugUnreturnedConnectionStackTraces -> false, description -> null, driverClass -> com.mysql.jdbc.Driver, factoryClassLocation -> null, forceIgnoreUnresolvedTransactions -> false, identityToken -> 1hge4u99p613yij1ipbksm|1e98ee48, idleConnectionTestPeriod -> 0, initialPoolSize -> 10, jdbcUrl -> jdbc:mysql://127.0.0.1:3306/hadoop, maxAdministrativeTaskTime -> 0, maxConnectionAge -> 0, maxIdleTime -> 20, maxIdleTimeExcessConnections -> 0, maxPoolSize -> 100, maxStatements -> 0, maxStatementsPerConnection -> 0, minPoolSize -> 10, numHelperThreads -> 3, numThreadsAwaitingCheckoutDefaultUser -> 0, preferredTestQuery -> null, properties -> {user=******, password=******}, propertyCycle -> 0, testConnectionOnCheckin -> false, testConnectionOnCheckout -> false, unreturnedConnectionTimeout -> 0, usesTraditionalReflectiveProxies -> false ]
9285 [17/07/06 10:30:56:892][main][com.jflyfox.component.util.JFlyFoxCache-init] ####缓存初始化开始......
9389 [17/07/06 10:30:56:996][main][com.jflyfox.system.dict.DictCache-init] ####数据字典Cache初始化......
9508 [17/07/06 10:30:57:115][main][com.jflyfox.system.user.UserCache-init] ####用户Cache初始化......
9520 [17/07/06 10:30:57:127][main][com.jflyfox.modules.admin.pageview.PageViewCache-init] ####PageViewCache初始化......
9524 [17/07/06 10:30:57:131][main][com.jflyfox.modules.admin.friendlylink.FriendlylinkCache-init] ####FriendlylinkCache初始化......
9537 [17/07/06 10:30:57:144][main][com.jflyfox.modules.admin.folder.FolderService-initMenuKey] ####目录Key初始化......
9545 [17/07/06 10:30:57:152][main][com.jflyfox.system.log.SysLog-init] ####日志配置初始化......
9548 [17/07/06 10:30:57:155][main][com.jflyfox.component.util.JFlyFoxCache-init] ####缓存初始化结束......
878505 [17/07/06 10:45:26:112][http-80-1][com.jflyfox.modules.admin.folder.FolderService-initMenuKey] ####目录Key初始化......
878536 [17/07/06 10:45:26:143][http-80-1][com.jflyfox.system.user.UserInterceptor-intercept] ####非法的请求
902923 [17/07/06 10:45:50:530][http-80-1][com.jflyfox.system.user.UserInterceptor-intercept] ####非法的请求
0 [17/07/06 15:11:09:568][main][com.mchange.v2.log.MLog-<clinit>] MLog clients using log4j logging.
2547 [17/07/06 15:11:12:115][main][com.mchange.v2.c3p0.C3P0Registry-banner] Initializing c3p0-0.9.1.2 [built 21-May-2007 15:04:56; debug? true; trace: 10]
3642 [17/07/06 15:11:13:210][main][com.mchange.v2.c3p0.impl.AbstractPoolBackedDataSource-getPoolManager] Initializing c3p0 pool... com.mchange.v2.c3p0.ComboPooledDataSource [ acquireIncrement -> 2, acquireRetryAttempts -> 30, acquireRetryDelay -> 1000, autoCommitOnClose -> false, automaticTestTable -> null, breakAfterAcquireFailure -> false, checkoutTimeout -> 0, connectionCustomizerClassName -> null, connectionTesterClassName -> com.mchange.v2.c3p0.impl.DefaultConnectionTester, dataSourceName -> 1hge4u99p6b4j6d2lj3v6|4ad1ca85, debugUnreturnedConnectionStackTraces -> false, description -> null, driverClass -> com.mysql.jdbc.Driver, factoryClassLocation -> null, forceIgnoreUnresolvedTransactions -> false, identityToken -> 1hge4u99p6b4j6d2lj3v6|4ad1ca85, idleConnectionTestPeriod -> 0, initialPoolSize -> 10, jdbcUrl -> jdbc:mysql://127.0.0.1:3306/hadoop, maxAdministrativeTaskTime -> 0, maxConnectionAge -> 0, maxIdleTime -> 20, maxIdleTimeExcessConnections -> 0, maxPoolSize -> 100, maxStatements -> 0, maxStatementsPerConnection -> 0, minPoolSize -> 10, numHelperThreads -> 3, numThreadsAwaitingCheckoutDefaultUser -> 0, preferredTestQuery -> null, properties -> {user=******, password=******}, propertyCycle -> 0, testConnectionOnCheckin -> false, testConnectionOnCheckout -> false, unreturnedConnectionTimeout -> 0, usesTraditionalReflectiveProxies -> false ]
7611 [17/07/06 15:11:17:179][main][com.jflyfox.component.util.JFlyFoxCache-init] ####缓存初始化开始......
7797 [17/07/06 15:11:17:365][main][com.jflyfox.system.dict.DictCache-init] ####数据字典Cache初始化......
7856 [17/07/06 15:11:17:424][main][com.jflyfox.system.user.UserCache-init] ####用户Cache初始化......
8224 [17/07/06 15:11:17:792][main][com.jflyfox.modules.admin.pageview.PageViewCache-init] ####PageViewCache初始化......
8251 [17/07/06 15:11:17:819][main][com.jflyfox.modules.admin.friendlylink.FriendlylinkCache-init] ####FriendlylinkCache初始化......
8260 [17/07/06 15:11:17:828][main][com.jflyfox.modules.admin.folder.FolderService-initMenuKey] ####目录Key初始化......
8266 [17/07/06 15:11:17:834][main][com.jflyfox.system.log.SysLog-init] ####日志配置初始化......
8268 [17/07/06 15:11:17:836][main][com.jflyfox.component.util.JFlyFoxCache-init] ####缓存初始化结束......
451305 [17/07/06 15:18:40:873][http-80-1][com.jflyfox.modules.admin.folder.FolderService-initMenuKey] ####目录Key初始化......
451441 [17/07/06 15:18:41:009][http-80-1][com.jflyfox.system.user.UserInterceptor-intercept] ####非法的请求
471985 [17/07/06 15:19:01:553][http-80-1][com.jflyfox.system.user.UserInterceptor-intercept] ####非法的请求
0 [17/07/06 15:35:57:449][main][com.mchange.v2.log.MLog-<clinit>] MLog clients using log4j logging.
862 [17/07/06 15:35:58:311][main][com.mchange.v2.c3p0.C3P0Registry-banner] Initializing c3p0-0.9.1.2 [built 21-May-2007 15:04:56; debug? true; trace: 10]
1363 [17/07/06 15:35:58:812][main][com.mchange.v2.c3p0.impl.AbstractPoolBackedDataSource-getPoolManager] Initializing c3p0 pool... com.mchange.v2.c3p0.ComboPooledDataSource [ acquireIncrement -> 2, acquireRetryAttempts -> 30, acquireRetryDelay -> 1000, autoCommitOnClose -> false, automaticTestTable -> null, breakAfterAcquireFailure -> false, checkoutTimeout -> 0, connectionCustomizerClassName -> null, connectionTesterClassName -> com.mchange.v2.c3p0.impl.DefaultConnectionTester, dataSourceName -> 1hge4u99p6c0ejeh5u7em|4ad1ca85, debugUnreturnedConnectionStackTraces -> false, description -> null, driverClass -> com.mysql.jdbc.Driver, factoryClassLocation -> null, forceIgnoreUnresolvedTransactions -> false, identityToken -> 1hge4u99p6c0ejeh5u7em|4ad1ca85, idleConnectionTestPeriod -> 0, initialPoolSize -> 10, jdbcUrl -> jdbc:mysql://127.0.0.1:3306/hadoop, maxAdministrativeTaskTime -> 0, maxConnectionAge -> 0, maxIdleTime -> 20, maxIdleTimeExcessConnections -> 0, maxPoolSize -> 100, maxStatements -> 0, maxStatementsPerConnection -> 0, minPoolSize -> 10, numHelperThreads -> 3, numThreadsAwaitingCheckoutDefaultUser -> 0, preferredTestQuery -> null, properties -> {user=******, password=******}, propertyCycle -> 0, testConnectionOnCheckin -> false, testConnectionOnCheckout -> false, unreturnedConnectionTimeout -> 0, usesTraditionalReflectiveProxies -> false ]
3179 [17/07/06 15:36:00:628][main][com.jflyfox.component.util.JFlyFoxCache-init] ####缓存初始化开始......
3277 [17/07/06 15:36:00:726][main][com.jflyfox.system.dict.DictCache-init] ####数据字典Cache初始化......
3895 [17/07/06 15:36:01:344][main][com.jflyfox.system.user.UserCache-init] ####用户Cache初始化......
3905 [17/07/06 15:36:01:354][main][com.jflyfox.modules.admin.pageview.PageViewCache-init] ####PageViewCache初始化......
3909 [17/07/06 15:36:01:358][main][com.jflyfox.modules.admin.friendlylink.FriendlylinkCache-init] ####FriendlylinkCache初始化......
3958 [17/07/06 15:36:01:407][main][com.jflyfox.modules.admin.folder.FolderService-initMenuKey] ####目录Key初始化......
3967 [17/07/06 15:36:01:416][main][com.jflyfox.system.log.SysLog-init] ####日志配置初始化......
3982 [17/07/06 15:36:01:431][main][com.jflyfox.component.util.JFlyFoxCache-init] ####缓存初始化结束......
1666678 [17/07/06 16:03:44:127][http-80-1][com.jflyfox.modules.admin.folder.FolderService-initMenuKey] ####目录Key初始化......
1666714 [17/07/06 16:03:44:163][http-80-1][com.jflyfox.system.user.UserInterceptor-intercept] ####非法的请求
4330943 [17/07/06 16:48:08:392][http-80-1][com.jflyfox.modules.admin.folder.FolderService-initMenuKey] ####目录Key初始化......
4330995 [17/07/06 16:48:08:444][http-80-1][com.jflyfox.system.user.UserInterceptor-intercept] ####非法的请求
