0 [17/07/15 09:32:39:020][main][com.mchange.v2.log.MLog-<clinit>] MLog clients using log4j logging.
53 [17/07/15 09:32:39:073][main][com.mchange.v2.c3p0.C3P0Registry-banner] Initializing c3p0-0.9.1.2 [built 21-May-2007 15:04:56; debug? true; trace: 10]
254 [17/07/15 09:32:39:274][main][com.mchange.v2.c3p0.impl.AbstractPoolBackedDataSource-getPoolManager] Initializing c3p0 pool... com.mchange.v2.c3p0.ComboPooledDataSource [ acquireIncrement -> 2, acquireRetryAttempts -> 30, acquireRetryDelay -> 1000, autoCommitOnClose -> false, automaticTestTable -> null, breakAfterAcquireFailure -> false, checkoutTimeout -> 0, connectionCustomizerClassName -> null, connectionTesterClassName -> com.mchange.v2.c3p0.impl.DefaultConnectionTester, dataSourceName -> 1hge1539pitzuok13reg2m|584c289b, debugUnreturnedConnectionStackTraces -> false, description -> null, driverClass -> com.mysql.jdbc.Driver, factoryClassLocation -> null, forceIgnoreUnresolvedTransactions -> false, identityToken -> 1hge1539pitzuok13reg2m|584c289b, idleConnectionTestPeriod -> 0, initialPoolSize -> 10, jdbcUrl -> jdbc:mysql://127.0.0.1:3306/hadoop, maxAdministrativeTaskTime -> 0, maxConnectionAge -> 0, maxIdleTime -> 20, maxIdleTimeExcessConnections -> 0, maxPoolSize -> 100, maxStatements -> 0, maxStatementsPerConnection -> 0, minPoolSize -> 10, numHelperThreads -> 3, numThreadsAwaitingCheckoutDefaultUser -> 0, preferredTestQuery -> null, properties -> {user=******, password=******}, propertyCycle -> 0, testConnectionOnCheckin -> false, testConnectionOnCheckout -> false, unreturnedConnectionTimeout -> 0, usesTraditionalReflectiveProxies -> false ]
1151 [17/07/15 09:32:40:171][main][com.jflyfox.component.util.JFlyFoxCache-init] ####缓存初始化开始......
1197 [17/07/15 09:32:40:217][main][com.jflyfox.system.dict.DictCache-init] ####数据字典Cache初始化......
1235 [17/07/15 09:32:40:255][main][com.jflyfox.system.user.UserCache-init] ####用户Cache初始化......
1245 [17/07/15 09:32:40:265][main][com.jflyfox.modules.admin.pageview.PageViewCache-init] ####PageViewCache初始化......
1247 [17/07/15 09:32:40:267][main][com.jflyfox.modules.admin.friendlylink.FriendlylinkCache-init] ####FriendlylinkCache初始化......
1256 [17/07/15 09:32:40:276][main][com.jflyfox.modules.admin.folder.FolderService-initMenuKey] ####目录Key初始化......
1261 [17/07/15 09:32:40:281][main][com.jflyfox.system.log.SysLog-init] ####日志配置初始化......
1263 [17/07/15 09:32:40:283][main][com.jflyfox.component.util.JFlyFoxCache-init] ####缓存初始化结束......
175802 [17/07/15 09:35:34:822][http-8088-1][com.jflyfox.system.user.UserInterceptor-intercept] ####非法的请求
209634 [17/07/15 09:36:08:654][http-8088-1][com.jflyfox.system.user.UserInterceptor-intercept] ####非法的请求
0 [17/07/15 16:22:45:382][main][com.mchange.v2.log.MLog-<clinit>] MLog clients using log4j logging.
25 [17/07/15 16:22:45:407][main][com.mchange.v2.c3p0.C3P0Registry-banner] Initializing c3p0-0.9.1.2 [built 21-May-2007 15:04:56; debug? true; trace: 10]
96 [17/07/15 16:22:45:478][main][com.mchange.v2.c3p0.impl.AbstractPoolBackedDataSource-getPoolManager] Initializing c3p0 pool... com.mchange.v2.c3p0.ComboPooledDataSource [ acquireIncrement -> 2, acquireRetryAttempts -> 30, acquireRetryDelay -> 1000, autoCommitOnClose -> false, automaticTestTable -> null, breakAfterAcquireFailure -> false, checkoutTimeout -> 0, connectionCustomizerClassName -> null, connectionTesterClassName -> com.mchange.v2.c3p0.impl.DefaultConnectionTester, dataSourceName -> 1hge1539pj8n9201qmbbxu|584c289b, debugUnreturnedConnectionStackTraces -> false, description -> null, driverClass -> com.mysql.jdbc.Driver, factoryClassLocation -> null, forceIgnoreUnresolvedTransactions -> false, identityToken -> 1hge1539pj8n9201qmbbxu|584c289b, idleConnectionTestPeriod -> 0, initialPoolSize -> 10, jdbcUrl -> jdbc:mysql://127.0.0.1:3306/hadoop, maxAdministrativeTaskTime -> 0, maxConnectionAge -> 0, maxIdleTime -> 20, maxIdleTimeExcessConnections -> 0, maxPoolSize -> 100, maxStatements -> 0, maxStatementsPerConnection -> 0, minPoolSize -> 10, numHelperThreads -> 3, numThreadsAwaitingCheckoutDefaultUser -> 0, preferredTestQuery -> null, properties -> {user=******, password=******}, propertyCycle -> 0, testConnectionOnCheckin -> false, testConnectionOnCheckout -> false, unreturnedConnectionTimeout -> 0, usesTraditionalReflectiveProxies -> false ]
574 [17/07/15 16:22:45:956][main][com.jflyfox.component.util.JFlyFoxCache-init] ####缓存初始化开始......
596 [17/07/15 16:22:45:978][main][com.jflyfox.system.dict.DictCache-init] ####数据字典Cache初始化......
611 [17/07/15 16:22:45:993][main][com.jflyfox.system.user.UserCache-init] ####用户Cache初始化......
617 [17/07/15 16:22:45:999][main][com.jflyfox.modules.admin.pageview.PageViewCache-init] ####PageViewCache初始化......
623 [17/07/15 16:22:46:005][main][com.jflyfox.modules.admin.friendlylink.FriendlylinkCache-init] ####FriendlylinkCache初始化......
634 [17/07/15 16:22:46:016][main][com.jflyfox.modules.admin.folder.FolderService-initMenuKey] ####目录Key初始化......
641 [17/07/15 16:22:46:023][main][com.jflyfox.system.log.SysLog-init] ####日志配置初始化......
645 [17/07/15 16:22:46:027][main][com.jflyfox.component.util.JFlyFoxCache-init] ####缓存初始化结束......
169683 [17/07/15 16:25:35:065][http-8088-1][com.jflyfox.system.user.UserInterceptor-intercept] ####非法的请求
0 [17/07/15 17:18:45:145][main][com.mchange.v2.log.MLog-<clinit>] MLog clients using log4j logging.
31 [17/07/15 17:18:45:176][main][com.mchange.v2.c3p0.C3P0Registry-banner] Initializing c3p0-0.9.1.2 [built 21-May-2007 15:04:56; debug? true; trace: 10]
97 [17/07/15 17:18:45:242][main][com.mchange.v2.c3p0.impl.AbstractPoolBackedDataSource-getPoolManager] Initializing c3p0 pool... com.mchange.v2.c3p0.ComboPooledDataSource [ acquireIncrement -> 2, acquireRetryAttempts -> 30, acquireRetryDelay -> 1000, autoCommitOnClose -> false, automaticTestTable -> null, breakAfterAcquireFailure -> false, checkoutTimeout -> 0, connectionCustomizerClassName -> null, connectionTesterClassName -> com.mchange.v2.c3p0.impl.DefaultConnectionTester, dataSourceName -> 1hge1539pjan9gz19x77p9|584c289b, debugUnreturnedConnectionStackTraces -> false, description -> null, driverClass -> com.mysql.jdbc.Driver, factoryClassLocation -> null, forceIgnoreUnresolvedTransactions -> false, identityToken -> 1hge1539pjan9gz19x77p9|584c289b, idleConnectionTestPeriod -> 0, initialPoolSize -> 10, jdbcUrl -> jdbc:mysql://127.0.0.1:3306/hadoop, maxAdministrativeTaskTime -> 0, maxConnectionAge -> 0, maxIdleTime -> 20, maxIdleTimeExcessConnections -> 0, maxPoolSize -> 100, maxStatements -> 0, maxStatementsPerConnection -> 0, minPoolSize -> 10, numHelperThreads -> 3, numThreadsAwaitingCheckoutDefaultUser -> 0, preferredTestQuery -> null, properties -> {user=******, password=******}, propertyCycle -> 0, testConnectionOnCheckin -> false, testConnectionOnCheckout -> false, unreturnedConnectionTimeout -> 0, usesTraditionalReflectiveProxies -> false ]
559 [17/07/15 17:18:45:704][main][com.jflyfox.component.util.JFlyFoxCache-init] ####缓存初始化开始......
581 [17/07/15 17:18:45:726][main][com.jflyfox.system.dict.DictCache-init] ####数据字典Cache初始化......
596 [17/07/15 17:18:45:741][main][com.jflyfox.system.user.UserCache-init] ####用户Cache初始化......
601 [17/07/15 17:18:45:746][main][com.jflyfox.modules.admin.pageview.PageViewCache-init] ####PageViewCache初始化......
604 [17/07/15 17:18:45:749][main][com.jflyfox.modules.admin.friendlylink.FriendlylinkCache-init] ####FriendlylinkCache初始化......
612 [17/07/15 17:18:45:757][main][com.jflyfox.modules.admin.folder.FolderService-initMenuKey] ####目录Key初始化......
617 [17/07/15 17:18:45:762][main][com.jflyfox.system.log.SysLog-init] ####日志配置初始化......
618 [17/07/15 17:18:45:763][main][com.jflyfox.component.util.JFlyFoxCache-init] ####缓存初始化结束......
11302 [17/07/15 17:18:56:447][http-8088-1][com.jflyfox.system.user.UserInterceptor-intercept] ####非法的请求
0 [17/07/15 17:20:03:804][main][com.mchange.v2.log.MLog-<clinit>] MLog clients using log4j logging.
26 [17/07/15 17:20:03:830][main][com.mchange.v2.c3p0.C3P0Registry-banner] Initializing c3p0-0.9.1.2 [built 21-May-2007 15:04:56; debug? true; trace: 10]
88 [17/07/15 17:20:03:892][main][com.mchange.v2.c3p0.impl.AbstractPoolBackedDataSource-getPoolManager] Initializing c3p0 pool... com.mchange.v2.c3p0.ComboPooledDataSource [ acquireIncrement -> 2, acquireRetryAttempts -> 30, acquireRetryDelay -> 1000, autoCommitOnClose -> false, automaticTestTable -> null, breakAfterAcquireFailure -> false, checkoutTimeout -> 0, connectionCustomizerClassName -> null, connectionTesterClassName -> com.mchange.v2.c3p0.impl.DefaultConnectionTester, dataSourceName -> 1hge1539pjaoy5szmapuk|584c289b, debugUnreturnedConnectionStackTraces -> false, description -> null, driverClass -> com.mysql.jdbc.Driver, factoryClassLocation -> null, forceIgnoreUnresolvedTransactions -> false, identityToken -> 1hge1539pjaoy5szmapuk|584c289b, idleConnectionTestPeriod -> 0, initialPoolSize -> 10, jdbcUrl -> jdbc:mysql://127.0.0.1:3306/hadoop, maxAdministrativeTaskTime -> 0, maxConnectionAge -> 0, maxIdleTime -> 20, maxIdleTimeExcessConnections -> 0, maxPoolSize -> 100, maxStatements -> 0, maxStatementsPerConnection -> 0, minPoolSize -> 10, numHelperThreads -> 3, numThreadsAwaitingCheckoutDefaultUser -> 0, preferredTestQuery -> null, properties -> {user=******, password=******}, propertyCycle -> 0, testConnectionOnCheckin -> false, testConnectionOnCheckout -> false, unreturnedConnectionTimeout -> 0, usesTraditionalReflectiveProxies -> false ]
529 [17/07/15 17:20:04:333][main][com.jflyfox.component.util.JFlyFoxCache-init] ####缓存初始化开始......
555 [17/07/15 17:20:04:359][main][com.jflyfox.system.dict.DictCache-init] ####数据字典Cache初始化......
571 [17/07/15 17:20:04:375][main][com.jflyfox.system.user.UserCache-init] ####用户Cache初始化......
576 [17/07/15 17:20:04:380][main][com.jflyfox.modules.admin.pageview.PageViewCache-init] ####PageViewCache初始化......
579 [17/07/15 17:20:04:383][main][com.jflyfox.modules.admin.friendlylink.FriendlylinkCache-init] ####FriendlylinkCache初始化......
585 [17/07/15 17:20:04:389][main][com.jflyfox.modules.admin.folder.FolderService-initMenuKey] ####目录Key初始化......
589 [17/07/15 17:20:04:393][main][com.jflyfox.system.log.SysLog-init] ####日志配置初始化......
591 [17/07/15 17:20:04:395][main][com.jflyfox.component.util.JFlyFoxCache-init] ####缓存初始化结束......
48267 [17/07/15 17:20:52:071][http-8088-1][com.jflyfox.system.user.UserInterceptor-intercept] ####非法的请求
0 [17/07/15 17:23:52:438][main][com.mchange.v2.log.MLog-<clinit>] MLog clients using log4j logging.
26 [17/07/15 17:23:52:464][main][com.mchange.v2.c3p0.C3P0Registry-banner] Initializing c3p0-0.9.1.2 [built 21-May-2007 15:04:56; debug? true; trace: 10]
89 [17/07/15 17:23:52:527][main][com.mchange.v2.c3p0.impl.AbstractPoolBackedDataSource-getPoolManager] Initializing c3p0 pool... com.mchange.v2.c3p0.ComboPooledDataSource [ acquireIncrement -> 2, acquireRetryAttempts -> 30, acquireRetryDelay -> 1000, autoCommitOnClose -> false, automaticTestTable -> null, breakAfterAcquireFailure -> false, checkoutTimeout -> 0, connectionCustomizerClassName -> null, connectionTesterClassName -> com.mchange.v2.c3p0.impl.DefaultConnectionTester, dataSourceName -> 1hge1539pjatukpldkue1|584c289b, debugUnreturnedConnectionStackTraces -> false, description -> null, driverClass -> com.mysql.jdbc.Driver, factoryClassLocation -> null, forceIgnoreUnresolvedTransactions -> false, identityToken -> 1hge1539pjatukpldkue1|584c289b, idleConnectionTestPeriod -> 0, initialPoolSize -> 10, jdbcUrl -> jdbc:mysql://127.0.0.1:3306/hadoop, maxAdministrativeTaskTime -> 0, maxConnectionAge -> 0, maxIdleTime -> 20, maxIdleTimeExcessConnections -> 0, maxPoolSize -> 100, maxStatements -> 0, maxStatementsPerConnection -> 0, minPoolSize -> 10, numHelperThreads -> 3, numThreadsAwaitingCheckoutDefaultUser -> 0, preferredTestQuery -> null, properties -> {user=******, password=******}, propertyCycle -> 0, testConnectionOnCheckin -> false, testConnectionOnCheckout -> false, unreturnedConnectionTimeout -> 0, usesTraditionalReflectiveProxies -> false ]
539 [17/07/15 17:23:52:977][main][com.jflyfox.component.util.JFlyFoxCache-init] ####缓存初始化开始......
561 [17/07/15 17:23:52:999][main][com.jflyfox.system.dict.DictCache-init] ####数据字典Cache初始化......
573 [17/07/15 17:23:53:011][main][com.jflyfox.system.user.UserCache-init] ####用户Cache初始化......
579 [17/07/15 17:23:53:017][main][com.jflyfox.modules.admin.pageview.PageViewCache-init] ####PageViewCache初始化......
581 [17/07/15 17:23:53:019][main][com.jflyfox.modules.admin.friendlylink.FriendlylinkCache-init] ####FriendlylinkCache初始化......
586 [17/07/15 17:23:53:024][main][com.jflyfox.modules.admin.folder.FolderService-initMenuKey] ####目录Key初始化......
592 [17/07/15 17:23:53:030][main][com.jflyfox.system.log.SysLog-init] ####日志配置初始化......
595 [17/07/15 17:23:53:033][main][com.jflyfox.component.util.JFlyFoxCache-init] ####缓存初始化结束......
6727 [17/07/15 17:23:59:165][http-8088-1][com.jflyfox.system.user.UserInterceptor-intercept] ####非法的请求
18432 [17/07/15 17:24:10:870][http-8088-6][com.jflyfox.system.user.UserInterceptor-intercept] ####非法的请求
0 [17/07/15 17:26:17:579][main][com.mchange.v2.log.MLog-<clinit>] MLog clients using log4j logging.
27 [17/07/15 17:26:17:606][main][com.mchange.v2.c3p0.C3P0Registry-banner] Initializing c3p0-0.9.1.2 [built 21-May-2007 15:04:56; debug? true; trace: 10]
94 [17/07/15 17:26:17:673][main][com.mchange.v2.c3p0.impl.AbstractPoolBackedDataSource-getPoolManager] Initializing c3p0 pool... com.mchange.v2.c3p0.ComboPooledDataSource [ acquireIncrement -> 2, acquireRetryAttempts -> 30, acquireRetryDelay -> 1000, autoCommitOnClose -> false, automaticTestTable -> null, breakAfterAcquireFailure -> false, checkoutTimeout -> 0, connectionCustomizerClassName -> null, connectionTesterClassName -> com.mchange.v2.c3p0.impl.DefaultConnectionTester, dataSourceName -> 1hge1539pjawykglansps|584c289b, debugUnreturnedConnectionStackTraces -> false, description -> null, driverClass -> com.mysql.jdbc.Driver, factoryClassLocation -> null, forceIgnoreUnresolvedTransactions -> false, identityToken -> 1hge1539pjawykglansps|584c289b, idleConnectionTestPeriod -> 0, initialPoolSize -> 10, jdbcUrl -> jdbc:mysql://127.0.0.1:3306/hadoop, maxAdministrativeTaskTime -> 0, maxConnectionAge -> 0, maxIdleTime -> 20, maxIdleTimeExcessConnections -> 0, maxPoolSize -> 100, maxStatements -> 0, maxStatementsPerConnection -> 0, minPoolSize -> 10, numHelperThreads -> 3, numThreadsAwaitingCheckoutDefaultUser -> 0, preferredTestQuery -> null, properties -> {user=******, password=******}, propertyCycle -> 0, testConnectionOnCheckin -> false, testConnectionOnCheckout -> false, unreturnedConnectionTimeout -> 0, usesTraditionalReflectiveProxies -> false ]
515 [17/07/15 17:26:18:094][main][com.jflyfox.component.util.JFlyFoxCache-init] ####缓存初始化开始......
534 [17/07/15 17:26:18:113][main][com.jflyfox.system.dict.DictCache-init] ####数据字典Cache初始化......
546 [17/07/15 17:26:18:125][main][com.jflyfox.system.user.UserCache-init] ####用户Cache初始化......
551 [17/07/15 17:26:18:130][main][com.jflyfox.modules.admin.pageview.PageViewCache-init] ####PageViewCache初始化......
553 [17/07/15 17:26:18:132][main][com.jflyfox.modules.admin.friendlylink.FriendlylinkCache-init] ####FriendlylinkCache初始化......
562 [17/07/15 17:26:18:141][main][com.jflyfox.modules.admin.folder.FolderService-initMenuKey] ####目录Key初始化......
567 [17/07/15 17:26:18:146][main][com.jflyfox.system.log.SysLog-init] ####日志配置初始化......
569 [17/07/15 17:26:18:148][main][com.jflyfox.component.util.JFlyFoxCache-init] ####缓存初始化结束......
1065 [17/07/15 17:26:18:644][http-8088-1][com.jflyfox.system.user.UserInterceptor-intercept] ####非法的请求
23171 [17/07/15 17:26:40:750][http-8088-2][com.jflyfox.system.user.UserInterceptor-intercept] ####非法的请求
29116 [17/07/15 17:26:46:695][http-8088-4][com.jflyfox.system.user.UserInterceptor-intercept] ####非法的请求
490246 [17/07/15 17:34:27:825][http-8088-1][com.jflyfox.modules.admin.folder.FolderService-initMenuKey] ####目录Key初始化......
490250 [17/07/15 17:34:27:829][http-8088-1][com.jflyfox.system.user.UserInterceptor-intercept] ####非法的请求
0 [17/07/15 17:34:46:031][main][com.mchange.v2.log.MLog-<clinit>] MLog clients using log4j logging.
23 [17/07/15 17:34:46:054][main][com.mchange.v2.c3p0.C3P0Registry-banner] Initializing c3p0-0.9.1.2 [built 21-May-2007 15:04:56; debug? true; trace: 10]
106 [17/07/15 17:34:46:137][main][com.mchange.v2.c3p0.impl.AbstractPoolBackedDataSource-getPoolManager] Initializing c3p0 pool... com.mchange.v2.c3p0.ComboPooledDataSource [ acquireIncrement -> 2, acquireRetryAttempts -> 30, acquireRetryDelay -> 1000, autoCommitOnClose -> false, automaticTestTable -> null, breakAfterAcquireFailure -> false, checkoutTimeout -> 0, connectionCustomizerClassName -> null, connectionTesterClassName -> com.mchange.v2.c3p0.impl.DefaultConnectionTester, dataSourceName -> 1hge1539pjb7uw012q7f1l|584c289b, debugUnreturnedConnectionStackTraces -> false, description -> null, driverClass -> com.mysql.jdbc.Driver, factoryClassLocation -> null, forceIgnoreUnresolvedTransactions -> false, identityToken -> 1hge1539pjb7uw012q7f1l|584c289b, idleConnectionTestPeriod -> 0, initialPoolSize -> 10, jdbcUrl -> jdbc:mysql://127.0.0.1:3306/hadoop, maxAdministrativeTaskTime -> 0, maxConnectionAge -> 0, maxIdleTime -> 20, maxIdleTimeExcessConnections -> 0, maxPoolSize -> 100, maxStatements -> 0, maxStatementsPerConnection -> 0, minPoolSize -> 10, numHelperThreads -> 3, numThreadsAwaitingCheckoutDefaultUser -> 0, preferredTestQuery -> null, properties -> {user=******, password=******}, propertyCycle -> 0, testConnectionOnCheckin -> false, testConnectionOnCheckout -> false, unreturnedConnectionTimeout -> 0, usesTraditionalReflectiveProxies -> false ]
516 [17/07/15 17:34:46:547][main][com.jflyfox.component.util.JFlyFoxCache-init] ####缓存初始化开始......
536 [17/07/15 17:34:46:567][main][com.jflyfox.system.dict.DictCache-init] ####数据字典Cache初始化......
546 [17/07/15 17:34:46:577][main][com.jflyfox.system.user.UserCache-init] ####用户Cache初始化......
550 [17/07/15 17:34:46:581][main][com.jflyfox.modules.admin.pageview.PageViewCache-init] ####PageViewCache初始化......
553 [17/07/15 17:34:46:584][main][com.jflyfox.modules.admin.friendlylink.FriendlylinkCache-init] ####FriendlylinkCache初始化......
557 [17/07/15 17:34:46:588][main][com.jflyfox.modules.admin.folder.FolderService-initMenuKey] ####目录Key初始化......
560 [17/07/15 17:34:46:591][main][com.jflyfox.system.log.SysLog-init] ####日志配置初始化......
561 [17/07/15 17:34:46:592][main][com.jflyfox.component.util.JFlyFoxCache-init] ####缓存初始化结束......
56977 [17/07/15 17:35:43:008][http-8088-1][com.jflyfox.system.user.UserInterceptor-intercept] ####非法的请求
62017 [17/07/15 17:35:48:048][http-8088-4][com.jflyfox.system.user.UserInterceptor-intercept] ####非法的请求
0 [17/07/15 17:37:36:583][main][com.mchange.v2.log.MLog-<clinit>] MLog clients using log4j logging.
24 [17/07/15 17:37:36:607][main][com.mchange.v2.c3p0.C3P0Registry-banner] Initializing c3p0-0.9.1.2 [built 21-May-2007 15:04:56; debug? true; trace: 10]
87 [17/07/15 17:37:36:670][main][com.mchange.v2.c3p0.impl.AbstractPoolBackedDataSource-getPoolManager] Initializing c3p0 pool... com.mchange.v2.c3p0.ComboPooledDataSource [ acquireIncrement -> 2, acquireRetryAttempts -> 30, acquireRetryDelay -> 1000, autoCommitOnClose -> false, automaticTestTable -> null, breakAfterAcquireFailure -> false, checkoutTimeout -> 0, connectionCustomizerClassName -> null, connectionTesterClassName -> com.mchange.v2.c3p0.impl.DefaultConnectionTester, dataSourceName -> 1hge1539pjbbihls6ditb|584c289b, debugUnreturnedConnectionStackTraces -> false, description -> null, driverClass -> com.mysql.jdbc.Driver, factoryClassLocation -> null, forceIgnoreUnresolvedTransactions -> false, identityToken -> 1hge1539pjbbihls6ditb|584c289b, idleConnectionTestPeriod -> 0, initialPoolSize -> 10, jdbcUrl -> jdbc:mysql://127.0.0.1:3306/hadoop, maxAdministrativeTaskTime -> 0, maxConnectionAge -> 0, maxIdleTime -> 20, maxIdleTimeExcessConnections -> 0, maxPoolSize -> 100, maxStatements -> 0, maxStatementsPerConnection -> 0, minPoolSize -> 10, numHelperThreads -> 3, numThreadsAwaitingCheckoutDefaultUser -> 0, preferredTestQuery -> null, properties -> {user=******, password=******}, propertyCycle -> 0, testConnectionOnCheckin -> false, testConnectionOnCheckout -> false, unreturnedConnectionTimeout -> 0, usesTraditionalReflectiveProxies -> false ]
512 [17/07/15 17:37:37:095][main][com.jflyfox.component.util.JFlyFoxCache-init] ####缓存初始化开始......
532 [17/07/15 17:37:37:115][main][com.jflyfox.system.dict.DictCache-init] ####数据字典Cache初始化......
542 [17/07/15 17:37:37:125][main][com.jflyfox.system.user.UserCache-init] ####用户Cache初始化......
550 [17/07/15 17:37:37:133][main][com.jflyfox.modules.admin.pageview.PageViewCache-init] ####PageViewCache初始化......
552 [17/07/15 17:37:37:135][main][com.jflyfox.modules.admin.friendlylink.FriendlylinkCache-init] ####FriendlylinkCache初始化......
558 [17/07/15 17:37:37:141][main][com.jflyfox.modules.admin.folder.FolderService-initMenuKey] ####目录Key初始化......
562 [17/07/15 17:37:37:145][main][com.jflyfox.system.log.SysLog-init] ####日志配置初始化......
564 [17/07/15 17:37:37:147][main][com.jflyfox.component.util.JFlyFoxCache-init] ####缓存初始化结束......
40129 [17/07/15 17:38:16:712][http-8088-1][com.jflyfox.system.user.UserInterceptor-intercept] ####非法的请求
40190 [17/07/15 17:38:16:773][http-8088-1][com.jflyfox.system.user.UserInterceptor-intercept] ####非法的请求
47134 [17/07/15 17:38:23:717][http-8088-2][com.jflyfox.system.user.UserInterceptor-intercept] ####非法的请求
61212 [17/07/15 17:38:37:795][http-8088-1][com.jflyfox.system.user.UserInterceptor-intercept] ####非法的请求
92046 [17/07/15 17:39:08:629][http-8088-3][com.jflyfox.system.user.UserInterceptor-intercept] ####非法的请求
158172 [17/07/15 17:40:14:755][http-8088-1][com.jflyfox.system.user.UserInterceptor-intercept] ####非法的请求
0 [17/07/15 18:10:54:517][main][com.mchange.v2.log.MLog-<clinit>] MLog clients using log4j logging.
22 [17/07/15 18:10:54:539][main][com.mchange.v2.c3p0.C3P0Registry-banner] Initializing c3p0-0.9.1.2 [built 21-May-2007 15:04:56; debug? true; trace: 10]
77 [17/07/15 18:10:54:594][main][com.mchange.v2.c3p0.impl.AbstractPoolBackedDataSource-getPoolManager] Initializing c3p0 pool... com.mchange.v2.c3p0.ComboPooledDataSource [ acquireIncrement -> 2, acquireRetryAttempts -> 30, acquireRetryDelay -> 1000, autoCommitOnClose -> false, automaticTestTable -> null, breakAfterAcquireFailure -> false, checkoutTimeout -> 0, connectionCustomizerClassName -> null, connectionTesterClassName -> com.mchange.v2.c3p0.impl.DefaultConnectionTester, dataSourceName -> 1hge1539pjcic3nhxeyyu|6a614868, debugUnreturnedConnectionStackTraces -> false, description -> null, driverClass -> com.mysql.jdbc.Driver, factoryClassLocation -> null, forceIgnoreUnresolvedTransactions -> false, identityToken -> 1hge1539pjcic3nhxeyyu|6a614868, idleConnectionTestPeriod -> 0, initialPoolSize -> 10, jdbcUrl -> jdbc:mysql://127.0.0.1:3306/hadoop, maxAdministrativeTaskTime -> 0, maxConnectionAge -> 0, maxIdleTime -> 20, maxIdleTimeExcessConnections -> 0, maxPoolSize -> 100, maxStatements -> 0, maxStatementsPerConnection -> 0, minPoolSize -> 10, numHelperThreads -> 3, numThreadsAwaitingCheckoutDefaultUser -> 0, preferredTestQuery -> null, properties -> {user=******, password=******}, propertyCycle -> 0, testConnectionOnCheckin -> false, testConnectionOnCheckout -> false, unreturnedConnectionTimeout -> 0, usesTraditionalReflectiveProxies -> false ]
478 [17/07/15 18:10:54:995][main][com.jflyfox.component.util.JFlyFoxCache-init] ####缓存初始化开始......
500 [17/07/15 18:10:55:017][main][com.jflyfox.system.dict.DictCache-init] ####数据字典Cache初始化......
513 [17/07/15 18:10:55:030][main][com.jflyfox.system.user.UserCache-init] ####用户Cache初始化......
518 [17/07/15 18:10:55:035][main][com.jflyfox.modules.admin.pageview.PageViewCache-init] ####PageViewCache初始化......
519 [17/07/15 18:10:55:036][main][com.jflyfox.modules.admin.friendlylink.FriendlylinkCache-init] ####FriendlylinkCache初始化......
523 [17/07/15 18:10:55:040][main][com.jflyfox.modules.admin.folder.FolderService-initMenuKey] ####目录Key初始化......
525 [17/07/15 18:10:55:042][main][com.jflyfox.system.log.SysLog-init] ####日志配置初始化......
526 [17/07/15 18:10:55:043][main][com.jflyfox.component.util.JFlyFoxCache-init] ####缓存初始化结束......
13008 [17/07/15 18:11:07:525][http-8088-1][com.jflyfox.system.user.UserInterceptor-intercept] ####非法的请求
0 [17/07/15 18:12:55:978][main][com.mchange.v2.log.MLog-<clinit>] MLog clients using log4j logging.
21 [17/07/15 18:12:55:999][main][com.mchange.v2.c3p0.C3P0Registry-banner] Initializing c3p0-0.9.1.2 [built 21-May-2007 15:04:56; debug? true; trace: 10]
86 [17/07/15 18:12:56:064][main][com.mchange.v2.c3p0.impl.AbstractPoolBackedDataSource-getPoolManager] Initializing c3p0 pool... com.mchange.v2.c3p0.ComboPooledDataSource [ acquireIncrement -> 2, acquireRetryAttempts -> 30, acquireRetryDelay -> 1000, autoCommitOnClose -> false, automaticTestTable -> null, breakAfterAcquireFailure -> false, checkoutTimeout -> 0, connectionCustomizerClassName -> null, connectionTesterClassName -> com.mchange.v2.c3p0.impl.DefaultConnectionTester, dataSourceName -> 1hge1539pjckxtlcmq155|6a614868, debugUnreturnedConnectionStackTraces -> false, description -> null, driverClass -> com.mysql.jdbc.Driver, factoryClassLocation -> null, forceIgnoreUnresolvedTransactions -> false, identityToken -> 1hge1539pjckxtlcmq155|6a614868, idleConnectionTestPeriod -> 0, initialPoolSize -> 10, jdbcUrl -> jdbc:mysql://127.0.0.1:3306/hadoop, maxAdministrativeTaskTime -> 0, maxConnectionAge -> 0, maxIdleTime -> 20, maxIdleTimeExcessConnections -> 0, maxPoolSize -> 100, maxStatements -> 0, maxStatementsPerConnection -> 0, minPoolSize -> 10, numHelperThreads -> 3, numThreadsAwaitingCheckoutDefaultUser -> 0, preferredTestQuery -> null, properties -> {user=******, password=******}, propertyCycle -> 0, testConnectionOnCheckin -> false, testConnectionOnCheckout -> false, unreturnedConnectionTimeout -> 0, usesTraditionalReflectiveProxies -> false ]
488 [17/07/15 18:12:56:466][main][com.jflyfox.component.util.JFlyFoxCache-init] ####缓存初始化开始......
506 [17/07/15 18:12:56:484][main][com.jflyfox.system.dict.DictCache-init] ####数据字典Cache初始化......
516 [17/07/15 18:12:56:494][main][com.jflyfox.system.user.UserCache-init] ####用户Cache初始化......
520 [17/07/15 18:12:56:498][main][com.jflyfox.modules.admin.pageview.PageViewCache-init] ####PageViewCache初始化......
522 [17/07/15 18:12:56:500][main][com.jflyfox.modules.admin.friendlylink.FriendlylinkCache-init] ####FriendlylinkCache初始化......
528 [17/07/15 18:12:56:506][main][com.jflyfox.modules.admin.folder.FolderService-initMenuKey] ####目录Key初始化......
532 [17/07/15 18:12:56:510][main][com.jflyfox.system.log.SysLog-init] ####日志配置初始化......
535 [17/07/15 18:12:56:513][main][com.jflyfox.component.util.JFlyFoxCache-init] ####缓存初始化结束......
4895 [17/07/15 18:13:00:873][http-8088-1][com.jflyfox.system.user.UserInterceptor-intercept] ####非法的请求
0 [17/07/15 18:18:24:844][main][com.mchange.v2.log.MLog-<clinit>] MLog clients using log4j logging.
20 [17/07/15 18:18:24:864][main][com.mchange.v2.c3p0.C3P0Registry-banner] Initializing c3p0-0.9.1.2 [built 21-May-2007 15:04:56; debug? true; trace: 10]
80 [17/07/15 18:18:24:924][main][com.mchange.v2.c3p0.impl.AbstractPoolBackedDataSource-getPoolManager] Initializing c3p0 pool... com.mchange.v2.c3p0.ComboPooledDataSource [ acquireIncrement -> 2, acquireRetryAttempts -> 30, acquireRetryDelay -> 1000, autoCommitOnClose -> false, automaticTestTable -> null, breakAfterAcquireFailure -> false, checkoutTimeout -> 0, connectionCustomizerClassName -> null, connectionTesterClassName -> com.mchange.v2.c3p0.impl.DefaultConnectionTester, dataSourceName -> 1hge1539pjcrzkq12pz1s2|7406f3ad, debugUnreturnedConnectionStackTraces -> false, description -> null, driverClass -> com.mysql.jdbc.Driver, factoryClassLocation -> null, forceIgnoreUnresolvedTransactions -> false, identityToken -> 1hge1539pjcrzkq12pz1s2|7406f3ad, idleConnectionTestPeriod -> 0, initialPoolSize -> 10, jdbcUrl -> jdbc:mysql://127.0.0.1:3306/hadoop, maxAdministrativeTaskTime -> 0, maxConnectionAge -> 0, maxIdleTime -> 20, maxIdleTimeExcessConnections -> 0, maxPoolSize -> 100, maxStatements -> 0, maxStatementsPerConnection -> 0, minPoolSize -> 10, numHelperThreads -> 3, numThreadsAwaitingCheckoutDefaultUser -> 0, preferredTestQuery -> null, properties -> {user=******, password=******}, propertyCycle -> 0, testConnectionOnCheckin -> false, testConnectionOnCheckout -> false, unreturnedConnectionTimeout -> 0, usesTraditionalReflectiveProxies -> false ]
477 [17/07/15 18:18:25:321][main][com.jflyfox.component.util.JFlyFoxCache-init] ####缓存初始化开始......
496 [17/07/15 18:18:25:340][main][com.jflyfox.system.dict.DictCache-init] ####数据字典Cache初始化......
510 [17/07/15 18:18:25:354][main][com.jflyfox.system.user.UserCache-init] ####用户Cache初始化......
516 [17/07/15 18:18:25:360][main][com.jflyfox.modules.admin.pageview.PageViewCache-init] ####PageViewCache初始化......
518 [17/07/15 18:18:25:362][main][com.jflyfox.modules.admin.friendlylink.FriendlylinkCache-init] ####FriendlylinkCache初始化......
523 [17/07/15 18:18:25:367][main][com.jflyfox.modules.admin.folder.FolderService-initMenuKey] ####目录Key初始化......
527 [17/07/15 18:18:25:371][main][com.jflyfox.system.log.SysLog-init] ####日志配置初始化......
528 [17/07/15 18:18:25:372][main][com.jflyfox.component.util.JFlyFoxCache-init] ####缓存初始化结束......
4808 [17/07/15 18:18:29:652][http-8088-1][com.jflyfox.system.user.UserInterceptor-intercept] ####非法的请求
0 [17/07/15 18:19:40:371][main][com.mchange.v2.log.MLog-<clinit>] MLog clients using log4j logging.
25 [17/07/15 18:19:40:396][main][com.mchange.v2.c3p0.C3P0Registry-banner] Initializing c3p0-0.9.1.2 [built 21-May-2007 15:04:56; debug? true; trace: 10]
90 [17/07/15 18:19:40:461][main][com.mchange.v2.c3p0.impl.AbstractPoolBackedDataSource-getPoolManager] Initializing c3p0 pool... com.mchange.v2.c3p0.ComboPooledDataSource [ acquireIncrement -> 2, acquireRetryAttempts -> 30, acquireRetryDelay -> 1000, autoCommitOnClose -> false, automaticTestTable -> null, breakAfterAcquireFailure -> false, checkoutTimeout -> 0, connectionCustomizerClassName -> null, connectionTesterClassName -> com.mchange.v2.c3p0.impl.DefaultConnectionTester, dataSourceName -> 1hge1539pjctluutlegqi|6a614868, debugUnreturnedConnectionStackTraces -> false, description -> null, driverClass -> com.mysql.jdbc.Driver, factoryClassLocation -> null, forceIgnoreUnresolvedTransactions -> false, identityToken -> 1hge1539pjctluutlegqi|6a614868, idleConnectionTestPeriod -> 0, initialPoolSize -> 10, jdbcUrl -> jdbc:mysql://127.0.0.1:3306/hadoop, maxAdministrativeTaskTime -> 0, maxConnectionAge -> 0, maxIdleTime -> 20, maxIdleTimeExcessConnections -> 0, maxPoolSize -> 100, maxStatements -> 0, maxStatementsPerConnection -> 0, minPoolSize -> 10, numHelperThreads -> 3, numThreadsAwaitingCheckoutDefaultUser -> 0, preferredTestQuery -> null, properties -> {user=******, password=******}, propertyCycle -> 0, testConnectionOnCheckin -> false, testConnectionOnCheckout -> false, unreturnedConnectionTimeout -> 0, usesTraditionalReflectiveProxies -> false ]
550 [17/07/15 18:19:40:921][main][com.jflyfox.component.util.JFlyFoxCache-init] ####缓存初始化开始......
570 [17/07/15 18:19:40:941][main][com.jflyfox.system.dict.DictCache-init] ####数据字典Cache初始化......
582 [17/07/15 18:19:40:953][main][com.jflyfox.system.user.UserCache-init] ####用户Cache初始化......
587 [17/07/15 18:19:40:958][main][com.jflyfox.modules.admin.pageview.PageViewCache-init] ####PageViewCache初始化......
589 [17/07/15 18:19:40:960][main][com.jflyfox.modules.admin.friendlylink.FriendlylinkCache-init] ####FriendlylinkCache初始化......
593 [17/07/15 18:19:40:964][main][com.jflyfox.modules.admin.folder.FolderService-initMenuKey] ####目录Key初始化......
596 [17/07/15 18:19:40:967][main][com.jflyfox.system.log.SysLog-init] ####日志配置初始化......
598 [17/07/15 18:19:40:969][main][com.jflyfox.component.util.JFlyFoxCache-init] ####缓存初始化结束......
26176 [17/07/15 18:20:06:547][http-8088-1][com.jflyfox.system.user.UserInterceptor-intercept] ####非法的请求
44308 [17/07/15 18:20:24:679][http-8088-3][com.jflyfox.system.user.UserInterceptor-intercept] ####非法的请求
44327 [17/07/15 18:20:24:698][http-8088-3][com.jflyfox.system.user.UserInterceptor-intercept] ####非法的请求
0 [17/07/15 18:29:45:866][main][com.mchange.v2.log.MLog-<clinit>] MLog clients using log4j logging.
47 [17/07/15 18:29:45:913][main][com.mchange.v2.c3p0.C3P0Registry-banner] Initializing c3p0-0.9.1.2 [built 21-May-2007 15:04:56; debug? true; trace: 10]
395 [17/07/15 18:29:46:261][main][com.mchange.v2.c3p0.impl.AbstractPoolBackedDataSource-getPoolManager] Initializing c3p0 pool... com.mchange.v2.c3p0.ComboPooledDataSource [ acquireIncrement -> 2, acquireRetryAttempts -> 30, acquireRetryDelay -> 1000, autoCommitOnClose -> false, automaticTestTable -> null, breakAfterAcquireFailure -> false, checkoutTimeout -> 0, connectionCustomizerClassName -> null, connectionTesterClassName -> com.mchange.v2.c3p0.impl.DefaultConnectionTester, dataSourceName -> 1hge1539pjd6l2nbd5jg1|2675a92c, debugUnreturnedConnectionStackTraces -> false, description -> null, driverClass -> com.mysql.jdbc.Driver, factoryClassLocation -> null, forceIgnoreUnresolvedTransactions -> false, identityToken -> 1hge1539pjd6l2nbd5jg1|2675a92c, idleConnectionTestPeriod -> 0, initialPoolSize -> 10, jdbcUrl -> jdbc:mysql://127.0.0.1:3306/hadoop, maxAdministrativeTaskTime -> 0, maxConnectionAge -> 0, maxIdleTime -> 20, maxIdleTimeExcessConnections -> 0, maxPoolSize -> 100, maxStatements -> 0, maxStatementsPerConnection -> 0, minPoolSize -> 10, numHelperThreads -> 3, numThreadsAwaitingCheckoutDefaultUser -> 0, preferredTestQuery -> null, properties -> {user=******, password=******}, propertyCycle -> 0, testConnectionOnCheckin -> false, testConnectionOnCheckout -> false, unreturnedConnectionTimeout -> 0, usesTraditionalReflectiveProxies -> false ]
1320 [17/07/15 18:29:47:186][main][com.jflyfox.component.util.JFlyFoxCache-init] ####缓存初始化开始......
1373 [17/07/15 18:29:47:239][main][com.jflyfox.system.dict.DictCache-init] ####数据字典Cache初始化......
1396 [17/07/15 18:29:47:262][main][com.jflyfox.system.user.UserCache-init] ####用户Cache初始化......
1405 [17/07/15 18:29:47:271][main][com.jflyfox.modules.admin.pageview.PageViewCache-init] ####PageViewCache初始化......
1414 [17/07/15 18:29:47:280][main][com.jflyfox.modules.admin.friendlylink.FriendlylinkCache-init] ####FriendlylinkCache初始化......
1428 [17/07/15 18:29:47:294][main][com.jflyfox.modules.admin.folder.FolderService-initMenuKey] ####目录Key初始化......
1437 [17/07/15 18:29:47:303][main][com.jflyfox.system.log.SysLog-init] ####日志配置初始化......
1447 [17/07/15 18:29:47:313][main][com.jflyfox.component.util.JFlyFoxCache-init] ####缓存初始化结束......
90187 [17/07/15 18:31:16:053][http-8088-1][com.jflyfox.system.user.UserInterceptor-intercept] ####非法的请求
0 [17/07/15 18:34:36:457][main][com.mchange.v2.log.MLog-<clinit>] MLog clients using log4j logging.
25 [17/07/15 18:34:36:482][main][com.mchange.v2.c3p0.C3P0Registry-banner] Initializing c3p0-0.9.1.2 [built 21-May-2007 15:04:56; debug? true; trace: 10]
96 [17/07/15 18:34:36:553][main][com.mchange.v2.c3p0.impl.AbstractPoolBackedDataSource-getPoolManager] Initializing c3p0 pool... com.mchange.v2.c3p0.ComboPooledDataSource [ acquireIncrement -> 2, acquireRetryAttempts -> 30, acquireRetryDelay -> 1000, autoCommitOnClose -> false, automaticTestTable -> null, breakAfterAcquireFailure -> false, checkoutTimeout -> 0, connectionCustomizerClassName -> null, connectionTesterClassName -> com.mchange.v2.c3p0.impl.DefaultConnectionTester, dataSourceName -> 1hge1539pjdcta3pb1ce2|132eba2c, debugUnreturnedConnectionStackTraces -> false, description -> null, driverClass -> com.mysql.jdbc.Driver, factoryClassLocation -> null, forceIgnoreUnresolvedTransactions -> false, identityToken -> 1hge1539pjdcta3pb1ce2|132eba2c, idleConnectionTestPeriod -> 0, initialPoolSize -> 10, jdbcUrl -> jdbc:mysql://127.0.0.1:3306/hadoop, maxAdministrativeTaskTime -> 0, maxConnectionAge -> 0, maxIdleTime -> 20, maxIdleTimeExcessConnections -> 0, maxPoolSize -> 100, maxStatements -> 0, maxStatementsPerConnection -> 0, minPoolSize -> 10, numHelperThreads -> 3, numThreadsAwaitingCheckoutDefaultUser -> 0, preferredTestQuery -> null, properties -> {user=******, password=******}, propertyCycle -> 0, testConnectionOnCheckin -> false, testConnectionOnCheckout -> false, unreturnedConnectionTimeout -> 0, usesTraditionalReflectiveProxies -> false ]
538 [17/07/15 18:34:36:995][main][com.jflyfox.component.util.JFlyFoxCache-init] ####缓存初始化开始......
559 [17/07/15 18:34:37:016][main][com.jflyfox.system.dict.DictCache-init] ####数据字典Cache初始化......
571 [17/07/15 18:34:37:028][main][com.jflyfox.system.user.UserCache-init] ####用户Cache初始化......
577 [17/07/15 18:34:37:034][main][com.jflyfox.modules.admin.pageview.PageViewCache-init] ####PageViewCache初始化......
579 [17/07/15 18:34:37:036][main][com.jflyfox.modules.admin.friendlylink.FriendlylinkCache-init] ####FriendlylinkCache初始化......
586 [17/07/15 18:34:37:043][main][com.jflyfox.modules.admin.folder.FolderService-initMenuKey] ####目录Key初始化......
591 [17/07/15 18:34:37:048][main][com.jflyfox.system.log.SysLog-init] ####日志配置初始化......
594 [17/07/15 18:34:37:051][main][com.jflyfox.component.util.JFlyFoxCache-init] ####缓存初始化结束......
9312 [17/07/15 18:34:45:769][http-8088-1][com.jflyfox.system.user.UserInterceptor-intercept] ####非法的请求
0 [17/07/15 18:36:01:510][main][com.mchange.v2.log.MLog-<clinit>] MLog clients using log4j logging.
27 [17/07/15 18:36:01:537][main][com.mchange.v2.c3p0.C3P0Registry-banner] Initializing c3p0-0.9.1.2 [built 21-May-2007 15:04:56; debug? true; trace: 10]
83 [17/07/15 18:36:01:593][main][com.mchange.v2.c3p0.impl.AbstractPoolBackedDataSource-getPoolManager] Initializing c3p0 pool... com.mchange.v2.c3p0.ComboPooledDataSource [ acquireIncrement -> 2, acquireRetryAttempts -> 30, acquireRetryDelay -> 1000, autoCommitOnClose -> false, automaticTestTable -> null, breakAfterAcquireFailure -> false, checkoutTimeout -> 0, connectionCustomizerClassName -> null, connectionTesterClassName -> com.mchange.v2.c3p0.impl.DefaultConnectionTester, dataSourceName -> 1hge1539pjdemwr135hjio|132eba2c, debugUnreturnedConnectionStackTraces -> false, description -> null, driverClass -> com.mysql.jdbc.Driver, factoryClassLocation -> null, forceIgnoreUnresolvedTransactions -> false, identityToken -> 1hge1539pjdemwr135hjio|132eba2c, idleConnectionTestPeriod -> 0, initialPoolSize -> 10, jdbcUrl -> jdbc:mysql://127.0.0.1:3306/hadoop, maxAdministrativeTaskTime -> 0, maxConnectionAge -> 0, maxIdleTime -> 20, maxIdleTimeExcessConnections -> 0, maxPoolSize -> 100, maxStatements -> 0, maxStatementsPerConnection -> 0, minPoolSize -> 10, numHelperThreads -> 3, numThreadsAwaitingCheckoutDefaultUser -> 0, preferredTestQuery -> null, properties -> {user=******, password=******}, propertyCycle -> 0, testConnectionOnCheckin -> false, testConnectionOnCheckout -> false, unreturnedConnectionTimeout -> 0, usesTraditionalReflectiveProxies -> false ]
474 [17/07/15 18:36:01:984][main][com.jflyfox.component.util.JFlyFoxCache-init] ####缓存初始化开始......
494 [17/07/15 18:36:02:004][main][com.jflyfox.system.dict.DictCache-init] ####数据字典Cache初始化......
505 [17/07/15 18:36:02:015][main][com.jflyfox.system.user.UserCache-init] ####用户Cache初始化......
510 [17/07/15 18:36:02:020][main][com.jflyfox.modules.admin.pageview.PageViewCache-init] ####PageViewCache初始化......
512 [17/07/15 18:36:02:022][main][com.jflyfox.modules.admin.friendlylink.FriendlylinkCache-init] ####FriendlylinkCache初始化......
521 [17/07/15 18:36:02:031][main][com.jflyfox.modules.admin.folder.FolderService-initMenuKey] ####目录Key初始化......
524 [17/07/15 18:36:02:034][main][com.jflyfox.system.log.SysLog-init] ####日志配置初始化......
525 [17/07/15 18:36:02:035][main][com.jflyfox.component.util.JFlyFoxCache-init] ####缓存初始化结束......
3013 [17/07/15 18:36:04:523][http-8088-1][com.jflyfox.system.user.UserInterceptor-intercept] ####非法的请求
0 [17/07/15 18:36:48:686][main][com.mchange.v2.log.MLog-<clinit>] MLog clients using log4j logging.
24 [17/07/15 18:36:48:710][main][com.mchange.v2.c3p0.C3P0Registry-banner] Initializing c3p0-0.9.1.2 [built 21-May-2007 15:04:56; debug? true; trace: 10]
81 [17/07/15 18:36:48:767][main][com.mchange.v2.c3p0.impl.AbstractPoolBackedDataSource-getPoolManager] Initializing c3p0 pool... com.mchange.v2.c3p0.ComboPooledDataSource [ acquireIncrement -> 2, acquireRetryAttempts -> 30, acquireRetryDelay -> 1000, autoCommitOnClose -> false, automaticTestTable -> null, breakAfterAcquireFailure -> false, checkoutTimeout -> 0, connectionCustomizerClassName -> null, connectionTesterClassName -> com.mchange.v2.c3p0.impl.DefaultConnectionTester, dataSourceName -> 1hge1539pjdfnb4u0c36q|132eba2c, debugUnreturnedConnectionStackTraces -> false, description -> null, driverClass -> com.mysql.jdbc.Driver, factoryClassLocation -> null, forceIgnoreUnresolvedTransactions -> false, identityToken -> 1hge1539pjdfnb4u0c36q|132eba2c, idleConnectionTestPeriod -> 0, initialPoolSize -> 10, jdbcUrl -> jdbc:mysql://127.0.0.1:3306/hadoop, maxAdministrativeTaskTime -> 0, maxConnectionAge -> 0, maxIdleTime -> 20, maxIdleTimeExcessConnections -> 0, maxPoolSize -> 100, maxStatements -> 0, maxStatementsPerConnection -> 0, minPoolSize -> 10, numHelperThreads -> 3, numThreadsAwaitingCheckoutDefaultUser -> 0, preferredTestQuery -> null, properties -> {user=******, password=******}, propertyCycle -> 0, testConnectionOnCheckin -> false, testConnectionOnCheckout -> false, unreturnedConnectionTimeout -> 0, usesTraditionalReflectiveProxies -> false ]
496 [17/07/15 18:36:49:182][main][com.jflyfox.component.util.JFlyFoxCache-init] ####缓存初始化开始......
515 [17/07/15 18:36:49:201][main][com.jflyfox.system.dict.DictCache-init] ####数据字典Cache初始化......
525 [17/07/15 18:36:49:211][main][com.jflyfox.system.user.UserCache-init] ####用户Cache初始化......
529 [17/07/15 18:36:49:215][main][com.jflyfox.modules.admin.pageview.PageViewCache-init] ####PageViewCache初始化......
530 [17/07/15 18:36:49:216][main][com.jflyfox.modules.admin.friendlylink.FriendlylinkCache-init] ####FriendlylinkCache初始化......
535 [17/07/15 18:36:49:221][main][com.jflyfox.modules.admin.folder.FolderService-initMenuKey] ####目录Key初始化......
538 [17/07/15 18:36:49:224][main][com.jflyfox.system.log.SysLog-init] ####日志配置初始化......
539 [17/07/15 18:36:49:225][main][com.jflyfox.component.util.JFlyFoxCache-init] ####缓存初始化结束......
10053 [17/07/15 18:36:58:739][http-8088-1][com.jflyfox.system.user.UserInterceptor-intercept] ####非法的请求
11793 [17/07/15 18:37:00:479][http-8088-2][com.jflyfox.system.user.UserInterceptor-intercept] ####非法的请求
0 [17/07/15 18:40:59:757][main][com.mchange.v2.log.MLog-<clinit>] MLog clients using log4j logging.
23 [17/07/15 18:40:59:780][main][com.mchange.v2.c3p0.C3P0Registry-banner] Initializing c3p0-0.9.1.2 [built 21-May-2007 15:04:56; debug? true; trace: 10]
83 [17/07/15 18:40:59:840][main][com.mchange.v2.c3p0.impl.AbstractPoolBackedDataSource-getPoolManager] Initializing c3p0 pool... com.mchange.v2.c3p0.ComboPooledDataSource [ acquireIncrement -> 2, acquireRetryAttempts -> 30, acquireRetryDelay -> 1000, autoCommitOnClose -> false, automaticTestTable -> null, breakAfterAcquireFailure -> false, checkoutTimeout -> 0, connectionCustomizerClassName -> null, connectionTesterClassName -> com.mchange.v2.c3p0.impl.DefaultConnectionTester, dataSourceName -> 1hge1539pjdl11age0wcb|132eba2c, debugUnreturnedConnectionStackTraces -> false, description -> null, driverClass -> com.mysql.jdbc.Driver, factoryClassLocation -> null, forceIgnoreUnresolvedTransactions -> false, identityToken -> 1hge1539pjdl11age0wcb|132eba2c, idleConnectionTestPeriod -> 0, initialPoolSize -> 10, jdbcUrl -> jdbc:mysql://127.0.0.1:3306/hadoop, maxAdministrativeTaskTime -> 0, maxConnectionAge -> 0, maxIdleTime -> 20, maxIdleTimeExcessConnections -> 0, maxPoolSize -> 100, maxStatements -> 0, maxStatementsPerConnection -> 0, minPoolSize -> 10, numHelperThreads -> 3, numThreadsAwaitingCheckoutDefaultUser -> 0, preferredTestQuery -> null, properties -> {user=******, password=******}, propertyCycle -> 0, testConnectionOnCheckin -> false, testConnectionOnCheckout -> false, unreturnedConnectionTimeout -> 0, usesTraditionalReflectiveProxies -> false ]
487 [17/07/15 18:41:00:244][main][com.jflyfox.component.util.JFlyFoxCache-init] ####缓存初始化开始......
508 [17/07/15 18:41:00:265][main][com.jflyfox.system.dict.DictCache-init] ####数据字典Cache初始化......
523 [17/07/15 18:41:00:280][main][com.jflyfox.system.user.UserCache-init] ####用户Cache初始化......
527 [17/07/15 18:41:00:284][main][com.jflyfox.modules.admin.pageview.PageViewCache-init] ####PageViewCache初始化......
529 [17/07/15 18:41:00:286][main][com.jflyfox.modules.admin.friendlylink.FriendlylinkCache-init] ####FriendlylinkCache初始化......
535 [17/07/15 18:41:00:292][main][com.jflyfox.modules.admin.folder.FolderService-initMenuKey] ####目录Key初始化......
540 [17/07/15 18:41:00:297][main][com.jflyfox.system.log.SysLog-init] ####日志配置初始化......
541 [17/07/15 18:41:00:298][main][com.jflyfox.component.util.JFlyFoxCache-init] ####缓存初始化结束......
4174 [17/07/15 18:41:03:931][http-8088-1][com.jflyfox.system.user.UserInterceptor-intercept] ####非法的请求
0 [17/07/15 18:42:01:257][main][com.mchange.v2.log.MLog-<clinit>] MLog clients using log4j logging.
30 [17/07/15 18:42:01:287][main][com.mchange.v2.c3p0.C3P0Registry-banner] Initializing c3p0-0.9.1.2 [built 21-May-2007 15:04:56; debug? true; trace: 10]
100 [17/07/15 18:42:01:357][main][com.mchange.v2.c3p0.impl.AbstractPoolBackedDataSource-getPoolManager] Initializing c3p0 pool... com.mchange.v2.c3p0.ComboPooledDataSource [ acquireIncrement -> 2, acquireRetryAttempts -> 30, acquireRetryDelay -> 1000, autoCommitOnClose -> false, automaticTestTable -> null, breakAfterAcquireFailure -> false, checkoutTimeout -> 0, connectionCustomizerClassName -> null, connectionTesterClassName -> com.mchange.v2.c3p0.impl.DefaultConnectionTester, dataSourceName -> 1hge1539pjdmchtoetiy8|132eba2c, debugUnreturnedConnectionStackTraces -> false, description -> null, driverClass -> com.mysql.jdbc.Driver, factoryClassLocation -> null, forceIgnoreUnresolvedTransactions -> false, identityToken -> 1hge1539pjdmchtoetiy8|132eba2c, idleConnectionTestPeriod -> 0, initialPoolSize -> 10, jdbcUrl -> jdbc:mysql://127.0.0.1:3306/hadoop, maxAdministrativeTaskTime -> 0, maxConnectionAge -> 0, maxIdleTime -> 20, maxIdleTimeExcessConnections -> 0, maxPoolSize -> 100, maxStatements -> 0, maxStatementsPerConnection -> 0, minPoolSize -> 10, numHelperThreads -> 3, numThreadsAwaitingCheckoutDefaultUser -> 0, preferredTestQuery -> null, properties -> {user=******, password=******}, propertyCycle -> 0, testConnectionOnCheckin -> false, testConnectionOnCheckout -> false, unreturnedConnectionTimeout -> 0, usesTraditionalReflectiveProxies -> false ]
517 [17/07/15 18:42:01:774][main][com.jflyfox.component.util.JFlyFoxCache-init] ####缓存初始化开始......
538 [17/07/15 18:42:01:795][main][com.jflyfox.system.dict.DictCache-init] ####数据字典Cache初始化......
548 [17/07/15 18:42:01:805][main][com.jflyfox.system.user.UserCache-init] ####用户Cache初始化......
553 [17/07/15 18:42:01:810][main][com.jflyfox.modules.admin.pageview.PageViewCache-init] ####PageViewCache初始化......
556 [17/07/15 18:42:01:813][main][com.jflyfox.modules.admin.friendlylink.FriendlylinkCache-init] ####FriendlylinkCache初始化......
559 [17/07/15 18:42:01:816][main][com.jflyfox.modules.admin.folder.FolderService-initMenuKey] ####目录Key初始化......
562 [17/07/15 18:42:01:819][main][com.jflyfox.system.log.SysLog-init] ####日志配置初始化......
563 [17/07/15 18:42:01:820][main][com.jflyfox.component.util.JFlyFoxCache-init] ####缓存初始化结束......
3517 [17/07/15 18:42:04:774][http-8088-1][com.jflyfox.system.user.UserInterceptor-intercept] ####非法的请求
0 [17/07/15 18:42:50:568][main][com.mchange.v2.log.MLog-<clinit>] MLog clients using log4j logging.
23 [17/07/15 18:42:50:591][main][com.mchange.v2.c3p0.C3P0Registry-banner] Initializing c3p0-0.9.1.2 [built 21-May-2007 15:04:56; debug? true; trace: 10]
91 [17/07/15 18:42:50:659][main][com.mchange.v2.c3p0.impl.AbstractPoolBackedDataSource-getPoolManager] Initializing c3p0 pool... com.mchange.v2.c3p0.ComboPooledDataSource [ acquireIncrement -> 2, acquireRetryAttempts -> 30, acquireRetryDelay -> 1000, autoCommitOnClose -> false, automaticTestTable -> null, breakAfterAcquireFailure -> false, checkoutTimeout -> 0, connectionCustomizerClassName -> null, connectionTesterClassName -> com.mchange.v2.c3p0.impl.DefaultConnectionTester, dataSourceName -> 1hge1539pjdnejd5nvppq|584c289b, debugUnreturnedConnectionStackTraces -> false, description -> null, driverClass -> com.mysql.jdbc.Driver, factoryClassLocation -> null, forceIgnoreUnresolvedTransactions -> false, identityToken -> 1hge1539pjdnejd5nvppq|584c289b, idleConnectionTestPeriod -> 0, initialPoolSize -> 10, jdbcUrl -> jdbc:mysql://127.0.0.1:3306/hadoop, maxAdministrativeTaskTime -> 0, maxConnectionAge -> 0, maxIdleTime -> 20, maxIdleTimeExcessConnections -> 0, maxPoolSize -> 100, maxStatements -> 0, maxStatementsPerConnection -> 0, minPoolSize -> 10, numHelperThreads -> 3, numThreadsAwaitingCheckoutDefaultUser -> 0, preferredTestQuery -> null, properties -> {user=******, password=******}, propertyCycle -> 0, testConnectionOnCheckin -> false, testConnectionOnCheckout -> false, unreturnedConnectionTimeout -> 0, usesTraditionalReflectiveProxies -> false ]
510 [17/07/15 18:42:51:078][main][com.jflyfox.component.util.JFlyFoxCache-init] ####缓存初始化开始......
534 [17/07/15 18:42:51:102][main][com.jflyfox.system.dict.DictCache-init] ####数据字典Cache初始化......
546 [17/07/15 18:42:51:114][main][com.jflyfox.system.user.UserCache-init] ####用户Cache初始化......
550 [17/07/15 18:42:51:118][main][com.jflyfox.modules.admin.pageview.PageViewCache-init] ####PageViewCache初始化......
552 [17/07/15 18:42:51:120][main][com.jflyfox.modules.admin.friendlylink.FriendlylinkCache-init] ####FriendlylinkCache初始化......
558 [17/07/15 18:42:51:126][main][com.jflyfox.modules.admin.folder.FolderService-initMenuKey] ####目录Key初始化......
561 [17/07/15 18:42:51:129][main][com.jflyfox.system.log.SysLog-init] ####日志配置初始化......
563 [17/07/15 18:42:51:131][main][com.jflyfox.component.util.JFlyFoxCache-init] ####缓存初始化结束......
19469 [17/07/15 18:43:10:037][http-8088-1][com.jflyfox.system.user.UserInterceptor-intercept] ####非法的请求
0 [17/07/15 18:43:29:474][main][com.mchange.v2.log.MLog-<clinit>] MLog clients using log4j logging.
23 [17/07/15 18:43:29:497][main][com.mchange.v2.c3p0.C3P0Registry-banner] Initializing c3p0-0.9.1.2 [built 21-May-2007 15:04:56; debug? true; trace: 10]
92 [17/07/15 18:43:29:566][main][com.mchange.v2.c3p0.impl.AbstractPoolBackedDataSource-getPoolManager] Initializing c3p0 pool... com.mchange.v2.c3p0.ComboPooledDataSource [ acquireIncrement -> 2, acquireRetryAttempts -> 30, acquireRetryDelay -> 1000, autoCommitOnClose -> false, automaticTestTable -> null, breakAfterAcquireFailure -> false, checkoutTimeout -> 0, connectionCustomizerClassName -> null, connectionTesterClassName -> com.mchange.v2.c3p0.impl.DefaultConnectionTester, dataSourceName -> 1hge1539pjdo8k31uh4ha9|584c289b, debugUnreturnedConnectionStackTraces -> false, description -> null, driverClass -> com.mysql.jdbc.Driver, factoryClassLocation -> null, forceIgnoreUnresolvedTransactions -> false, identityToken -> 1hge1539pjdo8k31uh4ha9|584c289b, idleConnectionTestPeriod -> 0, initialPoolSize -> 10, jdbcUrl -> jdbc:mysql://127.0.0.1:3306/hadoop, maxAdministrativeTaskTime -> 0, maxConnectionAge -> 0, maxIdleTime -> 20, maxIdleTimeExcessConnections -> 0, maxPoolSize -> 100, maxStatements -> 0, maxStatementsPerConnection -> 0, minPoolSize -> 10, numHelperThreads -> 3, numThreadsAwaitingCheckoutDefaultUser -> 0, preferredTestQuery -> null, properties -> {user=******, password=******}, propertyCycle -> 0, testConnectionOnCheckin -> false, testConnectionOnCheckout -> false, unreturnedConnectionTimeout -> 0, usesTraditionalReflectiveProxies -> false ]
577 [17/07/15 18:43:30:051][main][com.jflyfox.component.util.JFlyFoxCache-init] ####缓存初始化开始......
600 [17/07/15 18:43:30:074][main][com.jflyfox.system.dict.DictCache-init] ####数据字典Cache初始化......
614 [17/07/15 18:43:30:088][main][com.jflyfox.system.user.UserCache-init] ####用户Cache初始化......
618 [17/07/15 18:43:30:092][main][com.jflyfox.modules.admin.pageview.PageViewCache-init] ####PageViewCache初始化......
620 [17/07/15 18:43:30:094][main][com.jflyfox.modules.admin.friendlylink.FriendlylinkCache-init] ####FriendlylinkCache初始化......
625 [17/07/15 18:43:30:099][main][com.jflyfox.modules.admin.folder.FolderService-initMenuKey] ####目录Key初始化......
628 [17/07/15 18:43:30:102][main][com.jflyfox.system.log.SysLog-init] ####日志配置初始化......
629 [17/07/15 18:43:30:103][main][com.jflyfox.component.util.JFlyFoxCache-init] ####缓存初始化结束......
10534 [17/07/15 18:43:40:008][http-8088-1][com.jflyfox.system.user.UserInterceptor-intercept] ####非法的请求
0 [17/07/15 18:45:18:888][main][com.mchange.v2.log.MLog-<clinit>] MLog clients using log4j logging.
18 [17/07/15 18:45:18:906][main][com.mchange.v2.c3p0.C3P0Registry-banner] Initializing c3p0-0.9.1.2 [built 21-May-2007 15:04:56; debug? true; trace: 10]
75 [17/07/15 18:45:18:963][main][com.mchange.v2.c3p0.impl.AbstractPoolBackedDataSource-getPoolManager] Initializing c3p0 pool... com.mchange.v2.c3p0.ComboPooledDataSource [ acquireIncrement -> 2, acquireRetryAttempts -> 30, acquireRetryDelay -> 1000, autoCommitOnClose -> false, automaticTestTable -> null, breakAfterAcquireFailure -> false, checkoutTimeout -> 0, connectionCustomizerClassName -> null, connectionTesterClassName -> com.mchange.v2.c3p0.impl.DefaultConnectionTester, dataSourceName -> 1hge1539pjdqkz91xlcdji|6a614868, debugUnreturnedConnectionStackTraces -> false, description -> null, driverClass -> com.mysql.jdbc.Driver, factoryClassLocation -> null, forceIgnoreUnresolvedTransactions -> false, identityToken -> 1hge1539pjdqkz91xlcdji|6a614868, idleConnectionTestPeriod -> 0, initialPoolSize -> 10, jdbcUrl -> jdbc:mysql://127.0.0.1:3306/hadoop, maxAdministrativeTaskTime -> 0, maxConnectionAge -> 0, maxIdleTime -> 20, maxIdleTimeExcessConnections -> 0, maxPoolSize -> 100, maxStatements -> 0, maxStatementsPerConnection -> 0, minPoolSize -> 10, numHelperThreads -> 3, numThreadsAwaitingCheckoutDefaultUser -> 0, preferredTestQuery -> null, properties -> {user=******, password=******}, propertyCycle -> 0, testConnectionOnCheckin -> false, testConnectionOnCheckout -> false, unreturnedConnectionTimeout -> 0, usesTraditionalReflectiveProxies -> false ]
466 [17/07/15 18:45:19:354][main][com.jflyfox.component.util.JFlyFoxCache-init] ####缓存初始化开始......
491 [17/07/15 18:45:19:379][main][com.jflyfox.system.dict.DictCache-init] ####数据字典Cache初始化......
503 [17/07/15 18:45:19:391][main][com.jflyfox.system.user.UserCache-init] ####用户Cache初始化......
507 [17/07/15 18:45:19:395][main][com.jflyfox.modules.admin.pageview.PageViewCache-init] ####PageViewCache初始化......
509 [17/07/15 18:45:19:397][main][com.jflyfox.modules.admin.friendlylink.FriendlylinkCache-init] ####FriendlylinkCache初始化......
514 [17/07/15 18:45:19:402][main][com.jflyfox.modules.admin.folder.FolderService-initMenuKey] ####目录Key初始化......
516 [17/07/15 18:45:19:404][main][com.jflyfox.system.log.SysLog-init] ####日志配置初始化......
518 [17/07/15 18:45:19:406][main][com.jflyfox.component.util.JFlyFoxCache-init] ####缓存初始化结束......
0 [17/07/15 18:46:18:024][main][com.mchange.v2.log.MLog-<clinit>] MLog clients using log4j logging.
21 [17/07/15 18:46:18:045][main][com.mchange.v2.c3p0.C3P0Registry-banner] Initializing c3p0-0.9.1.2 [built 21-May-2007 15:04:56; debug? true; trace: 10]
76 [17/07/15 18:46:18:100][main][com.mchange.v2.c3p0.impl.AbstractPoolBackedDataSource-getPoolManager] Initializing c3p0 pool... com.mchange.v2.c3p0.ComboPooledDataSource [ acquireIncrement -> 2, acquireRetryAttempts -> 30, acquireRetryDelay -> 1000, autoCommitOnClose -> false, automaticTestTable -> null, breakAfterAcquireFailure -> false, checkoutTimeout -> 0, connectionCustomizerClassName -> null, connectionTesterClassName -> com.mchange.v2.c3p0.impl.DefaultConnectionTester, dataSourceName -> 1hge1539pjdrulzdonwwz|6a614868, debugUnreturnedConnectionStackTraces -> false, description -> null, driverClass -> com.mysql.jdbc.Driver, factoryClassLocation -> null, forceIgnoreUnresolvedTransactions -> false, identityToken -> 1hge1539pjdrulzdonwwz|6a614868, idleConnectionTestPeriod -> 0, initialPoolSize -> 10, jdbcUrl -> jdbc:mysql://127.0.0.1:3306/hadoop, maxAdministrativeTaskTime -> 0, maxConnectionAge -> 0, maxIdleTime -> 20, maxIdleTimeExcessConnections -> 0, maxPoolSize -> 100, maxStatements -> 0, maxStatementsPerConnection -> 0, minPoolSize -> 10, numHelperThreads -> 3, numThreadsAwaitingCheckoutDefaultUser -> 0, preferredTestQuery -> null, properties -> {user=******, password=******}, propertyCycle -> 0, testConnectionOnCheckin -> false, testConnectionOnCheckout -> false, unreturnedConnectionTimeout -> 0, usesTraditionalReflectiveProxies -> false ]
481 [17/07/15 18:46:18:505][main][com.jflyfox.component.util.JFlyFoxCache-init] ####缓存初始化开始......
512 [17/07/15 18:46:18:536][main][com.jflyfox.system.dict.DictCache-init] ####数据字典Cache初始化......
522 [17/07/15 18:46:18:546][main][com.jflyfox.system.user.UserCache-init] ####用户Cache初始化......
526 [17/07/15 18:46:18:550][main][com.jflyfox.modules.admin.pageview.PageViewCache-init] ####PageViewCache初始化......
527 [17/07/15 18:46:18:551][main][com.jflyfox.modules.admin.friendlylink.FriendlylinkCache-init] ####FriendlylinkCache初始化......
531 [17/07/15 18:46:18:555][main][com.jflyfox.modules.admin.folder.FolderService-initMenuKey] ####目录Key初始化......
533 [17/07/15 18:46:18:557][main][com.jflyfox.system.log.SysLog-init] ####日志配置初始化......
534 [17/07/15 18:46:18:558][main][com.jflyfox.component.util.JFlyFoxCache-init] ####缓存初始化结束......
125564 [17/07/15 18:48:23:588][http-8088-1][com.jflyfox.system.user.UserInterceptor-intercept] ####非法的请求
0 [17/07/15 18:50:03:468][main][com.mchange.v2.log.MLog-<clinit>] MLog clients using log4j logging.
22 [17/07/15 18:50:03:490][main][com.mchange.v2.c3p0.C3P0Registry-banner] Initializing c3p0-0.9.1.2 [built 21-May-2007 15:04:56; debug? true; trace: 10]
79 [17/07/15 18:50:03:547][main][com.mchange.v2.c3p0.impl.AbstractPoolBackedDataSource-getPoolManager] Initializing c3p0 pool... com.mchange.v2.c3p0.ComboPooledDataSource [ acquireIncrement -> 2, acquireRetryAttempts -> 30, acquireRetryDelay -> 1000, autoCommitOnClose -> false, automaticTestTable -> null, breakAfterAcquireFailure -> false, checkoutTimeout -> 0, connectionCustomizerClassName -> null, connectionTesterClassName -> com.mchange.v2.c3p0.impl.DefaultConnectionTester, dataSourceName -> 1hge1539pjdwokbiwv0rb|6a614868, debugUnreturnedConnectionStackTraces -> false, description -> null, driverClass -> com.mysql.jdbc.Driver, factoryClassLocation -> null, forceIgnoreUnresolvedTransactions -> false, identityToken -> 1hge1539pjdwokbiwv0rb|6a614868, idleConnectionTestPeriod -> 0, initialPoolSize -> 10, jdbcUrl -> jdbc:mysql://127.0.0.1:3306/hadoop, maxAdministrativeTaskTime -> 0, maxConnectionAge -> 0, maxIdleTime -> 20, maxIdleTimeExcessConnections -> 0, maxPoolSize -> 100, maxStatements -> 0, maxStatementsPerConnection -> 0, minPoolSize -> 10, numHelperThreads -> 3, numThreadsAwaitingCheckoutDefaultUser -> 0, preferredTestQuery -> null, properties -> {user=******, password=******}, propertyCycle -> 0, testConnectionOnCheckin -> false, testConnectionOnCheckout -> false, unreturnedConnectionTimeout -> 0, usesTraditionalReflectiveProxies -> false ]
542 [17/07/15 18:50:04:010][main][com.jflyfox.component.util.JFlyFoxCache-init] ####缓存初始化开始......
564 [17/07/15 18:50:04:032][main][com.jflyfox.system.dict.DictCache-init] ####数据字典Cache初始化......
575 [17/07/15 18:50:04:043][main][com.jflyfox.system.user.UserCache-init] ####用户Cache初始化......
580 [17/07/15 18:50:04:048][main][com.jflyfox.modules.admin.pageview.PageViewCache-init] ####PageViewCache初始化......
583 [17/07/15 18:50:04:051][main][com.jflyfox.modules.admin.friendlylink.FriendlylinkCache-init] ####FriendlylinkCache初始化......
590 [17/07/15 18:50:04:058][main][com.jflyfox.modules.admin.folder.FolderService-initMenuKey] ####目录Key初始化......
595 [17/07/15 18:50:04:063][main][com.jflyfox.system.log.SysLog-init] ####日志配置初始化......
599 [17/07/15 18:50:04:067][main][com.jflyfox.component.util.JFlyFoxCache-init] ####缓存初始化结束......
0 [17/07/15 18:58:23:412][main][com.mchange.v2.log.MLog-<clinit>] MLog clients using log4j logging.
21 [17/07/15 18:58:23:433][main][com.mchange.v2.c3p0.C3P0Registry-banner] Initializing c3p0-0.9.1.2 [built 21-May-2007 15:04:56; debug? true; trace: 10]
86 [17/07/15 18:58:23:498][main][com.mchange.v2.c3p0.impl.AbstractPoolBackedDataSource-getPoolManager] Initializing c3p0 pool... com.mchange.v2.c3p0.ComboPooledDataSource [ acquireIncrement -> 2, acquireRetryAttempts -> 30, acquireRetryDelay -> 1000, autoCommitOnClose -> false, automaticTestTable -> null, breakAfterAcquireFailure -> false, checkoutTimeout -> 0, connectionCustomizerClassName -> null, connectionTesterClassName -> com.mchange.v2.c3p0.impl.DefaultConnectionTester, dataSourceName -> 1hge1539pje7ebnzfzsfb|6a614868, debugUnreturnedConnectionStackTraces -> false, description -> null, driverClass -> com.mysql.jdbc.Driver, factoryClassLocation -> null, forceIgnoreUnresolvedTransactions -> false, identityToken -> 1hge1539pje7ebnzfzsfb|6a614868, idleConnectionTestPeriod -> 0, initialPoolSize -> 10, jdbcUrl -> jdbc:mysql://127.0.0.1:3306/hadoop, maxAdministrativeTaskTime -> 0, maxConnectionAge -> 0, maxIdleTime -> 20, maxIdleTimeExcessConnections -> 0, maxPoolSize -> 100, maxStatements -> 0, maxStatementsPerConnection -> 0, minPoolSize -> 10, numHelperThreads -> 3, numThreadsAwaitingCheckoutDefaultUser -> 0, preferredTestQuery -> null, properties -> {user=******, password=******}, propertyCycle -> 0, testConnectionOnCheckin -> false, testConnectionOnCheckout -> false, unreturnedConnectionTimeout -> 0, usesTraditionalReflectiveProxies -> false ]
477 [17/07/15 18:58:23:889][main][com.jflyfox.component.util.JFlyFoxCache-init] ####缓存初始化开始......
495 [17/07/15 18:58:23:907][main][com.jflyfox.system.dict.DictCache-init] ####数据字典Cache初始化......
505 [17/07/15 18:58:23:917][main][com.jflyfox.system.user.UserCache-init] ####用户Cache初始化......
509 [17/07/15 18:58:23:921][main][com.jflyfox.modules.admin.pageview.PageViewCache-init] ####PageViewCache初始化......
511 [17/07/15 18:58:23:923][main][com.jflyfox.modules.admin.friendlylink.FriendlylinkCache-init] ####FriendlylinkCache初始化......
518 [17/07/15 18:58:23:930][main][com.jflyfox.modules.admin.folder.FolderService-initMenuKey] ####目录Key初始化......
520 [17/07/15 18:58:23:932][main][com.jflyfox.system.log.SysLog-init] ####日志配置初始化......
522 [17/07/15 18:58:23:934][main][com.jflyfox.component.util.JFlyFoxCache-init] ####缓存初始化结束......
239138 [17/07/15 19:02:22:550][http-8088-1][com.jflyfox.system.user.UserInterceptor-intercept] ####非法的请求
339505 [17/07/15 19:04:02:917][http-8088-6][com.jflyfox.modules.admin.folder.FolderService-initMenuKey] ####目录Key初始化......
339509 [17/07/15 19:04:02:921][http-8088-6][com.jflyfox.system.user.UserInterceptor-intercept] ####非法的请求
339536 [17/07/15 19:04:02:948][http-8088-6][com.jflyfox.system.user.UserInterceptor-intercept] ####非法的请求
345377 [17/07/15 19:04:08:789][http-8088-4][com.jflyfox.system.user.UserInterceptor-intercept] ####非法的请求
345398 [17/07/15 19:04:08:810][http-8088-4][com.jflyfox.system.user.UserInterceptor-intercept] ####非法的请求
350490 [17/07/15 19:04:13:902][http-8088-4][com.jflyfox.system.user.UserInterceptor-intercept] ####非法的请求
355411 [17/07/15 19:04:18:823][http-8088-2][com.jflyfox.system.user.UserInterceptor-intercept] ####非法的请求
0 [17/07/15 19:05:31:029][main][com.mchange.v2.log.MLog-<clinit>] MLog clients using log4j logging.
19 [17/07/15 19:05:31:048][main][com.mchange.v2.c3p0.C3P0Registry-banner] Initializing c3p0-0.9.1.2 [built 21-May-2007 15:04:56; debug? true; trace: 10]
74 [17/07/15 19:05:31:103][main][com.mchange.v2.c3p0.impl.AbstractPoolBackedDataSource-getPoolManager] Initializing c3p0 pool... com.mchange.v2.c3p0.ComboPooledDataSource [ acquireIncrement -> 2, acquireRetryAttempts -> 30, acquireRetryDelay -> 1000, autoCommitOnClose -> false, automaticTestTable -> null, breakAfterAcquireFailure -> false, checkoutTimeout -> 0, connectionCustomizerClassName -> null, connectionTesterClassName -> com.mchange.v2.c3p0.impl.DefaultConnectionTester, dataSourceName -> 1hge1539pjegk9uy5dfpp|6a614868, debugUnreturnedConnectionStackTraces -> false, description -> null, driverClass -> com.mysql.jdbc.Driver, factoryClassLocation -> null, forceIgnoreUnresolvedTransactions -> false, identityToken -> 1hge1539pjegk9uy5dfpp|6a614868, idleConnectionTestPeriod -> 0, initialPoolSize -> 10, jdbcUrl -> jdbc:mysql://127.0.0.1:3306/hadoop, maxAdministrativeTaskTime -> 0, maxConnectionAge -> 0, maxIdleTime -> 20, maxIdleTimeExcessConnections -> 0, maxPoolSize -> 100, maxStatements -> 0, maxStatementsPerConnection -> 0, minPoolSize -> 10, numHelperThreads -> 3, numThreadsAwaitingCheckoutDefaultUser -> 0, preferredTestQuery -> null, properties -> {user=******, password=******}, propertyCycle -> 0, testConnectionOnCheckin -> false, testConnectionOnCheckout -> false, unreturnedConnectionTimeout -> 0, usesTraditionalReflectiveProxies -> false ]
484 [17/07/15 19:05:31:513][main][com.jflyfox.component.util.JFlyFoxCache-init] ####缓存初始化开始......
503 [17/07/15 19:05:31:532][main][com.jflyfox.system.dict.DictCache-init] ####数据字典Cache初始化......
512 [17/07/15 19:05:31:541][main][com.jflyfox.system.user.UserCache-init] ####用户Cache初始化......
516 [17/07/15 19:05:31:545][main][com.jflyfox.modules.admin.pageview.PageViewCache-init] ####PageViewCache初始化......
518 [17/07/15 19:05:31:547][main][com.jflyfox.modules.admin.friendlylink.FriendlylinkCache-init] ####FriendlylinkCache初始化......
522 [17/07/15 19:05:31:551][main][com.jflyfox.modules.admin.folder.FolderService-initMenuKey] ####目录Key初始化......
525 [17/07/15 19:05:31:554][main][com.jflyfox.system.log.SysLog-init] ####日志配置初始化......
526 [17/07/15 19:05:31:555][main][com.jflyfox.component.util.JFlyFoxCache-init] ####缓存初始化结束......
2475 [17/07/15 19:05:33:504][http-8088-1][com.jflyfox.system.user.UserInterceptor-intercept] ####非法的请求
0 [17/07/15 19:06:22:514][main][com.mchange.v2.log.MLog-<clinit>] MLog clients using log4j logging.
19 [17/07/15 19:06:22:533][main][com.mchange.v2.c3p0.C3P0Registry-banner] Initializing c3p0-0.9.1.2 [built 21-May-2007 15:04:56; debug? true; trace: 10]
96 [17/07/15 19:06:22:610][main][com.mchange.v2.c3p0.impl.AbstractPoolBackedDataSource-getPoolManager] Initializing c3p0 pool... com.mchange.v2.c3p0.ComboPooledDataSource [ acquireIncrement -> 2, acquireRetryAttempts -> 30, acquireRetryDelay -> 1000, autoCommitOnClose -> false, automaticTestTable -> null, breakAfterAcquireFailure -> false, checkoutTimeout -> 0, connectionCustomizerClassName -> null, connectionTesterClassName -> com.mchange.v2.c3p0.impl.DefaultConnectionTester, dataSourceName -> 1hge1539pjeho001mgr0aj|6a614868, debugUnreturnedConnectionStackTraces -> false, description -> null, driverClass -> com.mysql.jdbc.Driver, factoryClassLocation -> null, forceIgnoreUnresolvedTransactions -> false, identityToken -> 1hge1539pjeho001mgr0aj|6a614868, idleConnectionTestPeriod -> 0, initialPoolSize -> 10, jdbcUrl -> jdbc:mysql://127.0.0.1:3306/hadoop, maxAdministrativeTaskTime -> 0, maxConnectionAge -> 0, maxIdleTime -> 20, maxIdleTimeExcessConnections -> 0, maxPoolSize -> 100, maxStatements -> 0, maxStatementsPerConnection -> 0, minPoolSize -> 10, numHelperThreads -> 3, numThreadsAwaitingCheckoutDefaultUser -> 0, preferredTestQuery -> null, properties -> {user=******, password=******}, propertyCycle -> 0, testConnectionOnCheckin -> false, testConnectionOnCheckout -> false, unreturnedConnectionTimeout -> 0, usesTraditionalReflectiveProxies -> false ]
498 [17/07/15 19:06:23:012][main][com.jflyfox.component.util.JFlyFoxCache-init] ####缓存初始化开始......
516 [17/07/15 19:06:23:030][main][com.jflyfox.system.dict.DictCache-init] ####数据字典Cache初始化......
526 [17/07/15 19:06:23:040][main][com.jflyfox.system.user.UserCache-init] ####用户Cache初始化......
530 [17/07/15 19:06:23:044][main][com.jflyfox.modules.admin.pageview.PageViewCache-init] ####PageViewCache初始化......
533 [17/07/15 19:06:23:047][main][com.jflyfox.modules.admin.friendlylink.FriendlylinkCache-init] ####FriendlylinkCache初始化......
539 [17/07/15 19:06:23:053][main][com.jflyfox.modules.admin.folder.FolderService-initMenuKey] ####目录Key初始化......
541 [17/07/15 19:06:23:055][main][com.jflyfox.system.log.SysLog-init] ####日志配置初始化......
543 [17/07/15 19:06:23:057][main][com.jflyfox.component.util.JFlyFoxCache-init] ####缓存初始化结束......
2630 [17/07/15 19:06:25:144][http-8088-1][com.jflyfox.system.user.UserInterceptor-intercept] ####非法的请求
0 [17/07/15 19:07:09:471][main][com.mchange.v2.log.MLog-<clinit>] MLog clients using log4j logging.
22 [17/07/15 19:07:09:493][main][com.mchange.v2.c3p0.C3P0Registry-banner] Initializing c3p0-0.9.1.2 [built 21-May-2007 15:04:56; debug? true; trace: 10]
77 [17/07/15 19:07:09:548][main][com.mchange.v2.c3p0.impl.AbstractPoolBackedDataSource-getPoolManager] Initializing c3p0 pool... com.mchange.v2.c3p0.ComboPooledDataSource [ acquireIncrement -> 2, acquireRetryAttempts -> 30, acquireRetryDelay -> 1000, autoCommitOnClose -> false, automaticTestTable -> null, breakAfterAcquireFailure -> false, checkoutTimeout -> 0, connectionCustomizerClassName -> null, connectionTesterClassName -> com.mchange.v2.c3p0.impl.DefaultConnectionTester, dataSourceName -> 1hge1539pjeio8ela2wsk|6a614868, debugUnreturnedConnectionStackTraces -> false, description -> null, driverClass -> com.mysql.jdbc.Driver, factoryClassLocation -> null, forceIgnoreUnresolvedTransactions -> false, identityToken -> 1hge1539pjeio8ela2wsk|6a614868, idleConnectionTestPeriod -> 0, initialPoolSize -> 10, jdbcUrl -> jdbc:mysql://127.0.0.1:3306/hadoop, maxAdministrativeTaskTime -> 0, maxConnectionAge -> 0, maxIdleTime -> 20, maxIdleTimeExcessConnections -> 0, maxPoolSize -> 100, maxStatements -> 0, maxStatementsPerConnection -> 0, minPoolSize -> 10, numHelperThreads -> 3, numThreadsAwaitingCheckoutDefaultUser -> 0, preferredTestQuery -> null, properties -> {user=******, password=******}, propertyCycle -> 0, testConnectionOnCheckin -> false, testConnectionOnCheckout -> false, unreturnedConnectionTimeout -> 0, usesTraditionalReflectiveProxies -> false ]
493 [17/07/15 19:07:09:964][main][com.jflyfox.component.util.JFlyFoxCache-init] ####缓存初始化开始......
516 [17/07/15 19:07:09:987][main][com.jflyfox.system.dict.DictCache-init] ####数据字典Cache初始化......
528 [17/07/15 19:07:09:999][main][com.jflyfox.system.user.UserCache-init] ####用户Cache初始化......
533 [17/07/15 19:07:10:004][main][com.jflyfox.modules.admin.pageview.PageViewCache-init] ####PageViewCache初始化......
536 [17/07/15 19:07:10:007][main][com.jflyfox.modules.admin.friendlylink.FriendlylinkCache-init] ####FriendlylinkCache初始化......
541 [17/07/15 19:07:10:012][main][com.jflyfox.modules.admin.folder.FolderService-initMenuKey] ####目录Key初始化......
544 [17/07/15 19:07:10:015][main][com.jflyfox.system.log.SysLog-init] ####日志配置初始化......
545 [17/07/15 19:07:10:016][main][com.jflyfox.component.util.JFlyFoxCache-init] ####缓存初始化结束......
2918 [17/07/15 19:07:12:389][http-8088-1][com.jflyfox.system.user.UserInterceptor-intercept] ####非法的请求
0 [17/07/15 19:08:34:505][main][com.mchange.v2.log.MLog-<clinit>] MLog clients using log4j logging.
21 [17/07/15 19:08:34:526][main][com.mchange.v2.c3p0.C3P0Registry-banner] Initializing c3p0-0.9.1.2 [built 21-May-2007 15:04:56; debug? true; trace: 10]
84 [17/07/15 19:08:34:589][main][com.mchange.v2.c3p0.impl.AbstractPoolBackedDataSource-getPoolManager] Initializing c3p0 pool... com.mchange.v2.c3p0.ComboPooledDataSource [ acquireIncrement -> 2, acquireRetryAttempts -> 30, acquireRetryDelay -> 1000, autoCommitOnClose -> false, automaticTestTable -> null, breakAfterAcquireFailure -> false, checkoutTimeout -> 0, connectionCustomizerClassName -> null, connectionTesterClassName -> com.mchange.v2.c3p0.impl.DefaultConnectionTester, dataSourceName -> 1hge1539pjekhug1ls1ps1|6a614868, debugUnreturnedConnectionStackTraces -> false, description -> null, driverClass -> com.mysql.jdbc.Driver, factoryClassLocation -> null, forceIgnoreUnresolvedTransactions -> false, identityToken -> 1hge1539pjekhug1ls1ps1|6a614868, idleConnectionTestPeriod -> 0, initialPoolSize -> 10, jdbcUrl -> jdbc:mysql://127.0.0.1:3306/hadoop, maxAdministrativeTaskTime -> 0, maxConnectionAge -> 0, maxIdleTime -> 20, maxIdleTimeExcessConnections -> 0, maxPoolSize -> 100, maxStatements -> 0, maxStatementsPerConnection -> 0, minPoolSize -> 10, numHelperThreads -> 3, numThreadsAwaitingCheckoutDefaultUser -> 0, preferredTestQuery -> null, properties -> {user=******, password=******}, propertyCycle -> 0, testConnectionOnCheckin -> false, testConnectionOnCheckout -> false, unreturnedConnectionTimeout -> 0, usesTraditionalReflectiveProxies -> false ]
490 [17/07/15 19:08:34:995][main][com.jflyfox.component.util.JFlyFoxCache-init] ####缓存初始化开始......
509 [17/07/15 19:08:35:014][main][com.jflyfox.system.dict.DictCache-init] ####数据字典Cache初始化......
521 [17/07/15 19:08:35:026][main][com.jflyfox.system.user.UserCache-init] ####用户Cache初始化......
529 [17/07/15 19:08:35:034][main][com.jflyfox.modules.admin.pageview.PageViewCache-init] ####PageViewCache初始化......
531 [17/07/15 19:08:35:036][main][com.jflyfox.modules.admin.friendlylink.FriendlylinkCache-init] ####FriendlylinkCache初始化......
536 [17/07/15 19:08:35:041][main][com.jflyfox.modules.admin.folder.FolderService-initMenuKey] ####目录Key初始化......
541 [17/07/15 19:08:35:046][main][com.jflyfox.system.log.SysLog-init] ####日志配置初始化......
543 [17/07/15 19:08:35:048][main][com.jflyfox.component.util.JFlyFoxCache-init] ####缓存初始化结束......
3505 [17/07/15 19:08:38:010][http-8088-1][com.jflyfox.system.user.UserInterceptor-intercept] ####非法的请求
0 [17/07/15 19:10:11:333][main][com.mchange.v2.log.MLog-<clinit>] MLog clients using log4j logging.
19 [17/07/15 19:10:11:352][main][com.mchange.v2.c3p0.C3P0Registry-banner] Initializing c3p0-0.9.1.2 [built 21-May-2007 15:04:56; debug? true; trace: 10]
83 [17/07/15 19:10:11:416][main][com.mchange.v2.c3p0.impl.AbstractPoolBackedDataSource-getPoolManager] Initializing c3p0 pool... com.mchange.v2.c3p0.ComboPooledDataSource [ acquireIncrement -> 2, acquireRetryAttempts -> 30, acquireRetryDelay -> 1000, autoCommitOnClose -> false, automaticTestTable -> null, breakAfterAcquireFailure -> false, checkoutTimeout -> 0, connectionCustomizerClassName -> null, connectionTesterClassName -> com.mchange.v2.c3p0.impl.DefaultConnectionTester, dataSourceName -> 1hge1539pjemkk21w209fg|6a614868, debugUnreturnedConnectionStackTraces -> false, description -> null, driverClass -> com.mysql.jdbc.Driver, factoryClassLocation -> null, forceIgnoreUnresolvedTransactions -> false, identityToken -> 1hge1539pjemkk21w209fg|6a614868, idleConnectionTestPeriod -> 0, initialPoolSize -> 10, jdbcUrl -> jdbc:mysql://127.0.0.1:3306/hadoop, maxAdministrativeTaskTime -> 0, maxConnectionAge -> 0, maxIdleTime -> 20, maxIdleTimeExcessConnections -> 0, maxPoolSize -> 100, maxStatements -> 0, maxStatementsPerConnection -> 0, minPoolSize -> 10, numHelperThreads -> 3, numThreadsAwaitingCheckoutDefaultUser -> 0, preferredTestQuery -> null, properties -> {user=******, password=******}, propertyCycle -> 0, testConnectionOnCheckin -> false, testConnectionOnCheckout -> false, unreturnedConnectionTimeout -> 0, usesTraditionalReflectiveProxies -> false ]
492 [17/07/15 19:10:11:825][main][com.jflyfox.component.util.JFlyFoxCache-init] ####缓存初始化开始......
513 [17/07/15 19:10:11:846][main][com.jflyfox.system.dict.DictCache-init] ####数据字典Cache初始化......
524 [17/07/15 19:10:11:857][main][com.jflyfox.system.user.UserCache-init] ####用户Cache初始化......
529 [17/07/15 19:10:11:862][main][com.jflyfox.modules.admin.pageview.PageViewCache-init] ####PageViewCache初始化......
530 [17/07/15 19:10:11:863][main][com.jflyfox.modules.admin.friendlylink.FriendlylinkCache-init] ####FriendlylinkCache初始化......
535 [17/07/15 19:10:11:868][main][com.jflyfox.modules.admin.folder.FolderService-initMenuKey] ####目录Key初始化......
538 [17/07/15 19:10:11:871][main][com.jflyfox.system.log.SysLog-init] ####日志配置初始化......
540 [17/07/15 19:10:11:873][main][com.jflyfox.component.util.JFlyFoxCache-init] ####缓存初始化结束......
3790 [17/07/15 19:10:15:123][http-8088-1][com.jflyfox.system.user.UserInterceptor-intercept] ####非法的请求
98122 [17/07/15 19:11:49:455][http-8088-3][com.jflyfox.system.user.UserInterceptor-intercept] ####非法的请求
117984 [17/07/15 19:12:09:317][http-8088-6][com.jflyfox.system.user.UserInterceptor-intercept] ####非法的请求
4448905 [17/07/15 20:24:20:238][http-8088-2][com.jflyfox.modules.admin.folder.FolderService-initMenuKey] ####目录Key初始化......
4448916 [17/07/15 20:24:20:249][http-8088-2][com.jflyfox.system.user.UserInterceptor-intercept] ####非法的请求
4454513 [17/07/15 20:24:25:846][http-8088-3][com.jflyfox.system.user.UserInterceptor-intercept] ####非法的请求
4454533 [17/07/15 20:24:25:866][http-8088-3][com.jflyfox.system.user.UserInterceptor-intercept] ####非法的请求
4458336 [17/07/15 20:24:29:669][http-8088-1][com.jflyfox.system.user.UserInterceptor-intercept] ####非法的请求
0 [17/07/15 20:31:42:627][main][com.mchange.v2.log.MLog-<clinit>] MLog clients using log4j logging.
23 [17/07/15 20:31:42:650][main][com.mchange.v2.c3p0.C3P0Registry-banner] Initializing c3p0-0.9.1.2 [built 21-May-2007 15:04:56; debug? true; trace: 10]
88 [17/07/15 20:31:42:715][main][com.mchange.v2.c3p0.impl.AbstractPoolBackedDataSource-getPoolManager] Initializing c3p0 pool... com.mchange.v2.c3p0.ComboPooledDataSource [ acquireIncrement -> 2, acquireRetryAttempts -> 30, acquireRetryDelay -> 1000, autoCommitOnClose -> false, automaticTestTable -> null, breakAfterAcquireFailure -> false, checkoutTimeout -> 0, connectionCustomizerClassName -> null, connectionTesterClassName -> com.mchange.v2.c3p0.impl.DefaultConnectionTester, dataSourceName -> 1hge1539pjhjepea2jijz|a29be6f, debugUnreturnedConnectionStackTraces -> false, description -> null, driverClass -> com.mysql.jdbc.Driver, factoryClassLocation -> null, forceIgnoreUnresolvedTransactions -> false, identityToken -> 1hge1539pjhjepea2jijz|a29be6f, idleConnectionTestPeriod -> 0, initialPoolSize -> 10, jdbcUrl -> jdbc:mysql://127.0.0.1:3306/hadoop, maxAdministrativeTaskTime -> 0, maxConnectionAge -> 0, maxIdleTime -> 20, maxIdleTimeExcessConnections -> 0, maxPoolSize -> 100, maxStatements -> 0, maxStatementsPerConnection -> 0, minPoolSize -> 10, numHelperThreads -> 3, numThreadsAwaitingCheckoutDefaultUser -> 0, preferredTestQuery -> null, properties -> {user=******, password=******}, propertyCycle -> 0, testConnectionOnCheckin -> false, testConnectionOnCheckout -> false, unreturnedConnectionTimeout -> 0, usesTraditionalReflectiveProxies -> false ]
480 [17/07/15 20:31:43:107][main][com.jflyfox.component.util.JFlyFoxCache-init] ####缓存初始化开始......
502 [17/07/15 20:31:43:129][main][com.jflyfox.system.dict.DictCache-init] ####数据字典Cache初始化......
511 [17/07/15 20:31:43:138][main][com.jflyfox.system.user.UserCache-init] ####用户Cache初始化......
515 [17/07/15 20:31:43:142][main][com.jflyfox.modules.admin.pageview.PageViewCache-init] ####PageViewCache初始化......
517 [17/07/15 20:31:43:144][main][com.jflyfox.modules.admin.friendlylink.FriendlylinkCache-init] ####FriendlylinkCache初始化......
521 [17/07/15 20:31:43:148][main][com.jflyfox.modules.admin.folder.FolderService-initMenuKey] ####目录Key初始化......
524 [17/07/15 20:31:43:151][main][com.jflyfox.system.log.SysLog-init] ####日志配置初始化......
525 [17/07/15 20:31:43:152][main][com.jflyfox.component.util.JFlyFoxCache-init] ####缓存初始化结束......
0 [17/07/15 20:34:24:744][main][com.mchange.v2.log.MLog-<clinit>] MLog clients using log4j logging.
22 [17/07/15 20:34:24:766][main][com.mchange.v2.c3p0.C3P0Registry-banner] Initializing c3p0-0.9.1.2 [built 21-May-2007 15:04:56; debug? true; trace: 10]
93 [17/07/15 20:34:24:837][main][com.mchange.v2.c3p0.impl.AbstractPoolBackedDataSource-getPoolManager] Initializing c3p0 pool... com.mchange.v2.c3p0.ComboPooledDataSource [ acquireIncrement -> 2, acquireRetryAttempts -> 30, acquireRetryDelay -> 1000, autoCommitOnClose -> false, automaticTestTable -> null, breakAfterAcquireFailure -> false, checkoutTimeout -> 0, connectionCustomizerClassName -> null, connectionTesterClassName -> com.mchange.v2.c3p0.impl.DefaultConnectionTester, dataSourceName -> 1hge1539pjhmvso1i4yh9m|a29be6f, debugUnreturnedConnectionStackTraces -> false, description -> null, driverClass -> com.mysql.jdbc.Driver, factoryClassLocation -> null, forceIgnoreUnresolvedTransactions -> false, identityToken -> 1hge1539pjhmvso1i4yh9m|a29be6f, idleConnectionTestPeriod -> 0, initialPoolSize -> 10, jdbcUrl -> jdbc:mysql://127.0.0.1:3306/hadoop, maxAdministrativeTaskTime -> 0, maxConnectionAge -> 0, maxIdleTime -> 20, maxIdleTimeExcessConnections -> 0, maxPoolSize -> 100, maxStatements -> 0, maxStatementsPerConnection -> 0, minPoolSize -> 10, numHelperThreads -> 3, numThreadsAwaitingCheckoutDefaultUser -> 0, preferredTestQuery -> null, properties -> {user=******, password=******}, propertyCycle -> 0, testConnectionOnCheckin -> false, testConnectionOnCheckout -> false, unreturnedConnectionTimeout -> 0, usesTraditionalReflectiveProxies -> false ]
497 [17/07/15 20:34:25:241][main][com.jflyfox.component.util.JFlyFoxCache-init] ####缓存初始化开始......
519 [17/07/15 20:34:25:263][main][com.jflyfox.system.dict.DictCache-init] ####数据字典Cache初始化......
534 [17/07/15 20:34:25:278][main][com.jflyfox.system.user.UserCache-init] ####用户Cache初始化......
539 [17/07/15 20:34:25:283][main][com.jflyfox.modules.admin.pageview.PageViewCache-init] ####PageViewCache初始化......
542 [17/07/15 20:34:25:286][main][com.jflyfox.modules.admin.friendlylink.FriendlylinkCache-init] ####FriendlylinkCache初始化......
565 [17/07/15 20:34:25:309][main][com.jflyfox.modules.admin.folder.FolderService-initMenuKey] ####目录Key初始化......
568 [17/07/15 20:34:25:312][main][com.jflyfox.system.log.SysLog-init] ####日志配置初始化......
570 [17/07/15 20:34:25:314][main][com.jflyfox.component.util.JFlyFoxCache-init] ####缓存初始化结束......
0 [17/07/15 20:34:46:384][main][com.mchange.v2.log.MLog-<clinit>] MLog clients using log4j logging.
20 [17/07/15 20:34:46:404][main][com.mchange.v2.c3p0.C3P0Registry-banner] Initializing c3p0-0.9.1.2 [built 21-May-2007 15:04:56; debug? true; trace: 10]
80 [17/07/15 20:34:46:464][main][com.mchange.v2.c3p0.impl.AbstractPoolBackedDataSource-getPoolManager] Initializing c3p0 pool... com.mchange.v2.c3p0.ComboPooledDataSource [ acquireIncrement -> 2, acquireRetryAttempts -> 30, acquireRetryDelay -> 1000, autoCommitOnClose -> false, automaticTestTable -> null, breakAfterAcquireFailure -> false, checkoutTimeout -> 0, connectionCustomizerClassName -> null, connectionTesterClassName -> com.mchange.v2.c3p0.impl.DefaultConnectionTester, dataSourceName -> 1hge1539pjhnchq5ar6bm|a29be6f, debugUnreturnedConnectionStackTraces -> false, description -> null, driverClass -> com.mysql.jdbc.Driver, factoryClassLocation -> null, forceIgnoreUnresolvedTransactions -> false, identityToken -> 1hge1539pjhnchq5ar6bm|a29be6f, idleConnectionTestPeriod -> 0, initialPoolSize -> 10, jdbcUrl -> jdbc:mysql://127.0.0.1:3306/hadoop, maxAdministrativeTaskTime -> 0, maxConnectionAge -> 0, maxIdleTime -> 20, maxIdleTimeExcessConnections -> 0, maxPoolSize -> 100, maxStatements -> 0, maxStatementsPerConnection -> 0, minPoolSize -> 10, numHelperThreads -> 3, numThreadsAwaitingCheckoutDefaultUser -> 0, preferredTestQuery -> null, properties -> {user=******, password=******}, propertyCycle -> 0, testConnectionOnCheckin -> false, testConnectionOnCheckout -> false, unreturnedConnectionTimeout -> 0, usesTraditionalReflectiveProxies -> false ]
459 [17/07/15 20:34:46:843][main][com.jflyfox.component.util.JFlyFoxCache-init] ####缓存初始化开始......
478 [17/07/15 20:34:46:862][main][com.jflyfox.system.dict.DictCache-init] ####数据字典Cache初始化......
489 [17/07/15 20:34:46:873][main][com.jflyfox.system.user.UserCache-init] ####用户Cache初始化......
493 [17/07/15 20:34:46:877][main][com.jflyfox.modules.admin.pageview.PageViewCache-init] ####PageViewCache初始化......
496 [17/07/15 20:34:46:880][main][com.jflyfox.modules.admin.friendlylink.FriendlylinkCache-init] ####FriendlylinkCache初始化......
500 [17/07/15 20:34:46:884][main][com.jflyfox.modules.admin.folder.FolderService-initMenuKey] ####目录Key初始化......
503 [17/07/15 20:34:46:887][main][com.jflyfox.system.log.SysLog-init] ####日志配置初始化......
504 [17/07/15 20:34:46:888][main][com.jflyfox.component.util.JFlyFoxCache-init] ####缓存初始化结束......
6008 [17/07/15 20:34:52:392][http-8088-1][com.jflyfox.system.user.UserInterceptor-intercept] ####非法的请求
16429 [17/07/15 20:35:02:813][http-8088-4][com.jflyfox.system.user.UserInterceptor-intercept] ####非法的请求
113483 [17/07/15 20:36:39:867][http-8088-6][com.jflyfox.system.user.UserInterceptor-intercept] ####非法的请求
386437 [17/07/15 20:41:12:821][http-8088-6][com.jflyfox.modules.admin.folder.FolderService-initMenuKey] ####目录Key初始化......
386441 [17/07/15 20:41:12:825][http-8088-6][com.jflyfox.system.user.UserInterceptor-intercept] ####非法的请求
404631 [17/07/15 20:41:31:015][http-8088-5][com.jflyfox.system.user.UserInterceptor-intercept] ####非法的请求
0 [17/07/15 20:42:00:345][main][com.mchange.v2.log.MLog-<clinit>] MLog clients using log4j logging.
19 [17/07/15 20:42:00:364][main][com.mchange.v2.c3p0.C3P0Registry-banner] Initializing c3p0-0.9.1.2 [built 21-May-2007 15:04:56; debug? true; trace: 10]
77 [17/07/15 20:42:00:422][main][com.mchange.v2.c3p0.impl.AbstractPoolBackedDataSource-getPoolManager] Initializing c3p0 pool... com.mchange.v2.c3p0.ComboPooledDataSource [ acquireIncrement -> 2, acquireRetryAttempts -> 30, acquireRetryDelay -> 1000, autoCommitOnClose -> false, automaticTestTable -> null, breakAfterAcquireFailure -> false, checkoutTimeout -> 0, connectionCustomizerClassName -> null, connectionTesterClassName -> com.mchange.v2.c3p0.impl.DefaultConnectionTester, dataSourceName -> 1hge1539pjhwnc6bsekow|a29be6f, debugUnreturnedConnectionStackTraces -> false, description -> null, driverClass -> com.mysql.jdbc.Driver, factoryClassLocation -> null, forceIgnoreUnresolvedTransactions -> false, identityToken -> 1hge1539pjhwnc6bsekow|a29be6f, idleConnectionTestPeriod -> 0, initialPoolSize -> 10, jdbcUrl -> jdbc:mysql://127.0.0.1:3306/hadoop, maxAdministrativeTaskTime -> 0, maxConnectionAge -> 0, maxIdleTime -> 20, maxIdleTimeExcessConnections -> 0, maxPoolSize -> 100, maxStatements -> 0, maxStatementsPerConnection -> 0, minPoolSize -> 10, numHelperThreads -> 3, numThreadsAwaitingCheckoutDefaultUser -> 0, preferredTestQuery -> null, properties -> {user=******, password=******}, propertyCycle -> 0, testConnectionOnCheckin -> false, testConnectionOnCheckout -> false, unreturnedConnectionTimeout -> 0, usesTraditionalReflectiveProxies -> false ]
441 [17/07/15 20:42:00:786][main][com.jflyfox.component.util.JFlyFoxCache-init] ####缓存初始化开始......
460 [17/07/15 20:42:00:805][main][com.jflyfox.system.dict.DictCache-init] ####数据字典Cache初始化......
475 [17/07/15 20:42:00:820][main][com.jflyfox.system.user.UserCache-init] ####用户Cache初始化......
479 [17/07/15 20:42:00:824][main][com.jflyfox.modules.admin.pageview.PageViewCache-init] ####PageViewCache初始化......
481 [17/07/15 20:42:00:826][main][com.jflyfox.modules.admin.friendlylink.FriendlylinkCache-init] ####FriendlylinkCache初始化......
486 [17/07/15 20:42:00:831][main][com.jflyfox.modules.admin.folder.FolderService-initMenuKey] ####目录Key初始化......
488 [17/07/15 20:42:00:833][main][com.jflyfox.system.log.SysLog-init] ####日志配置初始化......
490 [17/07/15 20:42:00:835][main][com.jflyfox.component.util.JFlyFoxCache-init] ####缓存初始化结束......
0 [17/07/15 20:42:53:744][main][com.mchange.v2.log.MLog-<clinit>] MLog clients using log4j logging.
19 [17/07/15 20:42:53:763][main][com.mchange.v2.c3p0.C3P0Registry-banner] Initializing c3p0-0.9.1.2 [built 21-May-2007 15:04:56; debug? true; trace: 10]
78 [17/07/15 20:42:53:822][main][com.mchange.v2.c3p0.impl.AbstractPoolBackedDataSource-getPoolManager] Initializing c3p0 pool... com.mchange.v2.c3p0.ComboPooledDataSource [ acquireIncrement -> 2, acquireRetryAttempts -> 30, acquireRetryDelay -> 1000, autoCommitOnClose -> false, automaticTestTable -> null, breakAfterAcquireFailure -> false, checkoutTimeout -> 0, connectionCustomizerClassName -> null, connectionTesterClassName -> com.mchange.v2.c3p0.impl.DefaultConnectionTester, dataSourceName -> 1hge1539pjhxsjirswyw2|a29be6f, debugUnreturnedConnectionStackTraces -> false, description -> null, driverClass -> com.mysql.jdbc.Driver, factoryClassLocation -> null, forceIgnoreUnresolvedTransactions -> false, identityToken -> 1hge1539pjhxsjirswyw2|a29be6f, idleConnectionTestPeriod -> 0, initialPoolSize -> 10, jdbcUrl -> jdbc:mysql://127.0.0.1:3306/hadoop, maxAdministrativeTaskTime -> 0, maxConnectionAge -> 0, maxIdleTime -> 20, maxIdleTimeExcessConnections -> 0, maxPoolSize -> 100, maxStatements -> 0, maxStatementsPerConnection -> 0, minPoolSize -> 10, numHelperThreads -> 3, numThreadsAwaitingCheckoutDefaultUser -> 0, preferredTestQuery -> null, properties -> {user=******, password=******}, propertyCycle -> 0, testConnectionOnCheckin -> false, testConnectionOnCheckout -> false, unreturnedConnectionTimeout -> 0, usesTraditionalReflectiveProxies -> false ]
479 [17/07/15 20:42:54:223][main][com.jflyfox.component.util.JFlyFoxCache-init] ####缓存初始化开始......
507 [17/07/15 20:42:54:251][main][com.jflyfox.system.dict.DictCache-init] ####数据字典Cache初始化......
525 [17/07/15 20:42:54:269][main][com.jflyfox.system.user.UserCache-init] ####用户Cache初始化......
529 [17/07/15 20:42:54:273][main][com.jflyfox.modules.admin.pageview.PageViewCache-init] ####PageViewCache初始化......
531 [17/07/15 20:42:54:275][main][com.jflyfox.modules.admin.friendlylink.FriendlylinkCache-init] ####FriendlylinkCache初始化......
536 [17/07/15 20:42:54:280][main][com.jflyfox.modules.admin.folder.FolderService-initMenuKey] ####目录Key初始化......
538 [17/07/15 20:42:54:282][main][com.jflyfox.system.log.SysLog-init] ####日志配置初始化......
540 [17/07/15 20:42:54:284][main][com.jflyfox.component.util.JFlyFoxCache-init] ####缓存初始化结束......
3640 [17/07/15 20:42:57:384][http-8088-1][com.jflyfox.system.user.UserInterceptor-intercept] ####非法的请求
0 [17/07/15 20:44:28:682][main][com.mchange.v2.log.MLog-<clinit>] MLog clients using log4j logging.
20 [17/07/15 20:44:28:702][main][com.mchange.v2.c3p0.C3P0Registry-banner] Initializing c3p0-0.9.1.2 [built 21-May-2007 15:04:56; debug? true; trace: 10]
75 [17/07/15 20:44:28:757][main][com.mchange.v2.c3p0.impl.AbstractPoolBackedDataSource-getPoolManager] Initializing c3p0 pool... com.mchange.v2.c3p0.ComboPooledDataSource [ acquireIncrement -> 2, acquireRetryAttempts -> 30, acquireRetryDelay -> 1000, autoCommitOnClose -> false, automaticTestTable -> null, breakAfterAcquireFailure -> false, checkoutTimeout -> 0, connectionCustomizerClassName -> null, connectionTesterClassName -> com.mchange.v2.c3p0.impl.DefaultConnectionTester, dataSourceName -> 1hge1539pjhztso1bxrv9g|a29be6f, debugUnreturnedConnectionStackTraces -> false, description -> null, driverClass -> com.mysql.jdbc.Driver, factoryClassLocation -> null, forceIgnoreUnresolvedTransactions -> false, identityToken -> 1hge1539pjhztso1bxrv9g|a29be6f, idleConnectionTestPeriod -> 0, initialPoolSize -> 10, jdbcUrl -> jdbc:mysql://127.0.0.1:3306/hadoop, maxAdministrativeTaskTime -> 0, maxConnectionAge -> 0, maxIdleTime -> 20, maxIdleTimeExcessConnections -> 0, maxPoolSize -> 100, maxStatements -> 0, maxStatementsPerConnection -> 0, minPoolSize -> 10, numHelperThreads -> 3, numThreadsAwaitingCheckoutDefaultUser -> 0, preferredTestQuery -> null, properties -> {user=******, password=******}, propertyCycle -> 0, testConnectionOnCheckin -> false, testConnectionOnCheckout -> false, unreturnedConnectionTimeout -> 0, usesTraditionalReflectiveProxies -> false ]
454 [17/07/15 20:44:29:136][main][com.jflyfox.component.util.JFlyFoxCache-init] ####缓存初始化开始......
475 [17/07/15 20:44:29:157][main][com.jflyfox.system.dict.DictCache-init] ####数据字典Cache初始化......
486 [17/07/15 20:44:29:168][main][com.jflyfox.system.user.UserCache-init] ####用户Cache初始化......
491 [17/07/15 20:44:29:173][main][com.jflyfox.modules.admin.pageview.PageViewCache-init] ####PageViewCache初始化......
494 [17/07/15 20:44:29:176][main][com.jflyfox.modules.admin.friendlylink.FriendlylinkCache-init] ####FriendlylinkCache初始化......
499 [17/07/15 20:44:29:181][main][com.jflyfox.modules.admin.folder.FolderService-initMenuKey] ####目录Key初始化......
502 [17/07/15 20:44:29:184][main][com.jflyfox.system.log.SysLog-init] ####日志配置初始化......
504 [17/07/15 20:44:29:186][main][com.jflyfox.component.util.JFlyFoxCache-init] ####缓存初始化结束......
0 [17/07/15 20:52:38:964][main][com.mchange.v2.log.MLog-<clinit>] MLog clients using log4j logging.
20 [17/07/15 20:52:38:984][main][com.mchange.v2.c3p0.C3P0Registry-banner] Initializing c3p0-0.9.1.2 [built 21-May-2007 15:04:56; debug? true; trace: 10]
81 [17/07/15 20:52:39:045][main][com.mchange.v2.c3p0.impl.AbstractPoolBackedDataSource-getPoolManager] Initializing c3p0 pool... com.mchange.v2.c3p0.ComboPooledDataSource [ acquireIncrement -> 2, acquireRetryAttempts -> 30, acquireRetryDelay -> 1000, autoCommitOnClose -> false, automaticTestTable -> null, breakAfterAcquireFailure -> false, checkoutTimeout -> 0, connectionCustomizerClassName -> null, connectionTesterClassName -> com.mchange.v2.c3p0.impl.DefaultConnectionTester, dataSourceName -> 1hge1539pjiac3mtyqgsg|a29be6f, debugUnreturnedConnectionStackTraces -> false, description -> null, driverClass -> com.mysql.jdbc.Driver, factoryClassLocation -> null, forceIgnoreUnresolvedTransactions -> false, identityToken -> 1hge1539pjiac3mtyqgsg|a29be6f, idleConnectionTestPeriod -> 0, initialPoolSize -> 10, jdbcUrl -> jdbc:mysql://127.0.0.1:3306/hadoop, maxAdministrativeTaskTime -> 0, maxConnectionAge -> 0, maxIdleTime -> 20, maxIdleTimeExcessConnections -> 0, maxPoolSize -> 100, maxStatements -> 0, maxStatementsPerConnection -> 0, minPoolSize -> 10, numHelperThreads -> 3, numThreadsAwaitingCheckoutDefaultUser -> 0, preferredTestQuery -> null, properties -> {user=******, password=******}, propertyCycle -> 0, testConnectionOnCheckin -> false, testConnectionOnCheckout -> false, unreturnedConnectionTimeout -> 0, usesTraditionalReflectiveProxies -> false ]
491 [17/07/15 20:52:39:455][main][com.jflyfox.component.util.JFlyFoxCache-init] ####缓存初始化开始......
518 [17/07/15 20:52:39:482][main][com.jflyfox.system.dict.DictCache-init] ####数据字典Cache初始化......
530 [17/07/15 20:52:39:494][main][com.jflyfox.system.user.UserCache-init] ####用户Cache初始化......
534 [17/07/15 20:52:39:498][main][com.jflyfox.modules.admin.pageview.PageViewCache-init] ####PageViewCache初始化......
538 [17/07/15 20:52:39:502][main][com.jflyfox.modules.admin.friendlylink.FriendlylinkCache-init] ####FriendlylinkCache初始化......
543 [17/07/15 20:52:39:507][main][com.jflyfox.modules.admin.folder.FolderService-initMenuKey] ####目录Key初始化......
547 [17/07/15 20:52:39:511][main][com.jflyfox.system.log.SysLog-init] ####日志配置初始化......
549 [17/07/15 20:52:39:513][main][com.jflyfox.component.util.JFlyFoxCache-init] ####缓存初始化结束......
0 [17/07/15 20:54:32:876][main][com.mchange.v2.log.MLog-<clinit>] MLog clients using log4j logging.
25 [17/07/15 20:54:32:901][main][com.mchange.v2.c3p0.C3P0Registry-banner] Initializing c3p0-0.9.1.2 [built 21-May-2007 15:04:56; debug? true; trace: 10]
91 [17/07/15 20:54:32:967][main][com.mchange.v2.c3p0.impl.AbstractPoolBackedDataSource-getPoolManager] Initializing c3p0 pool... com.mchange.v2.c3p0.ComboPooledDataSource [ acquireIncrement -> 2, acquireRetryAttempts -> 30, acquireRetryDelay -> 1000, autoCommitOnClose -> false, automaticTestTable -> null, breakAfterAcquireFailure -> false, checkoutTimeout -> 0, connectionCustomizerClassName -> null, connectionTesterClassName -> com.mchange.v2.c3p0.impl.DefaultConnectionTester, dataSourceName -> 1hge1539pjicrzyz7qus|a29be6f, debugUnreturnedConnectionStackTraces -> false, description -> null, driverClass -> com.mysql.jdbc.Driver, factoryClassLocation -> null, forceIgnoreUnresolvedTransactions -> false, identityToken -> 1hge1539pjicrzyz7qus|a29be6f, idleConnectionTestPeriod -> 0, initialPoolSize -> 10, jdbcUrl -> jdbc:mysql://127.0.0.1:3306/hadoop, maxAdministrativeTaskTime -> 0, maxConnectionAge -> 0, maxIdleTime -> 20, maxIdleTimeExcessConnections -> 0, maxPoolSize -> 100, maxStatements -> 0, maxStatementsPerConnection -> 0, minPoolSize -> 10, numHelperThreads -> 3, numThreadsAwaitingCheckoutDefaultUser -> 0, preferredTestQuery -> null, properties -> {user=******, password=******}, propertyCycle -> 0, testConnectionOnCheckin -> false, testConnectionOnCheckout -> false, unreturnedConnectionTimeout -> 0, usesTraditionalReflectiveProxies -> false ]
543 [17/07/15 20:54:33:419][main][com.jflyfox.component.util.JFlyFoxCache-init] ####缓存初始化开始......
565 [17/07/15 20:54:33:441][main][com.jflyfox.system.dict.DictCache-init] ####数据字典Cache初始化......
580 [17/07/15 20:54:33:456][main][com.jflyfox.system.user.UserCache-init] ####用户Cache初始化......
588 [17/07/15 20:54:33:464][main][com.jflyfox.modules.admin.pageview.PageViewCache-init] ####PageViewCache初始化......
591 [17/07/15 20:54:33:467][main][com.jflyfox.modules.admin.friendlylink.FriendlylinkCache-init] ####FriendlylinkCache初始化......
596 [17/07/15 20:54:33:472][main][com.jflyfox.modules.admin.folder.FolderService-initMenuKey] ####目录Key初始化......
599 [17/07/15 20:54:33:475][main][com.jflyfox.system.log.SysLog-init] ####日志配置初始化......
601 [17/07/15 20:54:33:477][main][com.jflyfox.component.util.JFlyFoxCache-init] ####缓存初始化结束......
1618414 [17/07/15 21:21:31:290][http-8088-1][com.jflyfox.modules.admin.folder.FolderService-initMenuKey] ####目录Key初始化......
1645710 [17/07/15 21:21:58:586][http-8088-1][com.jflyfox.system.user.UserInterceptor-intercept] ####非法的请求
