0 [17/07/07 17:32:37:866][main][com.mchange.v2.log.MLog-<clinit>] MLog clients using log4j logging.
27 [17/07/07 17:32:37:893][main][com.mchange.v2.c3p0.C3P0Registry-banner] Initializing c3p0-0.9.1.2 [built 21-May-2007 15:04:56; debug? true; trace: 10]
95 [17/07/07 17:32:37:961][main][com.mchange.v2.c3p0.impl.AbstractPoolBackedDataSource-getPoolManager] Initializing c3p0 pool... com.mchange.v2.c3p0.ComboPooledDataSource [ acquireIncrement -> 2, acquireRetryAttempts -> 30, acquireRetryDelay -> 1000, autoCommitOnClose -> false, automaticTestTable -> null, breakAfterAcquireFailure -> false, checkoutTimeout -> 0, connectionCustomizerClassName -> null, connectionTesterClassName -> com.mchange.v2.c3p0.impl.DefaultConnectionTester, dataSourceName -> 1hge1539p7vmanz1lz1ul1|7a250d1f, debugUnreturnedConnectionStackTraces -> false, description -> null, driverClass -> com.mysql.jdbc.Driver, factoryClassLocation -> null, forceIgnoreUnresolvedTransactions -> false, identityToken -> 1hge1539p7vmanz1lz1ul1|7a250d1f, idleConnectionTestPeriod -> 0, initialPoolSize -> 10, jdbcUrl -> jdbc:mysql://127.0.0.1:3306/hadoop, maxAdministrativeTaskTime -> 0, maxConnectionAge -> 0, maxIdleTime -> 20, maxIdleTimeExcessConnections -> 0, maxPoolSize -> 100, maxStatements -> 0, maxStatementsPerConnection -> 0, minPoolSize -> 10, numHelperThreads -> 3, numThreadsAwaitingCheckoutDefaultUser -> 0, preferredTestQuery -> null, properties -> {user=******, password=******}, propertyCycle -> 0, testConnectionOnCheckin -> false, testConnectionOnCheckout -> false, unreturnedConnectionTimeout -> 0, usesTraditionalReflectiveProxies -> false ]
521 [17/07/07 17:32:38:387][main][com.jflyfox.component.util.JFlyFoxCache-init] ####缓存初始化开始......
540 [17/07/07 17:32:38:406][main][com.jflyfox.system.dict.DictCache-init] ####数据字典Cache初始化......
552 [17/07/07 17:32:38:418][main][com.jflyfox.system.user.UserCache-init] ####用户Cache初始化......
557 [17/07/07 17:32:38:423][main][com.jflyfox.modules.admin.pageview.PageViewCache-init] ####PageViewCache初始化......
559 [17/07/07 17:32:38:425][main][com.jflyfox.modules.admin.friendlylink.FriendlylinkCache-init] ####FriendlylinkCache初始化......
568 [17/07/07 17:32:38:434][main][com.jflyfox.modules.admin.folder.FolderService-initMenuKey] ####目录Key初始化......
572 [17/07/07 17:32:38:438][main][com.jflyfox.system.log.SysLog-init] ####日志配置初始化......
575 [17/07/07 17:32:38:441][main][com.jflyfox.component.util.JFlyFoxCache-init] ####缓存初始化结束......
0 [17/07/07 17:33:14:707][main][com.mchange.v2.log.MLog-<clinit>] MLog clients using log4j logging.
23 [17/07/07 17:33:14:730][main][com.mchange.v2.c3p0.C3P0Registry-banner] Initializing c3p0-0.9.1.2 [built 21-May-2007 15:04:56; debug? true; trace: 10]
81 [17/07/07 17:33:14:788][main][com.mchange.v2.c3p0.impl.AbstractPoolBackedDataSource-getPoolManager] Initializing c3p0 pool... com.mchange.v2.c3p0.ComboPooledDataSource [ acquireIncrement -> 2, acquireRetryAttempts -> 30, acquireRetryDelay -> 1000, autoCommitOnClose -> false, automaticTestTable -> null, breakAfterAcquireFailure -> false, checkoutTimeout -> 0, connectionCustomizerClassName -> null, connectionTesterClassName -> com.mchange.v2.c3p0.impl.DefaultConnectionTester, dataSourceName -> 1hge1539p7vn33812ck8v9|6aea833f, debugUnreturnedConnectionStackTraces -> false, description -> null, driverClass -> com.mysql.jdbc.Driver, factoryClassLocation -> null, forceIgnoreUnresolvedTransactions -> false, identityToken -> 1hge1539p7vn33812ck8v9|6aea833f, idleConnectionTestPeriod -> 0, initialPoolSize -> 10, jdbcUrl -> jdbc:mysql://127.0.0.1:3306/hadoop, maxAdministrativeTaskTime -> 0, maxConnectionAge -> 0, maxIdleTime -> 20, maxIdleTimeExcessConnections -> 0, maxPoolSize -> 100, maxStatements -> 0, maxStatementsPerConnection -> 0, minPoolSize -> 10, numHelperThreads -> 3, numThreadsAwaitingCheckoutDefaultUser -> 0, preferredTestQuery -> null, properties -> {user=******, password=******}, propertyCycle -> 0, testConnectionOnCheckin -> false, testConnectionOnCheckout -> false, unreturnedConnectionTimeout -> 0, usesTraditionalReflectiveProxies -> false ]
460 [17/07/07 17:33:15:167][main][com.jflyfox.component.util.JFlyFoxCache-init] ####缓存初始化开始......
479 [17/07/07 17:33:15:186][main][com.jflyfox.system.dict.DictCache-init] ####数据字典Cache初始化......
489 [17/07/07 17:33:15:196][main][com.jflyfox.system.user.UserCache-init] ####用户Cache初始化......
493 [17/07/07 17:33:15:200][main][com.jflyfox.modules.admin.pageview.PageViewCache-init] ####PageViewCache初始化......
495 [17/07/07 17:33:15:202][main][com.jflyfox.modules.admin.friendlylink.FriendlylinkCache-init] ####FriendlylinkCache初始化......
500 [17/07/07 17:33:15:207][main][com.jflyfox.modules.admin.folder.FolderService-initMenuKey] ####目录Key初始化......
505 [17/07/07 17:33:15:212][main][com.jflyfox.system.log.SysLog-init] ####日志配置初始化......
507 [17/07/07 17:33:15:214][main][com.jflyfox.component.util.JFlyFoxCache-init] ####缓存初始化结束......
40163 [17/07/07 17:33:54:870][http-8088-1][com.jflyfox.system.user.UserInterceptor-intercept] ####非法的请求
40195 [17/07/07 17:33:54:902][http-8088-1][com.jflyfox.system.user.UserInterceptor-intercept] ####非法的请求
