0 [17/07/12 10:21:28:012][main][com.mchange.v2.log.MLog-<clinit>] MLog clients using log4j logging.
39 [17/07/12 10:21:28:051][main][com.mchange.v2.c3p0.C3P0Registry-banner] Initializing c3p0-0.9.1.2 [built 21-May-2007 15:04:56; debug? true; trace: 10]
120 [17/07/12 10:21:28:132][main][com.mchange.v2.c3p0.impl.AbstractPoolBackedDataSource-getPoolManager] Initializing c3p0 pool... com.mchange.v2.c3p0.ComboPooledDataSource [ acquireIncrement -> 2, acquireRetryAttempts -> 30, acquireRetryDelay -> 1000, autoCommitOnClose -> false, automaticTestTable -> null, breakAfterAcquireFailure -> false, checkoutTimeout -> 0, connectionCustomizerClassName -> null, connectionTesterClassName -> com.mchange.v2.c3p0.impl.DefaultConnectionTester, dataSourceName -> 1hge1539pelf2p7187e5fk|6aea833f, debugUnreturnedConnectionStackTraces -> false, description -> null, driverClass -> com.mysql.jdbc.Driver, factoryClassLocation -> null, forceIgnoreUnresolvedTransactions -> false, identityToken -> 1hge1539pelf2p7187e5fk|6aea833f, idleConnectionTestPeriod -> 0, initialPoolSize -> 10, jdbcUrl -> jdbc:mysql://127.0.0.1:3306/hadoop, maxAdministrativeTaskTime -> 0, maxConnectionAge -> 0, maxIdleTime -> 20, maxIdleTimeExcessConnections -> 0, maxPoolSize -> 100, maxStatements -> 0, maxStatementsPerConnection -> 0, minPoolSize -> 10, numHelperThreads -> 3, numThreadsAwaitingCheckoutDefaultUser -> 0, preferredTestQuery -> null, properties -> {user=******, password=******}, propertyCycle -> 0, testConnectionOnCheckin -> false, testConnectionOnCheckout -> false, unreturnedConnectionTimeout -> 0, usesTraditionalReflectiveProxies -> false ]
626 [17/07/12 10:21:28:638][main][com.jflyfox.component.util.JFlyFoxCache-init] ####缓存初始化开始......
650 [17/07/12 10:21:28:662][main][com.jflyfox.system.dict.DictCache-init] ####数据字典Cache初始化......
661 [17/07/12 10:21:28:673][main][com.jflyfox.system.user.UserCache-init] ####用户Cache初始化......
665 [17/07/12 10:21:28:677][main][com.jflyfox.modules.admin.pageview.PageViewCache-init] ####PageViewCache初始化......
668 [17/07/12 10:21:28:680][main][com.jflyfox.modules.admin.friendlylink.FriendlylinkCache-init] ####FriendlylinkCache初始化......
674 [17/07/12 10:21:28:686][main][com.jflyfox.modules.admin.folder.FolderService-initMenuKey] ####目录Key初始化......
678 [17/07/12 10:21:28:690][main][com.jflyfox.system.log.SysLog-init] ####日志配置初始化......
680 [17/07/12 10:21:28:692][main][com.jflyfox.component.util.JFlyFoxCache-init] ####缓存初始化结束......
3709 [17/07/12 10:21:31:721][http-8088-1][com.jflyfox.system.user.UserInterceptor-intercept] ####非法的请求
3742 [17/07/12 10:21:31:754][http-8088-1][com.jflyfox.system.user.UserInterceptor-intercept] ####非法的请求
14089 [17/07/12 10:21:42:101][http-8088-2][com.jflyfox.system.user.UserInterceptor-intercept] ####非法的请求
68163 [17/07/12 10:22:36:175][http-8088-6][com.jflyfox.system.user.UserCache-init] ####用户Cache初始化......
22599607 [17/07/12 16:38:07:619][http-8088-4][com.jflyfox.modules.admin.folder.FolderService-initMenuKey] ####目录Key初始化......
22599612 [17/07/12 16:38:07:624][http-8088-4][com.jflyfox.system.user.UserInterceptor-intercept] ####非法的请求
22599638 [17/07/12 16:38:07:650][http-8088-4][com.jflyfox.system.user.UserInterceptor-intercept] ####非法的请求
22605413 [17/07/12 16:38:13:425][http-8088-4][com.jflyfox.system.user.UserInterceptor-intercept] ####非法的请求
22605426 [17/07/12 16:38:13:438][http-8088-4][com.jflyfox.system.user.UserInterceptor-intercept] ####非法的请求
23216698 [17/07/12 16:48:24:710][http-8088-4][com.jflyfox.modules.admin.folder.FolderService-initMenuKey] ####目录Key初始化......
23216699 [17/07/12 16:48:24:711][http-8088-6][com.jflyfox.modules.admin.folder.FolderService-initMenuKey] ####目录Key初始化......
23817697 [17/07/12 16:58:25:709][http-8088-4][com.jflyfox.modules.admin.folder.FolderService-initMenuKey] ####目录Key初始化......
24418700 [17/07/12 17:08:26:712][http-8088-4][com.jflyfox.modules.admin.folder.FolderService-initMenuKey] ####目录Key初始化......
24418702 [17/07/12 17:08:26:714][http-8088-6][com.jflyfox.modules.admin.folder.FolderService-initMenuKey] ####目录Key初始化......
25019698 [17/07/12 17:18:27:710][http-8088-4][com.jflyfox.modules.admin.folder.FolderService-initMenuKey] ####目录Key初始化......
25620697 [17/07/12 17:28:28:709][http-8088-6][com.jflyfox.modules.admin.folder.FolderService-initMenuKey] ####目录Key初始化......
25620698 [17/07/12 17:28:28:710][http-8088-4][com.jflyfox.modules.admin.folder.FolderService-initMenuKey] ####目录Key初始化......
26221698 [17/07/12 17:38:29:710][http-8088-6][com.jflyfox.modules.admin.folder.FolderService-initMenuKey] ####目录Key初始化......
26221701 [17/07/12 17:38:29:713][http-8088-4][com.jflyfox.modules.admin.folder.FolderService-initMenuKey] ####目录Key初始化......
26822697 [17/07/12 17:48:30:709][http-8088-4][com.jflyfox.modules.admin.folder.FolderService-initMenuKey] ####目录Key初始化......
27423699 [17/07/12 17:58:31:711][http-8088-4][com.jflyfox.modules.admin.folder.FolderService-initMenuKey] ####目录Key初始化......
27423701 [17/07/12 17:58:31:713][http-8088-6][com.jflyfox.modules.admin.folder.FolderService-initMenuKey] ####目录Key初始化......
28024698 [17/07/12 18:08:32:710][http-8088-4][com.jflyfox.modules.admin.folder.FolderService-initMenuKey] ####目录Key初始化......
28024700 [17/07/12 18:08:32:712][http-8088-6][com.jflyfox.modules.admin.folder.FolderService-initMenuKey] ####目录Key初始化......
28625696 [17/07/12 18:18:33:708][http-8088-4][com.jflyfox.modules.admin.folder.FolderService-initMenuKey] ####目录Key初始化......
28625698 [17/07/12 18:18:33:710][http-8088-6][com.jflyfox.modules.admin.folder.FolderService-initMenuKey] ####目录Key初始化......
29226697 [17/07/12 18:28:34:709][http-8088-6][com.jflyfox.modules.admin.folder.FolderService-initMenuKey] ####目录Key初始化......
29226699 [17/07/12 18:28:34:711][http-8088-4][com.jflyfox.modules.admin.folder.FolderService-initMenuKey] ####目录Key初始化......
29827699 [17/07/12 18:38:35:711][http-8088-4][com.jflyfox.modules.admin.folder.FolderService-initMenuKey] ####目录Key初始化......
30428697 [17/07/12 18:48:36:709][http-8088-4][com.jflyfox.modules.admin.folder.FolderService-initMenuKey] ####目录Key初始化......
31029699 [17/07/12 18:58:37:711][http-8088-6][com.jflyfox.modules.admin.folder.FolderService-initMenuKey] ####目录Key初始化......
31029700 [17/07/12 18:58:37:712][http-8088-4][com.jflyfox.modules.admin.folder.FolderService-initMenuKey] ####目录Key初始化......
31630701 [17/07/12 19:08:38:713][http-8088-4][com.jflyfox.modules.admin.folder.FolderService-initMenuKey] ####目录Key初始化......
32231696 [17/07/12 19:18:39:708][http-8088-6][com.jflyfox.modules.admin.folder.FolderService-initMenuKey] ####目录Key初始化......
32832702 [17/07/12 19:28:40:714][http-8088-4][com.jflyfox.modules.admin.folder.FolderService-initMenuKey] ####目录Key初始化......
32832703 [17/07/12 19:28:40:715][http-8088-6][com.jflyfox.modules.admin.folder.FolderService-initMenuKey] ####目录Key初始化......
33433700 [17/07/12 19:38:41:712][http-8088-6][com.jflyfox.modules.admin.folder.FolderService-initMenuKey] ####目录Key初始化......
33433701 [17/07/12 19:38:41:713][http-8088-4][com.jflyfox.modules.admin.folder.FolderService-initMenuKey] ####目录Key初始化......
34034699 [17/07/12 19:48:42:711][http-8088-6][com.jflyfox.modules.admin.folder.FolderService-initMenuKey] ####目录Key初始化......
34034700 [17/07/12 19:48:42:712][http-8088-4][com.jflyfox.modules.admin.folder.FolderService-initMenuKey] ####目录Key初始化......
34635700 [17/07/12 19:58:43:712][http-8088-6][com.jflyfox.modules.admin.folder.FolderService-initMenuKey] ####目录Key初始化......
35236701 [17/07/12 20:08:44:713][http-8088-6][com.jflyfox.modules.admin.folder.FolderService-initMenuKey] ####目录Key初始化......
35837698 [17/07/12 20:18:45:710][http-8088-6][com.jflyfox.modules.admin.folder.FolderService-initMenuKey] ####目录Key初始化......
36438696 [17/07/12 20:28:46:708][http-8088-4][com.jflyfox.modules.admin.folder.FolderService-initMenuKey] ####目录Key初始化......
37039696 [17/07/12 20:38:47:708][http-8088-4][com.jflyfox.modules.admin.folder.FolderService-initMenuKey] ####目录Key初始化......
37039697 [17/07/12 20:38:47:709][http-8088-6][com.jflyfox.modules.admin.folder.FolderService-initMenuKey] ####目录Key初始化......
37640698 [17/07/12 20:48:48:710][http-8088-4][com.jflyfox.modules.admin.folder.FolderService-initMenuKey] ####目录Key初始化......
38241697 [17/07/12 20:58:49:709][http-8088-6][com.jflyfox.modules.admin.folder.FolderService-initMenuKey] ####目录Key初始化......
38241703 [17/07/12 20:58:49:715][http-8088-4][com.jflyfox.modules.admin.folder.FolderService-initMenuKey] ####目录Key初始化......
38842699 [17/07/12 21:08:50:711][http-8088-6][com.jflyfox.modules.admin.folder.FolderService-initMenuKey] ####目录Key初始化......
39443698 [17/07/12 21:18:51:710][http-8088-4][com.jflyfox.modules.admin.folder.FolderService-initMenuKey] ####目录Key初始化......
40044706 [17/07/12 21:28:52:718][http-8088-6][com.jflyfox.modules.admin.folder.FolderService-initMenuKey] ####目录Key初始化......
40044706 [17/07/12 21:28:52:718][http-8088-4][com.jflyfox.modules.admin.folder.FolderService-initMenuKey] ####目录Key初始化......
40645697 [17/07/12 21:38:53:709][http-8088-4][com.jflyfox.modules.admin.folder.FolderService-initMenuKey] ####目录Key初始化......
40645699 [17/07/12 21:38:53:711][http-8088-6][com.jflyfox.modules.admin.folder.FolderService-initMenuKey] ####目录Key初始化......
41246739 [17/07/12 21:48:54:751][http-8088-6][com.jflyfox.modules.admin.folder.FolderService-initMenuKey] ####目录Key初始化......
41246739 [17/07/12 21:48:54:751][http-8088-4][com.jflyfox.modules.admin.folder.FolderService-initMenuKey] ####目录Key初始化......
