0 [17/07/20 09:24:34:500][main][com.mchange.v2.log.MLog-<clinit>] MLog clients using log4j logging.
23 [17/07/20 09:24:34:523][main][com.mchange.v2.c3p0.C3P0Registry-banner] Initializing c3p0-0.9.1.2 [built 21-May-2007 15:04:56; debug? true; trace: 10]
80 [17/07/20 09:24:34:580][main][com.mchange.v2.c3p0.impl.AbstractPoolBackedDataSource-getPoolManager] Initializing c3p0 pool... com.mchange.v2.c3p0.ComboPooledDataSource [ acquireIncrement -> 2, acquireRetryAttempts -> 30, acquireRetryDelay -> 1000, autoCommitOnClose -> false, automaticTestTable -> null, breakAfterAcquireFailure -> false, checkoutTimeout -> 0, connectionCustomizerClassName -> null, connectionTesterClassName -> com.mchange.v2.c3p0.impl.DefaultConnectionTester, dataSourceName -> 1hge1539ppywq51tof7jo|79432d0a, debugUnreturnedConnectionStackTraces -> false, description -> null, driverClass -> com.mysql.jdbc.Driver, factoryClassLocation -> null, forceIgnoreUnresolvedTransactions -> false, identityToken -> 1hge1539ppywq51tof7jo|79432d0a, idleConnectionTestPeriod -> 0, initialPoolSize -> 10, jdbcUrl -> jdbc:mysql://127.0.0.1:3306/hadoop, maxAdministrativeTaskTime -> 0, maxConnectionAge -> 0, maxIdleTime -> 20, maxIdleTimeExcessConnections -> 0, maxPoolSize -> 100, maxStatements -> 0, maxStatementsPerConnection -> 0, minPoolSize -> 10, numHelperThreads -> 3, numThreadsAwaitingCheckoutDefaultUser -> 0, preferredTestQuery -> null, properties -> {user=******, password=******}, propertyCycle -> 0, testConnectionOnCheckin -> false, testConnectionOnCheckout -> false, unreturnedConnectionTimeout -> 0, usesTraditionalReflectiveProxies -> false ]
522 [17/07/20 09:24:35:022][main][com.jflyfox.component.util.JFlyFoxCache-init] ####缓存初始化开始......
538 [17/07/20 09:24:35:038][main][com.jflyfox.system.dict.DictCache-init] ####数据字典Cache初始化......
548 [17/07/20 09:24:35:048][main][com.jflyfox.system.user.UserCache-init] ####用户Cache初始化......
555 [17/07/20 09:24:35:055][main][com.jflyfox.modules.admin.pageview.PageViewCache-init] ####PageViewCache初始化......
557 [17/07/20 09:24:35:057][main][com.jflyfox.modules.admin.friendlylink.FriendlylinkCache-init] ####FriendlylinkCache初始化......
563 [17/07/20 09:24:35:063][main][com.jflyfox.modules.admin.folder.FolderService-initMenuKey] ####目录Key初始化......
567 [17/07/20 09:24:35:067][main][com.jflyfox.system.log.SysLog-init] ####日志配置初始化......
569 [17/07/20 09:24:35:069][main][com.jflyfox.component.util.JFlyFoxCache-init] ####缓存初始化结束......
42341 [17/07/20 09:25:16:841][http-8088-1][com.jflyfox.system.user.UserInterceptor-intercept] ####非法的请求
431818 [17/07/20 09:31:46:318][http-8088-3][com.jflyfox.modules.admin.folder.FolderService-initMenuKey] ####目录Key初始化......
794640 [17/07/20 09:37:49:140][http-8088-6][com.jflyfox.modules.admin.folder.FolderService-initMenuKey] ####目录Key初始化......
2245846 [17/07/20 10:02:00:346][http-8088-6][com.jflyfox.modules.admin.folder.FolderService-initMenuKey] ####目录Key初始化......
0 [17/07/20 10:13:35:969][main][com.mchange.v2.log.MLog-<clinit>] MLog clients using log4j logging.
24 [17/07/20 10:13:35:993][main][com.mchange.v2.c3p0.C3P0Registry-banner] Initializing c3p0-0.9.1.2 [built 21-May-2007 15:04:56; debug? true; trace: 10]
81 [17/07/20 10:13:36:050][main][com.mchange.v2.c3p0.impl.AbstractPoolBackedDataSource-getPoolManager] Initializing c3p0 pool... com.mchange.v2.c3p0.ComboPooledDataSource [ acquireIncrement -> 2, acquireRetryAttempts -> 30, acquireRetryDelay -> 1000, autoCommitOnClose -> false, automaticTestTable -> null, breakAfterAcquireFailure -> false, checkoutTimeout -> 0, connectionCustomizerClassName -> null, connectionTesterClassName -> com.mchange.v2.c3p0.impl.DefaultConnectionTester, dataSourceName -> 1hge1539pq0nrsjgydbws|63c9df77, debugUnreturnedConnectionStackTraces -> false, description -> null, driverClass -> com.mysql.jdbc.Driver, factoryClassLocation -> null, forceIgnoreUnresolvedTransactions -> false, identityToken -> 1hge1539pq0nrsjgydbws|63c9df77, idleConnectionTestPeriod -> 0, initialPoolSize -> 10, jdbcUrl -> jdbc:mysql://127.0.0.1:3306/hadoop, maxAdministrativeTaskTime -> 0, maxConnectionAge -> 0, maxIdleTime -> 20, maxIdleTimeExcessConnections -> 0, maxPoolSize -> 100, maxStatements -> 0, maxStatementsPerConnection -> 0, minPoolSize -> 10, numHelperThreads -> 3, numThreadsAwaitingCheckoutDefaultUser -> 0, preferredTestQuery -> null, properties -> {user=******, password=******}, propertyCycle -> 0, testConnectionOnCheckin -> false, testConnectionOnCheckout -> false, unreturnedConnectionTimeout -> 0, usesTraditionalReflectiveProxies -> false ]
508 [17/07/20 10:13:36:477][main][com.jflyfox.component.util.JFlyFoxCache-init] ####缓存初始化开始......
527 [17/07/20 10:13:36:496][main][com.jflyfox.system.dict.DictCache-init] ####数据字典Cache初始化......
541 [17/07/20 10:13:36:510][main][com.jflyfox.system.user.UserCache-init] ####用户Cache初始化......
548 [17/07/20 10:13:36:517][main][com.jflyfox.modules.admin.pageview.PageViewCache-init] ####PageViewCache初始化......
550 [17/07/20 10:13:36:519][main][com.jflyfox.modules.admin.friendlylink.FriendlylinkCache-init] ####FriendlylinkCache初始化......
555 [17/07/20 10:13:36:524][main][com.jflyfox.modules.admin.folder.FolderService-initMenuKey] ####目录Key初始化......
558 [17/07/20 10:13:36:527][main][com.jflyfox.system.log.SysLog-init] ####日志配置初始化......
559 [17/07/20 10:13:36:528][main][com.jflyfox.component.util.JFlyFoxCache-init] ####缓存初始化结束......
14890 [17/07/20 10:13:50:859][http-8088-1][com.jflyfox.system.user.UserInterceptor-intercept] ####非法的请求
0 [17/07/20 10:18:20:528][main][com.mchange.v2.log.MLog-<clinit>] MLog clients using log4j logging.
24 [17/07/20 10:18:20:552][main][com.mchange.v2.c3p0.C3P0Registry-banner] Initializing c3p0-0.9.1.2 [built 21-May-2007 15:04:56; debug? true; trace: 10]
90 [17/07/20 10:18:20:618][main][com.mchange.v2.c3p0.impl.AbstractPoolBackedDataSource-getPoolManager] Initializing c3p0 pool... com.mchange.v2.c3p0.ComboPooledDataSource [ acquireIncrement -> 2, acquireRetryAttempts -> 30, acquireRetryDelay -> 1000, autoCommitOnClose -> false, automaticTestTable -> null, breakAfterAcquireFailure -> false, checkoutTimeout -> 0, connectionCustomizerClassName -> null, connectionTesterClassName -> com.mchange.v2.c3p0.impl.DefaultConnectionTester, dataSourceName -> 1hge1539pq0tvcx1epx1wx|63c9df77, debugUnreturnedConnectionStackTraces -> false, description -> null, driverClass -> com.mysql.jdbc.Driver, factoryClassLocation -> null, forceIgnoreUnresolvedTransactions -> false, identityToken -> 1hge1539pq0tvcx1epx1wx|63c9df77, idleConnectionTestPeriod -> 0, initialPoolSize -> 10, jdbcUrl -> jdbc:mysql://127.0.0.1:3306/hadoop, maxAdministrativeTaskTime -> 0, maxConnectionAge -> 0, maxIdleTime -> 20, maxIdleTimeExcessConnections -> 0, maxPoolSize -> 100, maxStatements -> 0, maxStatementsPerConnection -> 0, minPoolSize -> 10, numHelperThreads -> 3, numThreadsAwaitingCheckoutDefaultUser -> 0, preferredTestQuery -> null, properties -> {user=******, password=******}, propertyCycle -> 0, testConnectionOnCheckin -> false, testConnectionOnCheckout -> false, unreturnedConnectionTimeout -> 0, usesTraditionalReflectiveProxies -> false ]
472 [17/07/20 10:18:21:000][main][com.jflyfox.component.util.JFlyFoxCache-init] ####缓存初始化开始......
492 [17/07/20 10:18:21:020][main][com.jflyfox.system.dict.DictCache-init] ####数据字典Cache初始化......
505 [17/07/20 10:18:21:033][main][com.jflyfox.system.user.UserCache-init] ####用户Cache初始化......
514 [17/07/20 10:18:21:042][main][com.jflyfox.modules.admin.pageview.PageViewCache-init] ####PageViewCache初始化......
517 [17/07/20 10:18:21:045][main][com.jflyfox.modules.admin.friendlylink.FriendlylinkCache-init] ####FriendlylinkCache初始化......
524 [17/07/20 10:18:21:052][main][com.jflyfox.modules.admin.folder.FolderService-initMenuKey] ####目录Key初始化......
528 [17/07/20 10:18:21:056][main][com.jflyfox.system.log.SysLog-init] ####日志配置初始化......
529 [17/07/20 10:18:21:057][main][com.jflyfox.component.util.JFlyFoxCache-init] ####缓存初始化结束......
71908 [17/07/20 10:19:32:436][http-8088-1][com.jflyfox.system.user.UserInterceptor-intercept] ####非法的请求
114050 [17/07/20 10:20:14:578][http-8088-1][com.jflyfox.system.user.UserInterceptor-intercept] ####非法的请求
0 [17/07/20 10:21:36:694][main][com.mchange.v2.log.MLog-<clinit>] MLog clients using log4j logging.
24 [17/07/20 10:21:36:718][main][com.mchange.v2.c3p0.C3P0Registry-banner] Initializing c3p0-0.9.1.2 [built 21-May-2007 15:04:56; debug? true; trace: 10]
86 [17/07/20 10:21:36:780][main][com.mchange.v2.c3p0.impl.AbstractPoolBackedDataSource-getPoolManager] Initializing c3p0 pool... com.mchange.v2.c3p0.ComboPooledDataSource [ acquireIncrement -> 2, acquireRetryAttempts -> 30, acquireRetryDelay -> 1000, autoCommitOnClose -> false, automaticTestTable -> null, breakAfterAcquireFailure -> false, checkoutTimeout -> 0, connectionCustomizerClassName -> null, connectionTesterClassName -> com.mchange.v2.c3p0.impl.DefaultConnectionTester, dataSourceName -> 1hge1539pq0y2q01i9yex5|63c9df77, debugUnreturnedConnectionStackTraces -> false, description -> null, driverClass -> com.mysql.jdbc.Driver, factoryClassLocation -> null, forceIgnoreUnresolvedTransactions -> false, identityToken -> 1hge1539pq0y2q01i9yex5|63c9df77, idleConnectionTestPeriod -> 0, initialPoolSize -> 10, jdbcUrl -> jdbc:mysql://127.0.0.1:3306/hadoop, maxAdministrativeTaskTime -> 0, maxConnectionAge -> 0, maxIdleTime -> 20, maxIdleTimeExcessConnections -> 0, maxPoolSize -> 100, maxStatements -> 0, maxStatementsPerConnection -> 0, minPoolSize -> 10, numHelperThreads -> 3, numThreadsAwaitingCheckoutDefaultUser -> 0, preferredTestQuery -> null, properties -> {user=******, password=******}, propertyCycle -> 0, testConnectionOnCheckin -> false, testConnectionOnCheckout -> false, unreturnedConnectionTimeout -> 0, usesTraditionalReflectiveProxies -> false ]
496 [17/07/20 10:21:37:190][main][com.jflyfox.component.util.JFlyFoxCache-init] ####缓存初始化开始......
515 [17/07/20 10:21:37:209][main][com.jflyfox.system.dict.DictCache-init] ####数据字典Cache初始化......
526 [17/07/20 10:21:37:220][main][com.jflyfox.system.user.UserCache-init] ####用户Cache初始化......
532 [17/07/20 10:21:37:226][main][com.jflyfox.modules.admin.pageview.PageViewCache-init] ####PageViewCache初始化......
535 [17/07/20 10:21:37:229][main][com.jflyfox.modules.admin.friendlylink.FriendlylinkCache-init] ####FriendlylinkCache初始化......
540 [17/07/20 10:21:37:234][main][com.jflyfox.modules.admin.folder.FolderService-initMenuKey] ####目录Key初始化......
544 [17/07/20 10:21:37:238][main][com.jflyfox.system.log.SysLog-init] ####日志配置初始化......
545 [17/07/20 10:21:37:239][main][com.jflyfox.component.util.JFlyFoxCache-init] ####缓存初始化结束......
40315 [17/07/20 10:22:17:009][http-8088-1][com.jflyfox.system.user.UserInterceptor-intercept] ####非法的请求
184217 [17/07/20 10:24:40:911][http-8088-1][com.jflyfox.system.user.UserInterceptor-intercept] ####非法的请求
297102 [17/07/20 10:26:33:796][http-8088-1][com.jflyfox.system.user.UserInterceptor-intercept] ####非法的请求
0 [17/07/20 10:28:33:555][main][com.mchange.v2.log.MLog-<clinit>] MLog clients using log4j logging.
23 [17/07/20 10:28:33:578][main][com.mchange.v2.c3p0.C3P0Registry-banner] Initializing c3p0-0.9.1.2 [built 21-May-2007 15:04:56; debug? true; trace: 10]
85 [17/07/20 10:28:33:640][main][com.mchange.v2.c3p0.impl.AbstractPoolBackedDataSource-getPoolManager] Initializing c3p0 pool... com.mchange.v2.c3p0.ComboPooledDataSource [ acquireIncrement -> 2, acquireRetryAttempts -> 30, acquireRetryDelay -> 1000, autoCommitOnClose -> false, automaticTestTable -> null, breakAfterAcquireFailure -> false, checkoutTimeout -> 0, connectionCustomizerClassName -> null, connectionTesterClassName -> com.mchange.v2.c3p0.impl.DefaultConnectionTester, dataSourceName -> 1hge1539pq170dg10pbpkz|63c9df77, debugUnreturnedConnectionStackTraces -> false, description -> null, driverClass -> com.mysql.jdbc.Driver, factoryClassLocation -> null, forceIgnoreUnresolvedTransactions -> false, identityToken -> 1hge1539pq170dg10pbpkz|63c9df77, idleConnectionTestPeriod -> 0, initialPoolSize -> 10, jdbcUrl -> jdbc:mysql://127.0.0.1:3306/hadoop, maxAdministrativeTaskTime -> 0, maxConnectionAge -> 0, maxIdleTime -> 20, maxIdleTimeExcessConnections -> 0, maxPoolSize -> 100, maxStatements -> 0, maxStatementsPerConnection -> 0, minPoolSize -> 10, numHelperThreads -> 3, numThreadsAwaitingCheckoutDefaultUser -> 0, preferredTestQuery -> null, properties -> {user=******, password=******}, propertyCycle -> 0, testConnectionOnCheckin -> false, testConnectionOnCheckout -> false, unreturnedConnectionTimeout -> 0, usesTraditionalReflectiveProxies -> false ]
452 [17/07/20 10:28:34:007][main][com.jflyfox.component.util.JFlyFoxCache-init] ####缓存初始化开始......
472 [17/07/20 10:28:34:027][main][com.jflyfox.system.dict.DictCache-init] ####数据字典Cache初始化......
485 [17/07/20 10:28:34:040][main][com.jflyfox.system.user.UserCache-init] ####用户Cache初始化......
492 [17/07/20 10:28:34:047][main][com.jflyfox.modules.admin.pageview.PageViewCache-init] ####PageViewCache初始化......
494 [17/07/20 10:28:34:049][main][com.jflyfox.modules.admin.friendlylink.FriendlylinkCache-init] ####FriendlylinkCache初始化......
498 [17/07/20 10:28:34:053][main][com.jflyfox.modules.admin.folder.FolderService-initMenuKey] ####目录Key初始化......
503 [17/07/20 10:28:34:058][main][com.jflyfox.system.log.SysLog-init] ####日志配置初始化......
505 [17/07/20 10:28:34:060][main][com.jflyfox.component.util.JFlyFoxCache-init] ####缓存初始化结束......
1166 [17/07/20 10:28:34:721][http-8088-1][com.jflyfox.system.user.UserInterceptor-intercept] ####非法的请求
63842 [17/07/20 10:29:37:397][http-8088-1][com.jflyfox.system.user.UserInterceptor-intercept] ####非法的请求
115684 [17/07/20 10:30:29:239][http-8088-1][com.jflyfox.system.user.UserInterceptor-intercept] ####非法的请求
118397 [17/07/20 10:30:31:952][http-8088-5][com.jflyfox.system.user.UserInterceptor-intercept] ####非法的请求
0 [17/07/20 10:31:11:232][main][com.mchange.v2.log.MLog-<clinit>] MLog clients using log4j logging.
24 [17/07/20 10:31:11:256][main][com.mchange.v2.c3p0.C3P0Registry-banner] Initializing c3p0-0.9.1.2 [built 21-May-2007 15:04:56; debug? true; trace: 10]
82 [17/07/20 10:31:11:314][main][com.mchange.v2.c3p0.impl.AbstractPoolBackedDataSource-getPoolManager] Initializing c3p0 pool... com.mchange.v2.c3p0.ComboPooledDataSource [ acquireIncrement -> 2, acquireRetryAttempts -> 30, acquireRetryDelay -> 1000, autoCommitOnClose -> false, automaticTestTable -> null, breakAfterAcquireFailure -> false, checkoutTimeout -> 0, connectionCustomizerClassName -> null, connectionTesterClassName -> com.mchange.v2.c3p0.impl.DefaultConnectionTester, dataSourceName -> 1hge1539pq1ae1ew11ne|63c9df77, debugUnreturnedConnectionStackTraces -> false, description -> null, driverClass -> com.mysql.jdbc.Driver, factoryClassLocation -> null, forceIgnoreUnresolvedTransactions -> false, identityToken -> 1hge1539pq1ae1ew11ne|63c9df77, idleConnectionTestPeriod -> 0, initialPoolSize -> 10, jdbcUrl -> jdbc:mysql://127.0.0.1:3306/hadoop, maxAdministrativeTaskTime -> 0, maxConnectionAge -> 0, maxIdleTime -> 20, maxIdleTimeExcessConnections -> 0, maxPoolSize -> 100, maxStatements -> 0, maxStatementsPerConnection -> 0, minPoolSize -> 10, numHelperThreads -> 3, numThreadsAwaitingCheckoutDefaultUser -> 0, preferredTestQuery -> null, properties -> {user=******, password=******}, propertyCycle -> 0, testConnectionOnCheckin -> false, testConnectionOnCheckout -> false, unreturnedConnectionTimeout -> 0, usesTraditionalReflectiveProxies -> false ]
442 [17/07/20 10:31:11:674][main][com.jflyfox.component.util.JFlyFoxCache-init] ####缓存初始化开始......
462 [17/07/20 10:31:11:694][main][com.jflyfox.system.dict.DictCache-init] ####数据字典Cache初始化......
472 [17/07/20 10:31:11:704][main][com.jflyfox.system.user.UserCache-init] ####用户Cache初始化......
477 [17/07/20 10:31:11:709][main][com.jflyfox.modules.admin.pageview.PageViewCache-init] ####PageViewCache初始化......
480 [17/07/20 10:31:11:712][main][com.jflyfox.modules.admin.friendlylink.FriendlylinkCache-init] ####FriendlylinkCache初始化......
489 [17/07/20 10:31:11:721][main][com.jflyfox.modules.admin.folder.FolderService-initMenuKey] ####目录Key初始化......
493 [17/07/20 10:31:11:725][main][com.jflyfox.system.log.SysLog-init] ####日志配置初始化......
494 [17/07/20 10:31:11:726][main][com.jflyfox.component.util.JFlyFoxCache-init] ####缓存初始化结束......
2085 [17/07/20 10:31:13:317][http-8088-1][com.jflyfox.system.user.UserInterceptor-intercept] ####非法的请求
153183 [17/07/20 10:33:44:415][http-8088-1][com.jflyfox.system.user.UserInterceptor-intercept] ####非法的请求
560960 [17/07/20 10:40:32:192][http-8088-1][com.jflyfox.modules.admin.folder.FolderService-initMenuKey] ####目录Key初始化......
560963 [17/07/20 10:40:32:195][http-8088-1][com.jflyfox.system.user.UserInterceptor-intercept] ####非法的请求
595142 [17/07/20 10:41:06:374][http-8088-1][com.jflyfox.system.user.UserInterceptor-intercept] ####非法的请求
618542 [17/07/20 10:41:29:774][http-8088-2][com.jflyfox.system.user.UserInterceptor-intercept] ####非法的请求
0 [17/07/20 10:45:49:478][main][com.mchange.v2.log.MLog-<clinit>] MLog clients using log4j logging.
29 [17/07/20 10:45:49:507][main][com.mchange.v2.c3p0.C3P0Registry-banner] Initializing c3p0-0.9.1.2 [built 21-May-2007 15:04:56; debug? true; trace: 10]
95 [17/07/20 10:45:49:573][main][com.mchange.v2.c3p0.impl.AbstractPoolBackedDataSource-getPoolManager] Initializing c3p0 pool... com.mchange.v2.c3p0.ComboPooledDataSource [ acquireIncrement -> 2, acquireRetryAttempts -> 30, acquireRetryDelay -> 1000, autoCommitOnClose -> false, automaticTestTable -> null, breakAfterAcquireFailure -> false, checkoutTimeout -> 0, connectionCustomizerClassName -> null, connectionTesterClassName -> com.mchange.v2.c3p0.impl.DefaultConnectionTester, dataSourceName -> 1hge1539pq1t7p8g2v58n|63c9df77, debugUnreturnedConnectionStackTraces -> false, description -> null, driverClass -> com.mysql.jdbc.Driver, factoryClassLocation -> null, forceIgnoreUnresolvedTransactions -> false, identityToken -> 1hge1539pq1t7p8g2v58n|63c9df77, idleConnectionTestPeriod -> 0, initialPoolSize -> 10, jdbcUrl -> jdbc:mysql://127.0.0.1:3306/hadoop, maxAdministrativeTaskTime -> 0, maxConnectionAge -> 0, maxIdleTime -> 20, maxIdleTimeExcessConnections -> 0, maxPoolSize -> 100, maxStatements -> 0, maxStatementsPerConnection -> 0, minPoolSize -> 10, numHelperThreads -> 3, numThreadsAwaitingCheckoutDefaultUser -> 0, preferredTestQuery -> null, properties -> {user=******, password=******}, propertyCycle -> 0, testConnectionOnCheckin -> false, testConnectionOnCheckout -> false, unreturnedConnectionTimeout -> 0, usesTraditionalReflectiveProxies -> false ]
490 [17/07/20 10:45:49:968][main][com.jflyfox.component.util.JFlyFoxCache-init] ####缓存初始化开始......
510 [17/07/20 10:45:49:988][main][com.jflyfox.system.dict.DictCache-init] ####数据字典Cache初始化......
521 [17/07/20 10:45:49:999][main][com.jflyfox.system.user.UserCache-init] ####用户Cache初始化......
526 [17/07/20 10:45:50:004][main][com.jflyfox.modules.admin.pageview.PageViewCache-init] ####PageViewCache初始化......
528 [17/07/20 10:45:50:006][main][com.jflyfox.modules.admin.friendlylink.FriendlylinkCache-init] ####FriendlylinkCache初始化......
532 [17/07/20 10:45:50:010][main][com.jflyfox.modules.admin.folder.FolderService-initMenuKey] ####目录Key初始化......
535 [17/07/20 10:45:50:013][main][com.jflyfox.system.log.SysLog-init] ####日志配置初始化......
536 [17/07/20 10:45:50:014][main][com.jflyfox.component.util.JFlyFoxCache-init] ####缓存初始化结束......
6082 [17/07/20 10:45:55:560][http-8088-1][com.jflyfox.system.user.UserInterceptor-intercept] ####非法的请求
284825 [17/07/20 10:50:34:303][http-8088-1][com.jfinal.core.ActionHandler-handle] 404 Action Not Found: /dev/algorithm/edit_algorithm
302893 [17/07/20 10:50:52:371][http-8088-6][com.jfinal.core.ActionHandler-handle] 404 Action Not Found: /algorithm/algorithm/edit_algorithm
306868 [17/07/20 10:50:56:346][http-8088-5][com.jfinal.core.ActionHandler-handle] 404 Action Not Found: /algorithms/algorithm/edit_algorithm
322023 [17/07/20 10:51:11:501][http-8088-3][com.jflyfox.modules.admin.folder.FolderService-initMenuKey] ####目录Key初始化......
322029 [17/07/20 10:51:11:507][http-8088-3][com.jflyfox.system.user.UserInterceptor-intercept] ####非法的请求
0 [17/07/20 10:54:23:135][main][com.mchange.v2.log.MLog-<clinit>] MLog clients using log4j logging.
23 [17/07/20 10:54:23:158][main][com.mchange.v2.c3p0.C3P0Registry-banner] Initializing c3p0-0.9.1.2 [built 21-May-2007 15:04:56; debug? true; trace: 10]
81 [17/07/20 10:54:23:216][main][com.mchange.v2.c3p0.impl.AbstractPoolBackedDataSource-getPoolManager] Initializing c3p0 pool... com.mchange.v2.c3p0.ComboPooledDataSource [ acquireIncrement -> 2, acquireRetryAttempts -> 30, acquireRetryDelay -> 1000, autoCommitOnClose -> false, automaticTestTable -> null, breakAfterAcquireFailure -> false, checkoutTimeout -> 0, connectionCustomizerClassName -> null, connectionTesterClassName -> com.mchange.v2.c3p0.impl.DefaultConnectionTester, dataSourceName -> 1hge1539pq2481cmbk5xi|63c9df77, debugUnreturnedConnectionStackTraces -> false, description -> null, driverClass -> com.mysql.jdbc.Driver, factoryClassLocation -> null, forceIgnoreUnresolvedTransactions -> false, identityToken -> 1hge1539pq2481cmbk5xi|63c9df77, idleConnectionTestPeriod -> 0, initialPoolSize -> 10, jdbcUrl -> jdbc:mysql://127.0.0.1:3306/hadoop, maxAdministrativeTaskTime -> 0, maxConnectionAge -> 0, maxIdleTime -> 20, maxIdleTimeExcessConnections -> 0, maxPoolSize -> 100, maxStatements -> 0, maxStatementsPerConnection -> 0, minPoolSize -> 10, numHelperThreads -> 3, numThreadsAwaitingCheckoutDefaultUser -> 0, preferredTestQuery -> null, properties -> {user=******, password=******}, propertyCycle -> 0, testConnectionOnCheckin -> false, testConnectionOnCheckout -> false, unreturnedConnectionTimeout -> 0, usesTraditionalReflectiveProxies -> false ]
460 [17/07/20 10:54:23:595][main][com.jflyfox.component.util.JFlyFoxCache-init] ####缓存初始化开始......
479 [17/07/20 10:54:23:614][main][com.jflyfox.system.dict.DictCache-init] ####数据字典Cache初始化......
490 [17/07/20 10:54:23:625][main][com.jflyfox.system.user.UserCache-init] ####用户Cache初始化......
501 [17/07/20 10:54:23:636][main][com.jflyfox.modules.admin.pageview.PageViewCache-init] ####PageViewCache初始化......
504 [17/07/20 10:54:23:639][main][com.jflyfox.modules.admin.friendlylink.FriendlylinkCache-init] ####FriendlylinkCache初始化......
509 [17/07/20 10:54:23:644][main][com.jflyfox.modules.admin.folder.FolderService-initMenuKey] ####目录Key初始化......
515 [17/07/20 10:54:23:650][main][com.jflyfox.system.log.SysLog-init] ####日志配置初始化......
517 [17/07/20 10:54:23:652][main][com.jflyfox.component.util.JFlyFoxCache-init] ####缓存初始化结束......
6113 [17/07/20 10:54:29:248][http-8088-1][com.jflyfox.system.user.UserInterceptor-intercept] ####非法的请求
12730 [17/07/20 10:54:35:865][http-8088-1][com.jflyfox.system.user.UserInterceptor-intercept] ####非法的请求
287111 [17/07/20 10:59:10:246][http-8088-6][com.jflyfox.system.user.UserInterceptor-intercept] ####非法的请求
0 [17/07/20 11:02:18:014][main][com.mchange.v2.log.MLog-<clinit>] MLog clients using log4j logging.
24 [17/07/20 11:02:18:038][main][com.mchange.v2.c3p0.C3P0Registry-banner] Initializing c3p0-0.9.1.2 [built 21-May-2007 15:04:56; debug? true; trace: 10]
89 [17/07/20 11:02:18:103][main][com.mchange.v2.c3p0.impl.AbstractPoolBackedDataSource-getPoolManager] Initializing c3p0 pool... com.mchange.v2.c3p0.ComboPooledDataSource [ acquireIncrement -> 2, acquireRetryAttempts -> 30, acquireRetryDelay -> 1000, autoCommitOnClose -> false, automaticTestTable -> null, breakAfterAcquireFailure -> false, checkoutTimeout -> 0, connectionCustomizerClassName -> null, connectionTesterClassName -> com.mchange.v2.c3p0.impl.DefaultConnectionTester, dataSourceName -> 1hge1539pq2eegf1xolt1c|63c9df77, debugUnreturnedConnectionStackTraces -> false, description -> null, driverClass -> com.mysql.jdbc.Driver, factoryClassLocation -> null, forceIgnoreUnresolvedTransactions -> false, identityToken -> 1hge1539pq2eegf1xolt1c|63c9df77, idleConnectionTestPeriod -> 0, initialPoolSize -> 10, jdbcUrl -> jdbc:mysql://127.0.0.1:3306/hadoop, maxAdministrativeTaskTime -> 0, maxConnectionAge -> 0, maxIdleTime -> 20, maxIdleTimeExcessConnections -> 0, maxPoolSize -> 100, maxStatements -> 0, maxStatementsPerConnection -> 0, minPoolSize -> 10, numHelperThreads -> 3, numThreadsAwaitingCheckoutDefaultUser -> 0, preferredTestQuery -> null, properties -> {user=******, password=******}, propertyCycle -> 0, testConnectionOnCheckin -> false, testConnectionOnCheckout -> false, unreturnedConnectionTimeout -> 0, usesTraditionalReflectiveProxies -> false ]
478 [17/07/20 11:02:18:492][main][com.jflyfox.component.util.JFlyFoxCache-init] ####缓存初始化开始......
498 [17/07/20 11:02:18:512][main][com.jflyfox.system.dict.DictCache-init] ####数据字典Cache初始化......
511 [17/07/20 11:02:18:525][main][com.jflyfox.system.user.UserCache-init] ####用户Cache初始化......
517 [17/07/20 11:02:18:531][main][com.jflyfox.modules.admin.pageview.PageViewCache-init] ####PageViewCache初始化......
520 [17/07/20 11:02:18:534][main][com.jflyfox.modules.admin.friendlylink.FriendlylinkCache-init] ####FriendlylinkCache初始化......
525 [17/07/20 11:02:18:539][main][com.jflyfox.modules.admin.folder.FolderService-initMenuKey] ####目录Key初始化......
528 [17/07/20 11:02:18:542][main][com.jflyfox.system.log.SysLog-init] ####日志配置初始化......
530 [17/07/20 11:02:18:544][main][com.jflyfox.component.util.JFlyFoxCache-init] ####缓存初始化结束......
1127 [17/07/20 11:02:19:141][http-8088-1][com.jflyfox.system.user.UserInterceptor-intercept] ####非法的请求
5396 [17/07/20 11:02:23:410][http-8088-1][com.jflyfox.system.user.UserInterceptor-intercept] ####非法的请求
0 [17/07/20 11:03:32:841][main][com.mchange.v2.log.MLog-<clinit>] MLog clients using log4j logging.
27 [17/07/20 11:03:32:868][main][com.mchange.v2.c3p0.C3P0Registry-banner] Initializing c3p0-0.9.1.2 [built 21-May-2007 15:04:56; debug? true; trace: 10]
90 [17/07/20 11:03:32:931][main][com.mchange.v2.c3p0.impl.AbstractPoolBackedDataSource-getPoolManager] Initializing c3p0 pool... com.mchange.v2.c3p0.ComboPooledDataSource [ acquireIncrement -> 2, acquireRetryAttempts -> 30, acquireRetryDelay -> 1000, autoCommitOnClose -> false, automaticTestTable -> null, breakAfterAcquireFailure -> false, checkoutTimeout -> 0, connectionCustomizerClassName -> null, connectionTesterClassName -> com.mchange.v2.c3p0.impl.DefaultConnectionTester, dataSourceName -> 1hge1539pq2g0713sbnjp|63c9df77, debugUnreturnedConnectionStackTraces -> false, description -> null, driverClass -> com.mysql.jdbc.Driver, factoryClassLocation -> null, forceIgnoreUnresolvedTransactions -> false, identityToken -> 1hge1539pq2g0713sbnjp|63c9df77, idleConnectionTestPeriod -> 0, initialPoolSize -> 10, jdbcUrl -> jdbc:mysql://127.0.0.1:3306/hadoop, maxAdministrativeTaskTime -> 0, maxConnectionAge -> 0, maxIdleTime -> 20, maxIdleTimeExcessConnections -> 0, maxPoolSize -> 100, maxStatements -> 0, maxStatementsPerConnection -> 0, minPoolSize -> 10, numHelperThreads -> 3, numThreadsAwaitingCheckoutDefaultUser -> 0, preferredTestQuery -> null, properties -> {user=******, password=******}, propertyCycle -> 0, testConnectionOnCheckin -> false, testConnectionOnCheckout -> false, unreturnedConnectionTimeout -> 0, usesTraditionalReflectiveProxies -> false ]
482 [17/07/20 11:03:33:323][main][com.jflyfox.component.util.JFlyFoxCache-init] ####缓存初始化开始......
503 [17/07/20 11:03:33:344][main][com.jflyfox.system.dict.DictCache-init] ####数据字典Cache初始化......
514 [17/07/20 11:03:33:355][main][com.jflyfox.system.user.UserCache-init] ####用户Cache初始化......
520 [17/07/20 11:03:33:361][main][com.jflyfox.modules.admin.pageview.PageViewCache-init] ####PageViewCache初始化......
521 [17/07/20 11:03:33:362][main][com.jflyfox.modules.admin.friendlylink.FriendlylinkCache-init] ####FriendlylinkCache初始化......
526 [17/07/20 11:03:33:367][main][com.jflyfox.modules.admin.folder.FolderService-initMenuKey] ####目录Key初始化......
530 [17/07/20 11:03:33:371][main][com.jflyfox.system.log.SysLog-init] ####日志配置初始化......
531 [17/07/20 11:03:33:372][main][com.jflyfox.component.util.JFlyFoxCache-init] ####缓存初始化结束......
0 [17/07/20 11:04:10:635][main][com.mchange.v2.log.MLog-<clinit>] MLog clients using log4j logging.
24 [17/07/20 11:04:10:659][main][com.mchange.v2.c3p0.C3P0Registry-banner] Initializing c3p0-0.9.1.2 [built 21-May-2007 15:04:56; debug? true; trace: 10]
86 [17/07/20 11:04:10:721][main][com.mchange.v2.c3p0.impl.AbstractPoolBackedDataSource-getPoolManager] Initializing c3p0 pool... com.mchange.v2.c3p0.ComboPooledDataSource [ acquireIncrement -> 2, acquireRetryAttempts -> 30, acquireRetryDelay -> 1000, autoCommitOnClose -> false, automaticTestTable -> null, breakAfterAcquireFailure -> false, checkoutTimeout -> 0, connectionCustomizerClassName -> null, connectionTesterClassName -> com.mchange.v2.c3p0.impl.DefaultConnectionTester, dataSourceName -> 1hge1539pq2gtctsg5t3m|63c9df77, debugUnreturnedConnectionStackTraces -> false, description -> null, driverClass -> com.mysql.jdbc.Driver, factoryClassLocation -> null, forceIgnoreUnresolvedTransactions -> false, identityToken -> 1hge1539pq2gtctsg5t3m|63c9df77, idleConnectionTestPeriod -> 0, initialPoolSize -> 10, jdbcUrl -> jdbc:mysql://127.0.0.1:3306/hadoop, maxAdministrativeTaskTime -> 0, maxConnectionAge -> 0, maxIdleTime -> 20, maxIdleTimeExcessConnections -> 0, maxPoolSize -> 100, maxStatements -> 0, maxStatementsPerConnection -> 0, minPoolSize -> 10, numHelperThreads -> 3, numThreadsAwaitingCheckoutDefaultUser -> 0, preferredTestQuery -> null, properties -> {user=******, password=******}, propertyCycle -> 0, testConnectionOnCheckin -> false, testConnectionOnCheckout -> false, unreturnedConnectionTimeout -> 0, usesTraditionalReflectiveProxies -> false ]
517 [17/07/20 11:04:11:152][main][com.jflyfox.component.util.JFlyFoxCache-init] ####缓存初始化开始......
540 [17/07/20 11:04:11:175][main][com.jflyfox.system.dict.DictCache-init] ####数据字典Cache初始化......
551 [17/07/20 11:04:11:186][main][com.jflyfox.system.user.UserCache-init] ####用户Cache初始化......
560 [17/07/20 11:04:11:195][main][com.jflyfox.modules.admin.pageview.PageViewCache-init] ####PageViewCache初始化......
563 [17/07/20 11:04:11:198][main][com.jflyfox.modules.admin.friendlylink.FriendlylinkCache-init] ####FriendlylinkCache初始化......
568 [17/07/20 11:04:11:203][main][com.jflyfox.modules.admin.folder.FolderService-initMenuKey] ####目录Key初始化......
573 [17/07/20 11:04:11:208][main][com.jflyfox.system.log.SysLog-init] ####日志配置初始化......
575 [17/07/20 11:04:11:210][main][com.jflyfox.component.util.JFlyFoxCache-init] ####缓存初始化结束......
23242 [17/07/20 11:04:33:877][http-8088-1][com.jflyfox.system.user.UserInterceptor-intercept] ####非法的请求
0 [17/07/20 11:10:01:277][main][com.mchange.v2.log.MLog-<clinit>] MLog clients using log4j logging.
31 [17/07/20 11:10:01:308][main][com.mchange.v2.c3p0.C3P0Registry-banner] Initializing c3p0-0.9.1.2 [built 21-May-2007 15:04:56; debug? true; trace: 10]
96 [17/07/20 11:10:01:373][main][com.mchange.v2.c3p0.impl.AbstractPoolBackedDataSource-getPoolManager] Initializing c3p0 pool... com.mchange.v2.c3p0.ComboPooledDataSource [ acquireIncrement -> 2, acquireRetryAttempts -> 30, acquireRetryDelay -> 1000, autoCommitOnClose -> false, automaticTestTable -> null, breakAfterAcquireFailure -> false, checkoutTimeout -> 0, connectionCustomizerClassName -> null, connectionTesterClassName -> com.mchange.v2.c3p0.impl.DefaultConnectionTester, dataSourceName -> 1hge1539pq2obx21bywb4k|63c9df77, debugUnreturnedConnectionStackTraces -> false, description -> null, driverClass -> com.mysql.jdbc.Driver, factoryClassLocation -> null, forceIgnoreUnresolvedTransactions -> false, identityToken -> 1hge1539pq2obx21bywb4k|63c9df77, idleConnectionTestPeriod -> 0, initialPoolSize -> 10, jdbcUrl -> jdbc:mysql://127.0.0.1:3306/hadoop, maxAdministrativeTaskTime -> 0, maxConnectionAge -> 0, maxIdleTime -> 20, maxIdleTimeExcessConnections -> 0, maxPoolSize -> 100, maxStatements -> 0, maxStatementsPerConnection -> 0, minPoolSize -> 10, numHelperThreads -> 3, numThreadsAwaitingCheckoutDefaultUser -> 0, preferredTestQuery -> null, properties -> {user=******, password=******}, propertyCycle -> 0, testConnectionOnCheckin -> false, testConnectionOnCheckout -> false, unreturnedConnectionTimeout -> 0, usesTraditionalReflectiveProxies -> false ]
516 [17/07/20 11:10:01:793][main][com.jflyfox.component.util.JFlyFoxCache-init] ####缓存初始化开始......
535 [17/07/20 11:10:01:812][main][com.jflyfox.system.dict.DictCache-init] ####数据字典Cache初始化......
545 [17/07/20 11:10:01:822][main][com.jflyfox.system.user.UserCache-init] ####用户Cache初始化......
550 [17/07/20 11:10:01:827][main][com.jflyfox.modules.admin.pageview.PageViewCache-init] ####PageViewCache初始化......
552 [17/07/20 11:10:01:829][main][com.jflyfox.modules.admin.friendlylink.FriendlylinkCache-init] ####FriendlylinkCache初始化......
557 [17/07/20 11:10:01:834][main][com.jflyfox.modules.admin.folder.FolderService-initMenuKey] ####目录Key初始化......
560 [17/07/20 11:10:01:837][main][com.jflyfox.system.log.SysLog-init] ####日志配置初始化......
561 [17/07/20 11:10:01:838][main][com.jflyfox.component.util.JFlyFoxCache-init] ####缓存初始化结束......
5870 [17/07/20 11:10:07:147][http-8088-1][com.jflyfox.system.user.UserInterceptor-intercept] ####非法的请求
0 [17/07/20 11:15:20:632][main][com.mchange.v2.log.MLog-<clinit>] MLog clients using log4j logging.
24 [17/07/20 11:15:20:656][main][com.mchange.v2.c3p0.C3P0Registry-banner] Initializing c3p0-0.9.1.2 [built 21-May-2007 15:04:56; debug? true; trace: 10]
102 [17/07/20 11:15:20:734][main][com.mchange.v2.c3p0.impl.AbstractPoolBackedDataSource-getPoolManager] Initializing c3p0 pool... com.mchange.v2.c3p0.ComboPooledDataSource [ acquireIncrement -> 2, acquireRetryAttempts -> 30, acquireRetryDelay -> 1000, autoCommitOnClose -> false, automaticTestTable -> null, breakAfterAcquireFailure -> false, checkoutTimeout -> 0, connectionCustomizerClassName -> null, connectionTesterClassName -> com.mchange.v2.c3p0.impl.DefaultConnectionTester, dataSourceName -> 1hge1539pq2v6bt6j0bcr|63c9df77, debugUnreturnedConnectionStackTraces -> false, description -> null, driverClass -> com.mysql.jdbc.Driver, factoryClassLocation -> null, forceIgnoreUnresolvedTransactions -> false, identityToken -> 1hge1539pq2v6bt6j0bcr|63c9df77, idleConnectionTestPeriod -> 0, initialPoolSize -> 10, jdbcUrl -> jdbc:mysql://127.0.0.1:3306/hadoop, maxAdministrativeTaskTime -> 0, maxConnectionAge -> 0, maxIdleTime -> 20, maxIdleTimeExcessConnections -> 0, maxPoolSize -> 100, maxStatements -> 0, maxStatementsPerConnection -> 0, minPoolSize -> 10, numHelperThreads -> 3, numThreadsAwaitingCheckoutDefaultUser -> 0, preferredTestQuery -> null, properties -> {user=******, password=******}, propertyCycle -> 0, testConnectionOnCheckin -> false, testConnectionOnCheckout -> false, unreturnedConnectionTimeout -> 0, usesTraditionalReflectiveProxies -> false ]
465 [17/07/20 11:15:21:097][main][com.jflyfox.component.util.JFlyFoxCache-init] ####缓存初始化开始......
483 [17/07/20 11:15:21:115][main][com.jflyfox.system.dict.DictCache-init] ####数据字典Cache初始化......
494 [17/07/20 11:15:21:126][main][com.jflyfox.system.user.UserCache-init] ####用户Cache初始化......
500 [17/07/20 11:15:21:132][main][com.jflyfox.modules.admin.pageview.PageViewCache-init] ####PageViewCache初始化......
503 [17/07/20 11:15:21:135][main][com.jflyfox.modules.admin.friendlylink.FriendlylinkCache-init] ####FriendlylinkCache初始化......
509 [17/07/20 11:15:21:141][main][com.jflyfox.modules.admin.folder.FolderService-initMenuKey] ####目录Key初始化......
514 [17/07/20 11:15:21:146][main][com.jflyfox.system.log.SysLog-init] ####日志配置初始化......
516 [17/07/20 11:15:21:148][main][com.jflyfox.component.util.JFlyFoxCache-init] ####缓存初始化结束......
14825 [17/07/20 11:15:35:457][http-8088-1][com.jflyfox.system.user.UserInterceptor-intercept] ####非法的请求
0 [17/07/20 11:17:32:237][main][com.mchange.v2.log.MLog-<clinit>] MLog clients using log4j logging.
30 [17/07/20 11:17:32:267][main][com.mchange.v2.c3p0.C3P0Registry-banner] Initializing c3p0-0.9.1.2 [built 21-May-2007 15:04:56; debug? true; trace: 10]
96 [17/07/20 11:17:32:333][main][com.mchange.v2.c3p0.impl.AbstractPoolBackedDataSource-getPoolManager] Initializing c3p0 pool... com.mchange.v2.c3p0.ComboPooledDataSource [ acquireIncrement -> 2, acquireRetryAttempts -> 30, acquireRetryDelay -> 1000, autoCommitOnClose -> false, automaticTestTable -> null, breakAfterAcquireFailure -> false, checkoutTimeout -> 0, connectionCustomizerClassName -> null, connectionTesterClassName -> com.mchange.v2.c3p0.impl.DefaultConnectionTester, dataSourceName -> 1hge1539pq2xzvp18qy15t|63c9df77, debugUnreturnedConnectionStackTraces -> false, description -> null, driverClass -> com.mysql.jdbc.Driver, factoryClassLocation -> null, forceIgnoreUnresolvedTransactions -> false, identityToken -> 1hge1539pq2xzvp18qy15t|63c9df77, idleConnectionTestPeriod -> 0, initialPoolSize -> 10, jdbcUrl -> jdbc:mysql://127.0.0.1:3306/hadoop, maxAdministrativeTaskTime -> 0, maxConnectionAge -> 0, maxIdleTime -> 20, maxIdleTimeExcessConnections -> 0, maxPoolSize -> 100, maxStatements -> 0, maxStatementsPerConnection -> 0, minPoolSize -> 10, numHelperThreads -> 3, numThreadsAwaitingCheckoutDefaultUser -> 0, preferredTestQuery -> null, properties -> {user=******, password=******}, propertyCycle -> 0, testConnectionOnCheckin -> false, testConnectionOnCheckout -> false, unreturnedConnectionTimeout -> 0, usesTraditionalReflectiveProxies -> false ]
501 [17/07/20 11:17:32:738][main][com.jflyfox.component.util.JFlyFoxCache-init] ####缓存初始化开始......
522 [17/07/20 11:17:32:759][main][com.jflyfox.system.dict.DictCache-init] ####数据字典Cache初始化......
536 [17/07/20 11:17:32:773][main][com.jflyfox.system.user.UserCache-init] ####用户Cache初始化......
542 [17/07/20 11:17:32:779][main][com.jflyfox.modules.admin.pageview.PageViewCache-init] ####PageViewCache初始化......
544 [17/07/20 11:17:32:781][main][com.jflyfox.modules.admin.friendlylink.FriendlylinkCache-init] ####FriendlylinkCache初始化......
552 [17/07/20 11:17:32:789][main][com.jflyfox.modules.admin.folder.FolderService-initMenuKey] ####目录Key初始化......
555 [17/07/20 11:17:32:792][main][com.jflyfox.system.log.SysLog-init] ####日志配置初始化......
557 [17/07/20 11:17:32:794][main][com.jflyfox.component.util.JFlyFoxCache-init] ####缓存初始化结束......
8885 [17/07/20 11:17:41:122][http-8088-1][com.jflyfox.system.user.UserInterceptor-intercept] ####非法的请求
0 [17/07/20 11:18:44:710][main][com.mchange.v2.log.MLog-<clinit>] MLog clients using log4j logging.
23 [17/07/20 11:18:44:733][main][com.mchange.v2.c3p0.C3P0Registry-banner] Initializing c3p0-0.9.1.2 [built 21-May-2007 15:04:56; debug? true; trace: 10]
85 [17/07/20 11:18:44:795][main][com.mchange.v2.c3p0.impl.AbstractPoolBackedDataSource-getPoolManager] Initializing c3p0 pool... com.mchange.v2.c3p0.ComboPooledDataSource [ acquireIncrement -> 2, acquireRetryAttempts -> 30, acquireRetryDelay -> 1000, autoCommitOnClose -> false, automaticTestTable -> null, breakAfterAcquireFailure -> false, checkoutTimeout -> 0, connectionCustomizerClassName -> null, connectionTesterClassName -> com.mchange.v2.c3p0.impl.DefaultConnectionTester, dataSourceName -> 1hge1539pq2zjsn15p0n3u|63c9df77, debugUnreturnedConnectionStackTraces -> false, description -> null, driverClass -> com.mysql.jdbc.Driver, factoryClassLocation -> null, forceIgnoreUnresolvedTransactions -> false, identityToken -> 1hge1539pq2zjsn15p0n3u|63c9df77, idleConnectionTestPeriod -> 0, initialPoolSize -> 10, jdbcUrl -> jdbc:mysql://127.0.0.1:3306/hadoop, maxAdministrativeTaskTime -> 0, maxConnectionAge -> 0, maxIdleTime -> 20, maxIdleTimeExcessConnections -> 0, maxPoolSize -> 100, maxStatements -> 0, maxStatementsPerConnection -> 0, minPoolSize -> 10, numHelperThreads -> 3, numThreadsAwaitingCheckoutDefaultUser -> 0, preferredTestQuery -> null, properties -> {user=******, password=******}, propertyCycle -> 0, testConnectionOnCheckin -> false, testConnectionOnCheckout -> false, unreturnedConnectionTimeout -> 0, usesTraditionalReflectiveProxies -> false ]
475 [17/07/20 11:18:45:185][main][com.jflyfox.component.util.JFlyFoxCache-init] ####缓存初始化开始......
493 [17/07/20 11:18:45:203][main][com.jflyfox.system.dict.DictCache-init] ####数据字典Cache初始化......
503 [17/07/20 11:18:45:213][main][com.jflyfox.system.user.UserCache-init] ####用户Cache初始化......
510 [17/07/20 11:18:45:220][main][com.jflyfox.modules.admin.pageview.PageViewCache-init] ####PageViewCache初始化......
512 [17/07/20 11:18:45:222][main][com.jflyfox.modules.admin.friendlylink.FriendlylinkCache-init] ####FriendlylinkCache初始化......
518 [17/07/20 11:18:45:228][main][com.jflyfox.modules.admin.folder.FolderService-initMenuKey] ####目录Key初始化......
521 [17/07/20 11:18:45:231][main][com.jflyfox.system.log.SysLog-init] ####日志配置初始化......
522 [17/07/20 11:18:45:232][main][com.jflyfox.component.util.JFlyFoxCache-init] ####缓存初始化结束......
109790 [17/07/20 11:20:34:500][http-8088-1][com.jflyfox.system.user.UserInterceptor-intercept] ####非法的请求
0 [17/07/20 11:20:54:047][main][com.mchange.v2.log.MLog-<clinit>] MLog clients using log4j logging.
24 [17/07/20 11:20:54:071][main][com.mchange.v2.c3p0.C3P0Registry-banner] Initializing c3p0-0.9.1.2 [built 21-May-2007 15:04:56; debug? true; trace: 10]
96 [17/07/20 11:20:54:143][main][com.mchange.v2.c3p0.impl.AbstractPoolBackedDataSource-getPoolManager] Initializing c3p0 pool... com.mchange.v2.c3p0.ComboPooledDataSource [ acquireIncrement -> 2, acquireRetryAttempts -> 30, acquireRetryDelay -> 1000, autoCommitOnClose -> false, automaticTestTable -> null, breakAfterAcquireFailure -> false, checkoutTimeout -> 0, connectionCustomizerClassName -> null, connectionTesterClassName -> com.mchange.v2.c3p0.impl.DefaultConnectionTester, dataSourceName -> 1hge1539pq32bld1pno9mm|63c9df77, debugUnreturnedConnectionStackTraces -> false, description -> null, driverClass -> com.mysql.jdbc.Driver, factoryClassLocation -> null, forceIgnoreUnresolvedTransactions -> false, identityToken -> 1hge1539pq32bld1pno9mm|63c9df77, idleConnectionTestPeriod -> 0, initialPoolSize -> 10, jdbcUrl -> jdbc:mysql://127.0.0.1:3306/hadoop, maxAdministrativeTaskTime -> 0, maxConnectionAge -> 0, maxIdleTime -> 20, maxIdleTimeExcessConnections -> 0, maxPoolSize -> 100, maxStatements -> 0, maxStatementsPerConnection -> 0, minPoolSize -> 10, numHelperThreads -> 3, numThreadsAwaitingCheckoutDefaultUser -> 0, preferredTestQuery -> null, properties -> {user=******, password=******}, propertyCycle -> 0, testConnectionOnCheckin -> false, testConnectionOnCheckout -> false, unreturnedConnectionTimeout -> 0, usesTraditionalReflectiveProxies -> false ]
471 [17/07/20 11:20:54:518][main][com.jflyfox.component.util.JFlyFoxCache-init] ####缓存初始化开始......
498 [17/07/20 11:20:54:545][main][com.jflyfox.system.dict.DictCache-init] ####数据字典Cache初始化......
509 [17/07/20 11:20:54:556][main][com.jflyfox.system.user.UserCache-init] ####用户Cache初始化......
515 [17/07/20 11:20:54:562][main][com.jflyfox.modules.admin.pageview.PageViewCache-init] ####PageViewCache初始化......
517 [17/07/20 11:20:54:564][main][com.jflyfox.modules.admin.friendlylink.FriendlylinkCache-init] ####FriendlylinkCache初始化......
524 [17/07/20 11:20:54:571][main][com.jflyfox.modules.admin.folder.FolderService-initMenuKey] ####目录Key初始化......
528 [17/07/20 11:20:54:575][main][com.jflyfox.system.log.SysLog-init] ####日志配置初始化......
531 [17/07/20 11:20:54:578][main][com.jflyfox.component.util.JFlyFoxCache-init] ####缓存初始化结束......
0 [17/07/20 11:32:37:496][main][com.mchange.v2.log.MLog-<clinit>] MLog clients using log4j logging.
43 [17/07/20 11:32:37:539][main][com.mchange.v2.c3p0.C3P0Registry-banner] Initializing c3p0-0.9.1.2 [built 21-May-2007 15:04:56; debug? true; trace: 10]
136 [17/07/20 11:32:37:632][main][com.mchange.v2.c3p0.impl.AbstractPoolBackedDataSource-getPoolManager] Initializing c3p0 pool... com.mchange.v2.c3p0.ComboPooledDataSource [ acquireIncrement -> 2, acquireRetryAttempts -> 30, acquireRetryDelay -> 1000, autoCommitOnClose -> false, automaticTestTable -> null, breakAfterAcquireFailure -> false, checkoutTimeout -> 0, connectionCustomizerClassName -> null, connectionTesterClassName -> com.mchange.v2.c3p0.impl.DefaultConnectionTester, dataSourceName -> 1hge1539pq3hee0agpfh2|799f8528, debugUnreturnedConnectionStackTraces -> false, description -> null, driverClass -> com.mysql.jdbc.Driver, factoryClassLocation -> null, forceIgnoreUnresolvedTransactions -> false, identityToken -> 1hge1539pq3hee0agpfh2|799f8528, idleConnectionTestPeriod -> 0, initialPoolSize -> 10, jdbcUrl -> jdbc:mysql://127.0.0.1:3306/hadoop, maxAdministrativeTaskTime -> 0, maxConnectionAge -> 0, maxIdleTime -> 20, maxIdleTimeExcessConnections -> 0, maxPoolSize -> 100, maxStatements -> 0, maxStatementsPerConnection -> 0, minPoolSize -> 10, numHelperThreads -> 3, numThreadsAwaitingCheckoutDefaultUser -> 0, preferredTestQuery -> null, properties -> {user=******, password=******}, propertyCycle -> 0, testConnectionOnCheckin -> false, testConnectionOnCheckout -> false, unreturnedConnectionTimeout -> 0, usesTraditionalReflectiveProxies -> false ]
602 [17/07/20 11:32:38:098][main][com.jflyfox.component.util.JFlyFoxCache-init] ####缓存初始化开始......
624 [17/07/20 11:32:38:120][main][com.jflyfox.system.dict.DictCache-init] ####数据字典Cache初始化......
635 [17/07/20 11:32:38:131][main][com.jflyfox.system.user.UserCache-init] ####用户Cache初始化......
641 [17/07/20 11:32:38:137][main][com.jflyfox.modules.admin.pageview.PageViewCache-init] ####PageViewCache初始化......
644 [17/07/20 11:32:38:140][main][com.jflyfox.modules.admin.friendlylink.FriendlylinkCache-init] ####FriendlylinkCache初始化......
650 [17/07/20 11:32:38:146][main][com.jflyfox.modules.admin.folder.FolderService-initMenuKey] ####目录Key初始化......
655 [17/07/20 11:32:38:151][main][com.jflyfox.system.log.SysLog-init] ####日志配置初始化......
658 [17/07/20 11:32:38:154][main][com.jflyfox.component.util.JFlyFoxCache-init] ####缓存初始化结束......
13385 [17/07/20 11:32:50:881][http-8088-1][com.jflyfox.system.user.UserInterceptor-intercept] ####非法的请求
0 [17/07/20 11:34:38:509][main][com.mchange.v2.log.MLog-<clinit>] MLog clients using log4j logging.
23 [17/07/20 11:34:38:532][main][com.mchange.v2.c3p0.C3P0Registry-banner] Initializing c3p0-0.9.1.2 [built 21-May-2007 15:04:56; debug? true; trace: 10]
82 [17/07/20 11:34:38:591][main][com.mchange.v2.c3p0.impl.AbstractPoolBackedDataSource-getPoolManager] Initializing c3p0 pool... com.mchange.v2.c3p0.ComboPooledDataSource [ acquireIncrement -> 2, acquireRetryAttempts -> 30, acquireRetryDelay -> 1000, autoCommitOnClose -> false, automaticTestTable -> null, breakAfterAcquireFailure -> false, checkoutTimeout -> 0, connectionCustomizerClassName -> null, connectionTesterClassName -> com.mchange.v2.c3p0.impl.DefaultConnectionTester, dataSourceName -> 1hge1539pq3jzr211oo9qu|63c9df77, debugUnreturnedConnectionStackTraces -> false, description -> null, driverClass -> com.mysql.jdbc.Driver, factoryClassLocation -> null, forceIgnoreUnresolvedTransactions -> false, identityToken -> 1hge1539pq3jzr211oo9qu|63c9df77, idleConnectionTestPeriod -> 0, initialPoolSize -> 10, jdbcUrl -> jdbc:mysql://127.0.0.1:3306/hadoop, maxAdministrativeTaskTime -> 0, maxConnectionAge -> 0, maxIdleTime -> 20, maxIdleTimeExcessConnections -> 0, maxPoolSize -> 100, maxStatements -> 0, maxStatementsPerConnection -> 0, minPoolSize -> 10, numHelperThreads -> 3, numThreadsAwaitingCheckoutDefaultUser -> 0, preferredTestQuery -> null, properties -> {user=******, password=******}, propertyCycle -> 0, testConnectionOnCheckin -> false, testConnectionOnCheckout -> false, unreturnedConnectionTimeout -> 0, usesTraditionalReflectiveProxies -> false ]
466 [17/07/20 11:34:38:975][main][com.jflyfox.component.util.JFlyFoxCache-init] ####缓存初始化开始......
490 [17/07/20 11:34:38:999][main][com.jflyfox.system.dict.DictCache-init] ####数据字典Cache初始化......
503 [17/07/20 11:34:39:012][main][com.jflyfox.system.user.UserCache-init] ####用户Cache初始化......
510 [17/07/20 11:34:39:019][main][com.jflyfox.modules.admin.pageview.PageViewCache-init] ####PageViewCache初始化......
512 [17/07/20 11:34:39:021][main][com.jflyfox.modules.admin.friendlylink.FriendlylinkCache-init] ####FriendlylinkCache初始化......
517 [17/07/20 11:34:39:026][main][com.jflyfox.modules.admin.folder.FolderService-initMenuKey] ####目录Key初始化......
520 [17/07/20 11:34:39:029][main][com.jflyfox.system.log.SysLog-init] ####日志配置初始化......
522 [17/07/20 11:34:39:031][main][com.jflyfox.component.util.JFlyFoxCache-init] ####缓存初始化结束......
3894 [17/07/20 11:34:42:403][http-8088-1][com.jflyfox.system.user.UserInterceptor-intercept] ####非法的请求
33071 [17/07/20 11:35:11:580][http-8088-1][com.jflyfox.system.user.UserInterceptor-intercept] ####非法的请求
136916 [17/07/20 11:36:55:425][http-8088-1][com.jflyfox.system.user.UserInterceptor-intercept] ####非法的请求
172519 [17/07/20 11:37:31:028][http-8088-1][com.jflyfox.system.user.UserInterceptor-intercept] ####非法的请求
0 [17/07/20 11:43:33:610][main][com.mchange.v2.log.MLog-<clinit>] MLog clients using log4j logging.
22 [17/07/20 11:43:33:632][main][com.mchange.v2.c3p0.C3P0Registry-banner] Initializing c3p0-0.9.1.2 [built 21-May-2007 15:04:56; debug? true; trace: 10]
80 [17/07/20 11:43:33:690][main][com.mchange.v2.c3p0.impl.AbstractPoolBackedDataSource-getPoolManager] Initializing c3p0 pool... com.mchange.v2.c3p0.ComboPooledDataSource [ acquireIncrement -> 2, acquireRetryAttempts -> 30, acquireRetryDelay -> 1000, autoCommitOnClose -> false, automaticTestTable -> null, breakAfterAcquireFailure -> false, checkoutTimeout -> 0, connectionCustomizerClassName -> null, connectionTesterClassName -> com.mchange.v2.c3p0.impl.DefaultConnectionTester, dataSourceName -> 1hge1539pq3vgmz1qlbb7l|63c9df77, debugUnreturnedConnectionStackTraces -> false, description -> null, driverClass -> com.mysql.jdbc.Driver, factoryClassLocation -> null, forceIgnoreUnresolvedTransactions -> false, identityToken -> 1hge1539pq3vgmz1qlbb7l|63c9df77, idleConnectionTestPeriod -> 0, initialPoolSize -> 10, jdbcUrl -> jdbc:mysql://127.0.0.1:3306/hadoop, maxAdministrativeTaskTime -> 0, maxConnectionAge -> 0, maxIdleTime -> 20, maxIdleTimeExcessConnections -> 0, maxPoolSize -> 100, maxStatements -> 0, maxStatementsPerConnection -> 0, minPoolSize -> 10, numHelperThreads -> 3, numThreadsAwaitingCheckoutDefaultUser -> 0, preferredTestQuery -> null, properties -> {user=******, password=******}, propertyCycle -> 0, testConnectionOnCheckin -> false, testConnectionOnCheckout -> false, unreturnedConnectionTimeout -> 0, usesTraditionalReflectiveProxies -> false ]
479 [17/07/20 11:43:34:089][main][com.jflyfox.component.util.JFlyFoxCache-init] ####缓存初始化开始......
498 [17/07/20 11:43:34:108][main][com.jflyfox.system.dict.DictCache-init] ####数据字典Cache初始化......
508 [17/07/20 11:43:34:118][main][com.jflyfox.system.user.UserCache-init] ####用户Cache初始化......
514 [17/07/20 11:43:34:124][main][com.jflyfox.modules.admin.pageview.PageViewCache-init] ####PageViewCache初始化......
515 [17/07/20 11:43:34:125][main][com.jflyfox.modules.admin.friendlylink.FriendlylinkCache-init] ####FriendlylinkCache初始化......
523 [17/07/20 11:43:34:133][main][com.jflyfox.modules.admin.folder.FolderService-initMenuKey] ####目录Key初始化......
528 [17/07/20 11:43:34:138][main][com.jflyfox.system.log.SysLog-init] ####日志配置初始化......
530 [17/07/20 11:43:34:140][main][com.jflyfox.component.util.JFlyFoxCache-init] ####缓存初始化结束......
7764 [17/07/20 11:43:41:374][http-8088-1][com.jflyfox.system.user.UserInterceptor-intercept] ####非法的请求
0 [17/07/20 11:48:18:736][main][com.mchange.v2.log.MLog-<clinit>] MLog clients using log4j logging.
25 [17/07/20 11:48:18:761][main][com.mchange.v2.c3p0.C3P0Registry-banner] Initializing c3p0-0.9.1.2 [built 21-May-2007 15:04:56; debug? true; trace: 10]
91 [17/07/20 11:48:18:827][main][com.mchange.v2.c3p0.impl.AbstractPoolBackedDataSource-getPoolManager] Initializing c3p0 pool... com.mchange.v2.c3p0.ComboPooledDataSource [ acquireIncrement -> 2, acquireRetryAttempts -> 30, acquireRetryDelay -> 1000, autoCommitOnClose -> false, automaticTestTable -> null, breakAfterAcquireFailure -> false, checkoutTimeout -> 0, connectionCustomizerClassName -> null, connectionTesterClassName -> com.mchange.v2.c3p0.impl.DefaultConnectionTester, dataSourceName -> 1hge1539pq41kn7vg7glc|63c9df77, debugUnreturnedConnectionStackTraces -> false, description -> null, driverClass -> com.mysql.jdbc.Driver, factoryClassLocation -> null, forceIgnoreUnresolvedTransactions -> false, identityToken -> 1hge1539pq41kn7vg7glc|63c9df77, idleConnectionTestPeriod -> 0, initialPoolSize -> 10, jdbcUrl -> jdbc:mysql://127.0.0.1:3306/hadoop, maxAdministrativeTaskTime -> 0, maxConnectionAge -> 0, maxIdleTime -> 20, maxIdleTimeExcessConnections -> 0, maxPoolSize -> 100, maxStatements -> 0, maxStatementsPerConnection -> 0, minPoolSize -> 10, numHelperThreads -> 3, numThreadsAwaitingCheckoutDefaultUser -> 0, preferredTestQuery -> null, properties -> {user=******, password=******}, propertyCycle -> 0, testConnectionOnCheckin -> false, testConnectionOnCheckout -> false, unreturnedConnectionTimeout -> 0, usesTraditionalReflectiveProxies -> false ]
497 [17/07/20 11:48:19:233][main][com.jflyfox.component.util.JFlyFoxCache-init] ####缓存初始化开始......
516 [17/07/20 11:48:19:252][main][com.jflyfox.system.dict.DictCache-init] ####数据字典Cache初始化......
537 [17/07/20 11:48:19:273][main][com.jflyfox.system.user.UserCache-init] ####用户Cache初始化......
544 [17/07/20 11:48:19:280][main][com.jflyfox.modules.admin.pageview.PageViewCache-init] ####PageViewCache初始化......
546 [17/07/20 11:48:19:282][main][com.jflyfox.modules.admin.friendlylink.FriendlylinkCache-init] ####FriendlylinkCache初始化......
552 [17/07/20 11:48:19:288][main][com.jflyfox.modules.admin.folder.FolderService-initMenuKey] ####目录Key初始化......
554 [17/07/20 11:48:19:290][main][com.jflyfox.system.log.SysLog-init] ####日志配置初始化......
555 [17/07/20 11:48:19:291][main][com.jflyfox.component.util.JFlyFoxCache-init] ####缓存初始化结束......
11471 [17/07/20 11:48:30:207][http-8088-1][com.jflyfox.system.user.UserInterceptor-intercept] ####非法的请求
0 [17/07/20 11:54:21:272][main][com.mchange.v2.log.MLog-<clinit>] MLog clients using log4j logging.
23 [17/07/20 11:54:21:295][main][com.mchange.v2.c3p0.C3P0Registry-banner] Initializing c3p0-0.9.1.2 [built 21-May-2007 15:04:56; debug? true; trace: 10]
80 [17/07/20 11:54:21:352][main][com.mchange.v2.c3p0.impl.AbstractPoolBackedDataSource-getPoolManager] Initializing c3p0 pool... com.mchange.v2.c3p0.ComboPooledDataSource [ acquireIncrement -> 2, acquireRetryAttempts -> 30, acquireRetryDelay -> 1000, autoCommitOnClose -> false, automaticTestTable -> null, breakAfterAcquireFailure -> false, checkoutTimeout -> 0, connectionCustomizerClassName -> null, connectionTesterClassName -> com.mchange.v2.c3p0.impl.DefaultConnectionTester, dataSourceName -> 1hge1539pq49cdl1734ay7|63c9df77, debugUnreturnedConnectionStackTraces -> false, description -> null, driverClass -> com.mysql.jdbc.Driver, factoryClassLocation -> null, forceIgnoreUnresolvedTransactions -> false, identityToken -> 1hge1539pq49cdl1734ay7|63c9df77, idleConnectionTestPeriod -> 0, initialPoolSize -> 10, jdbcUrl -> jdbc:mysql://127.0.0.1:3306/hadoop, maxAdministrativeTaskTime -> 0, maxConnectionAge -> 0, maxIdleTime -> 20, maxIdleTimeExcessConnections -> 0, maxPoolSize -> 100, maxStatements -> 0, maxStatementsPerConnection -> 0, minPoolSize -> 10, numHelperThreads -> 3, numThreadsAwaitingCheckoutDefaultUser -> 0, preferredTestQuery -> null, properties -> {user=******, password=******}, propertyCycle -> 0, testConnectionOnCheckin -> false, testConnectionOnCheckout -> false, unreturnedConnectionTimeout -> 0, usesTraditionalReflectiveProxies -> false ]
481 [17/07/20 11:54:21:753][main][com.jflyfox.component.util.JFlyFoxCache-init] ####缓存初始化开始......
500 [17/07/20 11:54:21:772][main][com.jflyfox.system.dict.DictCache-init] ####数据字典Cache初始化......
510 [17/07/20 11:54:21:782][main][com.jflyfox.system.user.UserCache-init] ####用户Cache初始化......
516 [17/07/20 11:54:21:788][main][com.jflyfox.modules.admin.pageview.PageViewCache-init] ####PageViewCache初始化......
518 [17/07/20 11:54:21:790][main][com.jflyfox.modules.admin.friendlylink.FriendlylinkCache-init] ####FriendlylinkCache初始化......
522 [17/07/20 11:54:21:794][main][com.jflyfox.modules.admin.folder.FolderService-initMenuKey] ####目录Key初始化......
526 [17/07/20 11:54:21:798][main][com.jflyfox.system.log.SysLog-init] ####日志配置初始化......
528 [17/07/20 11:54:21:800][main][com.jflyfox.component.util.JFlyFoxCache-init] ####缓存初始化结束......
189535 [17/07/20 11:57:30:807][http-8088-1][com.jflyfox.system.user.UserInterceptor-intercept] ####非法的请求
197550 [17/07/20 11:57:38:822][http-8088-4][com.jflyfox.system.user.UserInterceptor-intercept] ####非法的请求
202002 [17/07/20 11:57:43:274][http-8088-3][com.jflyfox.system.user.UserInterceptor-intercept] ####非法的请求
0 [17/07/20 11:58:33:831][main][com.mchange.v2.log.MLog-<clinit>] MLog clients using log4j logging.
23 [17/07/20 11:58:33:854][main][com.mchange.v2.c3p0.C3P0Registry-banner] Initializing c3p0-0.9.1.2 [built 21-May-2007 15:04:56; debug? true; trace: 10]
82 [17/07/20 11:58:33:913][main][com.mchange.v2.c3p0.impl.AbstractPoolBackedDataSource-getPoolManager] Initializing c3p0 pool... com.mchange.v2.c3p0.ComboPooledDataSource [ acquireIncrement -> 2, acquireRetryAttempts -> 30, acquireRetryDelay -> 1000, autoCommitOnClose -> false, automaticTestTable -> null, breakAfterAcquireFailure -> false, checkoutTimeout -> 0, connectionCustomizerClassName -> null, connectionTesterClassName -> com.mchange.v2.c3p0.impl.DefaultConnectionTester, dataSourceName -> 1hge1539pq4er941j4y589|63c9df77, debugUnreturnedConnectionStackTraces -> false, description -> null, driverClass -> com.mysql.jdbc.Driver, factoryClassLocation -> null, forceIgnoreUnresolvedTransactions -> false, identityToken -> 1hge1539pq4er941j4y589|63c9df77, idleConnectionTestPeriod -> 0, initialPoolSize -> 10, jdbcUrl -> jdbc:mysql://127.0.0.1:3306/hadoop, maxAdministrativeTaskTime -> 0, maxConnectionAge -> 0, maxIdleTime -> 20, maxIdleTimeExcessConnections -> 0, maxPoolSize -> 100, maxStatements -> 0, maxStatementsPerConnection -> 0, minPoolSize -> 10, numHelperThreads -> 3, numThreadsAwaitingCheckoutDefaultUser -> 0, preferredTestQuery -> null, properties -> {user=******, password=******}, propertyCycle -> 0, testConnectionOnCheckin -> false, testConnectionOnCheckout -> false, unreturnedConnectionTimeout -> 0, usesTraditionalReflectiveProxies -> false ]
500 [17/07/20 11:58:34:331][main][com.jflyfox.component.util.JFlyFoxCache-init] ####缓存初始化开始......
519 [17/07/20 11:58:34:350][main][com.jflyfox.system.dict.DictCache-init] ####数据字典Cache初始化......
530 [17/07/20 11:58:34:361][main][com.jflyfox.system.user.UserCache-init] ####用户Cache初始化......
536 [17/07/20 11:58:34:367][main][com.jflyfox.modules.admin.pageview.PageViewCache-init] ####PageViewCache初始化......
539 [17/07/20 11:58:34:370][main][com.jflyfox.modules.admin.friendlylink.FriendlylinkCache-init] ####FriendlylinkCache初始化......
547 [17/07/20 11:58:34:378][main][com.jflyfox.modules.admin.folder.FolderService-initMenuKey] ####目录Key初始化......
552 [17/07/20 11:58:34:383][main][com.jflyfox.system.log.SysLog-init] ####日志配置初始化......
554 [17/07/20 11:58:34:385][main][com.jflyfox.component.util.JFlyFoxCache-init] ####缓存初始化结束......
2928 [17/07/20 11:58:36:759][http-8088-1][com.jflyfox.system.user.UserInterceptor-intercept] ####非法的请求
0 [17/07/20 12:02:45:505][main][com.mchange.v2.log.MLog-<clinit>] MLog clients using log4j logging.
23 [17/07/20 12:02:45:528][main][com.mchange.v2.c3p0.C3P0Registry-banner] Initializing c3p0-0.9.1.2 [built 21-May-2007 15:04:56; debug? true; trace: 10]
87 [17/07/20 12:02:45:592][main][com.mchange.v2.c3p0.impl.AbstractPoolBackedDataSource-getPoolManager] Initializing c3p0 pool... com.mchange.v2.c3p0.ComboPooledDataSource [ acquireIncrement -> 2, acquireRetryAttempts -> 30, acquireRetryDelay -> 1000, autoCommitOnClose -> false, automaticTestTable -> null, breakAfterAcquireFailure -> false, checkoutTimeout -> 0, connectionCustomizerClassName -> null, connectionTesterClassName -> com.mchange.v2.c3p0.impl.DefaultConnectionTester, dataSourceName -> 1hge1539pq4k5g21o9u7tw|63c9df77, debugUnreturnedConnectionStackTraces -> false, description -> null, driverClass -> com.mysql.jdbc.Driver, factoryClassLocation -> null, forceIgnoreUnresolvedTransactions -> false, identityToken -> 1hge1539pq4k5g21o9u7tw|63c9df77, idleConnectionTestPeriod -> 0, initialPoolSize -> 10, jdbcUrl -> jdbc:mysql://127.0.0.1:3306/hadoop, maxAdministrativeTaskTime -> 0, maxConnectionAge -> 0, maxIdleTime -> 20, maxIdleTimeExcessConnections -> 0, maxPoolSize -> 100, maxStatements -> 0, maxStatementsPerConnection -> 0, minPoolSize -> 10, numHelperThreads -> 3, numThreadsAwaitingCheckoutDefaultUser -> 0, preferredTestQuery -> null, properties -> {user=******, password=******}, propertyCycle -> 0, testConnectionOnCheckin -> false, testConnectionOnCheckout -> false, unreturnedConnectionTimeout -> 0, usesTraditionalReflectiveProxies -> false ]
497 [17/07/20 12:02:46:002][main][com.jflyfox.component.util.JFlyFoxCache-init] ####缓存初始化开始......
518 [17/07/20 12:02:46:023][main][com.jflyfox.system.dict.DictCache-init] ####数据字典Cache初始化......
530 [17/07/20 12:02:46:035][main][com.jflyfox.system.user.UserCache-init] ####用户Cache初始化......
537 [17/07/20 12:02:46:042][main][com.jflyfox.modules.admin.pageview.PageViewCache-init] ####PageViewCache初始化......
539 [17/07/20 12:02:46:044][main][com.jflyfox.modules.admin.friendlylink.FriendlylinkCache-init] ####FriendlylinkCache初始化......
547 [17/07/20 12:02:46:052][main][com.jflyfox.modules.admin.folder.FolderService-initMenuKey] ####目录Key初始化......
553 [17/07/20 12:02:46:058][main][com.jflyfox.system.log.SysLog-init] ####日志配置初始化......
555 [17/07/20 12:02:46:060][main][com.jflyfox.component.util.JFlyFoxCache-init] ####缓存初始化结束......
12825 [17/07/20 12:02:58:330][http-8088-1][com.jflyfox.system.user.UserInterceptor-intercept] ####非法的请求
0 [17/07/20 12:04:44:033][main][com.mchange.v2.log.MLog-<clinit>] MLog clients using log4j logging.
22 [17/07/20 12:04:44:055][main][com.mchange.v2.c3p0.C3P0Registry-banner] Initializing c3p0-0.9.1.2 [built 21-May-2007 15:04:56; debug? true; trace: 10]
78 [17/07/20 12:04:44:111][main][com.mchange.v2.c3p0.impl.AbstractPoolBackedDataSource-getPoolManager] Initializing c3p0 pool... com.mchange.v2.c3p0.ComboPooledDataSource [ acquireIncrement -> 2, acquireRetryAttempts -> 30, acquireRetryDelay -> 1000, autoCommitOnClose -> false, automaticTestTable -> null, breakAfterAcquireFailure -> false, checkoutTimeout -> 0, connectionCustomizerClassName -> null, connectionTesterClassName -> com.mchange.v2.c3p0.impl.DefaultConnectionTester, dataSourceName -> 1hge1539pq4mowi1iftmb8|63c9df77, debugUnreturnedConnectionStackTraces -> false, description -> null, driverClass -> com.mysql.jdbc.Driver, factoryClassLocation -> null, forceIgnoreUnresolvedTransactions -> false, identityToken -> 1hge1539pq4mowi1iftmb8|63c9df77, idleConnectionTestPeriod -> 0, initialPoolSize -> 10, jdbcUrl -> jdbc:mysql://127.0.0.1:3306/hadoop, maxAdministrativeTaskTime -> 0, maxConnectionAge -> 0, maxIdleTime -> 20, maxIdleTimeExcessConnections -> 0, maxPoolSize -> 100, maxStatements -> 0, maxStatementsPerConnection -> 0, minPoolSize -> 10, numHelperThreads -> 3, numThreadsAwaitingCheckoutDefaultUser -> 0, preferredTestQuery -> null, properties -> {user=******, password=******}, propertyCycle -> 0, testConnectionOnCheckin -> false, testConnectionOnCheckout -> false, unreturnedConnectionTimeout -> 0, usesTraditionalReflectiveProxies -> false ]
491 [17/07/20 12:04:44:524][main][com.jflyfox.component.util.JFlyFoxCache-init] ####缓存初始化开始......
510 [17/07/20 12:04:44:543][main][com.jflyfox.system.dict.DictCache-init] ####数据字典Cache初始化......
520 [17/07/20 12:04:44:553][main][com.jflyfox.system.user.UserCache-init] ####用户Cache初始化......
526 [17/07/20 12:04:44:559][main][com.jflyfox.modules.admin.pageview.PageViewCache-init] ####PageViewCache初始化......
527 [17/07/20 12:04:44:560][main][com.jflyfox.modules.admin.friendlylink.FriendlylinkCache-init] ####FriendlylinkCache初始化......
533 [17/07/20 12:04:44:566][main][com.jflyfox.modules.admin.folder.FolderService-initMenuKey] ####目录Key初始化......
536 [17/07/20 12:04:44:569][main][com.jflyfox.system.log.SysLog-init] ####日志配置初始化......
538 [17/07/20 12:04:44:571][main][com.jflyfox.component.util.JFlyFoxCache-init] ####缓存初始化结束......
2146 [17/07/20 12:04:46:179][http-8088-1][com.jflyfox.system.user.UserInterceptor-intercept] ####非法的请求
1305924 [17/07/20 12:26:29:957][http-8088-1][com.jflyfox.modules.admin.folder.FolderService-initMenuKey] ####目录Key初始化......
1305927 [17/07/20 12:26:29:960][http-8088-1][com.jflyfox.system.user.UserInterceptor-intercept] ####非法的请求
11216881 [17/07/20 15:11:40:914][http-8088-5][com.jflyfox.modules.admin.folder.FolderService-initMenuKey] ####目录Key初始化......
11216885 [17/07/20 15:11:40:918][http-8088-5][com.jflyfox.system.user.UserInterceptor-intercept] ####非法的请求
0 [17/07/20 15:14:40:930][main][com.mchange.v2.log.MLog-<clinit>] MLog clients using log4j logging.
23 [17/07/20 15:14:40:953][main][com.mchange.v2.c3p0.C3P0Registry-banner] Initializing c3p0-0.9.1.2 [built 21-May-2007 15:04:56; debug? true; trace: 10]
83 [17/07/20 15:14:41:013][main][com.mchange.v2.c3p0.impl.AbstractPoolBackedDataSource-getPoolManager] Initializing c3p0 pool... com.mchange.v2.c3p0.ComboPooledDataSource [ acquireIncrement -> 2, acquireRetryAttempts -> 30, acquireRetryDelay -> 1000, autoCommitOnClose -> false, automaticTestTable -> null, breakAfterAcquireFailure -> false, checkoutTimeout -> 0, connectionCustomizerClassName -> null, connectionTesterClassName -> com.mchange.v2.c3p0.impl.DefaultConnectionTester, dataSourceName -> 1hge1539pqbeysz6acvz7|63c9df77, debugUnreturnedConnectionStackTraces -> false, description -> null, driverClass -> com.mysql.jdbc.Driver, factoryClassLocation -> null, forceIgnoreUnresolvedTransactions -> false, identityToken -> 1hge1539pqbeysz6acvz7|63c9df77, idleConnectionTestPeriod -> 0, initialPoolSize -> 10, jdbcUrl -> jdbc:mysql://127.0.0.1:3306/hadoop, maxAdministrativeTaskTime -> 0, maxConnectionAge -> 0, maxIdleTime -> 20, maxIdleTimeExcessConnections -> 0, maxPoolSize -> 100, maxStatements -> 0, maxStatementsPerConnection -> 0, minPoolSize -> 10, numHelperThreads -> 3, numThreadsAwaitingCheckoutDefaultUser -> 0, preferredTestQuery -> null, properties -> {user=******, password=******}, propertyCycle -> 0, testConnectionOnCheckin -> false, testConnectionOnCheckout -> false, unreturnedConnectionTimeout -> 0, usesTraditionalReflectiveProxies -> false ]
513 [17/07/20 15:14:41:443][main][com.jflyfox.component.util.JFlyFoxCache-init] ####缓存初始化开始......
532 [17/07/20 15:14:41:462][main][com.jflyfox.system.dict.DictCache-init] ####数据字典Cache初始化......
543 [17/07/20 15:14:41:473][main][com.jflyfox.system.user.UserCache-init] ####用户Cache初始化......
549 [17/07/20 15:14:41:479][main][com.jflyfox.modules.admin.pageview.PageViewCache-init] ####PageViewCache初始化......
551 [17/07/20 15:14:41:481][main][com.jflyfox.modules.admin.friendlylink.FriendlylinkCache-init] ####FriendlylinkCache初始化......
556 [17/07/20 15:14:41:486][main][com.jflyfox.modules.admin.folder.FolderService-initMenuKey] ####目录Key初始化......
560 [17/07/20 15:14:41:490][main][com.jflyfox.system.log.SysLog-init] ####日志配置初始化......
561 [17/07/20 15:14:41:491][main][com.jflyfox.component.util.JFlyFoxCache-init] ####缓存初始化结束......
3140 [17/07/20 15:14:44:070][http-8088-1][com.jflyfox.system.user.UserInterceptor-intercept] ####非法的请求
0 [17/07/20 15:20:45:592][main][com.mchange.v2.log.MLog-<clinit>] MLog clients using log4j logging.
25 [17/07/20 15:20:45:617][main][com.mchange.v2.c3p0.C3P0Registry-banner] Initializing c3p0-0.9.1.2 [built 21-May-2007 15:04:56; debug? true; trace: 10]
93 [17/07/20 15:20:45:685][main][com.mchange.v2.c3p0.impl.AbstractPoolBackedDataSource-getPoolManager] Initializing c3p0 pool... com.mchange.v2.c3p0.ComboPooledDataSource [ acquireIncrement -> 2, acquireRetryAttempts -> 30, acquireRetryDelay -> 1000, autoCommitOnClose -> false, automaticTestTable -> null, breakAfterAcquireFailure -> false, checkoutTimeout -> 0, connectionCustomizerClassName -> null, connectionTesterClassName -> com.mchange.v2.c3p0.impl.DefaultConnectionTester, dataSourceName -> 1hge1539pqbms6jv1akmp|63c9df77, debugUnreturnedConnectionStackTraces -> false, description -> null, driverClass -> com.mysql.jdbc.Driver, factoryClassLocation -> null, forceIgnoreUnresolvedTransactions -> false, identityToken -> 1hge1539pqbms6jv1akmp|63c9df77, idleConnectionTestPeriod -> 0, initialPoolSize -> 10, jdbcUrl -> jdbc:mysql://127.0.0.1:3306/hadoop, maxAdministrativeTaskTime -> 0, maxConnectionAge -> 0, maxIdleTime -> 20, maxIdleTimeExcessConnections -> 0, maxPoolSize -> 100, maxStatements -> 0, maxStatementsPerConnection -> 0, minPoolSize -> 10, numHelperThreads -> 3, numThreadsAwaitingCheckoutDefaultUser -> 0, preferredTestQuery -> null, properties -> {user=******, password=******}, propertyCycle -> 0, testConnectionOnCheckin -> false, testConnectionOnCheckout -> false, unreturnedConnectionTimeout -> 0, usesTraditionalReflectiveProxies -> false ]
497 [17/07/20 15:20:46:089][main][com.jflyfox.component.util.JFlyFoxCache-init] ####缓存初始化开始......
517 [17/07/20 15:20:46:109][main][com.jflyfox.system.dict.DictCache-init] ####数据字典Cache初始化......
528 [17/07/20 15:20:46:120][main][com.jflyfox.system.user.UserCache-init] ####用户Cache初始化......
534 [17/07/20 15:20:46:126][main][com.jflyfox.modules.admin.pageview.PageViewCache-init] ####PageViewCache初始化......
536 [17/07/20 15:20:46:128][main][com.jflyfox.modules.admin.friendlylink.FriendlylinkCache-init] ####FriendlylinkCache初始化......
540 [17/07/20 15:20:46:132][main][com.jflyfox.modules.admin.folder.FolderService-initMenuKey] ####目录Key初始化......
543 [17/07/20 15:20:46:135][main][com.jflyfox.system.log.SysLog-init] ####日志配置初始化......
544 [17/07/20 15:20:46:136][main][com.jflyfox.component.util.JFlyFoxCache-init] ####缓存初始化结束......
2453 [17/07/20 15:20:48:045][http-8088-1][com.jflyfox.system.user.UserInterceptor-intercept] ####非法的请求
